#
# There is insufficient memory for the Java Runtime Environment to continue.
# Native memory allocation (mmap) failed to map 1048576 bytes for G1 virtual space
# Possible reasons:
#   The system is out of physical RAM or swap space
#   The process is running with CompressedOops enabled, and the Java Heap may be blocking the growth of the native heap
# Possible solutions:
#   Reduce memory load on the system
#   Increase physical memory or swap space
#   Check if swap backing store is full
#   Decrease Java heap size (-Xmx/-Xms)
#   Decrease number of Java threads
#   Decrease Java thread stack sizes (-Xss)
#   Set larger code cache with -XX:ReservedCodeCacheSize=
#   JVM is running with Unscaled Compressed Oops mode in which the Java heap is
#     placed in the first 4GB address space. The Java Heap base address is the
#     maximum limit for the native heap growth. Please use -XX:HeapBaseMinAddress
#     to set the Java Heap base and to place the Java Heap above 4GB virtual address.
# This output file may be truncated or incomplete.
#
#  Out of Memory Error (os_windows.cpp:3466), pid=6296, tid=8000
#
# JRE version: Java(TM) SE Runtime Environment (16.0+36) (build 16+36-2231)
# Java VM: Java HotSpot(TM) 64-Bit Server VM (16+36-2231, mixed mode, sharing, tiered, compressed oops, g1 gc, windows-amd64)
# No core dump will be written. Minidumps are not enabled by default on client versions of Windows
#

---------------  S U M M A R Y ------------

Command Line: -Dfile.encoding=UTF-8 checkbill.productinfo

Host: Intel(R) Core(TM) i3-7020U CPU @ 2.30GHz, 4 cores, 3G,  Windows 10 , 64 bit Build 18362 (10.0.18362.329)
Time: Fri Aug 27 16:22:39 2021 India Standard Time elapsed time: 2.684895 seconds (0d 0h 0m 2s)

---------------  T H R E A D  ---------------

Current thread (0x0000024331318730):  JavaThread "Image Fetcher 0" daemon [_thread_in_vm, id=8000, stack(0x0000009b16000000,0x0000009b16100000)]

Stack: [0x0000009b16000000,0x0000009b16100000]
Native frames: (J=compiled Java code, j=interpreted, Vv=VM code, C=native code)
V  [jvm.dll+0x6681da]
V  [jvm.dll+0x7c9d99]
V  [jvm.dll+0x7cb4d3]
V  [jvm.dll+0x7cbb33]
V  [jvm.dll+0x242ee5]
V  [jvm.dll+0x664f99]
V  [jvm.dll+0x659b85]
V  [jvm.dll+0x2fbfcb]
V  [jvm.dll+0x3031c6]
V  [jvm.dll+0x3526fb]
V  [jvm.dll+0x352d20]
V  [jvm.dll+0x3528d6]
V  [jvm.dll+0x2d3814]
V  [jvm.dll+0x2cece3]
V  [jvm.dll+0x5fc0a3]
V  [jvm.dll+0x210125]
V  [jvm.dll+0x796db6]
V  [jvm.dll+0x377f5a]
C  0x000002431cbec52d

Java frames: (J=compiled Java code, j=interpreted, Vv=VM code)
j  java.awt.image.DataBufferInt.<init>(I)V+11 java.desktop@16
j  java.awt.image.Raster.createPackedRaster(III[ILjava/awt/Point;)Ljava/awt/image/WritableRaster;+69 java.desktop@16
j  java.awt.image.DirectColorModel.createCompatibleWritableRaster(II)Ljava/awt/image/WritableRaster;+83 java.desktop@16
j  sun.awt.image.ImageRepresentation.createBufferedImage()V+18 java.desktop@16
j  sun.awt.image.ImageRepresentation.setPixels(IIIILjava/awt/image/ColorModel;[III)V+47 java.desktop@16
j  sun.awt.image.ImageDecoder.setPixels(IIIILjava/awt/image/ColorModel;[III)I+44 java.desktop@16
j  sun.awt.image.JPEGImageDecoder.sendPixels([II)Z+14 java.desktop@16
v  ~StubRoutines::call_stub
j  sun.awt.image.JPEGImageDecoder.readImage(Ljava/io/InputStream;[B)V+0 java.desktop@16
j  sun.awt.image.JPEGImageDecoder.produceImage()V+10 java.desktop@16
j  sun.awt.image.InputStreamImageSource.doFetch()V+51 java.desktop@16
j  sun.awt.image.ImageFetcher.fetchloop()V+31 java.desktop@16
j  sun.awt.image.ImageFetcher.run()V+5 java.desktop@16
v  ~StubRoutines::call_stub

---------------  P R O C E S S  ---------------

Threads class SMR info:
_java_thread_list=0x0000024332130f20, length=18, elements={
0x000002431546c810, 0x000002431552a2c0, 0x000002431552d0a0, 0x0000024315536780,
0x0000024315537090, 0x00000243155399b0, 0x000002431553a2c0, 0x000002431553d6c0,
0x000002431553e0c0, 0x000002431553ea10, 0x000002433105b4a0, 0x00000243310695c0,
0x00000243312bc0f0, 0x00000243312d9ad0, 0x0000024331318730, 0x000002433138e110,
0x0000024331379d20, 0x00000243324ac820
}

Java Threads: ( => current thread )
  0x000002431546c810 JavaThread "main" [_thread_blocked, id=19116, stack(0x0000009b14a00000,0x0000009b14b00000)]
  0x000002431552a2c0 JavaThread "Reference Handler" daemon [_thread_blocked, id=20188, stack(0x0000009b15100000,0x0000009b15200000)]
  0x000002431552d0a0 JavaThread "Finalizer" daemon [_thread_blocked, id=10476, stack(0x0000009b15200000,0x0000009b15300000)]
  0x0000024315536780 JavaThread "Signal Dispatcher" daemon [_thread_blocked, id=14436, stack(0x0000009b15300000,0x0000009b15400000)]
  0x0000024315537090 JavaThread "Attach Listener" daemon [_thread_blocked, id=1440, stack(0x0000009b15400000,0x0000009b15500000)]
  0x00000243155399b0 JavaThread "Service Thread" daemon [_thread_blocked, id=16764, stack(0x0000009b15500000,0x0000009b15600000)]
  0x000002431553a2c0 JavaThread "Monitor Deflation Thread" daemon [_thread_blocked, id=22388, stack(0x0000009b15600000,0x0000009b15700000)]
  0x000002431553d6c0 JavaThread "C2 CompilerThread0" daemon [_thread_blocked, id=5592, stack(0x0000009b15700000,0x0000009b15800000)]
  0x000002431553e0c0 JavaThread "C1 CompilerThread0" daemon [_thread_blocked, id=23092, stack(0x0000009b15800000,0x0000009b15900000)]
  0x000002431553ea10 JavaThread "Sweeper thread" daemon [_thread_blocked, id=16424, stack(0x0000009b15900000,0x0000009b15a00000)]
  0x000002433105b4a0 JavaThread "Notification Thread" daemon [_thread_blocked, id=7072, stack(0x0000009b15a00000,0x0000009b15b00000)]
  0x00000243310695c0 JavaThread "Common-Cleaner" daemon [_thread_blocked, id=18524, stack(0x0000009b15c00000,0x0000009b15d00000)]
  0x00000243312bc0f0 JavaThread "Java2D Disposer" daemon [_thread_blocked, id=21252, stack(0x0000009b15d00000,0x0000009b15e00000)]
  0x00000243312d9ad0 JavaThread "AWT-Windows" daemon [_thread_in_native, id=20160, stack(0x0000009b15f00000,0x0000009b16000000)]
=>0x0000024331318730 JavaThread "Image Fetcher 0" daemon [_thread_in_vm, id=8000, stack(0x0000009b16000000,0x0000009b16100000)]
  0x000002433138e110 JavaThread "mysql-cj-abandoned-connection-cleanup" daemon [_thread_blocked, id=11748, stack(0x0000009b16200000,0x0000009b16300000)]
  0x0000024331379d20 JavaThread "AWT-Shutdown" [_thread_blocked, id=16212, stack(0x0000009b16500000,0x0000009b16600000)]
  0x00000243324ac820 JavaThread "AWT-EventQueue-0" [_thread_blocked, id=16860, stack(0x0000009b16600000,0x0000009b16700000)]

Other Threads:
  0x0000024315523740 VMThread "VM Thread" [stack: 0x0000009b15000000,0x0000009b15100000] [id=6632]
  0x000002433105f200 WatcherThread [stack: 0x0000009b15b00000,0x0000009b15c00000] [id=8104]
  0x0000024315498ec0 GCTaskThread "GC Thread#0" [stack: 0x0000009b14b00000,0x0000009b14c00000] [id=11048]
  0x00000243321a2c30 GCTaskThread "GC Thread#1" [stack: 0x0000009b15e00000,0x0000009b15f00000] [id=20624]
  0x00000243321a2f40 GCTaskThread "GC Thread#2" [stack: 0x0000009b16100000,0x0000009b16200000] [id=22932]
  0x0000024332042e10 GCTaskThread "GC Thread#3" [stack: 0x0000009b16300000,0x0000009b16400000] [id=17428]
  0x00000243154a3c30 ConcurrentGCThread "G1 Main Marker" [stack: 0x0000009b14c00000,0x0000009b14d00000] [id=20936]
  0x00000243154a4630 ConcurrentGCThread "G1 Conc#0" [stack: 0x0000009b14d00000,0x0000009b14e00000] [id=9604]
  0x00000243154f8580 ConcurrentGCThread "G1 Refine#0" [stack: 0x0000009b14e00000,0x0000009b14f00000] [id=22628]
  0x0000024332073380 ConcurrentGCThread "G1 Refine#1" [stack: 0x0000009b16400000,0x0000009b16500000] [id=5140]
  0x00000243154f8f90 ConcurrentGCThread "G1 Service" [stack: 0x0000009b14f00000,0x0000009b15000000] [id=16652]

Threads with active compile tasks:

VM state: not at safepoint (normal execution)

VM Mutex/Monitor currently owned by a thread:  ([mutex/lock_event])
[0x00000243154676e0] Heap_lock - owner thread: 0x0000024331318730

Heap address: 0x00000000c1800000, size: 1000 MB, Compressed Oops mode: 32-bit
CDS archive(s) mapped at: [0x0000000800000000-0x0000000800bb0000-0x0000000800bb0000), size 12255232, SharedBaseAddress: 0x0000000800000000, ArchiveRelocationMode: 0.
Compressed class space mapped at: 0x0000000800c00000-0x0000000840c00000, reserved size: 1073741824
Narrow klass base: 0x0000000800000000, Narrow klass shift: 3, Narrow klass range: 0x100000000

GC Precious Log:
 CPUs: 4 total, 4 available
 Memory: 3993M
 Large Page Support: Disabled
 NUMA Support: Disabled
 Compressed Oops: Enabled (32-bit)
 Heap Region Size: 1M
 Heap Min Capacity: 8M
 Heap Initial Capacity: 64M
 Heap Max Capacity: 1000M
 Pre-touch: Disabled
 Parallel Workers: 4
 Concurrent Workers: 1
 Concurrent Refinement Workers: 4
 Periodic GC: Disabled

Heap:
 garbage-first heap   total 73728K, used 4800K [0x00000000c1800000, 0x0000000100000000)
  region size 1024K, 1 young (1024K), 1 survivors (1024K)
 Metaspace       used 10405K, committed 10624K, reserved 1064960K
  class space    used 1157K, committed 1216K, reserved 1048576K

Heap Regions: E=young(eden), S=young(survivor), O=old, HS=humongous(starts), HC=humongous(continues), CS=collection set, F=free, OA=open archive, CA=closed archive, TAMS=top-at-mark-start (previous, next)
|   0|0x00000000c1800000, 0x00000000c1900000, 0x00000000c1900000|100%| O|  |TAMS 0x00000000c1800000, 0x00000000c1900000| Untracked 
|   1|0x00000000c1900000, 0x00000000c1a00000, 0x00000000c1a00000|100%| O|  |TAMS 0x00000000c1900000, 0x00000000c19aa800| Untracked 
|   2|0x00000000c1a00000, 0x00000000c1b00000, 0x00000000c1b00000|100%| O|  |TAMS 0x00000000c1a00000, 0x00000000c1a00000| Untracked 
|   3|0x00000000c1b00000, 0x00000000c1bcea00, 0x00000000c1c00000| 80%| O|  |TAMS 0x00000000c1b00000, 0x00000000c1b00000| Untracked 
|   4|0x00000000c1c00000, 0x00000000c1c00000, 0x00000000c1d00000|  0%| F|  |TAMS 0x00000000c1c00000, 0x00000000c1c00000| Untracked 
|   5|0x00000000c1d00000, 0x00000000c1d00000, 0x00000000c1e00000|  0%| F|  |TAMS 0x00000000c1d00000, 0x00000000c1d00000| Untracked 
|   6|0x00000000c1e00000, 0x00000000c1e00000, 0x00000000c1f00000|  0%| F|  |TAMS 0x00000000c1e00000, 0x00000000c1e00000| Untracked 
|   7|0x00000000c1f00000, 0x00000000c1f00000, 0x00000000c2000000|  0%| F|  |TAMS 0x00000000c1f00000, 0x00000000c1f00000| Untracked 
|   8|0x00000000c2000000, 0x00000000c2000000, 0x00000000c2100000|  0%| F|  |TAMS 0x00000000c2000000, 0x00000000c2000000| Untracked 
|   9|0x00000000c2100000, 0x00000000c2100000, 0x00000000c2200000|  0%| F|  |TAMS 0x00000000c2100000, 0x00000000c2100000| Untracked 
|  10|0x00000000c2200000, 0x00000000c2200000, 0x00000000c2300000|  0%| F|  |TAMS 0x00000000c2200000, 0x00000000c2200000| Untracked 
|  11|0x00000000c2300000, 0x00000000c2300000, 0x00000000c2400000|  0%| F|  |TAMS 0x00000000c2300000, 0x00000000c2300000| Untracked 
|  12|0x00000000c2400000, 0x00000000c2400000, 0x00000000c2500000|  0%| F|  |TAMS 0x00000000c2400000, 0x00000000c2400000| Untracked 
|  13|0x00000000c2500000, 0x00000000c2500000, 0x00000000c2600000|  0%| F|  |TAMS 0x00000000c2500000, 0x00000000c2500000| Untracked 
|  14|0x00000000c2600000, 0x00000000c2600000, 0x00000000c2700000|  0%| F|  |TAMS 0x00000000c2600000, 0x00000000c2600000| Untracked 
|  15|0x00000000c2700000, 0x00000000c2700000, 0x00000000c2800000|  0%| F|  |TAMS 0x00000000c2700000, 0x00000000c2700000| Untracked 
|  16|0x00000000c2800000, 0x00000000c2800000, 0x00000000c2900000|  0%| F|  |TAMS 0x00000000c2800000, 0x00000000c2800000| Untracked 
|  17|0x00000000c2900000, 0x00000000c2900000, 0x00000000c2a00000|  0%| F|  |TAMS 0x00000000c2900000, 0x00000000c2900000| Untracked 
|  18|0x00000000c2a00000, 0x00000000c2a00000, 0x00000000c2b00000|  0%| F|  |TAMS 0x00000000c2a00000, 0x00000000c2a00000| Untracked 
|  19|0x00000000c2b00000, 0x00000000c2b00000, 0x00000000c2c00000|  0%| F|  |TAMS 0x00000000c2b00000, 0x00000000c2b00000| Untracked 
|  20|0x00000000c2c00000, 0x00000000c2c00000, 0x00000000c2d00000|  0%| F|  |TAMS 0x00000000c2c00000, 0x00000000c2c00000| Untracked 
|  21|0x00000000c2d00000, 0x00000000c2d00000, 0x00000000c2e00000|  0%| F|  |TAMS 0x00000000c2d00000, 0x00000000c2d00000| Untracked 
|  22|0x00000000c2e00000, 0x00000000c2e00000, 0x00000000c2f00000|  0%| F|  |TAMS 0x00000000c2e00000, 0x00000000c2e00000| Untracked 
|  23|0x00000000c2f00000, 0x00000000c2f00000, 0x00000000c3000000|  0%| F|  |TAMS 0x00000000c2f00000, 0x00000000c2f00000| Untracked 
|  24|0x00000000c3000000, 0x00000000c3000000, 0x00000000c3100000|  0%| F|  |TAMS 0x00000000c3000000, 0x00000000c3000000| Untracked 
|  25|0x00000000c3100000, 0x00000000c3100000, 0x00000000c3200000|  0%| F|  |TAMS 0x00000000c3100000, 0x00000000c3100000| Untracked 
|  26|0x00000000c3200000, 0x00000000c3200000, 0x00000000c3300000|  0%| F|  |TAMS 0x00000000c3200000, 0x00000000c3200000| Untracked 
|  27|0x00000000c3300000, 0x00000000c3300000, 0x00000000c3400000|  0%| F|  |TAMS 0x00000000c3300000, 0x00000000c3300000| Untracked 
|  28|0x00000000c3400000, 0x00000000c3400000, 0x00000000c3500000|  0%| F|  |TAMS 0x00000000c3400000, 0x00000000c3400000| Untracked 
|  29|0x00000000c3500000, 0x00000000c3500000, 0x00000000c3600000|  0%| F|  |TAMS 0x00000000c3500000, 0x00000000c3500000| Untracked 
|  30|0x00000000c3600000, 0x00000000c3600000, 0x00000000c3700000|  0%| F|  |TAMS 0x00000000c3600000, 0x00000000c3600000| Untracked 
|  31|0x00000000c3700000, 0x00000000c3700000, 0x00000000c3800000|  0%| F|  |TAMS 0x00000000c3700000, 0x00000000c3700000| Untracked 
|  32|0x00000000c3800000, 0x00000000c3800000, 0x00000000c3900000|  0%| F|  |TAMS 0x00000000c3800000, 0x00000000c3800000| Untracked 
|  33|0x00000000c3900000, 0x00000000c3900000, 0x00000000c3a00000|  0%| F|  |TAMS 0x00000000c3900000, 0x00000000c3900000| Untracked 
|  34|0x00000000c3a00000, 0x00000000c3a00000, 0x00000000c3b00000|  0%| F|  |TAMS 0x00000000c3a00000, 0x00000000c3a00000| Untracked 
|  35|0x00000000c3b00000, 0x00000000c3b00000, 0x00000000c3c00000|  0%| F|  |TAMS 0x00000000c3b00000, 0x00000000c3b00000| Untracked 
|  36|0x00000000c3c00000, 0x00000000c3c00000, 0x00000000c3d00000|  0%| F|  |TAMS 0x00000000c3c00000, 0x00000000c3c00000| Untracked 
|  37|0x00000000c3d00000, 0x00000000c3d00000, 0x00000000c3e00000|  0%| F|  |TAMS 0x00000000c3d00000, 0x00000000c3d00000| Untracked 
|  38|0x00000000c3e00000, 0x00000000c3e00000, 0x00000000c3f00000|  0%| F|  |TAMS 0x00000000c3e00000, 0x00000000c3e00000| Untracked 
|  39|0x00000000c3f00000, 0x00000000c3f00000, 0x00000000c4000000|  0%| F|  |TAMS 0x00000000c3f00000, 0x00000000c3f00000| Untracked 
|  40|0x00000000c4000000, 0x00000000c4000000, 0x00000000c4100000|  0%| F|  |TAMS 0x00000000c4000000, 0x00000000c4000000| Untracked 
|  41|0x00000000c4100000, 0x00000000c4100000, 0x00000000c4200000|  0%| F|  |TAMS 0x00000000c4100000, 0x00000000c4100000| Untracked 
|  42|0x00000000c4200000, 0x00000000c4200000, 0x00000000c4300000|  0%| F|  |TAMS 0x00000000c4200000, 0x00000000c4200000| Untracked 
|  43|0x00000000c4300000, 0x00000000c4300000, 0x00000000c4400000|  0%| F|  |TAMS 0x00000000c4300000, 0x00000000c4300000| Untracked 
|  44|0x00000000c4400000, 0x00000000c4400000, 0x00000000c4500000|  0%| F|  |TAMS 0x00000000c4400000, 0x00000000c4400000| Untracked 
|  45|0x00000000c4500000, 0x00000000c4500000, 0x00000000c4600000|  0%| F|  |TAMS 0x00000000c4500000, 0x00000000c4500000| Untracked 
|  46|0x00000000c4600000, 0x00000000c4600000, 0x00000000c4700000|  0%| F|  |TAMS 0x00000000c4600000, 0x00000000c4600000| Untracked 
|  47|0x00000000c4700000, 0x00000000c4700000, 0x00000000c4800000|  0%| F|  |TAMS 0x00000000c4700000, 0x00000000c4700000| Untracked 
|  48|0x00000000c4800000, 0x00000000c4800000, 0x00000000c4900000|  0%| F|  |TAMS 0x00000000c4800000, 0x00000000c4800000| Untracked 
|  49|0x00000000c4900000, 0x00000000c4900000, 0x00000000c4a00000|  0%| F|  |TAMS 0x00000000c4900000, 0x00000000c4900000| Untracked 
|  50|0x00000000c4a00000, 0x00000000c4a00000, 0x00000000c4b00000|  0%| F|  |TAMS 0x00000000c4a00000, 0x00000000c4a00000| Untracked 
|  51|0x00000000c4b00000, 0x00000000c4b00000, 0x00000000c4c00000|  0%| F|  |TAMS 0x00000000c4b00000, 0x00000000c4b00000| Untracked 
|  52|0x00000000c4c00000, 0x00000000c4c00000, 0x00000000c4d00000|  0%| F|  |TAMS 0x00000000c4c00000, 0x00000000c4c00000| Untracked 
|  53|0x00000000c4d00000, 0x00000000c4d00000, 0x00000000c4e00000|  0%| F|  |TAMS 0x00000000c4d00000, 0x00000000c4d00000| Untracked 
|  54|0x00000000c4e00000, 0x00000000c4e00000, 0x00000000c4f00000|  0%| F|  |TAMS 0x00000000c4e00000, 0x00000000c4e00000| Untracked 
|  55|0x00000000c4f00000, 0x00000000c4f00000, 0x00000000c5000000|  0%| F|  |TAMS 0x00000000c4f00000, 0x00000000c4f00000| Untracked 
|  56|0x00000000c5000000, 0x00000000c5000000, 0x00000000c5100000|  0%| F|  |TAMS 0x00000000c5000000, 0x00000000c5000000| Untracked 
|  57|0x00000000c5100000, 0x00000000c5100000, 0x00000000c5200000|  0%| F|  |TAMS 0x00000000c5100000, 0x00000000c5100000| Untracked 
|  58|0x00000000c5200000, 0x00000000c5200000, 0x00000000c5300000|  0%| F|  |TAMS 0x00000000c5200000, 0x00000000c5200000| Untracked 
|  59|0x00000000c5300000, 0x00000000c5300000, 0x00000000c5400000|  0%| F|  |TAMS 0x00000000c5300000, 0x00000000c5300000| Untracked 
|  60|0x00000000c5400000, 0x00000000c54e1750, 0x00000000c5500000| 88%| S|CS|TAMS 0x00000000c5400000, 0x00000000c5400000| Complete 
|  61|0x00000000c5500000, 0x00000000c5500000, 0x00000000c5600000|  0%| F|  |TAMS 0x00000000c5500000, 0x00000000c5500000| Untracked 
|  62|0x00000000c5600000, 0x00000000c5600000, 0x00000000c5700000|  0%| F|  |TAMS 0x00000000c5600000, 0x00000000c5600000| Untracked 
|  63|0x00000000c5700000, 0x00000000c5700000, 0x00000000c5800000|  0%| F|  |TAMS 0x00000000c5700000, 0x00000000c5700000| Untracked 
|  64|0x00000000c5800000, 0x00000000c5800000, 0x00000000c5900000|  0%| F|  |TAMS 0x00000000c5800000, 0x00000000c5800000| Untracked 
|  65|0x00000000c5900000, 0x00000000c5900000, 0x00000000c5a00000|  0%| F|  |TAMS 0x00000000c5900000, 0x00000000c5900000| Untracked 
|  66|0x00000000c5a00000, 0x00000000c5a00000, 0x00000000c5b00000|  0%| F|  |TAMS 0x00000000c5a00000, 0x00000000c5a00000| Untracked 
|  67|0x00000000c5b00000, 0x00000000c5b00000, 0x00000000c5c00000|  0%| F|  |TAMS 0x00000000c5b00000, 0x00000000c5b00000| Untracked 
|  68|0x00000000c5c00000, 0x00000000c5c00000, 0x00000000c5d00000|  0%| F|  |TAMS 0x00000000c5c00000, 0x00000000c5c00000| Untracked 
|  69|0x00000000c5d00000, 0x00000000c5d00000, 0x00000000c5e00000|  0%| F|  |TAMS 0x00000000c5d00000, 0x00000000c5d00000| Untracked 
|  70|0x00000000c5e00000, 0x00000000c5e00000, 0x00000000c5f00000|  0%| F|  |TAMS 0x00000000c5e00000, 0x00000000c5e00000| Untracked 
|  71|0x00000000c5f00000, 0x00000000c5f00000, 0x00000000c6000000|  0%| F|  |TAMS 0x00000000c5f00000, 0x00000000c5f00000| Untracked 

Card table byte_map: [0x000002432bdd0000,0x000002432bfd0000] _byte_map_base: 0x000002432b7c4000

Marking Bits (Prev, Next): (CMBitMap*) 0x000002431549b4e0, (CMBitMap*) 0x000002431549b520
 Prev Bits: [0x000002432c1d0000, 0x000002432d170000)
 Next Bits: [0x000002432d170000, 0x000002432e110000)

Polling page: 0x0000024313480000

Metaspace:

Usage:
  Non-class:      9.03 MB used.
      Class:      1.13 MB used.
       Both:     10.16 MB used.

Virtual space:
  Non-class space:       16.00 MB reserved,       9.19 MB ( 57%) committed,  2 nodes.
      Class space:        1.00 GB reserved,       1.19 MB ( <1%) committed,  1 nodes.
              Both:        1.02 GB reserved,      10.38 MB ( <1%) committed. 

Chunk freelists:
   Non-Class:  2.05 MB
       Class:  2.63 MB
        Both:  4.67 MB

MaxMetaspaceSize: 17179869184.00 GB
CompressedClassSpaceSize: 1.00 GB
 - commit_granule_bytes: 65536.
 - commit_granule_words: 8192.
 - virtual_space_node_default_size: 1048576.
 - enlarge_chunks_in_place: 1.
 - new_chunks_are_fully_committed: 0.
 - uncommit_free_chunks: 1.
 - use_allocation_guard: 0.
 - handle_deallocations: 1.


Internal statistics:

num_allocs_failed_limit: 0.
num_arena_births: 120.
num_arena_deaths: 0.
num_vsnodes_births: 3.
num_vsnodes_deaths: 0.
num_space_committed: 166.
num_space_uncommitted: 0.
num_chunks_returned_to_freelist: 0.
num_chunks_taken_from_freelist: 251.
num_chunk_merges: 0.
num_chunk_splits: 166.
num_chunks_enlarged: 111.
num_purges: 0.

CodeHeap 'non-profiled nmethods': size=120000Kb used=340Kb max_used=340Kb free=119659Kb
 bounds [0x00000243246a0000, 0x0000024324910000, 0x000002432bbd0000]
CodeHeap 'profiled nmethods': size=120000Kb used=1886Kb max_used=1886Kb free=118114Kb
 bounds [0x000002431d170000, 0x000002431d3e0000, 0x00000243246a0000]
CodeHeap 'non-nmethods': size=5760Kb used=1275Kb max_used=1296Kb free=4484Kb
 bounds [0x000002431cbd0000, 0x000002431ce40000, 0x000002431d170000]
 total_blobs=1631 nmethods=1035 adapters=509
 compilation: enabled
              stopped_count=0, restarted_count=0
 full_count=0

Compilation events (20 events):
Event: 2.040 Thread 0x000002431553e0c0 nmethod 1002 0x000002431d343f90 code [0x000002431d3441c0, 0x000002431d344b38]
Event: 2.040 Thread 0x000002431553e0c0 1005       3       sun.util.locale.LanguageTag::isRegion (36 bytes)
Event: 2.042 Thread 0x000002431553e0c0 nmethod 1005 0x000002431d344e90 code [0x000002431d345160, 0x000002431d3462d8]
Event: 2.042 Thread 0x000002431553e0c0 1030       1       com.mysql.cj.result.DefaultColumnDefinition::getFields (5 bytes)
Event: 2.042 Thread 0x000002431553e0c0 nmethod 1030 0x00000243246f0b90 code [0x00000243246f0d20, 0x00000243246f0df8]
Event: 2.042 Thread 0x000002431553e0c0 1031       1       java.awt.Component::getParent_NoClientCode (5 bytes)
Event: 2.042 Thread 0x000002431553e0c0 nmethod 1031 0x00000243246f0e90 code [0x00000243246f1020, 0x00000243246f10f8]
Event: 2.051 Thread 0x000002431553d6c0 nmethod 1000 0x00000243246f1190 code [0x00000243246f13a0, 0x00000243246f26b0]
Event: 2.051 Thread 0x000002431553d6c0 1022       4       java.util.HashMap::getNode (150 bytes)
Event: 2.060 Thread 0x000002431553d6c0 nmethod 1022 0x00000243246f3310 code [0x00000243246f34e0, 0x00000243246f3b68]
Event: 2.060 Thread 0x000002431553d6c0 1003       4       java.util.concurrent.ConcurrentHashMap::addCount (280 bytes)
Event: 2.065 Thread 0x000002431553d6c0 nmethod 1003 0x00000243246f3f90 code [0x00000243246f4140, 0x00000243246f43a8]
Event: 2.065 Thread 0x000002431553d6c0 1029       4       java.util.concurrent.ConcurrentHashMap::get (162 bytes)
Event: 2.072 Thread 0x000002431553d6c0 nmethod 1029 0x00000243246f4690 code [0x00000243246f4820, 0x00000243246f4b18]
Event: 2.110 Thread 0x000002431553e0c0 1032       3       java.io.FileInputStream::available (5 bytes)
Event: 2.110 Thread 0x000002431553e0c0 nmethod 1032 0x000002431d346890 code [0x000002431d346a40, 0x000002431d346b88]
Event: 2.114 Thread 0x000002431553e0c0 1034       3       java.io.BufferedInputStream::getInIfOpen (21 bytes)
Event: 2.115 Thread 0x000002431553e0c0 nmethod 1034 0x000002431d346c10 code [0x000002431d346dc0, 0x000002431d346fe8]
Event: 2.119 Thread 0x000002431553e0c0 1035  s    3       java.io.BufferedInputStream::available (35 bytes)
Event: 2.120 Thread 0x000002431553e0c0 nmethod 1035 0x000002431d347090 code [0x000002431d347260, 0x000002431d3476b8]

GC Heap History (4 events):
Event: 1.721 GC heap before
{Heap before GC invocations=0 (full 0):
 garbage-first heap   total 65536K, used 13312K [0x00000000c1800000, 0x0000000100000000)
  region size 1024K, 13 young (13312K), 0 survivors (0K)
 Metaspace       used 9799K, committed 10048K, reserved 1064960K
  class space    used 1090K, committed 1216K, reserved 1048576K
}
Event: 1.729 GC heap after
{Heap after GC invocations=1 (full 0):
 garbage-first heap   total 65536K, used 3754K [0x00000000c1800000, 0x0000000100000000)
  region size 1024K, 2 young (2048K), 2 survivors (2048K)
 Metaspace       used 9799K, committed 10048K, reserved 1064960K
  class space    used 1090K, committed 1216K, reserved 1048576K
}
Event: 2.367 GC heap before
{Heap before GC invocations=1 (full 0):
 garbage-first heap   total 65536K, used 5802K [0x00000000c1800000, 0x0000000100000000)
  region size 1024K, 5 young (5120K), 2 survivors (2048K)
 Metaspace       used 10405K, committed 10624K, reserved 1064960K
  class space    used 1157K, committed 1216K, reserved 1048576K
}
Event: 2.372 GC heap after
{Heap after GC invocations=2 (full 0):
 garbage-first heap   total 65536K, used 4800K [0x00000000c1800000, 0x0000000100000000)
  region size 1024K, 1 young (1024K), 1 survivors (1024K)
 Metaspace       used 10405K, committed 10624K, reserved 1064960K
  class space    used 1157K, committed 1216K, reserved 1048576K
}

Deoptimization events (14 events):
Event: 0.431 Thread 0x000002431546c810 Uncommon trap: trap_request=0xffffff45 fr.pc=0x00000243246c5ce8 relative=0x00000000000004a8
Event: 0.431 Thread 0x000002431546c810 Uncommon trap: reason=unstable_if action=reinterpret pc=0x00000243246c5ce8 method=java.lang.StringLatin1.replace([BCC)Ljava/lang/String; @ 19 c2
Event: 0.432 Thread 0x000002431546c810 DEOPT PACKING pc=0x00000243246c5ce8 sp=0x0000009b14afe740
Event: 0.432 Thread 0x000002431546c810 DEOPT UNPACKING pc=0x000002431cc1d72e sp=0x0000009b14afe6c0 mode 2
Event: 0.440 Thread 0x000002431546c810 DEOPT PACKING pc=0x000002431d185de7 sp=0x0000009b14af9160
Event: 0.440 Thread 0x000002431546c810 DEOPT UNPACKING pc=0x000002431cc1dece sp=0x0000009b14af8580 mode 0
Event: 0.463 Thread 0x000002431546c810 DEOPT PACKING pc=0x000002431d1837d1 sp=0x0000009b14afad80
Event: 0.463 Thread 0x000002431546c810 DEOPT UNPACKING pc=0x000002431cc1dece sp=0x0000009b14afa1f8 mode 0
Event: 0.672 Thread 0x000002431546c810 Uncommon trap: trap_request=0xffffff45 fr.pc=0x00000243246db9d0 relative=0x0000000000000230
Event: 0.672 Thread 0x000002431546c810 Uncommon trap: reason=unstable_if action=reinterpret pc=0x00000243246db9d0 method=java.lang.String.startsWith(Ljava/lang/String;I)Z @ 14 c2
Event: 0.672 Thread 0x000002431546c810 DEOPT PACKING pc=0x00000243246db9d0 sp=0x0000009b14afded0
Event: 0.672 Thread 0x000002431546c810 DEOPT UNPACKING pc=0x000002431cc1d72e sp=0x0000009b14afde30 mode 2
Event: 0.697 Thread 0x000002431546c810 DEOPT PACKING pc=0x000002431d2483e5 sp=0x0000009b14afa260
Event: 0.697 Thread 0x000002431546c810 DEOPT UNPACKING pc=0x000002431cc1dece sp=0x0000009b14af96b0 mode 0

Classes unloaded (0 events):
No events

Classes redefined (0 events):
No events

Internal exceptions (16 events):
Event: 0.121 Thread 0x000002431546c810 Exception <a 'java/lang/NoSuchMethodError'{0x00000000c567ffb8}: 'void java.lang.invoke.DirectMethodHandle$Holder.invokeSpecial(java.lang.Object, java.lang.Object, java.lang.Object)'> (0x00000000c567ffb8) 
thrown [t:\workspace\open\src\hotspot\share\interpreter\linkResolver.cpp, line 790]
Event: 0.136 Thread 0x000002431546c810 Exception <a 'java/lang/ClassNotFoundException'{0x00000000c569d910}: sun/awt/resources/spi/awtProvider> (0x00000000c569d910) 
thrown [t:\workspace\open\src\hotspot\share\classfile\systemDictionary.cpp, line 256]
Event: 0.171 Thread 0x000002431546c810 Exception <a 'java/io/FileNotFoundException'{0x00000000c56f7660}> (0x00000000c56f7660) 
thrown [t:\workspace\open\src\hotspot\share\prims\jni.cpp, line 579]
Event: 0.182 Thread 0x000002431546c810 Exception <a 'java/io/FileNotFoundException'{0x00000000c5526528}> (0x00000000c5526528) 
thrown [t:\workspace\open\src\hotspot\share\prims\jni.cpp, line 579]
Event: 0.183 Thread 0x000002431546c810 Exception <a 'java/lang/NoSuchMethodError'{0x00000000c5527710}: 'java.lang.Object java.lang.invoke.DirectMethodHandle$Holder.invokeStatic(java.lang.Object)'> (0x00000000c5527710) 
thrown [t:\workspace\open\src\hotspot\share\interpreter\linkResolver.cpp, line 790]
Event: 0.232 Thread 0x000002431546c810 Exception <a 'java/lang/NoSuchMethodError'{0x00000000c557cc98}: 'java.lang.Object java.lang.invoke.DirectMethodHandle$Holder.invokeStaticInit(java.lang.Object)'> (0x00000000c557cc98) 
thrown [t:\workspace\open\src\hotspot\share\interpreter\linkResolver.cpp, line 790]
Event: 0.281 Thread 0x000002431546c810 Exception <a 'java/lang/NoSuchMethodError'{0x00000000c54262f8}: 'java.lang.Object java.lang.invoke.DirectMethodHandle$Holder.newInvokeSpecial(java.lang.Object, java.lang.Object, java.lang.Object, java.lang.Object, java.lang.Object)'> (0x00000000c54262f8) 
thrown [t:\workspace\open\src\hotspot\share\interpreter\linkResolver.cpp, line 790]
Event: 0.283 Thread 0x000002431546c810 Exception <a 'java/lang/NoSuchMethodError'{0x00000000c5431de0}: 'java.lang.Object java.lang.invoke.DirectMethodHandle$Holder.invokeStatic(java.lang.Object, int, java.lang.Object, java.lang.Object, java.lang.Object, java.lang.Object)'> (0x00000000c5431de0) 
thrown [t:\workspace\open\src\hotspot\share\interpreter\linkResolver.cpp, line 790]
Event: 0.289 Thread 0x000002431546c810 Exception <a 'java/lang/NoSuchMethodError'{0x00000000c54580e8}: 'java.lang.Object java.lang.invoke.DirectMethodHandle$Holder.invokeStatic(java.lang.Object, int, java.lang.Object)'> (0x00000000c54580e8) 
thrown [t:\workspace\open\src\hotspot\share\interpreter\linkResolver.cpp, line 790]
Event: 0.333 Thread 0x000002431546c810 Exception <a 'java/lang/ClassNotFoundException'{0x00000000c5310cb8}: com/sun/swing/internal/plaf/metal/resources/spi/metalProvider> (0x00000000c5310cb8) 
thrown [t:\workspace\open\src\hotspot\share\classfile\systemDictionary.cpp, line 256]
Event: 0.334 Thread 0x000002431546c810 Exception <a 'java/lang/ClassNotFoundException'{0x00000000c5314fb0}: com/sun/swing/internal/plaf/basic/resources/spi/basicProvider> (0x00000000c5314fb0) 
thrown [t:\workspace\open\src\hotspot\share\classfile\systemDictionary.cpp, line 256]
Event: 0.392 Thread 0x0000024331318730 Exception <a 'java/lang/NoSuchMethodError'{0x00000000c5394c98}: 'java.lang.Object java.lang.invoke.DirectMethodHandle$Holder.newInvokeSpecial(java.lang.Object, java.lang.Object, java.lang.Object, int, int, int, int, int)'> (0x00000000c5394c98) 
thrown [t:\workspace\open\src\hotspot\share\interpreter\linkResolver.cpp, line 790]
Event: 0.489 Thread 0x000002431546c810 Exception <a 'java/lang/NoSuchMethodError'{0x00000000c5141e00}: 'java.lang.Object java.lang.invoke.DirectMethodHandle$Holder.invokeInterface(java.lang.Object, java.lang.Object)'> (0x00000000c5141e00) 
thrown [t:\workspace\open\src\hotspot\share\interpreter\linkResolver.cpp, line 790]
Event: 0.534 Thread 0x000002431546c810 Exception <a 'java/lang/NoSuchMethodError'{0x00000000c51d47f8}: 'void java.lang.invoke.DirectMethodHandle$Holder.invokeStatic(java.lang.Object, java.lang.Object, java.lang.Object)'> (0x00000000c51d47f8) 
thrown [t:\workspace\open\src\hotspot\share\interpreter\linkResolver.cpp, line 790]
Event: 0.536 Thread 0x000002431546c810 Exception <a 'java/lang/NoSuchMethodError'{0x00000000c51def60}: 'java.lang.Object java.lang.invoke.DirectMethodHandle$Holder.invokeVirtual(java.lang.Object, java.lang.Object, java.lang.Object)'> (0x00000000c51def60) 
thrown [t:\workspace\open\src\hotspot\share\interpreter\linkResolver.cpp, line 790]
Event: 0.684 Thread 0x000002431546c810 Exception <a 'java/lang/NoSuchMethodError'{0x00000000c4d2d970}: 'void java.lang.invoke.DirectMethodHandle$Holder.invokeStatic(java.lang.Object, java.lang.Object)'> (0x00000000c4d2d970) 
thrown [t:\workspace\open\src\hotspot\share\interpreter\linkResolver.cpp, line 790]

Events (20 events):
Event: 2.033 loading class java/time/DateTimeException
Event: 2.034 loading class java/time/DateTimeException done
Event: 2.034 loading class java/time/format/DateTimeParseException done
Event: 2.037 loading class javax/swing/table/TableColumn
Event: 2.037 loading class javax/swing/table/TableColumn done
Event: 2.037 loading class javax/swing/event/SwingPropertyChangeSupport
Event: 2.038 loading class javax/swing/event/SwingPropertyChangeSupport done
Event: 2.038 loading class javax/swing/event/TableColumnModelEvent
Event: 2.038 loading class javax/swing/event/TableColumnModelEvent done
Event: 2.038 Thread 0x0000024331379d20 Thread added: 0x0000024331379d20
Event: 2.038 Thread 0x00000243324ac820 Thread added: 0x00000243324ac820
Event: 2.039 loading class java/util/Vector$1
Event: 2.039 loading class java/util/Vector$1 done
Event: 2.041 loading class sun/awt/image/JPEGImageDecoder
Event: 2.041 loading class sun/awt/image/JPEGImageDecoder done
Event: 2.041 loading class sun/awt/image/JPEGImageDecoder$1
Event: 2.041 loading class sun/awt/image/JPEGImageDecoder$1 done
Event: 2.042 Loaded shared library C:\Program Files\Java\jdk-16\bin\javajpeg.dll
Event: 2.367 Executing  VM operation: G1TryInitiateConcMark
Event: 2.372 Executing  VM operation: G1TryInitiateConcMark done


Dynamic libraries:
0x00007ff6b0d00000 - 0x00007ff6b0d10000 	C:\Program Files\Java\jdk-16\bin\java.exe
0x00007ffbb28e0000 - 0x00007ffbb2ad0000 	C:\WINDOWS\SYSTEM32\ntdll.dll
0x00007ffbb1e30000 - 0x00007ffbb1ee2000 	C:\WINDOWS\System32\KERNEL32.DLL
0x00007ffbafaf0000 - 0x00007ffbafd93000 	C:\WINDOWS\System32\KERNELBASE.dll
0x00007ffbafda0000 - 0x00007ffbafe9a000 	C:\WINDOWS\System32\ucrtbase.dll
0x00007ffb9e570000 - 0x00007ffb9e589000 	C:\Program Files\Java\jdk-16\bin\VCRUNTIME140.dll
0x00007ffb8eec0000 - 0x00007ffb8eed8000 	C:\Program Files\Java\jdk-16\bin\jli.dll
0x00007ffbb27f0000 - 0x00007ffbb2893000 	C:\WINDOWS\System32\ADVAPI32.dll
0x00007ffbb2340000 - 0x00007ffbb23de000 	C:\WINDOWS\System32\msvcrt.dll
0x00007ffbb1d80000 - 0x00007ffbb1e17000 	C:\WINDOWS\System32\sechost.dll
0x00007ffbb0990000 - 0x00007ffbb0ab0000 	C:\WINDOWS\System32\RPCRT4.dll
0x00007ffb8d580000 - 0x00007ffb8d805000 	C:\WINDOWS\WinSxS\amd64_microsoft.windows.common-controls_6595b64144ccf1df_6.0.18362.535_none_e6c3b34713100821\COMCTL32.dll
0x00007ffbb2490000 - 0x00007ffbb27c6000 	C:\WINDOWS\System32\combase.dll
0x00007ffbb0740000 - 0x00007ffbb07c0000 	C:\WINDOWS\System32\bcryptPrimitives.dll
0x00007ffbb2040000 - 0x00007ffbb2066000 	C:\WINDOWS\System32\GDI32.dll
0x00007ffbafac0000 - 0x00007ffbafae1000 	C:\WINDOWS\System32\win32u.dll
0x00007ffbaf870000 - 0x00007ffbafa04000 	C:\WINDOWS\System32\gdi32full.dll
0x00007ffbb0620000 - 0x00007ffbb06be000 	C:\WINDOWS\System32\msvcp_win.dll
0x00007ffbb0ac0000 - 0x00007ffbb0c54000 	C:\WINDOWS\System32\USER32.dll
0x00007ffba0f60000 - 0x00007ffba0f6a000 	C:\WINDOWS\SYSTEM32\VERSION.dll
0x00007ffbb1990000 - 0x00007ffbb19be000 	C:\WINDOWS\System32\IMM32.DLL
0x00007ffba55f0000 - 0x00007ffba55fc000 	C:\Program Files\Java\jdk-16\bin\vcruntime140_1.dll
0x00007ffb8a680000 - 0x00007ffb8a711000 	C:\Program Files\Java\jdk-16\bin\msvcp140.dll
0x00007ffb49cb0000 - 0x00007ffb4a85b000 	C:\Program Files\Java\jdk-16\bin\server\jvm.dll
0x00007ffbb0ab0000 - 0x00007ffbb0ab8000 	C:\WINDOWS\System32\PSAPI.DLL
0x00007ffba83b0000 - 0x00007ffba83b9000 	C:\WINDOWS\SYSTEM32\WSOCK32.dll
0x00007ffba8e70000 - 0x00007ffba8e94000 	C:\WINDOWS\SYSTEM32\WINMM.dll
0x00007ffbb2140000 - 0x00007ffbb21af000 	C:\WINDOWS\System32\WS2_32.dll
0x00007ffba8880000 - 0x00007ffba88ad000 	C:\WINDOWS\SYSTEM32\winmmbase.dll
0x00007ffbb07c0000 - 0x00007ffbb080a000 	C:\WINDOWS\System32\cfgmgr32.dll
0x00007ffbaf800000 - 0x00007ffbaf811000 	C:\WINDOWS\System32\kernel.appcore.dll
0x00007ffb9f5a0000 - 0x00007ffb9f5aa000 	C:\Program Files\Java\jdk-16\bin\jimage.dll
0x00007ffbab080000 - 0x00007ffbab274000 	C:\WINDOWS\SYSTEM32\DBGHELP.DLL
0x00007ffb91460000 - 0x00007ffb9148a000 	C:\WINDOWS\SYSTEM32\dbgcore.DLL
0x00007ffb8fe90000 - 0x00007ffb8feb5000 	C:\Program Files\Java\jdk-16\bin\java.dll
0x00007ffbb12a0000 - 0x00007ffbb1985000 	C:\WINDOWS\System32\SHELL32.dll
0x00007ffbb23e0000 - 0x00007ffbb2489000 	C:\WINDOWS\System32\shcore.dll
0x00007ffbafea0000 - 0x00007ffbb061f000 	C:\WINDOWS\System32\windows.storage.dll
0x00007ffbaf7e0000 - 0x00007ffbaf7ff000 	C:\WINDOWS\System32\profapi.dll
0x00007ffbaf820000 - 0x00007ffbaf86a000 	C:\WINDOWS\System32\powrprof.dll
0x00007ffbaf7b0000 - 0x00007ffbaf7c0000 	C:\WINDOWS\System32\UMPDC.dll
0x00007ffbb2230000 - 0x00007ffbb2282000 	C:\WINDOWS\System32\shlwapi.dll
0x00007ffbb0720000 - 0x00007ffbb0737000 	C:\WINDOWS\System32\cryptsp.dll
0x00007ffb9de20000 - 0x00007ffb9de39000 	C:\Program Files\Java\jdk-16\bin\net.dll
0x00007ffba00b0000 - 0x00007ffba01a0000 	C:\WINDOWS\SYSTEM32\WINHTTP.dll
0x00007ffbaf020000 - 0x00007ffbaf087000 	C:\WINDOWS\system32\mswsock.dll
0x00007ffb9c520000 - 0x00007ffb9c533000 	C:\Program Files\Java\jdk-16\bin\nio.dll
0x00007ffb901f0000 - 0x00007ffb90208000 	C:\Program Files\Java\jdk-16\bin\zip.dll
0x00007ffb8a7a0000 - 0x00007ffb8a920000 	C:\Program Files\Java\jdk-16\bin\awt.dll
0x00007ffbb2070000 - 0x00007ffbb2134000 	C:\WINDOWS\System32\OLEAUT32.dll
0x00007ffba9b30000 - 0x00007ffba9bbf000 	C:\WINDOWS\SYSTEM32\apphelp.dll
0x00007ffbaa060000 - 0x00007ffbaa08d000 	C:\WINDOWS\system32\DWMAPI.DLL
0x00007ffba9cf0000 - 0x00007ffba9d89000 	C:\WINDOWS\system32\uxtheme.dll
0x00007ffb9a6d0000 - 0x00007ffb9a826000 	C:\WINDOWS\system32\opengl32.dll
0x00007ffb9d330000 - 0x00007ffb9d35c000 	C:\WINDOWS\SYSTEM32\GLU32.dll
0x00007ffbae420000 - 0x00007ffbae440000 	C:\WINDOWS\SYSTEM32\dxcore.dll
0x00007ffbb1f00000 - 0x00007ffbb2035000 	C:\WINDOWS\System32\MSCTF.dll
0x00007ffbb0c60000 - 0x00007ffbb0db6000 	C:\WINDOWS\System32\ole32.dll
0x00007ffbaed70000 - 0x00007ffbaee3a000 	C:\WINDOWS\SYSTEM32\DNSAPI.dll
0x00007ffbb1e20000 - 0x00007ffbb1e28000 	C:\WINDOWS\System32\NSI.dll
0x00007ffbaed30000 - 0x00007ffbaed6a000 	C:\WINDOWS\SYSTEM32\IPHLPAPI.DLL
0x0000000069000000 - 0x0000000069026000 	C:\Program Files\Bonjour\mdnsNSP.dll
0x00007ffb9b190000 - 0x00007ffb9b19a000 	C:\Windows\System32\rasadhlp.dll
0x00007ffba0d20000 - 0x00007ffba0d97000 	C:\WINDOWS\System32\fwpuclnt.dll
0x00007ffbb0960000 - 0x00007ffbb0986000 	C:\WINDOWS\System32\bcrypt.dll
0x00007ffb89240000 - 0x00007ffb8926d000 	C:\Program Files\Java\jdk-16\bin\javajpeg.dll

dbghelp: loaded successfully - version: 4.0.5 - missing functions: none
symbol engine: initialized successfully - sym options: 0x614 - pdb path: .;C:\Program Files\Java\jdk-16\bin;C:\WINDOWS\SYSTEM32;C:\WINDOWS\WinSxS\amd64_microsoft.windows.common-controls_6595b64144ccf1df_6.0.18362.535_none_e6c3b34713100821;C:\Program Files\Java\jdk-16\bin\server;C:\Program Files\Bonjour

VM Arguments:
jvm_args: -Dfile.encoding=UTF-8 
java_command: checkbill.productinfo
java_class_path (initial): C:\Users\admin\Documents\NetBeansProjects\mysql-connector-java-8.0.25;C:\Users\admin\Documents\NetBeansProjects\mysql-connector-java-8.0.25\mysql-connector-java-8.0.25.jar;C:\Program Files\NetBeans-12.3\netbeans\java\modules\ext\AbsoluteLayout.jar;C:\Users\admin\Documents\NetBeansProjects\QR-Code-em-Java-master\lib\bridj-0.6.2-windows-only.jar;C:\Users\admin\Documents\NetBeansProjects\QR-Code-em-Java-master\lib\core-3.3.0.jar;C:\Users\admin\Documents\NetBeansProjects\QR-Code-em-Java-master\lib\javase-3.3.0.jar;C:\Users\admin\Documents\NetBeansProjects\QR-Code-em-Java-master\lib\log4j-1.2.17.jar;C:\Users\admin\Documents\NetBeansProjects\QR-Code-em-Java-master\lib\slf4j-api-1.6.2.jar;C:\Users\admin\Documents\NetBeansProjects\QR-Code-em-Java-master\lib\slf4j-log4j12-1.6.2.jar;C:\Users\admin\Documents\NetBeansProjects\QR-Code-em-Java-master\lib\webcam-capture-0.3.12.jar;C:\Users\admin\Desktop\checkbill\build\classes
Launcher Type: SUN_STANDARD

[Global flags]
     intx CICompilerCount                          = 3                                         {product} {ergonomic}
     uint ConcGCThreads                            = 1                                         {product} {ergonomic}
     uint G1ConcRefinementThreads                  = 4                                         {product} {ergonomic}
   size_t G1HeapRegionSize                         = 1048576                                   {product} {ergonomic}
    uintx GCDrainStackTargetSize                   = 64                                        {product} {ergonomic}
   size_t InitialHeapSize                          = 67108864                                  {product} {ergonomic}
   size_t MarkStackSize                            = 4194304                                   {product} {ergonomic}
   size_t MaxHeapSize                              = 1048576000                                {product} {ergonomic}
   size_t MaxNewSize                               = 629145600                                 {product} {ergonomic}
   size_t MinHeapDeltaBytes                        = 1048576                                   {product} {ergonomic}
   size_t MinHeapSize                              = 8388608                                   {product} {ergonomic}
    uintx NonNMethodCodeHeapSize                   = 5832780                                {pd product} {ergonomic}
    uintx NonProfiledCodeHeapSize                  = 122912730                              {pd product} {ergonomic}
    uintx ProfiledCodeHeapSize                     = 122912730                              {pd product} {ergonomic}
    uintx ReservedCodeCacheSize                    = 251658240                              {pd product} {ergonomic}
     bool SegmentedCodeCache                       = true                                      {product} {ergonomic}
   size_t SoftMaxHeapSize                          = 1048576000                             {manageable} {ergonomic}
     bool UseCompressedClassPointers               = true                           {product lp64_product} {ergonomic}
     bool UseCompressedOops                        = true                           {product lp64_product} {ergonomic}
     bool UseG1GC                                  = true                                      {product} {ergonomic}
     bool UseLargePagesIndividualAllocation        = false                                  {pd product} {ergonomic}

Logging:
Log output configuration:
 #0: stdout all=warning uptime,level,tags
 #1: stderr all=off uptime,level,tags

Environment Variables:
PATH=C:\Program Files\Common Files\Oracle\Java\javapath;C:\WINDOWS\system32;C:\WINDOWS;C:\WINDOWS\System32\Wbem;C:\WINDOWS\System32\WindowsPowerShell\v1.0\;C:\WINDOWS\System32\OpenSSH\;C:\Program Files\Microsoft SQL Server\120\Tools\Binn\;C:\Program Files (x86)\Java\jdk1.7.0_76\bin;C:\Users\admin\AppData\Local\Programs\Python\Python38-32;C:\Users\admin\AppData\Local\Programs\Python\Python38-32\Scripts;C:\Program Files (x86)\Intel\Intel(R) Management Engine Components\DAL;C:\Program Files\Intel\Intel(R) Management Engine Components\DAL;C:\WINDOWS\system32\config\systemprofile\.dnx\bin;C:\Program Files\Microsoft DNX\Dnvm\;C:\Program Files\Java\jdk-16\bin;C:\Program Files\MySQL\MySQL Server 5.5\bin;C:\Program Files\Git\cmd;C:\Program Files (x86)\Java\jre7\bin;C:\Program Files\JetBrains\PyCharm Community Edition 2020.1.2\bin;;C:\xampp new\php;C:\Users\admin\AppData\Local\Programs\Microsoft VS Code\bin;C:\src\flutter\bin;
USERNAME=admin
OS=Windows_NT
PROCESSOR_IDENTIFIER=Intel64 Family 6 Model 142 Stepping 9, GenuineIntel



---------------  S Y S T E M  ---------------

OS:
 Windows 10 , 64 bit Build 18362 (10.0.18362.329)
OS uptime: 12 days 21:35 hours

CPU: total 4 (initial active 4) (2 cores per cpu, 2 threads per core) family 6 model 142 stepping 9 microcode 0xca, cx8, cmov, fxsr, ht, mmx, 3dnowpref, sse, sse2, sse3, ssse3, sse4.1, sse4.2, popcnt, lzcnt, tsc, tscinvbit, avx, avx2, aes, erms, clmul, bmi1, bmi2, adx, fma, vzeroupper, clflush, clflushopt

Memory: 4k page, system-wide physical 3993M (16M free)
TotalPageFile size 16281M (AvailPageFile size 5M)
current process WorkingSet (physical memory assigned to process): 177M, peak: 177M
current process commit charge ("private bytes"): 264M, peak: 265M

vm_info: Java HotSpot(TM) 64-Bit Server VM (16+36-2231) for windows-amd64 JRE (16+36-2231), built on Feb  8 2021 11:43:10 by "mach5one" with MS VC++ 16.7 (VS2019)

END.
