#
# There is insufficient memory for the Java Runtime Environment to continue.
# Native memory allocation (mmap) failed to map 2097152 bytes for G1 virtual space
# Possible reasons:
#   The system is out of physical RAM or swap space
#   The process is running with CompressedOops enabled, and the Java Heap may be blocking the growth of the native heap
# Possible solutions:
#   Reduce memory load on the system
#   Increase physical memory or swap space
#   Check if swap backing store is full
#   Decrease Java heap size (-Xmx/-Xms)
#   Decrease number of Java threads
#   Decrease Java thread stack sizes (-Xss)
#   Set larger code cache with -XX:ReservedCodeCacheSize=
#   JVM is running with Unscaled Compressed Oops mode in which the Java heap is
#     placed in the first 4GB address space. The Java Heap base address is the
#     maximum limit for the native heap growth. Please use -XX:HeapBaseMinAddress
#     to set the Java Heap base and to place the Java Heap above 4GB virtual address.
# This output file may be truncated or incomplete.
#
#  Out of Memory Error (os_windows.cpp:3466), pid=428, tid=13108
#
# JRE version: Java(TM) SE Runtime Environment (16.0+36) (build 16+36-2231)
# Java VM: Java HotSpot(TM) 64-Bit Server VM (16+36-2231, mixed mode, sharing, tiered, compressed oops, g1 gc, windows-amd64)
# No core dump will be written. Minidumps are not enabled by default on client versions of Windows
#

---------------  S U M M A R Y ------------

Command Line: -Dapplication.home=C:\Program Files\Java\jdk-16 --add-modules=ALL-DEFAULT -Xms8m -Djdk.module.main=jdk.compiler jdk.compiler/com.sun.tools.javac.Main -d C:\Users\admin\Desktop\checkbill\build\classes -classpath C:\Users\admin\Desktop\checkbill\build\classes;C:\Users\admin\Documents\NetBeansProjects\mysql-connector-java-8.0.25;C:\Users\admin\Documents\NetBeansProjects\mysql-connector-java-8.0.25\mysql-connector-java-8.0.25.jar -sourcepath C:\Users\admin\Desktop\checkbill\src -target 16 -encoding UTF-8 -g -processorpath C:\Users\admin\Documents\NetBeansProjects\mysql-connector-java-8.0.25;C:\Users\admin\Documents\NetBeansProjects\mysql-connector-java-8.0.25\mysql-connector-java-8.0.25.jar;C:\Users\admin\Desktop\checkbill\build\empty -s C:\Users\admin\Desktop\checkbill\build\generated-sources\ap-source-output -source 16 C:\Users\admin\Desktop\checkbill\src\checkbill\addcasher.java

Host: Intel(R) Core(TM) i3-7020U CPU @ 2.30GHz, 4 cores, 3G,  Windows 10 , 64 bit Build 18362 (10.0.18362.329)
Time: Thu Jul 22 21:17:55 2021 India Standard Time elapsed time: 0.733602 seconds (0d 0h 0m 0s)

---------------  T H R E A D  ---------------

Current thread (0x0000019eb47b1ea0):  VMThread "VM Thread" [stack: 0x000000260fc00000,0x000000260fd00000] [id=13108]

Stack: [0x000000260fc00000,0x000000260fd00000]
Native frames: (J=compiled Java code, j=interpreted, Vv=VM code, C=native code)
V  [jvm.dll+0x6681da]
V  [jvm.dll+0x7c9d99]
V  [jvm.dll+0x7cb4d3]
V  [jvm.dll+0x7cbb33]
V  [jvm.dll+0x242ee5]
V  [jvm.dll+0x664f99]
V  [jvm.dll+0x659b85]
V  [jvm.dll+0x2fbfcb]
V  [jvm.dll+0x3031c6]
V  [jvm.dll+0x352a0e]
V  [jvm.dll+0x352c3f]
V  [jvm.dll+0x2d3038]
V  [jvm.dll+0x2d0bc5]
V  [jvm.dll+0x2d01fc]
V  [jvm.dll+0x3152e2]
V  [jvm.dll+0x7cff2b]
V  [jvm.dll+0x7d0c24]
V  [jvm.dll+0x7d1129]
V  [jvm.dll+0x7d13e4]
V  [jvm.dll+0x7d14b0]
V  [jvm.dll+0x77952a]
V  [jvm.dll+0x667076]
C  [ucrtbase.dll+0x20e72]
C  [KERNEL32.DLL+0x17bd4]
C  [ntdll.dll+0x6ced1]

VM_Operation (0x000000260f6fe600): G1CollectForAllocation, mode: safepoint, requested by thread 0x0000019eb46ec020


---------------  P R O C E S S  ---------------

Threads class SMR info:
_java_thread_list=0x0000019ed0436180, length=12, elements={
0x0000019eb46ec020, 0x0000019eb47b82d0, 0x0000019eb47b9190, 0x0000019ecf7a8a20,
0x0000019ecf7ab540, 0x0000019ecf7adf50, 0x0000019ecf7ae950, 0x0000019ecf7af730,
0x0000019ecf7b2230, 0x0000019ecf834010, 0x0000019ecf8b85e0, 0x0000019ed04d2d90
}

Java Threads: ( => current thread )
  0x0000019eb46ec020 JavaThread "main" [_thread_blocked, id=12708, stack(0x000000260f600000,0x000000260f700000)]
  0x0000019eb47b82d0 JavaThread "Reference Handler" daemon [_thread_blocked, id=8856, stack(0x000000260fd00000,0x000000260fe00000)]
  0x0000019eb47b9190 JavaThread "Finalizer" daemon [_thread_blocked, id=2548, stack(0x000000260fe00000,0x000000260ff00000)]
  0x0000019ecf7a8a20 JavaThread "Signal Dispatcher" daemon [_thread_blocked, id=18720, stack(0x000000260ff00000,0x0000002610000000)]
  0x0000019ecf7ab540 JavaThread "Attach Listener" daemon [_thread_blocked, id=2572, stack(0x0000002610000000,0x0000002610100000)]
  0x0000019ecf7adf50 JavaThread "Service Thread" daemon [_thread_blocked, id=8640, stack(0x0000002610100000,0x0000002610200000)]
  0x0000019ecf7ae950 JavaThread "Monitor Deflation Thread" daemon [_thread_blocked, id=19336, stack(0x0000002610200000,0x0000002610300000)]
  0x0000019ecf7af730 JavaThread "C2 CompilerThread0" daemon [_thread_blocked, id=11668, stack(0x0000002610300000,0x0000002610400000)]
  0x0000019ecf7b2230 JavaThread "C1 CompilerThread0" daemon [_thread_blocked, id=18864, stack(0x0000002610400000,0x0000002610500000)]
  0x0000019ecf834010 JavaThread "Sweeper thread" daemon [_thread_blocked, id=20664, stack(0x0000002610500000,0x0000002610600000)]
  0x0000019ecf8b85e0 JavaThread "Common-Cleaner" daemon [_thread_blocked, id=7644, stack(0x0000002610600000,0x0000002610700000)]
  0x0000019ed04d2d90 JavaThread "Notification Thread" daemon [_thread_blocked, id=7464, stack(0x0000002610700000,0x0000002610800000)]

Other Threads:
=>0x0000019eb47b1ea0 VMThread "VM Thread" [stack: 0x000000260fc00000,0x000000260fd00000] [id=13108]
  0x0000019ed050b850 WatcherThread [stack: 0x0000002610800000,0x0000002610900000] [id=19036]
  0x0000019eb4719590 GCTaskThread "GC Thread#0" [stack: 0x000000260f700000,0x000000260f800000] [id=16652]
  0x0000019ed06f31f0 GCTaskThread "GC Thread#1" [stack: 0x0000002610900000,0x0000002610a00000] [id=11028]
  0x0000019ed0737e20 GCTaskThread "GC Thread#2" [stack: 0x0000002610a00000,0x0000002610b00000] [id=16512]
  0x0000019ed0736bc0 GCTaskThread "GC Thread#3" [stack: 0x0000002610b00000,0x0000002610c00000] [id=18408]
  0x0000019eb47243f0 ConcurrentGCThread "G1 Main Marker" [stack: 0x000000260f800000,0x000000260f900000] [id=13924]
  0x0000019eb4725680 ConcurrentGCThread "G1 Conc#0" [stack: 0x000000260f900000,0x000000260fa00000] [id=20672]
  0x0000019eb473f980 ConcurrentGCThread "G1 Refine#0" [stack: 0x000000260fa00000,0x000000260fb00000] [id=20164]
  0x0000019eb4740480 ConcurrentGCThread "G1 Service" [stack: 0x000000260fb00000,0x000000260fc00000] [id=6748]

Threads with active compile tasks:
C2 CompilerThread0      810  703       4       java.lang.StringBuilder::append (8 bytes)

VM state: at safepoint (normal execution)

VM Mutex/Monitor currently owned by a thread:  ([mutex/lock_event])
[0x0000019eb46e8940] Threads_lock - owner thread: 0x0000019eb47b1ea0
[0x0000019eb46e7c50] Heap_lock - owner thread: 0x0000019eb46ec020

Heap address: 0x00000000c1800000, size: 1000 MB, Compressed Oops mode: 32-bit
CDS archive(s) mapped at: [0x0000000800000000-0x0000000800bb0000-0x0000000800bb0000), size 12255232, SharedBaseAddress: 0x0000000800000000, ArchiveRelocationMode: 0.
Compressed class space mapped at: 0x0000000800c00000-0x0000000840c00000, reserved size: 1073741824
Narrow klass base: 0x0000000800000000, Narrow klass shift: 3, Narrow klass range: 0x100000000

GC Precious Log:
 CPUs: 4 total, 4 available
 Memory: 3993M
 Large Page Support: Disabled
 NUMA Support: Disabled
 Compressed Oops: Enabled (32-bit)
 Heap Region Size: 1M
 Heap Min Capacity: 8M
 Heap Initial Capacity: 8M
 Heap Max Capacity: 1000M
 Pre-touch: Disabled
 Parallel Workers: 4
 Concurrent Workers: 1
 Concurrent Refinement Workers: 4
 Periodic GC: Disabled

Heap:
 garbage-first heap   total 8192K, used 2525K [0x00000000c1800000, 0x0000000100000000)
  region size 1024K, 1 young (1024K), 1 survivors (1024K)
 Metaspace       used 7732K, committed 7872K, reserved 1064960K
  class space    used 879K, committed 960K, reserved 1048576K

Heap Regions: E=young(eden), S=young(survivor), O=old, HS=humongous(starts), HC=humongous(continues), CS=collection set, F=free, OA=open archive, CA=closed archive, TAMS=top-at-mark-start (previous, next)
|   0|0x00000000c1800000, 0x00000000c1900000, 0x00000000c1900000|100%| O|  |TAMS 0x00000000c1800000, 0x00000000c1800000| Untracked 
|   1|0x00000000c1900000, 0x00000000c19e4000, 0x00000000c1a00000| 89%| O|  |TAMS 0x00000000c1900000, 0x00000000c1900000| Untracked 
|   2|0x00000000c1a00000, 0x00000000c1a00000, 0x00000000c1b00000|  0%| F|  |TAMS 0x00000000c1a00000, 0x00000000c1a00000| Untracked 
|   3|0x00000000c1b00000, 0x00000000c1b00000, 0x00000000c1c00000|  0%| F|  |TAMS 0x00000000c1b00000, 0x00000000c1b00000| Untracked 
|   4|0x00000000c1c00000, 0x00000000c1c00000, 0x00000000c1d00000|  0%| F|  |TAMS 0x00000000c1c00000, 0x00000000c1c00000| Untracked 
|   5|0x00000000c1d00000, 0x00000000c1d93698, 0x00000000c1e00000| 57%| S|CS|TAMS 0x00000000c1d00000, 0x00000000c1d00000| Complete 
|   6|0x00000000c1e00000, 0x00000000c1e00000, 0x00000000c1f00000|  0%| F|  |TAMS 0x00000000c1e00000, 0x00000000c1e00000| Untracked 
|   7|0x00000000c1f00000, 0x00000000c1f00000, 0x00000000c2000000|  0%| F|  |TAMS 0x00000000c1f00000, 0x00000000c1f00000| Untracked 

Card table byte_map: [0x0000019ecb050000,0x0000019ecb250000] _byte_map_base: 0x0000019ecaa44000

Marking Bits (Prev, Next): (CMBitMap*) 0x0000019eb471bca0, (CMBitMap*) 0x0000019eb471bce0
 Prev Bits: [0x0000019ecb450000, 0x0000019ecc3f0000)
 Next Bits: [0x0000019ecc3f0000, 0x0000019ecd390000)

Polling page: 0x0000019eb2490000

Metaspace:

Usage:
  Non-class:      6.69 MB used.
      Class:    879.55 KB used.
       Both:      7.55 MB used.

Virtual space:
  Non-class space:       16.00 MB reserved,       6.75 MB ( 42%) committed,  2 nodes.
      Class space:        1.00 GB reserved,     960.00 KB ( <1%) committed,  1 nodes.
              Both:        1.02 GB reserved,       7.69 MB ( <1%) committed. 

Chunk freelists:
   Non-Class:  2.69 MB
       Class:  2.98 MB
        Both:  5.67 MB

MaxMetaspaceSize: 17179869184.00 GB
CompressedClassSpaceSize: 1.00 GB
 - commit_granule_bytes: 65536.
 - commit_granule_words: 8192.
 - virtual_space_node_default_size: 1048576.
 - enlarge_chunks_in_place: 1.
 - new_chunks_are_fully_committed: 0.
 - uncommit_free_chunks: 1.
 - use_allocation_guard: 0.
 - handle_deallocations: 1.


Internal statistics:

num_allocs_failed_limit: 0.
num_arena_births: 52.
num_arena_deaths: 0.
num_vsnodes_births: 3.
num_vsnodes_deaths: 0.
num_space_committed: 123.
num_space_uncommitted: 0.
num_chunks_returned_to_freelist: 0.
num_chunks_taken_from_freelist: 312.
num_chunk_merges: 0.
num_chunk_splits: 222.
num_chunks_enlarged: 172.
num_purges: 0.

CodeHeap 'non-profiled nmethods': size=120000Kb used=227Kb max_used=227Kb free=119772Kb
 bounds [0x0000019ec3920000, 0x0000019ec3b90000, 0x0000019ecae50000]
CodeHeap 'profiled nmethods': size=120000Kb used=1149Kb max_used=1149Kb free=118851Kb
 bounds [0x0000019ebc3f0000, 0x0000019ebc660000, 0x0000019ec3920000]
CodeHeap 'non-nmethods': size=5760Kb used=1143Kb max_used=1158Kb free=4616Kb
 bounds [0x0000019ebbe50000, 0x0000019ebc0c0000, 0x0000019ebc3f0000]
 total_blobs=1127 nmethods=703 adapters=337
 compilation: enabled
              stopped_count=0, restarted_count=0
 full_count=0

Compilation events (20 events):
Event: 0.727 Thread 0x0000019ecf7b2230 nmethod 695 0x0000019ebc50e990 code [0x0000019ebc50eb40, 0x0000019ebc50ec88]
Event: 0.727 Thread 0x0000019ecf7b2230  696       1       java.nio.Buffer::capacity (5 bytes)
Event: 0.727 Thread 0x0000019ecf7af730  703       4       java.lang.StringBuilder::append (8 bytes)
Event: 0.727 Thread 0x0000019ecf7b2230 nmethod 696 0x0000019ec3957a10 code [0x0000019ec3957ba0, 0x0000019ec3957c78]
Event: 0.727 Thread 0x0000019ecf7b2230  697       1       java.util.Collections$1::hasNext (5 bytes)
Event: 0.728 Thread 0x0000019ecf7b2230 nmethod 697 0x0000019ec3957d10 code [0x0000019ec3957ea0, 0x0000019ec3957f78]
Event: 0.728 Thread 0x0000019ecf7b2230  698       1       jdk.internal.jrtfs.JrtFileSystem::isOpen (5 bytes)
Event: 0.728 Thread 0x0000019ecf7b2230 nmethod 698 0x0000019ec3958010 code [0x0000019ec39581a0, 0x0000019ec3958278]
Event: 0.728 Thread 0x0000019ecf7b2230  699       1       jdk.internal.jimage.ImageReader$Node::isCompleted (5 bytes)
Event: 0.728 Thread 0x0000019ecf7b2230 nmethod 699 0x0000019ec3958310 code [0x0000019ec39584a0, 0x0000019ec3958578]
Event: 0.728 Thread 0x0000019ecf7b2230  700       1       jdk.internal.jrtfs.JrtPath::getFileSystem (5 bytes)
Event: 0.728 Thread 0x0000019ecf7b2230 nmethod 700 0x0000019ec3958610 code [0x0000019ec39587a0, 0x0000019ec3958878]
Event: 0.728 Thread 0x0000019ecf7b2230  701       1       jdk.internal.jrtfs.JrtFileSystem::provider (5 bytes)
Event: 0.728 Thread 0x0000019ecf7b2230 nmethod 701 0x0000019ec3958910 code [0x0000019ec3958aa0, 0x0000019ec3958b78]
Event: 0.728 Thread 0x0000019ecf7b2230  702       1       jdk.internal.jimage.ImageReader$Node::isLink (2 bytes)
Event: 0.728 Thread 0x0000019ecf7b2230 nmethod 702 0x0000019ec3958c10 code [0x0000019ec3958da0, 0x0000019ec3958e78]
Event: 0.729 Thread 0x0000019ecf7b2230  704       3       jdk.internal.access.SharedSecrets::getJavaLangAccess (4 bytes)
Event: 0.729 Thread 0x0000019ecf7b2230 nmethod 704 0x0000019ebc50ed10 code [0x0000019ebc50eea0, 0x0000019ebc50ef98]
Event: 0.729 Thread 0x0000019ecf7b2230  705       3       com.sun.tools.javac.code.AnnoConstruct::<init> (5 bytes)
Event: 0.729 Thread 0x0000019ecf7b2230 nmethod 705 0x0000019ebc50f010 code [0x0000019ebc50f1c0, 0x0000019ebc50f318]

GC Heap History (9 events):
Event: 0.399 GC heap before
{Heap before GC invocations=0 (full 0):
 garbage-first heap   total 8192K, used 3072K [0x00000000c1800000, 0x0000000100000000)
  region size 1024K, 3 young (3072K), 0 survivors (0K)
 Metaspace       used 2477K, committed 2688K, reserved 1056768K
  class space    used 270K, committed 384K, reserved 1048576K
}
Event: 0.404 GC heap after
{Heap after GC invocations=1 (full 0):
 garbage-first heap   total 8192K, used 1101K [0x00000000c1800000, 0x0000000100000000)
  region size 1024K, 1 young (1024K), 1 survivors (1024K)
 Metaspace       used 2477K, committed 2688K, reserved 1056768K
  class space    used 270K, committed 384K, reserved 1048576K
}
Event: 0.488 GC heap before
{Heap before GC invocations=1 (full 0):
 garbage-first heap   total 8192K, used 2125K [0x00000000c1800000, 0x0000000100000000)
  region size 1024K, 2 young (2048K), 1 survivors (1024K)
 Metaspace       used 3896K, committed 4096K, reserved 1056768K
  class space    used 483K, committed 576K, reserved 1048576K
}
Event: 0.492 GC heap after
{Heap after GC invocations=2 (full 0):
 garbage-first heap   total 8192K, used 1620K [0x00000000c1800000, 0x0000000100000000)
  region size 1024K, 1 young (1024K), 1 survivors (1024K)
 Metaspace       used 3896K, committed 4096K, reserved 1056768K
  class space    used 483K, committed 576K, reserved 1048576K
}
Event: 0.591 GC heap before
{Heap before GC invocations=2 (full 0):
 garbage-first heap   total 8192K, used 2644K [0x00000000c1800000, 0x0000000100000000)
  region size 1024K, 2 young (2048K), 1 survivors (1024K)
 Metaspace       used 5949K, committed 6080K, reserved 1064960K
  class space    used 686K, committed 768K, reserved 1048576K
}
Event: 0.592 GC heap after
{Heap after GC invocations=3 (full 0):
 garbage-first heap   total 8192K, used 1941K [0x00000000c1800000, 0x0000000100000000)
  region size 1024K, 1 young (1024K), 1 survivors (1024K)
 Metaspace       used 5949K, committed 6080K, reserved 1064960K
  class space    used 686K, committed 768K, reserved 1048576K
}
Event: 0.660 GC heap before
{Heap before GC invocations=3 (full 0):
 garbage-first heap   total 8192K, used 2965K [0x00000000c1800000, 0x0000000100000000)
  region size 1024K, 2 young (2048K), 1 survivors (1024K)
 Metaspace       used 6997K, committed 7168K, reserved 1064960K
  class space    used 821K, committed 896K, reserved 1048576K
}
Event: 0.662 GC heap after
{Heap after GC invocations=4 (full 0):
 garbage-first heap   total 8192K, used 2291K [0x00000000c1800000, 0x0000000100000000)
  region size 1024K, 1 young (1024K), 1 survivors (1024K)
 Metaspace       used 6997K, committed 7168K, reserved 1064960K
  class space    used 821K, committed 896K, reserved 1048576K
}
Event: 0.729 GC heap before
{Heap before GC invocations=4 (full 0):
 garbage-first heap   total 8192K, used 3315K [0x00000000c1800000, 0x0000000100000000)
  region size 1024K, 2 young (2048K), 1 survivors (1024K)
 Metaspace       used 7732K, committed 7872K, reserved 1064960K
  class space    used 879K, committed 960K, reserved 1048576K
}

Deoptimization events (20 events):
Event: 0.307 Thread 0x0000019eb46ec020 Uncommon trap: trap_request=0xffffff45 fr.pc=0x0000019ec392cd80 relative=0x0000000000000900
Event: 0.307 Thread 0x0000019eb46ec020 Uncommon trap: reason=unstable_if action=reinterpret pc=0x0000019ec392cd80 method=java.util.HashMap.putVal(ILjava/lang/Object;Ljava/lang/Object;ZZ)Ljava/lang/Object; @ 181 c2
Event: 0.307 Thread 0x0000019eb46ec020 DEOPT PACKING pc=0x0000019ec392cd80 sp=0x000000260f6feb00
Event: 0.307 Thread 0x0000019eb46ec020 DEOPT UNPACKING pc=0x0000019ebbe9d72e sp=0x000000260f6feab0 mode 2
Event: 0.365 Thread 0x0000019eb46ec020 Uncommon trap: trap_request=0xffffff45 fr.pc=0x0000019ec392f304 relative=0x0000000000000064
Event: 0.365 Thread 0x0000019eb46ec020 Uncommon trap: reason=unstable_if action=reinterpret pc=0x0000019ec392f304 method=java.nio.Buffer.hasRemaining()Z @ 8 c2
Event: 0.365 Thread 0x0000019eb46ec020 DEOPT PACKING pc=0x0000019ec392f304 sp=0x000000260f6fe190
Event: 0.365 Thread 0x0000019eb46ec020 DEOPT UNPACKING pc=0x0000019ebbe9d72e sp=0x000000260f6fe128 mode 2
Event: 0.390 Thread 0x0000019eb46ec020 DEOPT PACKING pc=0x0000019ebc41be67 sp=0x000000260f6fc7c0
Event: 0.390 Thread 0x0000019eb46ec020 DEOPT UNPACKING pc=0x0000019ebbe9dece sp=0x000000260f6fbbe0 mode 0
Event: 0.425 Thread 0x0000019eb46ec020 DEOPT PACKING pc=0x0000019ebc41a1d1 sp=0x000000260f6f8e10
Event: 0.425 Thread 0x0000019eb46ec020 DEOPT UNPACKING pc=0x0000019ebbe9dece sp=0x000000260f6f8288 mode 0
Event: 0.651 Thread 0x0000019eb46ec020 Uncommon trap: trap_request=0xffffff45 fr.pc=0x0000019ec394a328 relative=0x0000000000000468
Event: 0.651 Thread 0x0000019eb46ec020 Uncommon trap: reason=unstable_if action=reinterpret pc=0x0000019ec394a328 method=java.lang.StringLatin1.replace([BCC)Ljava/lang/String; @ 19 c2
Event: 0.651 Thread 0x0000019eb46ec020 DEOPT PACKING pc=0x0000019ec394a328 sp=0x000000260f6fea80
Event: 0.651 Thread 0x0000019eb46ec020 DEOPT UNPACKING pc=0x0000019ebbe9d72e sp=0x000000260f6fe9f0 mode 2
Event: 0.706 Thread 0x0000019eb46ec020 Uncommon trap: trap_request=0xffffff45 fr.pc=0x0000019ec3954f74 relative=0x00000000000000d4
Event: 0.706 Thread 0x0000019eb46ec020 Uncommon trap: reason=unstable_if action=reinterpret pc=0x0000019ec3954f74 method=com.sun.tools.javac.parser.UnicodeReader.nextCodeUnit()V @ 15 c2
Event: 0.706 Thread 0x0000019eb46ec020 DEOPT PACKING pc=0x0000019ec3954f74 sp=0x000000260f6fe700
Event: 0.707 Thread 0x0000019eb46ec020 DEOPT UNPACKING pc=0x0000019ebbe9d72e sp=0x000000260f6fe5c8 mode 2

Classes unloaded (0 events):
No events

Classes redefined (0 events):
No events

Internal exceptions (20 events):
Event: 0.283 Thread 0x0000019eb46ec020 Exception <a 'java/lang/NoSuchMethodError'{0x00000000c1effb30}: 'void java.lang.invoke.DirectMethodHandle$Holder.invokeSpecial(java.lang.Object, java.lang.Object, java.lang.Object)'> (0x00000000c1effb30) 
thrown [t:\workspace\open\src\hotspot\share\interpreter\linkResolver.cpp, line 790]
Event: 0.347 Thread 0x0000019eb46ec020 Exception <a 'java/lang/NoSuchMethodError'{0x00000000c1d6a0c0}: 'java.lang.Object java.lang.invoke.DirectMethodHandle$Holder.invokeVirtual(java.lang.Object, java.lang.Object, java.lang.Object)'> (0x00000000c1d6a0c0) 
thrown [t:\workspace\open\src\hotspot\share\interpreter\linkResolver.cpp, line 790]
Event: 0.351 Thread 0x0000019eb46ec020 Exception <a 'java/lang/NoSuchMethodError'{0x00000000c1d75388}: 'int java.lang.invoke.DirectMethodHandle$Holder.invokeInterface(java.lang.Object, java.lang.Object)'> (0x00000000c1d75388) 
thrown [t:\workspace\open\src\hotspot\share\interpreter\linkResolver.cpp, line 790]
Event: 0.380 Thread 0x0000019eb46ec020 Exception <a 'sun/nio/fs/WindowsException'{0x00000000c1dc6088}> (0x00000000c1dc6088) 
thrown [t:\workspace\open\src\hotspot\share\prims\jni.cpp, line 579]
Event: 0.380 Thread 0x0000019eb46ec020 Exception <a 'sun/nio/fs/WindowsException'{0x00000000c1dc6720}> (0x00000000c1dc6720) 
thrown [t:\workspace\open\src\hotspot\share\prims\jni.cpp, line 579]
Event: 0.381 Thread 0x0000019eb46ec020 Exception <a 'sun/nio/fs/WindowsException'{0x00000000c1dc7460}> (0x00000000c1dc7460) 
thrown [t:\workspace\open\src\hotspot\share\prims\jni.cpp, line 579]
Event: 0.381 Thread 0x0000019eb46ec020 Exception <a 'sun/nio/fs/WindowsException'{0x00000000c1dc76e8}> (0x00000000c1dc76e8) 
thrown [t:\workspace\open\src\hotspot\share\prims\jni.cpp, line 579]
Event: 0.383 Thread 0x0000019eb46ec020 Exception <a 'java/lang/NoSuchMethodError'{0x00000000c1dccb10}: 'int java.lang.invoke.DirectMethodHandle$Holder.invokeVirtual(java.lang.Object, java.lang.Object, java.lang.Object)'> (0x00000000c1dccb10) 
thrown [t:\workspace\open\src\hotspot\share\interpreter\linkResolver.cpp, line 790]
Event: 0.384 Thread 0x0000019eb46ec020 Exception <a 'java/lang/NoSuchMethodError'{0x00000000c1dd33e0}: 'void java.lang.invoke.DirectMethodHandle$Holder.invokeInterface(java.lang.Object, java.lang.Object, java.lang.Object)'> (0x00000000c1dd33e0) 
thrown [t:\workspace\open\src\hotspot\share\interpreter\linkResolver.cpp, line 790]
Event: 0.511 Thread 0x0000019eb46ec020 Exception <a 'java/lang/NoSuchMethodError'{0x00000000c1f22650}: 'int java.lang.invoke.DirectMethodHandle$Holder.invokeStaticInit(java.lang.Object, java.lang.Object)'> (0x00000000c1f22650) 
thrown [t:\workspace\open\src\hotspot\share\interpreter\linkResolver.cpp, line 790]
Event: 0.587 Thread 0x0000019eb46ec020 Exception <a 'java/lang/NoSuchMethodError'{0x00000000c1fec8a8}: 'int java.lang.invoke.DirectMethodHandle$Holder.invokeVirtual(java.lang.Object, java.lang.Object)'> (0x00000000c1fec8a8) 
thrown [t:\workspace\open\src\hotspot\share\interpreter\linkResolver.cpp, line 790]
Event: 0.596 Thread 0x0000019eb46ec020 Exception <a 'java/lang/NoSuchMethodError'{0x00000000c1f159d8}: 'java.lang.Object java.lang.invoke.DirectMethodHandle$Holder.newInvokeSpecial(java.lang.Object, java.lang.Object, java.lang.Object, java.lang.Object, java.lang.Object)'> (0x00000000c1f159d8) 
thrown [t:\workspace\open\src\hotspot\share\interpreter\linkResolver.cpp, line 790]
Event: 0.599 Thread 0x0000019eb46ec020 Exception <a 'java/lang/NoSuchMethodError'{0x00000000c1f25b90}: 'java.lang.Object java.lang.invoke.DirectMethodHandle$Holder.newInvokeSpecial(java.lang.Object, java.lang.Object, java.lang.Object, java.lang.Object, java.lang.Object, java.lang.Object)'> (0x00000000c1f25b90) 
thrown [t:\workspace\open\src\hotspot\share\interpreter\linkResolver.cpp, line 790]
Event: 0.621 Thread 0x0000019eb46ec020 Exception <a 'sun/nio/fs/WindowsException'{0x00000000c1f7c4a8}> (0x00000000c1f7c4a8) 
thrown [t:\workspace\open\src\hotspot\share\prims\jni.cpp, line 579]
Event: 0.622 Thread 0x0000019eb46ec020 Exception <a 'sun/nio/fs/WindowsException'{0x00000000c1f7c6d8}> (0x00000000c1f7c6d8) 
thrown [t:\workspace\open\src\hotspot\share\prims\jni.cpp, line 579]
Event: 0.624 Thread 0x0000019eb46ec020 Exception <a 'java/lang/NoSuchMethodError'{0x00000000c1f7e480}: 'java.lang.Object java.lang.invoke.DirectMethodHandle$Holder.invokeStaticInit(java.lang.Object)'> (0x00000000c1f7e480) 
thrown [t:\workspace\open\src\hotspot\share\interpreter\linkResolver.cpp, line 790]
Event: 0.711 Thread 0x0000019eb46ec020 Exception <a 'sun/nio/fs/WindowsException'{0x00000000c1f77290}> (0x00000000c1f77290) 
thrown [t:\workspace\open\src\hotspot\share\prims\jni.cpp, line 579]
Event: 0.711 Thread 0x0000019eb46ec020 Exception <a 'sun/nio/fs/WindowsException'{0x00000000c1f77500}> (0x00000000c1f77500) 
thrown [t:\workspace\open\src\hotspot\share\prims\jni.cpp, line 579]
Event: 0.712 Thread 0x0000019eb46ec020 Exception <a 'sun/nio/fs/WindowsException'{0x00000000c1f78090}> (0x00000000c1f78090) 
thrown [t:\workspace\open\src\hotspot\share\prims\jni.cpp, line 579]
Event: 0.712 Thread 0x0000019eb46ec020 Exception <a 'sun/nio/fs/WindowsException'{0x00000000c1f78348}> (0x00000000c1f78348) 
thrown [t:\workspace\open\src\hotspot\share\prims\jni.cpp, line 579]

Events (20 events):
Event: 0.717 loading class java/util/stream/AbstractSpinedBuffer
Event: 0.717 loading class java/util/stream/AbstractSpinedBuffer done
Event: 0.718 loading class java/util/stream/SpinedBuffer done
Event: 0.718 loading class java/util/stream/StreamSpliterators
Event: 0.718 loading class java/util/stream/StreamSpliterators done
Event: 0.718 loading class java/util/function/BooleanSupplier
Event: 0.718 loading class java/util/function/BooleanSupplier done
Event: 0.719 loading class jdk/internal/jimage/ImageReader$Resource
Event: 0.719 loading class jdk/internal/jimage/ImageReader$Resource done
Event: 0.719 loading class jdk/internal/jrtfs/JrtFileAttributes
Event: 0.720 loading class jdk/internal/jrtfs/JrtFileAttributes done
Event: 0.720 loading class java/util/Collections$SingletonList
Event: 0.720 loading class java/util/Collections$SingletonList done
Event: 0.728 loading class java/util/LinkedHashMap$LinkedValues
Event: 0.728 loading class java/util/LinkedHashMap$LinkedValues done
Event: 0.728 loading class java/util/LinkedHashMap$LinkedValueIterator
Event: 0.728 loading class java/util/LinkedHashMap$LinkedValueIterator done
Event: 0.728 loading class java/util/regex/Pattern$Bound
Event: 0.728 loading class java/util/regex/Pattern$Bound done
Event: 0.729 Executing  VM operation: G1CollectForAllocation


Dynamic libraries:
0x00007ff7553f0000 - 0x00007ff7553f8000 	C:\Program Files\Java\jdk-16\bin\javac.exe
0x00007ffcc4100000 - 0x00007ffcc42f0000 	C:\WINDOWS\SYSTEM32\ntdll.dll
0x00007ffcc2ca0000 - 0x00007ffcc2d52000 	C:\WINDOWS\System32\KERNEL32.DLL
0x00007ffcc1d50000 - 0x00007ffcc1ff3000 	C:\WINDOWS\System32\KERNELBASE.dll
0x00007ffcc1280000 - 0x00007ffcc137a000 	C:\WINDOWS\System32\ucrtbase.dll
0x00007ffcada00000 - 0x00007ffcada19000 	C:\Program Files\Java\jdk-16\bin\VCRUNTIME140.dll
0x00007ffcbbc70000 - 0x00007ffcbbc88000 	C:\Program Files\Java\jdk-16\bin\jli.dll
0x00007ffcc2be0000 - 0x00007ffcc2c83000 	C:\WINDOWS\System32\ADVAPI32.dll
0x00007ffcc2d60000 - 0x00007ffcc2dfe000 	C:\WINDOWS\System32\msvcrt.dll
0x00007ffcc4020000 - 0x00007ffcc40b7000 	C:\WINDOWS\System32\sechost.dll
0x00007ffcc3370000 - 0x00007ffcc3490000 	C:\WINDOWS\System32\RPCRT4.dll
0x00007ffcc2a10000 - 0x00007ffcc2ba4000 	C:\WINDOWS\System32\USER32.dll
0x00007ffcc1250000 - 0x00007ffcc1271000 	C:\WINDOWS\System32\win32u.dll
0x00007ffcc3b70000 - 0x00007ffcc3b96000 	C:\WINDOWS\System32\GDI32.dll
0x00007ffcc1090000 - 0x00007ffcc1224000 	C:\WINDOWS\System32\gdi32full.dll
0x00007ffcc1b00000 - 0x00007ffcc1b9e000 	C:\WINDOWS\System32\msvcp_win.dll
0x00007ffc9cf60000 - 0x00007ffc9d1e5000 	C:\WINDOWS\WinSxS\amd64_microsoft.windows.common-controls_6595b64144ccf1df_6.0.18362.535_none_e6c3b34713100821\COMCTL32.dll
0x00007ffcc2e00000 - 0x00007ffcc3136000 	C:\WINDOWS\System32\combase.dll
0x00007ffcc1c50000 - 0x00007ffcc1cd0000 	C:\WINDOWS\System32\bcryptPrimitives.dll
0x00007ffcbfaf0000 - 0x00007ffcbfafa000 	C:\WINDOWS\SYSTEM32\VERSION.dll
0x00007ffcc2bb0000 - 0x00007ffcc2bde000 	C:\WINDOWS\System32\IMM32.DLL
0x00007ffcadd50000 - 0x00007ffcadd5c000 	C:\Program Files\Java\jdk-16\bin\vcruntime140_1.dll
0x00007ffc7a470000 - 0x00007ffc7a501000 	C:\Program Files\Java\jdk-16\bin\msvcp140.dll
0x00007ffc55f10000 - 0x00007ffc56abb000 	C:\Program Files\Java\jdk-16\bin\server\jvm.dll
0x00007ffcc3ba0000 - 0x00007ffcc3ba8000 	C:\WINDOWS\System32\PSAPI.DLL
0x00007ffcaecf0000 - 0x00007ffcaecf9000 	C:\WINDOWS\SYSTEM32\WSOCK32.dll
0x00007ffcc35f0000 - 0x00007ffcc365f000 	C:\WINDOWS\System32\WS2_32.dll
0x00007ffcbe780000 - 0x00007ffcbe7a4000 	C:\WINDOWS\SYSTEM32\WINMM.dll
0x00007ffcbe750000 - 0x00007ffcbe77d000 	C:\WINDOWS\SYSTEM32\WINMMBASE.dll
0x00007ffcc1d00000 - 0x00007ffcc1d4a000 	C:\WINDOWS\System32\cfgmgr32.dll
0x00007ffcc1020000 - 0x00007ffcc1031000 	C:\WINDOWS\System32\kernel.appcore.dll
0x00007ffcadcd0000 - 0x00007ffcadcda000 	C:\Program Files\Java\jdk-16\bin\jimage.dll
0x00007ffcb1eb0000 - 0x00007ffcb20a4000 	C:\WINDOWS\SYSTEM32\DBGHELP.DLL
0x00007ffca8540000 - 0x00007ffca856a000 	C:\WINDOWS\SYSTEM32\dbgcore.DLL
0x00007ffcad9d0000 - 0x00007ffcad9f5000 	C:\Program Files\Java\jdk-16\bin\java.dll
0x00007ffcc2280000 - 0x00007ffcc2965000 	C:\WINDOWS\System32\SHELL32.dll
0x00007ffcc3490000 - 0x00007ffcc3539000 	C:\WINDOWS\System32\shcore.dll
0x00007ffcc1380000 - 0x00007ffcc1aff000 	C:\WINDOWS\System32\windows.storage.dll
0x00007ffcc0fe0000 - 0x00007ffcc0fff000 	C:\WINDOWS\System32\profapi.dll
0x00007ffcc1040000 - 0x00007ffcc108a000 	C:\WINDOWS\System32\powrprof.dll
0x00007ffcc0fd0000 - 0x00007ffcc0fe0000 	C:\WINDOWS\System32\UMPDC.dll
0x00007ffcc39b0000 - 0x00007ffcc3a02000 	C:\WINDOWS\System32\shlwapi.dll
0x00007ffcc1230000 - 0x00007ffcc1247000 	C:\WINDOWS\System32\cryptsp.dll
0x00007ffcac890000 - 0x00007ffcac8a9000 	C:\Program Files\Java\jdk-16\bin\net.dll
0x00007ffcb53d0000 - 0x00007ffcb54c0000 	C:\WINDOWS\SYSTEM32\WINHTTP.dll
0x00007ffcc0840000 - 0x00007ffcc08a7000 	C:\WINDOWS\system32\mswsock.dll
0x00007ffcaaed0000 - 0x00007ffcaaee3000 	C:\Program Files\Java\jdk-16\bin\nio.dll
0x00007ffc9b120000 - 0x00007ffc9b138000 	C:\Program Files\Java\jdk-16\bin\zip.dll

dbghelp: loaded successfully - version: 4.0.5 - missing functions: none
symbol engine: initialized successfully - sym options: 0x614 - pdb path: .;C:\Program Files\Java\jdk-16\bin;C:\WINDOWS\SYSTEM32;C:\WINDOWS\WinSxS\amd64_microsoft.windows.common-controls_6595b64144ccf1df_6.0.18362.535_none_e6c3b34713100821;C:\Program Files\Java\jdk-16\bin\server

VM Arguments:
jvm_args: -Dapplication.home=C:\Program Files\Java\jdk-16 --add-modules=ALL-DEFAULT -Xms8m -Djdk.module.main=jdk.compiler 
java_command: jdk.compiler/com.sun.tools.javac.Main -d C:\Users\admin\Desktop\checkbill\build\classes -classpath C:\Users\admin\Desktop\checkbill\build\classes;C:\Users\admin\Documents\NetBeansProjects\mysql-connector-java-8.0.25;C:\Users\admin\Documents\NetBeansProjects\mysql-connector-java-8.0.25\mysql-connector-java-8.0.25.jar -sourcepath C:\Users\admin\Desktop\checkbill\src -target 16 -encoding UTF-8 -g -processorpath C:\Users\admin\Documents\NetBeansProjects\mysql-connector-java-8.0.25;C:\Users\admin\Documents\NetBeansProjects\mysql-connector-java-8.0.25\mysql-connector-java-8.0.25.jar;C:\Users\admin\Desktop\checkbill\build\empty -s C:\Users\admin\Desktop\checkbill\build\generated-sources\ap-source-output -source 16 C:\Users\admin\Desktop\checkbill\src\checkbill\addcasher.java
java_class_path (initial): <not set>
Launcher Type: SUN_STANDARD

[Global flags]
     intx CICompilerCount                          = 3                                         {product} {ergonomic}
     uint ConcGCThreads                            = 1                                         {product} {ergonomic}
     uint G1ConcRefinementThreads                  = 4                                         {product} {ergonomic}
   size_t G1HeapRegionSize                         = 1048576                                   {product} {ergonomic}
    uintx GCDrainStackTargetSize                   = 64                                        {product} {ergonomic}
   size_t InitialHeapSize                          = 8388608                                   {product} {command line}
   size_t MarkStackSize                            = 4194304                                   {product} {ergonomic}
   size_t MaxHeapSize                              = 1048576000                                {product} {ergonomic}
   size_t MaxNewSize                               = 629145600                                 {product} {ergonomic}
   size_t MinHeapDeltaBytes                        = 1048576                                   {product} {ergonomic}
   size_t MinHeapSize                              = 8388608                                   {product} {command line}
    uintx NonNMethodCodeHeapSize                   = 5832780                                {pd product} {ergonomic}
    uintx NonProfiledCodeHeapSize                  = 122912730                              {pd product} {ergonomic}
    uintx ProfiledCodeHeapSize                     = 122912730                              {pd product} {ergonomic}
    uintx ReservedCodeCacheSize                    = 251658240                              {pd product} {ergonomic}
     bool SegmentedCodeCache                       = true                                      {product} {ergonomic}
   size_t SoftMaxHeapSize                          = 1048576000                             {manageable} {ergonomic}
     bool UseCompressedClassPointers               = true                           {product lp64_product} {ergonomic}
     bool UseCompressedOops                        = true                           {product lp64_product} {ergonomic}
     bool UseG1GC                                  = true                                      {product} {ergonomic}
     bool UseLargePagesIndividualAllocation        = false                                  {pd product} {ergonomic}

Logging:
Log output configuration:
 #0: stdout all=warning uptime,level,tags
 #1: stderr all=off uptime,level,tags

Environment Variables:
PATH=C:\Program Files\Common Files\Oracle\Java\javapath;C:\WINDOWS\system32;C:\WINDOWS;C:\WINDOWS\System32\Wbem;C:\WINDOWS\System32\WindowsPowerShell\v1.0\;C:\WINDOWS\System32\OpenSSH\;C:\Program Files\Microsoft SQL Server\120\Tools\Binn\;C:\Program Files (x86)\Java\jdk1.7.0_76\bin;C:\Users\admin\AppData\Local\Programs\Python\Python38-32;C:\Users\admin\AppData\Local\Programs\Python\Python38-32\Scripts;C:\Program Files (x86)\Intel\Intel(R) Management Engine Components\DAL;C:\Program Files\Intel\Intel(R) Management Engine Components\DAL;C:\WINDOWS\system32\config\systemprofile\.dnx\bin;C:\Program Files\Microsoft DNX\Dnvm\;C:\Program Files\Java\jdk-16\bin;C:\Program Files\MySQL\MySQL Server 5.5\bin;C:\Program Files\Git\cmd;C:\Program Files (x86)\Java\jre7\bin;C:\Program Files\JetBrains\PyCharm Community Edition 2020.1.2\bin;;C:\xampp new\php;C:\Users\admin\AppData\Local\Programs\Microsoft VS Code\bin;C:\src\flutter\bin;
USERNAME=admin
OS=Windows_NT
PROCESSOR_IDENTIFIER=Intel64 Family 6 Model 142 Stepping 9, GenuineIntel



---------------  S Y S T E M  ---------------

OS:
 Windows 10 , 64 bit Build 18362 (10.0.18362.329)
OS uptime: 1 days 8:47 hours

CPU: total 4 (initial active 4) (2 cores per cpu, 2 threads per core) family 6 model 142 stepping 9 microcode 0xca, cx8, cmov, fxsr, ht, mmx, 3dnowpref, sse, sse2, sse3, ssse3, sse4.1, sse4.2, popcnt, lzcnt, tsc, tscinvbit, avx, avx2, aes, erms, clmul, bmi1, bmi2, adx, fma, vzeroupper, clflush, clflushopt

Memory: 4k page, system-wide physical 3993M (390M free)
TotalPageFile size 16281M (AvailPageFile size 5M)
current process WorkingSet (physical memory assigned to process): 57M, peak: 57M
current process commit charge ("private bytes"): 90M, peak: 92M

vm_info: Java HotSpot(TM) 64-Bit Server VM (16+36-2231) for windows-amd64 JRE (16+36-2231), built on Feb  8 2021 11:43:10 by "mach5one" with MS VC++ 16.7 (VS2019)

END.
