#
# There is insufficient memory for the Java Runtime Environment to continue.
# Native memory allocation (malloc) failed to allocate 86784 bytes for Chunk::new
# Possible reasons:
#   The system is out of physical RAM or swap space
#   The process is running with CompressedOops enabled, and the Java Heap may be blocking the growth of the native heap
# Possible solutions:
#   Reduce memory load on the system
#   Increase physical memory or swap space
#   Check if swap backing store is full
#   Decrease Java heap size (-Xmx/-Xms)
#   Decrease number of Java threads
#   Decrease Java thread stack sizes (-Xss)
#   Set larger code cache with -XX:ReservedCodeCacheSize=
#   JVM is running with Unscaled Compressed Oops mode in which the Java heap is
#     placed in the first 4GB address space. The Java Heap base address is the
#     maximum limit for the native heap growth. Please use -XX:HeapBaseMinAddress
#     to set the Java Heap base and to place the Java Heap above 4GB virtual address.
# This output file may be truncated or incomplete.
#
#  Out of Memory Error (arena.cpp:195), pid=14232, tid=20848
#
# JRE version: Java(TM) SE Runtime Environment (16.0+36) (build 16+36-2231)
# Java VM: Java HotSpot(TM) 64-Bit Server VM (16+36-2231, mixed mode, sharing, tiered, compressed oops, g1 gc, windows-amd64)
# No core dump will be written. Minidumps are not enabled by default on client versions of Windows
#

---------------  S U M M A R Y ------------

Command Line: -Dapplication.home=C:\Program Files\Java\jdk-16 --add-modules=ALL-DEFAULT -Xms8m -Djdk.module.main=jdk.compiler jdk.compiler/com.sun.tools.javac.Main -d C:\Users\admin\Desktop\checkbill\build\classes -classpath C:\Users\admin\Desktop\checkbill\build\classes;C:\Users\admin\Documents\NetBeansProjects\mysql-connector-java-8.0.25;C:\Users\admin\Documents\NetBeansProjects\mysql-connector-java-8.0.25\mysql-connector-java-8.0.25.jar -sourcepath C:\Users\admin\Desktop\checkbill\src -target 16 -encoding UTF-8 -g -processorpath C:\Users\admin\Documents\NetBeansProjects\mysql-connector-java-8.0.25;C:\Users\admin\Documents\NetBeansProjects\mysql-connector-java-8.0.25\mysql-connector-java-8.0.25.jar;C:\Users\admin\Desktop\checkbill\build\empty -s C:\Users\admin\Desktop\checkbill\build\generated-sources\ap-source-output -source 16 C:\Users\admin\Desktop\checkbill\src\checkbill\addcasher.java

Host: Intel(R) Core(TM) i3-7020U CPU @ 2.30GHz, 4 cores, 3G,  Windows 10 , 64 bit Build 18362 (10.0.18362.329)
Time: Thu Jul 22 21:03:40 2021 India Standard Time elapsed time: 0.935978 seconds (0d 0h 0m 0s)

---------------  T H R E A D  ---------------

Current thread (0x0000012996783aa0):  JavaThread "C2 CompilerThread0" daemon [_thread_in_native, id=20848, stack(0x0000000854000000,0x0000000854100000)]


Current CompileTask:
C2:    936  610       4       java.nio.ByteBuffer::<init> (47 bytes)

Stack: [0x0000000854000000,0x0000000854100000]
Native frames: (J=compiled Java code, j=interpreted, Vv=VM code, C=native code)
V  [jvm.dll+0x6681da]
V  [jvm.dll+0x7c9d99]
V  [jvm.dll+0x7cb4d3]
V  [jvm.dll+0x7cbb33]
V  [jvm.dll+0x242ee5]
V  [jvm.dll+0xadeca]
V  [jvm.dll+0xae5ac]
V  [jvm.dll+0x35a947]
V  [jvm.dll+0x324df1]
V  [jvm.dll+0x32429a]
V  [jvm.dll+0x215f2c]
V  [jvm.dll+0x215340]
V  [jvm.dll+0x1a1d8b]
V  [jvm.dll+0x225398]
V  [jvm.dll+0x2233dc]
V  [jvm.dll+0x77f9e2]
V  [jvm.dll+0x77952a]
V  [jvm.dll+0x667076]
C  [ucrtbase.dll+0x20e72]
C  [KERNEL32.DLL+0x17bd4]
C  [ntdll.dll+0x6ced1]


---------------  P R O C E S S  ---------------

Threads class SMR info:
_java_thread_list=0x0000012997451dd0, length=12, elements={
0x00000129fb5ebb40, 0x00000129fb6ba5f0, 0x00000129fb6bbfe0, 0x0000012996779c00,
0x000001299677e140, 0x0000012996782670, 0x0000012996782b90, 0x0000012996783aa0,
0x000001299679a490, 0x000001299679b620, 0x000001299688d1e0, 0x000001299746ec80
}

Java Threads: ( => current thread )
  0x00000129fb5ebb40 JavaThread "main" [_thread_in_vm, id=14452, stack(0x0000000853300000,0x0000000853400000)]
  0x00000129fb6ba5f0 JavaThread "Reference Handler" daemon [_thread_blocked, id=13984, stack(0x0000000853a00000,0x0000000853b00000)]
  0x00000129fb6bbfe0 JavaThread "Finalizer" daemon [_thread_blocked, id=5184, stack(0x0000000853b00000,0x0000000853c00000)]
  0x0000012996779c00 JavaThread "Signal Dispatcher" daemon [_thread_blocked, id=16776, stack(0x0000000853c00000,0x0000000853d00000)]
  0x000001299677e140 JavaThread "Attach Listener" daemon [_thread_blocked, id=21012, stack(0x0000000853d00000,0x0000000853e00000)]
  0x0000012996782670 JavaThread "Service Thread" daemon [_thread_blocked, id=18444, stack(0x0000000853e00000,0x0000000853f00000)]
  0x0000012996782b90 JavaThread "Monitor Deflation Thread" daemon [_thread_blocked, id=2456, stack(0x0000000853f00000,0x0000000854000000)]
=>0x0000012996783aa0 JavaThread "C2 CompilerThread0" daemon [_thread_in_native, id=20848, stack(0x0000000854000000,0x0000000854100000)]
  0x000001299679a490 JavaThread "C1 CompilerThread0" daemon [_thread_blocked, id=2792, stack(0x0000000854100000,0x0000000854200000)]
  0x000001299679b620 JavaThread "Sweeper thread" daemon [_thread_blocked, id=21208, stack(0x0000000854200000,0x0000000854300000)]
  0x000001299688d1e0 JavaThread "Common-Cleaner" daemon [_thread_blocked, id=20808, stack(0x0000000854300000,0x0000000854400000)]
  0x000001299746ec80 JavaThread "Notification Thread" daemon [_thread_blocked, id=15016, stack(0x0000000854400000,0x0000000854500000)]

Other Threads:
  0x00000129fb6b5580 VMThread "VM Thread" [stack: 0x0000000853900000,0x0000000853a00000] [id=17112]
  0x000001299746fbc0 WatcherThread [stack: 0x0000000854500000,0x0000000854600000] [id=14940]
  0x00000129fb61a1b0 GCTaskThread "GC Thread#0" [stack: 0x0000000853400000,0x0000000853500000] [id=7120]
  0x0000012997711fe0 GCTaskThread "GC Thread#1" [stack: 0x0000000854600000,0x0000000854700000] [id=11084]
  0x000001299774ba50 GCTaskThread "GC Thread#2" [stack: 0x0000000854700000,0x0000000854800000] [id=10040]
  0x0000012997712790 GCTaskThread "GC Thread#3" [stack: 0x0000000854800000,0x0000000854900000] [id=18808]
  0x00000129fb623f10 ConcurrentGCThread "G1 Main Marker" [stack: 0x0000000853500000,0x0000000853600000] [id=19744]
  0x00000129fb6264c0 ConcurrentGCThread "G1 Conc#0" [stack: 0x0000000853600000,0x0000000853700000] [id=9360]
  0x00000129fb642d70 ConcurrentGCThread "G1 Refine#0" [stack: 0x0000000853700000,0x0000000853800000] [id=17492]
  0x00000129fb643390 ConcurrentGCThread "G1 Service" [stack: 0x0000000853800000,0x0000000853900000] [id=2228]

Threads with active compile tasks:
C2 CompilerThread0     1401  610       4       java.nio.ByteBuffer::<init> (47 bytes)

VM state: not at safepoint (normal execution)

VM Mutex/Monitor currently owned by a thread:  ([mutex/lock_event])
[0x00000129fb5e6fd0] MetaspaceExpand_lock - owner thread: 0x00000129fb5ebb40

Heap address: 0x00000000c1800000, size: 1000 MB, Compressed Oops mode: 32-bit
CDS archive(s) mapped at: [0x0000000800000000-0x0000000800bb0000-0x0000000800bb0000), size 12255232, SharedBaseAddress: 0x0000000800000000, ArchiveRelocationMode: 0.
Compressed class space mapped at: 0x0000000800c00000-0x0000000840c00000, reserved size: 1073741824
Narrow klass base: 0x0000000800000000, Narrow klass shift: 3, Narrow klass range: 0x100000000

GC Precious Log:
 CPUs: 4 total, 4 available
 Memory: 3993M
 Large Page Support: Disabled
 NUMA Support: Disabled
 Compressed Oops: Enabled (32-bit)
 Heap Region Size: 1M
 Heap Min Capacity: 8M
 Heap Initial Capacity: 8M
 Heap Max Capacity: 1000M
 Pre-touch: Disabled
 Parallel Workers: 4
 Concurrent Workers: 1
 Concurrent Refinement Workers: 4
 Periodic GC: Disabled

Heap:
 garbage-first heap   total 8192K, used 2278K [0x00000000c1800000, 0x0000000100000000)
  region size 1024K, 2 young (2048K), 1 survivors (1024K)
 Metaspace       used 7010K, committed 7168K, reserved 1064960K
  class space    used 824K, committed 896K, reserved 1048576K

Heap Regions: E=young(eden), S=young(survivor), O=old, HS=humongous(starts), HC=humongous(continues), CS=collection set, F=free, OA=open archive, CA=closed archive, TAMS=top-at-mark-start (previous, next)
|   0|0x00000000c1800000, 0x00000000c1900000, 0x00000000c1900000|100%| O|  |TAMS 0x00000000c1800000, 0x00000000c1800000| Untracked 
|   1|0x00000000c1900000, 0x00000000c1982400, 0x00000000c1a00000| 50%| O|  |TAMS 0x00000000c1900000, 0x00000000c1900000| Untracked 
|   2|0x00000000c1a00000, 0x00000000c1a00000, 0x00000000c1b00000|  0%| F|  |TAMS 0x00000000c1a00000, 0x00000000c1a00000| Untracked 
|   3|0x00000000c1b00000, 0x00000000c1b00000, 0x00000000c1c00000|  0%| F|  |TAMS 0x00000000c1b00000, 0x00000000c1b00000| Untracked 
|   4|0x00000000c1c00000, 0x00000000c1c00000, 0x00000000c1d00000|  0%| F|  |TAMS 0x00000000c1c00000, 0x00000000c1c00000| Untracked 
|   5|0x00000000c1d00000, 0x00000000c1d00000, 0x00000000c1e00000|  0%| F|  |TAMS 0x00000000c1d00000, 0x00000000c1d00000| Untracked 
|   6|0x00000000c1e00000, 0x00000000c1eb7430, 0x00000000c1f00000| 71%| S|CS|TAMS 0x00000000c1e00000, 0x00000000c1e00000| Complete 
|   7|0x00000000c1f00000, 0x00000000c1f057d8, 0x00000000c2000000|  2%| E|  |TAMS 0x00000000c1f00000, 0x00000000c1f00000| Complete 

Card table byte_map: [0x00000129fb8c0000,0x00000129fbac0000] _byte_map_base: 0x00000129fb2b4000

Marking Bits (Prev, Next): (CMBitMap*) 0x00000129fb61b7c0, (CMBitMap*) 0x00000129fb61b800
 Prev Bits: [0x00000129fbcc0000, 0x00000129fcc60000)
 Next Bits: [0x00000129fcc60000, 0x00000129fdc00000)

Polling page: 0x00000129f94e0000

Metaspace:

Usage:
  Non-class:      6.04 MB used.
      Class:    824.23 KB used.
       Both:      6.85 MB used.

Virtual space:
  Non-class space:       16.00 MB reserved,       6.13 MB ( 38%) committed,  2 nodes.
      Class space:        1.00 GB reserved,     896.00 KB ( <1%) committed,  1 nodes.
              Both:        1.02 GB reserved,       7.00 MB ( <1%) committed. 

Chunk freelists:
   Non-Class:  3.17 MB
       Class:  3.02 MB
        Both:  6.19 MB

MaxMetaspaceSize: 17179869184.00 GB
CompressedClassSpaceSize: 1.00 GB
 - commit_granule_bytes: 65536.
 - commit_granule_words: 8192.
 - virtual_space_node_default_size: 1048576.
 - enlarge_chunks_in_place: 1.
 - new_chunks_are_fully_committed: 0.
 - uncommit_free_chunks: 1.
 - use_allocation_guard: 0.
 - handle_deallocations: 1.


Internal statistics:

num_allocs_failed_limit: 0.
num_arena_births: 52.
num_arena_deaths: 0.
num_vsnodes_births: 3.
num_vsnodes_deaths: 0.
num_space_committed: 112.
num_space_uncommitted: 0.
num_chunks_returned_to_freelist: 0.
num_chunks_taken_from_freelist: 295.
num_chunk_merges: 0.
num_chunk_splits: 207.
num_chunks_enlarged: 159.
num_purges: 0.

CodeHeap 'non-profiled nmethods': size=120000Kb used=193Kb max_used=193Kb free=119806Kb
 bounds [0x000001298f160000, 0x000001298f3d0000, 0x0000012996690000]
CodeHeap 'profiled nmethods': size=120000Kb used=923Kb max_used=923Kb free=119076Kb
 bounds [0x0000012987c30000, 0x0000012987ea0000, 0x000001298f160000]
CodeHeap 'non-nmethods': size=5760Kb used=1138Kb max_used=1153Kb free=4621Kb
 bounds [0x0000012987690000, 0x0000012987900000, 0x0000012987c30000]
 total_blobs=1031 nmethods=613 adapters=331
 compilation: enabled
              stopped_count=0, restarted_count=0
 full_count=0

Compilation events (20 events):
Event: 0.852 Thread 0x000001299679a490  605       3       jdk.internal.org.objectweb.asm.AnnotationWriter::computeAnnotationsSize (66 bytes)
Event: 0.852 Thread 0x000001299679a490 nmethod 605 0x0000012987d12410 code [0x0000012987d12600, 0x0000012987d12938]
Event: 0.852 Thread 0x000001299679a490  606       3       jdk.internal.org.objectweb.asm.Attribute::putAttributes (78 bytes)
Event: 0.853 Thread 0x000001299679a490 nmethod 606 0x0000012987d12b10 code [0x0000012987d12d60, 0x0000012987d13298]
Event: 0.853 Thread 0x000001299679a490  608       3       java.lang.StringLatin1::replace (198 bytes)
Event: 0.853 Thread 0x0000012996783aa0 nmethod 603 0x000001298f18f590 code [0x000001298f18f720, 0x000001298f18faf8]
Event: 0.853 Thread 0x0000012996783aa0  607       4       java.nio.Buffer::<init> (105 bytes)
Event: 0.854 Thread 0x000001299679a490 nmethod 608 0x0000012987d13590 code [0x0000012987d13820, 0x0000012987d145a8]
Event: 0.854 Thread 0x000001299679a490  609       3       java.net.URI::match (56 bytes)
Event: 0.855 Thread 0x000001299679a490 nmethod 609 0x0000012987d14a90 code [0x0000012987d14c40, 0x0000012987d14f58]
Event: 0.856 Thread 0x000001299679a490  611       3       java.io.WinNTFileSystem::isSlash (18 bytes)
Event: 0.857 Thread 0x000001299679a490 nmethod 611 0x0000012987d15010 code [0x0000012987d151a0, 0x0000012987d15338]
Event: 0.858 Thread 0x0000012996783aa0 nmethod 607 0x000001298f18fd90 code [0x000001298f18ff40, 0x000001298f190298]
Event: 0.858 Thread 0x0000012996783aa0  610       4       java.nio.ByteBuffer::<init> (47 bytes)
Event: 0.858 Thread 0x000001299679a490  613       3       java.util.Objects::requireNonNull (15 bytes)
Event: 0.858 Thread 0x000001299679a490 nmethod 613 0x0000012987d15410 code [0x0000012987d155c0, 0x0000012987d157a8]
Event: 0.859 Thread 0x000001299679a490  614       3       java.lang.String::checkBoundsOffCount (64 bytes)
Event: 0.860 Thread 0x000001299679a490 nmethod 614 0x0000012987d15890 code [0x0000012987d15b20, 0x0000012987d16418]
Event: 0.861 Thread 0x000001299679a490  615       3       com.sun.tools.javac.main.Option::matches (43 bytes)
Event: 0.861 Thread 0x000001299679a490 nmethod 615 0x0000012987d16790 code [0x0000012987d16940, 0x0000012987d16be8]

GC Heap History (8 events):
Event: 0.506 GC heap before
{Heap before GC invocations=0 (full 0):
 garbage-first heap   total 8192K, used 3072K [0x00000000c1800000, 0x0000000100000000)
  region size 1024K, 3 young (3072K), 0 survivors (0K)
 Metaspace       used 2480K, committed 2688K, reserved 1056768K
  class space    used 270K, committed 384K, reserved 1048576K
}
Event: 0.511 GC heap after
{Heap after GC invocations=1 (full 0):
 garbage-first heap   total 8192K, used 1104K [0x00000000c1800000, 0x0000000100000000)
  region size 1024K, 1 young (1024K), 1 survivors (1024K)
 Metaspace       used 2480K, committed 2688K, reserved 1056768K
  class space    used 270K, committed 384K, reserved 1048576K
}
Event: 0.621 GC heap before
{Heap before GC invocations=1 (full 0):
 garbage-first heap   total 8192K, used 2128K [0x00000000c1800000, 0x0000000100000000)
  region size 1024K, 2 young (2048K), 1 survivors (1024K)
 Metaspace       used 3896K, committed 4096K, reserved 1056768K
  class space    used 483K, committed 576K, reserved 1048576K
}
Event: 0.625 GC heap after
{Heap after GC invocations=2 (full 0):
 garbage-first heap   total 8192K, used 1625K [0x00000000c1800000, 0x0000000100000000)
  region size 1024K, 1 young (1024K), 1 survivors (1024K)
 Metaspace       used 3896K, committed 4096K, reserved 1056768K
  class space    used 483K, committed 576K, reserved 1048576K
}
Event: 0.771 GC heap before
{Heap before GC invocations=2 (full 0):
 garbage-first heap   total 8192K, used 2649K [0x00000000c1800000, 0x0000000100000000)
  region size 1024K, 2 young (2048K), 1 survivors (1024K)
 Metaspace       used 5950K, committed 6080K, reserved 1064960K
  class space    used 686K, committed 768K, reserved 1048576K
}
Event: 0.773 GC heap after
{Heap after GC invocations=3 (full 0):
 garbage-first heap   total 8192K, used 1945K [0x00000000c1800000, 0x0000000100000000)
  region size 1024K, 1 young (1024K), 1 survivors (1024K)
 Metaspace       used 5950K, committed 6080K, reserved 1064960K
  class space    used 686K, committed 768K, reserved 1048576K
}
Event: 0.862 GC heap before
{Heap before GC invocations=3 (full 0):
 garbage-first heap   total 8192K, used 2969K [0x00000000c1800000, 0x0000000100000000)
  region size 1024K, 2 young (2048K), 1 survivors (1024K)
 Metaspace       used 6996K, committed 7168K, reserved 1064960K
  class space    used 821K, committed 896K, reserved 1048576K
}
Event: 0.877 GC heap after
{Heap after GC invocations=4 (full 0):
 garbage-first heap   total 8192K, used 2278K [0x00000000c1800000, 0x0000000100000000)
  region size 1024K, 1 young (1024K), 1 survivors (1024K)
 Metaspace       used 6996K, committed 7168K, reserved 1064960K
  class space    used 821K, committed 896K, reserved 1048576K
}

Deoptimization events (20 events):
Event: 0.345 Thread 0x00000129fb5ebb40 Uncommon trap: trap_request=0xffffffde fr.pc=0x000001298f16c3ec relative=0x000000000000046c
Event: 0.345 Thread 0x00000129fb5ebb40 Uncommon trap: reason=class_check action=maybe_recompile pc=0x000001298f16c3ec method=java.util.HashMap.putVal(ILjava/lang/Object;Ljava/lang/Object;ZZ)Ljava/lang/Object; @ 253 c2
Event: 0.345 Thread 0x00000129fb5ebb40 DEOPT PACKING pc=0x000001298f16c3ec sp=0x00000008533fec50
Event: 0.345 Thread 0x00000129fb5ebb40 DEOPT UNPACKING pc=0x00000129876dd72e sp=0x00000008533fec00 mode 2
Event: 0.345 Thread 0x00000129fb5ebb40 Uncommon trap: trap_request=0xffffff45 fr.pc=0x000001298f16c880 relative=0x0000000000000900
Event: 0.345 Thread 0x00000129fb5ebb40 Uncommon trap: reason=unstable_if action=reinterpret pc=0x000001298f16c880 method=java.util.HashMap.putVal(ILjava/lang/Object;Ljava/lang/Object;ZZ)Ljava/lang/Object; @ 181 c2
Event: 0.345 Thread 0x00000129fb5ebb40 DEOPT PACKING pc=0x000001298f16c880 sp=0x00000008533fec50
Event: 0.345 Thread 0x00000129fb5ebb40 DEOPT UNPACKING pc=0x00000129876dd72e sp=0x00000008533fec00 mode 2
Event: 0.449 Thread 0x00000129fb5ebb40 Uncommon trap: trap_request=0xffffff45 fr.pc=0x000001298f16f404 relative=0x0000000000000064
Event: 0.449 Thread 0x00000129fb5ebb40 Uncommon trap: reason=unstable_if action=reinterpret pc=0x000001298f16f404 method=java.nio.Buffer.hasRemaining()Z @ 8 c2
Event: 0.449 Thread 0x00000129fb5ebb40 DEOPT PACKING pc=0x000001298f16f404 sp=0x00000008533fe2e0
Event: 0.449 Thread 0x00000129fb5ebb40 DEOPT UNPACKING pc=0x00000129876dd72e sp=0x00000008533fe278 mode 2
Event: 0.493 Thread 0x00000129fb5ebb40 DEOPT PACKING pc=0x0000012987c5bf67 sp=0x00000008533fca80
Event: 0.494 Thread 0x00000129fb5ebb40 DEOPT UNPACKING pc=0x00000129876ddece sp=0x00000008533fbea0 mode 0
Event: 0.541 Thread 0x00000129fb5ebb40 DEOPT PACKING pc=0x0000012987c5a2d1 sp=0x00000008533faad0
Event: 0.541 Thread 0x00000129fb5ebb40 DEOPT UNPACKING pc=0x00000129876ddece sp=0x00000008533f9f48 mode 0
Event: 0.853 Thread 0x00000129fb5ebb40 Uncommon trap: trap_request=0xffffff45 fr.pc=0x000001298f18639c relative=0x000000000000045c
Event: 0.853 Thread 0x00000129fb5ebb40 Uncommon trap: reason=unstable_if action=reinterpret pc=0x000001298f18639c method=java.lang.StringLatin1.replace([BCC)Ljava/lang/String; @ 19 c2
Event: 0.853 Thread 0x00000129fb5ebb40 DEOPT PACKING pc=0x000001298f18639c sp=0x00000008533febc0
Event: 0.853 Thread 0x00000129fb5ebb40 DEOPT UNPACKING pc=0x00000129876dd72e sp=0x00000008533feb40 mode 2

Classes unloaded (0 events):
No events

Classes redefined (0 events):
No events

Internal exceptions (17 events):
Event: 0.213 Thread 0x00000129fb5ebb40 Exception <a 'java/lang/NoSuchMethodError'{0x00000000c1e91df8}: 'java.lang.Object java.lang.invoke.DirectMethodHandle$Holder.invokeStatic(java.lang.Object)'> (0x00000000c1e91df8) 
thrown [t:\workspace\open\src\hotspot\share\interpreter\linkResolver.cpp, line 790]
Event: 0.324 Thread 0x00000129fb5ebb40 Exception <a 'java/lang/NoSuchMethodError'{0x00000000c1effaa0}: 'void java.lang.invoke.DirectMethodHandle$Holder.invokeSpecial(java.lang.Object, java.lang.Object, java.lang.Object)'> (0x00000000c1effaa0) 
thrown [t:\workspace\open\src\hotspot\share\interpreter\linkResolver.cpp, line 790]
Event: 0.393 Thread 0x00000129fb5ebb40 Exception <a 'java/lang/NoSuchMethodError'{0x00000000c1d69b50}: 'java.lang.Object java.lang.invoke.DirectMethodHandle$Holder.invokeVirtual(java.lang.Object, java.lang.Object, java.lang.Object)'> (0x00000000c1d69b50) 
thrown [t:\workspace\open\src\hotspot\share\interpreter\linkResolver.cpp, line 790]
Event: 0.397 Thread 0x00000129fb5ebb40 Exception <a 'java/lang/NoSuchMethodError'{0x00000000c1d74e20}: 'int java.lang.invoke.DirectMethodHandle$Holder.invokeInterface(java.lang.Object, java.lang.Object)'> (0x00000000c1d74e20) 
thrown [t:\workspace\open\src\hotspot\share\interpreter\linkResolver.cpp, line 790]
Event: 0.470 Thread 0x00000129fb5ebb40 Exception <a 'sun/nio/fs/WindowsException'{0x00000000c1dc5980}> (0x00000000c1dc5980) 
thrown [t:\workspace\open\src\hotspot\share\prims\jni.cpp, line 579]
Event: 0.471 Thread 0x00000129fb5ebb40 Exception <a 'sun/nio/fs/WindowsException'{0x00000000c1dc6018}> (0x00000000c1dc6018) 
thrown [t:\workspace\open\src\hotspot\share\prims\jni.cpp, line 579]
Event: 0.483 Thread 0x00000129fb5ebb40 Exception <a 'sun/nio/fs/WindowsException'{0x00000000c1dc6af8}> (0x00000000c1dc6af8) 
thrown [t:\workspace\open\src\hotspot\share\prims\jni.cpp, line 579]
Event: 0.483 Thread 0x00000129fb5ebb40 Exception <a 'sun/nio/fs/WindowsException'{0x00000000c1dc6d80}> (0x00000000c1dc6d80) 
thrown [t:\workspace\open\src\hotspot\share\prims\jni.cpp, line 579]
Event: 0.485 Thread 0x00000129fb5ebb40 Exception <a 'java/lang/NoSuchMethodError'{0x00000000c1dcc3f0}: 'int java.lang.invoke.DirectMethodHandle$Holder.invokeVirtual(java.lang.Object, java.lang.Object, java.lang.Object)'> (0x00000000c1dcc3f0) 
thrown [t:\workspace\open\src\hotspot\share\interpreter\linkResolver.cpp, line 790]
Event: 0.486 Thread 0x00000129fb5ebb40 Exception <a 'java/lang/NoSuchMethodError'{0x00000000c1dd2cc0}: 'void java.lang.invoke.DirectMethodHandle$Holder.invokeInterface(java.lang.Object, java.lang.Object, java.lang.Object)'> (0x00000000c1dd2cc0) 
thrown [t:\workspace\open\src\hotspot\share\interpreter\linkResolver.cpp, line 790]
Event: 0.649 Thread 0x00000129fb5ebb40 Exception <a 'java/lang/NoSuchMethodError'{0x00000000c1f21d48}: 'int java.lang.invoke.DirectMethodHandle$Holder.invokeStaticInit(java.lang.Object, java.lang.Object)'> (0x00000000c1f21d48) 
thrown [t:\workspace\open\src\hotspot\share\interpreter\linkResolver.cpp, line 790]
Event: 0.766 Thread 0x00000129fb5ebb40 Exception <a 'java/lang/NoSuchMethodError'{0x00000000c1febdb0}: 'int java.lang.invoke.DirectMethodHandle$Holder.invokeVirtual(java.lang.Object, java.lang.Object)'> (0x00000000c1febdb0) 
thrown [t:\workspace\open\src\hotspot\share\interpreter\linkResolver.cpp, line 790]
Event: 0.782 Thread 0x00000129fb5ebb40 Exception <a 'java/lang/NoSuchMethodError'{0x00000000c1f14c00}: 'java.lang.Object java.lang.invoke.DirectMethodHandle$Holder.newInvokeSpecial(java.lang.Object, java.lang.Object, java.lang.Object, java.lang.Object, java.lang.Object)'> (0x00000000c1f14c00) 
thrown [t:\workspace\open\src\hotspot\share\interpreter\linkResolver.cpp, line 790]
Event: 0.787 Thread 0x00000129fb5ebb40 Exception <a 'java/lang/NoSuchMethodError'{0x00000000c1f24fc0}: 'java.lang.Object java.lang.invoke.DirectMethodHandle$Holder.newInvokeSpecial(java.lang.Object, java.lang.Object, java.lang.Object, java.lang.Object, java.lang.Object, java.lang.Object)'> (0x00000000c1f24fc0) 
thrown [t:\workspace\open\src\hotspot\share\interpreter\linkResolver.cpp, line 790]
Event: 0.820 Thread 0x00000129fb5ebb40 Exception <a 'sun/nio/fs/WindowsException'{0x00000000c1f7b708}> (0x00000000c1f7b708) 
thrown [t:\workspace\open\src\hotspot\share\prims\jni.cpp, line 579]
Event: 0.820 Thread 0x00000129fb5ebb40 Exception <a 'sun/nio/fs/WindowsException'{0x00000000c1f7b938}> (0x00000000c1f7b938) 
thrown [t:\workspace\open\src\hotspot\share\prims\jni.cpp, line 579]
Event: 0.823 Thread 0x00000129fb5ebb40 Exception <a 'java/lang/NoSuchMethodError'{0x00000000c1f7d970}: 'java.lang.Object java.lang.invoke.DirectMethodHandle$Holder.invokeStaticInit(java.lang.Object)'> (0x00000000c1f7d970) 
thrown [t:\workspace\open\src\hotspot\share\interpreter\linkResolver.cpp, line 790]

Events (20 events):
Event: 0.825 loading class jdk/internal/jrtfs/SystemImage$2
Event: 0.825 loading class jdk/internal/jrtfs/SystemImage$2 done
Event: 0.825 loading class jdk/internal/jimage/ImageReader$Directory
Event: 0.825 loading class jdk/internal/jimage/ImageReader$Node
Event: 0.825 loading class jdk/internal/jimage/ImageReader$Node done
Event: 0.825 loading class jdk/internal/jimage/ImageReader$Directory done
Event: 0.825 loading class jdk/internal/jrtfs/SystemImage$1
Event: 0.826 loading class jdk/internal/jrtfs/SystemImage$1 done
Event: 0.852 loading class jdk/internal/access/foreign/MemorySegmentProxy
Event: 0.852 loading class jdk/internal/access/foreign/MemorySegmentProxy done
Event: 0.854 loading class java/net/URLClassLoader$3
Event: 0.855 loading class java/net/URLClassLoader$3 done
Event: 0.855 loading class java/net/URLClassLoader$3$1
Event: 0.855 loading class java/net/URLClassLoader$3$1 done
Event: 0.855 loading class jdk/internal/loader/URLClassPath$FileLoader
Event: 0.855 loading class jdk/internal/loader/URLClassPath$FileLoader done
Event: 0.858 loading class java/util/Vector
Event: 0.859 loading class java/util/Vector done
Event: 0.862 Executing  VM operation: G1CollectForAllocation
Event: 0.877 Executing  VM operation: G1CollectForAllocation done


Dynamic libraries:
0x00007ff7553f0000 - 0x00007ff7553f8000 	C:\Program Files\Java\jdk-16\bin\javac.exe
0x00007ffcc4100000 - 0x00007ffcc42f0000 	C:\WINDOWS\SYSTEM32\ntdll.dll
0x00007ffcc2ca0000 - 0x00007ffcc2d52000 	C:\WINDOWS\System32\KERNEL32.DLL
0x00007ffcc1d50000 - 0x00007ffcc1ff3000 	C:\WINDOWS\System32\KERNELBASE.dll
0x00007ffcc1280000 - 0x00007ffcc137a000 	C:\WINDOWS\System32\ucrtbase.dll
0x00007ffcada00000 - 0x00007ffcada19000 	C:\Program Files\Java\jdk-16\bin\VCRUNTIME140.dll
0x00007ffcbbc70000 - 0x00007ffcbbc88000 	C:\Program Files\Java\jdk-16\bin\jli.dll
0x00007ffcc2be0000 - 0x00007ffcc2c83000 	C:\WINDOWS\System32\ADVAPI32.dll
0x00007ffcc2d60000 - 0x00007ffcc2dfe000 	C:\WINDOWS\System32\msvcrt.dll
0x00007ffcc4020000 - 0x00007ffcc40b7000 	C:\WINDOWS\System32\sechost.dll
0x00007ffcc3370000 - 0x00007ffcc3490000 	C:\WINDOWS\System32\RPCRT4.dll
0x00007ffcc2a10000 - 0x00007ffcc2ba4000 	C:\WINDOWS\System32\USER32.dll
0x00007ffcc1250000 - 0x00007ffcc1271000 	C:\WINDOWS\System32\win32u.dll
0x00007ffc9cf60000 - 0x00007ffc9d1e5000 	C:\WINDOWS\WinSxS\amd64_microsoft.windows.common-controls_6595b64144ccf1df_6.0.18362.535_none_e6c3b34713100821\COMCTL32.dll
0x00007ffcc3b70000 - 0x00007ffcc3b96000 	C:\WINDOWS\System32\GDI32.dll
0x00007ffcc2e00000 - 0x00007ffcc3136000 	C:\WINDOWS\System32\combase.dll
0x00007ffcc1090000 - 0x00007ffcc1224000 	C:\WINDOWS\System32\gdi32full.dll
0x00007ffcc1b00000 - 0x00007ffcc1b9e000 	C:\WINDOWS\System32\msvcp_win.dll
0x00007ffcc1c50000 - 0x00007ffcc1cd0000 	C:\WINDOWS\System32\bcryptPrimitives.dll
0x00007ffcbfaf0000 - 0x00007ffcbfafa000 	C:\WINDOWS\SYSTEM32\VERSION.dll
0x00007ffcc2bb0000 - 0x00007ffcc2bde000 	C:\WINDOWS\System32\IMM32.DLL
0x00007ffcadd50000 - 0x00007ffcadd5c000 	C:\Program Files\Java\jdk-16\bin\vcruntime140_1.dll
0x00007ffc7a470000 - 0x00007ffc7a501000 	C:\Program Files\Java\jdk-16\bin\msvcp140.dll
0x00007ffc55f10000 - 0x00007ffc56abb000 	C:\Program Files\Java\jdk-16\bin\server\jvm.dll
0x00007ffcc3ba0000 - 0x00007ffcc3ba8000 	C:\WINDOWS\System32\PSAPI.DLL
0x00007ffcbe780000 - 0x00007ffcbe7a4000 	C:\WINDOWS\SYSTEM32\WINMM.dll
0x00007ffcaecf0000 - 0x00007ffcaecf9000 	C:\WINDOWS\SYSTEM32\WSOCK32.dll
0x00007ffcc35f0000 - 0x00007ffcc365f000 	C:\WINDOWS\System32\WS2_32.dll
0x00007ffcbe750000 - 0x00007ffcbe77d000 	C:\WINDOWS\SYSTEM32\winmmbase.dll
0x00007ffcc1d00000 - 0x00007ffcc1d4a000 	C:\WINDOWS\System32\cfgmgr32.dll
0x00007ffcc1020000 - 0x00007ffcc1031000 	C:\WINDOWS\System32\kernel.appcore.dll
0x00007ffcadcd0000 - 0x00007ffcadcda000 	C:\Program Files\Java\jdk-16\bin\jimage.dll
0x00007ffcb1eb0000 - 0x00007ffcb20a4000 	C:\WINDOWS\SYSTEM32\DBGHELP.DLL
0x00007ffca8540000 - 0x00007ffca856a000 	C:\WINDOWS\SYSTEM32\dbgcore.DLL
0x00007ffcad9d0000 - 0x00007ffcad9f5000 	C:\Program Files\Java\jdk-16\bin\java.dll
0x00007ffcc2280000 - 0x00007ffcc2965000 	C:\WINDOWS\System32\SHELL32.dll
0x00007ffcc3490000 - 0x00007ffcc3539000 	C:\WINDOWS\System32\shcore.dll
0x00007ffcc1380000 - 0x00007ffcc1aff000 	C:\WINDOWS\System32\windows.storage.dll
0x00007ffcc0fe0000 - 0x00007ffcc0fff000 	C:\WINDOWS\System32\profapi.dll
0x00007ffcc1040000 - 0x00007ffcc108a000 	C:\WINDOWS\System32\powrprof.dll
0x00007ffcc0fd0000 - 0x00007ffcc0fe0000 	C:\WINDOWS\System32\UMPDC.dll
0x00007ffcc39b0000 - 0x00007ffcc3a02000 	C:\WINDOWS\System32\shlwapi.dll
0x00007ffcc1230000 - 0x00007ffcc1247000 	C:\WINDOWS\System32\cryptsp.dll
0x00007ffcac890000 - 0x00007ffcac8a9000 	C:\Program Files\Java\jdk-16\bin\net.dll
0x00007ffcb53d0000 - 0x00007ffcb54c0000 	C:\WINDOWS\SYSTEM32\WINHTTP.dll
0x00007ffcc0840000 - 0x00007ffcc08a7000 	C:\WINDOWS\system32\mswsock.dll
0x00007ffcaaed0000 - 0x00007ffcaaee3000 	C:\Program Files\Java\jdk-16\bin\nio.dll
0x00007ffc9b120000 - 0x00007ffc9b138000 	C:\Program Files\Java\jdk-16\bin\zip.dll

dbghelp: loaded successfully - version: 4.0.5 - missing functions: none
symbol engine: initialized successfully - sym options: 0x614 - pdb path: .;C:\Program Files\Java\jdk-16\bin;C:\WINDOWS\SYSTEM32;C:\WINDOWS\WinSxS\amd64_microsoft.windows.common-controls_6595b64144ccf1df_6.0.18362.535_none_e6c3b34713100821;C:\Program Files\Java\jdk-16\bin\server

VM Arguments:
jvm_args: -Dapplication.home=C:\Program Files\Java\jdk-16 --add-modules=ALL-DEFAULT -Xms8m -Djdk.module.main=jdk.compiler 
java_command: jdk.compiler/com.sun.tools.javac.Main -d C:\Users\admin\Desktop\checkbill\build\classes -classpath C:\Users\admin\Desktop\checkbill\build\classes;C:\Users\admin\Documents\NetBeansProjects\mysql-connector-java-8.0.25;C:\Users\admin\Documents\NetBeansProjects\mysql-connector-java-8.0.25\mysql-connector-java-8.0.25.jar -sourcepath C:\Users\admin\Desktop\checkbill\src -target 16 -encoding UTF-8 -g -processorpath C:\Users\admin\Documents\NetBeansProjects\mysql-connector-java-8.0.25;C:\Users\admin\Documents\NetBeansProjects\mysql-connector-java-8.0.25\mysql-connector-java-8.0.25.jar;C:\Users\admin\Desktop\checkbill\build\empty -s C:\Users\admin\Desktop\checkbill\build\generated-sources\ap-source-output -source 16 C:\Users\admin\Desktop\checkbill\src\checkbill\addcasher.java
java_class_path (initial): <not set>
Launcher Type: SUN_STANDARD

[Global flags]
     intx CICompilerCount                          = 3                                         {product} {ergonomic}
     uint ConcGCThreads                            = 1                                         {product} {ergonomic}
     uint G1ConcRefinementThreads                  = 4                                         {product} {ergonomic}
   size_t G1HeapRegionSize                         = 1048576                                   {product} {ergonomic}
    uintx GCDrainStackTargetSize                   = 64                                        {product} {ergonomic}
   size_t InitialHeapSize                          = 8388608                                   {product} {command line}
   size_t MarkStackSize                            = 4194304                                   {product} {ergonomic}
   size_t MaxHeapSize                              = 1048576000                                {product} {ergonomic}
   size_t MaxNewSize                               = 629145600                                 {product} {ergonomic}
   size_t MinHeapDeltaBytes                        = 1048576                                   {product} {ergonomic}
   size_t MinHeapSize                              = 8388608                                   {product} {command line}
    uintx NonNMethodCodeHeapSize                   = 5832780                                {pd product} {ergonomic}
    uintx NonProfiledCodeHeapSize                  = 122912730                              {pd product} {ergonomic}
    uintx ProfiledCodeHeapSize                     = 122912730                              {pd product} {ergonomic}
    uintx ReservedCodeCacheSize                    = 251658240                              {pd product} {ergonomic}
     bool SegmentedCodeCache                       = true                                      {product} {ergonomic}
   size_t SoftMaxHeapSize                          = 1048576000                             {manageable} {ergonomic}
     bool UseCompressedClassPointers               = true                           {product lp64_product} {ergonomic}
     bool UseCompressedOops                        = true                           {product lp64_product} {ergonomic}
     bool UseG1GC                                  = true                                      {product} {ergonomic}
     bool UseLargePagesIndividualAllocation        = false                                  {pd product} {ergonomic}

Logging:
Log output configuration:
 #0: stdout all=warning uptime,level,tags
 #1: stderr all=off uptime,level,tags

Environment Variables:
PATH=C:\Program Files\Common Files\Oracle\Java\javapath;C:\WINDOWS\system32;C:\WINDOWS;C:\WINDOWS\System32\Wbem;C:\WINDOWS\System32\WindowsPowerShell\v1.0\;C:\WINDOWS\System32\OpenSSH\;C:\Program Files\Microsoft SQL Server\120\Tools\Binn\;C:\Program Files (x86)\Java\jdk1.7.0_76\bin;C:\Users\admin\AppData\Local\Programs\Python\Python38-32;C:\Users\admin\AppData\Local\Programs\Python\Python38-32\Scripts;C:\Program Files (x86)\Intel\Intel(R) Management Engine Components\DAL;C:\Program Files\Intel\Intel(R) Management Engine Components\DAL;C:\WINDOWS\system32\config\systemprofile\.dnx\bin;C:\Program Files\Microsoft DNX\Dnvm\;C:\Program Files\Java\jdk-16\bin;C:\Program Files\MySQL\MySQL Server 5.5\bin;C:\Program Files\Git\cmd;C:\Program Files (x86)\Java\jre7\bin;C:\Program Files\JetBrains\PyCharm Community Edition 2020.1.2\bin;;C:\xampp new\php;C:\Users\admin\AppData\Local\Programs\Microsoft VS Code\bin;C:\src\flutter\bin;
USERNAME=admin
OS=Windows_NT
PROCESSOR_IDENTIFIER=Intel64 Family 6 Model 142 Stepping 9, GenuineIntel



---------------  S Y S T E M  ---------------

OS:
 Windows 10 , 64 bit Build 18362 (10.0.18362.329)
OS uptime: 1 days 8:32 hours

CPU: total 4 (initial active 4) (2 cores per cpu, 2 threads per core) family 6 model 142 stepping 9 microcode 0xca, cx8, cmov, fxsr, ht, mmx, 3dnowpref, sse, sse2, sse3, ssse3, sse4.1, sse4.2, popcnt, lzcnt, tsc, tscinvbit, avx, avx2, aes, erms, clmul, bmi1, bmi2, adx, fma, vzeroupper, clflush, clflushopt

Memory: 4k page, system-wide physical 3993M (290M free)
TotalPageFile size 16281M (AvailPageFile size 2M)
current process WorkingSet (physical memory assigned to process): 53M, peak: 53M
current process commit charge ("private bytes"): 87M, peak: 87M

vm_info: Java HotSpot(TM) 64-Bit Server VM (16+36-2231) for windows-amd64 JRE (16+36-2231), built on Feb  8 2021 11:43:10 by "mach5one" with MS VC++ 16.7 (VS2019)

END.
