#
# There is insufficient memory for the Java Runtime Environment to continue.
# Native memory allocation (malloc) failed to allocate 238656 bytes for Chunk::new
# Possible reasons:
#   The system is out of physical RAM or swap space
#   The process is running with CompressedOops enabled, and the Java Heap may be blocking the growth of the native heap
# Possible solutions:
#   Reduce memory load on the system
#   Increase physical memory or swap space
#   Check if swap backing store is full
#   Decrease Java heap size (-Xmx/-Xms)
#   Decrease number of Java threads
#   Decrease Java thread stack sizes (-Xss)
#   Set larger code cache with -XX:ReservedCodeCacheSize=
#   JVM is running with Unscaled Compressed Oops mode in which the Java heap is
#     placed in the first 4GB address space. The Java Heap base address is the
#     maximum limit for the native heap growth. Please use -XX:HeapBaseMinAddress
#     to set the Java Heap base and to place the Java Heap above 4GB virtual address.
# This output file may be truncated or incomplete.
#
#  Out of Memory Error (arena.cpp:195), pid=14076, tid=14280
#
# JRE version: Java(TM) SE Runtime Environment (16.0+36) (build 16+36-2231)
# Java VM: Java HotSpot(TM) 64-Bit Server VM (16+36-2231, mixed mode, sharing, tiered, compressed oops, g1 gc, windows-amd64)
# No core dump will be written. Minidumps are not enabled by default on client versions of Windows
#

---------------  S U M M A R Y ------------

Command Line: -Dfile.encoding=UTF-8 checkbill.addcasher

Host: Intel(R) Core(TM) i3-7020U CPU @ 2.30GHz, 4 cores, 3G,  Windows 10 , 64 bit Build 18362 (10.0.18362.329)
Time: Thu Jul 22 22:01:48 2021 India Standard Time elapsed time: 2.684456 seconds (0d 0h 0m 2s)

---------------  T H R E A D  ---------------

Current thread (0x0000020a39653910):  JavaThread "C2 CompilerThread0" daemon [_thread_in_native, id=14280, stack(0x0000000a98500000,0x0000000a98600000)]


Current CompileTask:
C2:   2684 1417   !   4       java.util.concurrent.ConcurrentHashMap::transfer (849 bytes)

Stack: [0x0000000a98500000,0x0000000a98600000]
Native frames: (J=compiled Java code, j=interpreted, Vv=VM code, C=native code)
V  [jvm.dll+0x6681da]
V  [jvm.dll+0x7c9d99]
V  [jvm.dll+0x7cb4d3]
V  [jvm.dll+0x7cbb33]
V  [jvm.dll+0x242ee5]
V  [jvm.dll+0xadeca]
V  [jvm.dll+0xae5ac]
V  [jvm.dll+0x2a4d0f]
V  [jvm.dll+0x573d69]
V  [jvm.dll+0x21e6ce]
V  [jvm.dll+0x2176b6]
V  [jvm.dll+0x21523c]
V  [jvm.dll+0x1a1d8b]
V  [jvm.dll+0x225398]
V  [jvm.dll+0x2233dc]
V  [jvm.dll+0x77f9e2]
V  [jvm.dll+0x77952a]
V  [jvm.dll+0x667076]
C  [ucrtbase.dll+0x20e72]
C  [KERNEL32.DLL+0x17bd4]
C  [ntdll.dll+0x6ced1]


---------------  P R O C E S S  ---------------

Threads class SMR info:
_java_thread_list=0x0000020a3b4249f0, length=17, elements={
0x0000020a1c6be380, 0x0000020a1c6bee50, 0x0000020a1c6cb220, 0x0000020a1c6cb740,
0x0000020a1c6cbc60, 0x0000020a396525c0, 0x0000020a39653910, 0x0000020a3965eea0,
0x0000020a39669400, 0x0000020a3a15d6d0, 0x0000020a3a16e320, 0x0000020a3a394b30,
0x0000020a3a399340, 0x0000020a3a39c970, 0x0000020a3a45c700, 0x0000020a3b42ced0,
0x0000020a3b465790
}

Java Threads: ( => current thread )
  0x0000020a1c6be380 JavaThread "Reference Handler" daemon [_thread_blocked, id=16156, stack(0x0000000a97f00000,0x0000000a98000000)]
  0x0000020a1c6bee50 JavaThread "Finalizer" daemon [_thread_blocked, id=13788, stack(0x0000000a98000000,0x0000000a98100000)]
  0x0000020a1c6cb220 JavaThread "Signal Dispatcher" daemon [_thread_blocked, id=15676, stack(0x0000000a98100000,0x0000000a98200000)]
  0x0000020a1c6cb740 JavaThread "Attach Listener" daemon [_thread_blocked, id=6656, stack(0x0000000a98200000,0x0000000a98300000)]
  0x0000020a1c6cbc60 JavaThread "Service Thread" daemon [_thread_blocked, id=17692, stack(0x0000000a98300000,0x0000000a98400000)]
  0x0000020a396525c0 JavaThread "Monitor Deflation Thread" daemon [_thread_blocked, id=13468, stack(0x0000000a98400000,0x0000000a98500000)]
=>0x0000020a39653910 JavaThread "C2 CompilerThread0" daemon [_thread_in_native, id=14280, stack(0x0000000a98500000,0x0000000a98600000)]
  0x0000020a3965eea0 JavaThread "C1 CompilerThread0" daemon [_thread_blocked, id=6552, stack(0x0000000a98600000,0x0000000a98700000)]
  0x0000020a39669400 JavaThread "Sweeper thread" daemon [_thread_blocked, id=19228, stack(0x0000000a98700000,0x0000000a98800000)]
  0x0000020a3a15d6d0 JavaThread "Notification Thread" daemon [_thread_blocked, id=21460, stack(0x0000000a98800000,0x0000000a98900000)]
  0x0000020a3a16e320 JavaThread "Common-Cleaner" daemon [_thread_blocked, id=1300, stack(0x0000000a98a00000,0x0000000a98b00000)]
  0x0000020a3a394b30 JavaThread "Java2D Disposer" daemon [_thread_blocked, id=17072, stack(0x0000000a98b00000,0x0000000a98c00000)]
  0x0000020a3a399340 JavaThread "AWT-Shutdown" [_thread_blocked, id=14416, stack(0x0000000a98c00000,0x0000000a98d00000)]
  0x0000020a3a39c970 JavaThread "AWT-Windows" daemon [_thread_in_native, id=9344, stack(0x0000000a98d00000,0x0000000a98e00000)]
  0x0000020a3a45c700 JavaThread "mysql-cj-abandoned-connection-cleanup" daemon [_thread_blocked, id=17000, stack(0x0000000a99000000,0x0000000a99100000)]
  0x0000020a3b42ced0 JavaThread "AWT-EventQueue-0" [_thread_in_native, id=10876, stack(0x0000000a99500000,0x0000000a99600000)]
  0x0000020a3b465790 JavaThread "DestroyJavaVM" [_thread_blocked, id=20096, stack(0x0000000a97800000,0x0000000a97900000)]

Other Threads:
  0x0000020a1c6b7710 VMThread "VM Thread" [stack: 0x0000000a97e00000,0x0000000a97f00000] [id=20924]
  0x0000020a3a15f010 WatcherThread [stack: 0x0000000a98900000,0x0000000a98a00000] [id=1540]
  0x0000020a1c62b0d0 GCTaskThread "GC Thread#0" [stack: 0x0000000a97900000,0x0000000a97a00000] [id=6432]
  0x0000020a3b1b6580 GCTaskThread "GC Thread#1" [stack: 0x0000000a99100000,0x0000000a99200000] [id=21376]
  0x0000020a3afbf0d0 GCTaskThread "GC Thread#2" [stack: 0x0000000a99200000,0x0000000a99300000] [id=3172]
  0x0000020a3b3af7a0 GCTaskThread "GC Thread#3" [stack: 0x0000000a99300000,0x0000000a99400000] [id=7116]
  0x0000020a1c635e30 ConcurrentGCThread "G1 Main Marker" [stack: 0x0000000a97a00000,0x0000000a97b00000] [id=9000]
  0x0000020a1c6368a0 ConcurrentGCThread "G1 Conc#0" [stack: 0x0000000a97b00000,0x0000000a97c00000] [id=3208]
  0x0000020a1c689540 ConcurrentGCThread "G1 Refine#0" [stack: 0x0000000a97c00000,0x0000000a97d00000] [id=12244]
  0x0000020a3b127760 ConcurrentGCThread "G1 Refine#1" [stack: 0x0000000a99400000,0x0000000a99500000] [id=1144]
  0x0000020a1c68bbe0 ConcurrentGCThread "G1 Service" [stack: 0x0000000a97d00000,0x0000000a97e00000] [id=10920]

Threads with active compile tasks:
C2 CompilerThread0     9666 1417   !   4       java.util.concurrent.ConcurrentHashMap::transfer (849 bytes)

VM state: not at safepoint (normal execution)

VM Mutex/Monitor currently owned by a thread: None

Heap address: 0x00000000c1800000, size: 1000 MB, Compressed Oops mode: 32-bit
CDS archive(s) mapped at: [0x0000000800000000-0x0000000800bb0000-0x0000000800bb0000), size 12255232, SharedBaseAddress: 0x0000000800000000, ArchiveRelocationMode: 0.
Compressed class space mapped at: 0x0000000800c00000-0x0000000840c00000, reserved size: 1073741824
Narrow klass base: 0x0000000800000000, Narrow klass shift: 3, Narrow klass range: 0x100000000

GC Precious Log:
 CPUs: 4 total, 4 available
 Memory: 3993M
 Large Page Support: Disabled
 NUMA Support: Disabled
 Compressed Oops: Enabled (32-bit)
 Heap Region Size: 1M
 Heap Min Capacity: 8M
 Heap Initial Capacity: 64M
 Heap Max Capacity: 1000M
 Pre-touch: Disabled
 Parallel Workers: 4
 Concurrent Workers: 1
 Concurrent Refinement Workers: 4
 Periodic GC: Disabled

Heap:
 garbage-first heap   total 65536K, used 17038K [0x00000000c1800000, 0x0000000100000000)
  region size 1024K, 11 young (11264K), 2 survivors (2048K)
 Metaspace       used 12604K, committed 12800K, reserved 1064960K
  class space    used 1393K, committed 1536K, reserved 1048576K

Heap Regions: E=young(eden), S=young(survivor), O=old, HS=humongous(starts), HC=humongous(continues), CS=collection set, F=free, OA=open archive, CA=closed archive, TAMS=top-at-mark-start (previous, next)
|   0|0x00000000c1800000, 0x00000000c1900000, 0x00000000c1900000|100%| O|  |TAMS 0x00000000c1800000, 0x00000000c1800000| Untracked 
|   1|0x00000000c1900000, 0x00000000c19a3a00, 0x00000000c1a00000| 63%| O|  |TAMS 0x00000000c1900000, 0x00000000c1900000| Untracked 
|   2|0x00000000c1a00000, 0x00000000c1b00000, 0x00000000c1b00000|100%|HS|  |TAMS 0x00000000c1a00000, 0x00000000c1a00000| Complete 
|   3|0x00000000c1b00000, 0x00000000c1c00000, 0x00000000c1c00000|100%|HC|  |TAMS 0x00000000c1b00000, 0x00000000c1b00000| Complete 
|   4|0x00000000c1c00000, 0x00000000c1d00000, 0x00000000c1d00000|100%|HC|  |TAMS 0x00000000c1c00000, 0x00000000c1c00000| Complete 
|   5|0x00000000c1d00000, 0x00000000c1e00000, 0x00000000c1e00000|100%|HC|  |TAMS 0x00000000c1d00000, 0x00000000c1d00000| Complete 
|   6|0x00000000c1e00000, 0x00000000c1f00000, 0x00000000c1f00000|100%|HC|  |TAMS 0x00000000c1e00000, 0x00000000c1e00000| Complete 
|   7|0x00000000c1f00000, 0x00000000c1f00000, 0x00000000c2000000|  0%| F|  |TAMS 0x00000000c1f00000, 0x00000000c1f00000| Untracked 
|   8|0x00000000c2000000, 0x00000000c2000000, 0x00000000c2100000|  0%| F|  |TAMS 0x00000000c2000000, 0x00000000c2000000| Untracked 
|   9|0x00000000c2100000, 0x00000000c2100000, 0x00000000c2200000|  0%| F|  |TAMS 0x00000000c2100000, 0x00000000c2100000| Untracked 
|  10|0x00000000c2200000, 0x00000000c2200000, 0x00000000c2300000|  0%| F|  |TAMS 0x00000000c2200000, 0x00000000c2200000| Untracked 
|  11|0x00000000c2300000, 0x00000000c2300000, 0x00000000c2400000|  0%| F|  |TAMS 0x00000000c2300000, 0x00000000c2300000| Untracked 
|  12|0x00000000c2400000, 0x00000000c2400000, 0x00000000c2500000|  0%| F|  |TAMS 0x00000000c2400000, 0x00000000c2400000| Untracked 
|  13|0x00000000c2500000, 0x00000000c2500000, 0x00000000c2600000|  0%| F|  |TAMS 0x00000000c2500000, 0x00000000c2500000| Untracked 
|  14|0x00000000c2600000, 0x00000000c2600000, 0x00000000c2700000|  0%| F|  |TAMS 0x00000000c2600000, 0x00000000c2600000| Untracked 
|  15|0x00000000c2700000, 0x00000000c2700000, 0x00000000c2800000|  0%| F|  |TAMS 0x00000000c2700000, 0x00000000c2700000| Untracked 
|  16|0x00000000c2800000, 0x00000000c2800000, 0x00000000c2900000|  0%| F|  |TAMS 0x00000000c2800000, 0x00000000c2800000| Untracked 
|  17|0x00000000c2900000, 0x00000000c2900000, 0x00000000c2a00000|  0%| F|  |TAMS 0x00000000c2900000, 0x00000000c2900000| Untracked 
|  18|0x00000000c2a00000, 0x00000000c2a00000, 0x00000000c2b00000|  0%| F|  |TAMS 0x00000000c2a00000, 0x00000000c2a00000| Untracked 
|  19|0x00000000c2b00000, 0x00000000c2b00000, 0x00000000c2c00000|  0%| F|  |TAMS 0x00000000c2b00000, 0x00000000c2b00000| Untracked 
|  20|0x00000000c2c00000, 0x00000000c2c00000, 0x00000000c2d00000|  0%| F|  |TAMS 0x00000000c2c00000, 0x00000000c2c00000| Untracked 
|  21|0x00000000c2d00000, 0x00000000c2d00000, 0x00000000c2e00000|  0%| F|  |TAMS 0x00000000c2d00000, 0x00000000c2d00000| Untracked 
|  22|0x00000000c2e00000, 0x00000000c2e00000, 0x00000000c2f00000|  0%| F|  |TAMS 0x00000000c2e00000, 0x00000000c2e00000| Untracked 
|  23|0x00000000c2f00000, 0x00000000c2f00000, 0x00000000c3000000|  0%| F|  |TAMS 0x00000000c2f00000, 0x00000000c2f00000| Untracked 
|  24|0x00000000c3000000, 0x00000000c3000000, 0x00000000c3100000|  0%| F|  |TAMS 0x00000000c3000000, 0x00000000c3000000| Untracked 
|  25|0x00000000c3100000, 0x00000000c3100000, 0x00000000c3200000|  0%| F|  |TAMS 0x00000000c3100000, 0x00000000c3100000| Untracked 
|  26|0x00000000c3200000, 0x00000000c3200000, 0x00000000c3300000|  0%| F|  |TAMS 0x00000000c3200000, 0x00000000c3200000| Untracked 
|  27|0x00000000c3300000, 0x00000000c3300000, 0x00000000c3400000|  0%| F|  |TAMS 0x00000000c3300000, 0x00000000c3300000| Untracked 
|  28|0x00000000c3400000, 0x00000000c3400000, 0x00000000c3500000|  0%| F|  |TAMS 0x00000000c3400000, 0x00000000c3400000| Untracked 
|  29|0x00000000c3500000, 0x00000000c3500000, 0x00000000c3600000|  0%| F|  |TAMS 0x00000000c3500000, 0x00000000c3500000| Untracked 
|  30|0x00000000c3600000, 0x00000000c3600000, 0x00000000c3700000|  0%| F|  |TAMS 0x00000000c3600000, 0x00000000c3600000| Untracked 
|  31|0x00000000c3700000, 0x00000000c3700000, 0x00000000c3800000|  0%| F|  |TAMS 0x00000000c3700000, 0x00000000c3700000| Untracked 
|  32|0x00000000c3800000, 0x00000000c3800000, 0x00000000c3900000|  0%| F|  |TAMS 0x00000000c3800000, 0x00000000c3800000| Untracked 
|  33|0x00000000c3900000, 0x00000000c3900000, 0x00000000c3a00000|  0%| F|  |TAMS 0x00000000c3900000, 0x00000000c3900000| Untracked 
|  34|0x00000000c3a00000, 0x00000000c3a00000, 0x00000000c3b00000|  0%| F|  |TAMS 0x00000000c3a00000, 0x00000000c3a00000| Untracked 
|  35|0x00000000c3b00000, 0x00000000c3b00000, 0x00000000c3c00000|  0%| F|  |TAMS 0x00000000c3b00000, 0x00000000c3b00000| Untracked 
|  36|0x00000000c3c00000, 0x00000000c3c00000, 0x00000000c3d00000|  0%| F|  |TAMS 0x00000000c3c00000, 0x00000000c3c00000| Untracked 
|  37|0x00000000c3d00000, 0x00000000c3d00000, 0x00000000c3e00000|  0%| F|  |TAMS 0x00000000c3d00000, 0x00000000c3d00000| Untracked 
|  38|0x00000000c3e00000, 0x00000000c3e00000, 0x00000000c3f00000|  0%| F|  |TAMS 0x00000000c3e00000, 0x00000000c3e00000| Untracked 
|  39|0x00000000c3f00000, 0x00000000c3f00000, 0x00000000c4000000|  0%| F|  |TAMS 0x00000000c3f00000, 0x00000000c3f00000| Untracked 
|  40|0x00000000c4000000, 0x00000000c4000000, 0x00000000c4100000|  0%| F|  |TAMS 0x00000000c4000000, 0x00000000c4000000| Untracked 
|  41|0x00000000c4100000, 0x00000000c4100000, 0x00000000c4200000|  0%| F|  |TAMS 0x00000000c4100000, 0x00000000c4100000| Untracked 
|  42|0x00000000c4200000, 0x00000000c4200000, 0x00000000c4300000|  0%| F|  |TAMS 0x00000000c4200000, 0x00000000c4200000| Untracked 
|  43|0x00000000c4300000, 0x00000000c4300000, 0x00000000c4400000|  0%| F|  |TAMS 0x00000000c4300000, 0x00000000c4300000| Untracked 
|  44|0x00000000c4400000, 0x00000000c4400000, 0x00000000c4500000|  0%| F|  |TAMS 0x00000000c4400000, 0x00000000c4400000| Untracked 
|  45|0x00000000c4500000, 0x00000000c4500000, 0x00000000c4600000|  0%| F|  |TAMS 0x00000000c4500000, 0x00000000c4500000| Untracked 
|  46|0x00000000c4600000, 0x00000000c4600000, 0x00000000c4700000|  0%| F|  |TAMS 0x00000000c4600000, 0x00000000c4600000| Untracked 
|  47|0x00000000c4700000, 0x00000000c4700000, 0x00000000c4800000|  0%| F|  |TAMS 0x00000000c4700000, 0x00000000c4700000| Untracked 
|  48|0x00000000c4800000, 0x00000000c4800000, 0x00000000c4900000|  0%| F|  |TAMS 0x00000000c4800000, 0x00000000c4800000| Untracked 
|  49|0x00000000c4900000, 0x00000000c4a00000, 0x00000000c4a00000|100%| S|CS|TAMS 0x00000000c4900000, 0x00000000c4900000| Complete 
|  50|0x00000000c4a00000, 0x00000000c4b00000, 0x00000000c4b00000|100%| S|CS|TAMS 0x00000000c4a00000, 0x00000000c4a00000| Complete 
|  51|0x00000000c4b00000, 0x00000000c4b00000, 0x00000000c4c00000|  0%| F|  |TAMS 0x00000000c4b00000, 0x00000000c4b00000| Untracked 
|  52|0x00000000c4c00000, 0x00000000c4c00000, 0x00000000c4d00000|  0%| F|  |TAMS 0x00000000c4c00000, 0x00000000c4c00000| Untracked 
|  53|0x00000000c4d00000, 0x00000000c4d00000, 0x00000000c4e00000|  0%| F|  |TAMS 0x00000000c4d00000, 0x00000000c4d00000| Untracked 
|  54|0x00000000c4e00000, 0x00000000c4e00000, 0x00000000c4f00000|  0%| F|  |TAMS 0x00000000c4e00000, 0x00000000c4e00000| Untracked 
|  55|0x00000000c4f00000, 0x00000000c4f7f5d8, 0x00000000c5000000| 49%| E|  |TAMS 0x00000000c4f00000, 0x00000000c4f00000| Complete 
|  56|0x00000000c5000000, 0x00000000c5100000, 0x00000000c5100000|100%| E|CS|TAMS 0x00000000c5000000, 0x00000000c5000000| Complete 
|  57|0x00000000c5100000, 0x00000000c5200000, 0x00000000c5200000|100%| E|CS|TAMS 0x00000000c5100000, 0x00000000c5100000| Complete 
|  58|0x00000000c5200000, 0x00000000c5300000, 0x00000000c5300000|100%| E|CS|TAMS 0x00000000c5200000, 0x00000000c5200000| Complete 
|  59|0x00000000c5300000, 0x00000000c5400000, 0x00000000c5400000|100%| E|CS|TAMS 0x00000000c5300000, 0x00000000c5300000| Complete 
|  60|0x00000000c5400000, 0x00000000c5500000, 0x00000000c5500000|100%| E|CS|TAMS 0x00000000c5400000, 0x00000000c5400000| Complete 
|  61|0x00000000c5500000, 0x00000000c5600000, 0x00000000c5600000|100%| E|CS|TAMS 0x00000000c5500000, 0x00000000c5500000| Complete 
|  62|0x00000000c5600000, 0x00000000c5700000, 0x00000000c5700000|100%| E|CS|TAMS 0x00000000c5600000, 0x00000000c5600000| Complete 
|  63|0x00000000c5700000, 0x00000000c5800000, 0x00000000c5800000|100%| E|CS|TAMS 0x00000000c5700000, 0x00000000c5700000| Complete 

Card table byte_map: [0x0000020a34d80000,0x0000020a34f80000] _byte_map_base: 0x0000020a34774000

Marking Bits (Prev, Next): (CMBitMap*) 0x0000020a1c62d760, (CMBitMap*) 0x0000020a1c62d7a0
 Prev Bits: [0x0000020a35180000, 0x0000020a36120000)
 Next Bits: [0x0000020a36120000, 0x0000020a370c0000)

Polling page: 0x0000020a1c6d0000

Metaspace:

Usage:
  Non-class:     10.95 MB used.
      Class:      1.36 MB used.
       Both:     12.31 MB used.

Virtual space:
  Non-class space:       16.00 MB reserved,      11.00 MB ( 69%) committed,  2 nodes.
      Class space:        1.00 GB reserved,       1.50 MB ( <1%) committed,  1 nodes.
              Both:        1.02 GB reserved,      12.50 MB (  1%) committed. 

Chunk freelists:
   Non-Class:  1.00 MB
       Class:  2.55 MB
        Both:  3.55 MB

MaxMetaspaceSize: 17179869184.00 GB
CompressedClassSpaceSize: 1.00 GB
 - commit_granule_bytes: 65536.
 - commit_granule_words: 8192.
 - virtual_space_node_default_size: 1048576.
 - enlarge_chunks_in_place: 1.
 - new_chunks_are_fully_committed: 0.
 - uncommit_free_chunks: 1.
 - use_allocation_guard: 0.
 - handle_deallocations: 1.


Internal statistics:

num_allocs_failed_limit: 0.
num_arena_births: 138.
num_arena_deaths: 0.
num_vsnodes_births: 3.
num_vsnodes_deaths: 0.
num_space_committed: 200.
num_space_uncommitted: 0.
num_chunks_returned_to_freelist: 0.
num_chunks_taken_from_freelist: 276.
num_chunk_merges: 0.
num_chunk_splits: 183.
num_chunks_enlarged: 120.
num_purges: 0.

CodeHeap 'non-profiled nmethods': size=120000Kb used=442Kb max_used=442Kb free=119557Kb
 bounds [0x0000020a2d020000, 0x0000020a2d290000, 0x0000020a34550000]
CodeHeap 'profiled nmethods': size=120000Kb used=2696Kb max_used=2696Kb free=117303Kb
 bounds [0x0000020a25af0000, 0x0000020a25da0000, 0x0000020a2d020000]
CodeHeap 'non-nmethods': size=5760Kb used=1331Kb max_used=1345Kb free=4428Kb
 bounds [0x0000020a25550000, 0x0000020a257c0000, 0x0000020a25af0000]
 total_blobs=2199 nmethods=1528 adapters=584
 compilation: enabled
              stopped_count=0, restarted_count=0
 full_count=0

Compilation events (20 events):
Event: 1.884 Thread 0x0000020a3965eea0 1456  s!   3       sun.font.TrueTypeFont::open (165 bytes)
Event: 1.885 Thread 0x0000020a3965eea0 nmethod 1456 0x0000020a25d68a90 code [0x0000020a25d68e80, 0x0000020a25d6ac18]
Event: 1.885 Thread 0x0000020a3965eea0 1458       3       java.io.RandomAccessFile::<init> (8 bytes)
Event: 1.885 Thread 0x0000020a3965eea0 nmethod 1458 0x0000020a25d6b910 code [0x0000020a25d6bac0, 0x0000020a25d6bc08]
Event: 1.885 Thread 0x0000020a3965eea0 1457  s    3       sun.font.TrueTypeFont::close (8 bytes)
Event: 1.885 Thread 0x0000020a3965eea0 nmethod 1457 0x0000020a25d6bc90 code [0x0000020a25d6be40, 0x0000020a25d6c028]
Event: 1.886 Thread 0x0000020a3965eea0 1459  s!   3       java.io.FileDescriptor::closeAll (163 bytes)
Event: 1.886 Thread 0x0000020a3965eea0 nmethod 1459 0x0000020a25d6c110 code [0x0000020a25d6c3a0, 0x0000020a25d6d268]
Event: 1.886 Thread 0x0000020a3965eea0 1460  s    3       java.io.FileDescriptor::close (9 bytes)
Event: 1.886 Thread 0x0000020a3965eea0 nmethod 1460 0x0000020a25d6d890 code [0x0000020a25d6da60, 0x0000020a25d6deb8]
Event: 1.886 Thread 0x0000020a3965eea0 1461  s    3       java.io.FileDescriptor::unregisterCleanup (20 bytes)
Event: 1.887 Thread 0x0000020a3965eea0 nmethod 1461 0x0000020a25d6e010 code [0x0000020a25d6e1c0, 0x0000020a25d6e4a8]
Event: 1.888 Thread 0x0000020a3965eea0 1462   !   3       sun.nio.ch.FileChannelImpl::implCloseChannel (169 bytes)
Event: 1.889 Thread 0x0000020a3965eea0 nmethod 1462 0x0000020a25d6e590 code [0x0000020a25d6e900, 0x0000020a25d6ff88]
Event: 1.889 Thread 0x0000020a3965eea0 1464       3       java.util.HashMap::keysToArray (81 bytes)
Event: 1.890 Thread 0x0000020a3965eea0 nmethod 1464 0x0000020a25d70710 code [0x0000020a25d708e0, 0x0000020a25d70db8]
Event: 1.890 Thread 0x0000020a3965eea0 1463  s!   3       sun.nio.ch.NativeThreadSet::signalAndWait (134 bytes)
Event: 1.890 Thread 0x0000020a3965eea0 nmethod 1463 0x0000020a25d70f90 code [0x0000020a25d71180, 0x0000020a25d717f8]
Event: 2.103 Thread 0x0000020a3965eea0 1465   !   3       sun.awt.AWTAutoShutdown::setToolkitBusy (124 bytes)
Event: 2.105 Thread 0x0000020a3965eea0 nmethod 1465 0x0000020a25d71a90 code [0x0000020a25d71ca0, 0x0000020a25d72288]

GC Heap History (2 events):
Event: 0.906 GC heap before
{Heap before GC invocations=0 (full 0):
 garbage-first heap   total 65536K, used 13312K [0x00000000c1800000, 0x0000000100000000)
  region size 1024K, 13 young (13312K), 0 survivors (0K)
 Metaspace       used 9263K, committed 9536K, reserved 1064960K
  class space    used 1005K, committed 1152K, reserved 1048576K
}
Event: 0.913 GC heap after
{Heap after GC invocations=1 (full 0):
 garbage-first heap   total 65536K, used 3726K [0x00000000c1800000, 0x0000000100000000)
  region size 1024K, 2 young (2048K), 2 survivors (2048K)
 Metaspace       used 9263K, committed 9536K, reserved 1064960K
  class space    used 1005K, committed 1152K, reserved 1048576K
}

Deoptimization events (20 events):
Event: 0.553 Thread 0x0000020a1c5fc5e0 DEOPT PACKING pc=0x0000020a25b05f67 sp=0x0000000a978facf0
Event: 0.553 Thread 0x0000020a1c5fc5e0 DEOPT UNPACKING pc=0x0000020a2559dece sp=0x0000000a978fa110 mode 0
Event: 0.733 Thread 0x0000020a1c5fc5e0 DEOPT PACKING pc=0x0000020a25bc6b65 sp=0x0000000a978f8c00
Event: 0.733 Thread 0x0000020a1c5fc5e0 DEOPT UNPACKING pc=0x0000020a2559dece sp=0x0000000a978f8050 mode 0
Event: 0.768 Thread 0x0000020a1c5fc5e0 Uncommon trap: trap_request=0xffffff45 fr.pc=0x0000020a2d05c650 relative=0x0000000000000230
Event: 0.768 Thread 0x0000020a1c5fc5e0 Uncommon trap: reason=unstable_if action=reinterpret pc=0x0000020a2d05c650 method=java.lang.String.startsWith(Ljava/lang/String;I)Z @ 14 c2
Event: 0.768 Thread 0x0000020a1c5fc5e0 DEOPT PACKING pc=0x0000020a2d05c650 sp=0x0000000a978fdfb0
Event: 0.768 Thread 0x0000020a1c5fc5e0 DEOPT UNPACKING pc=0x0000020a2559d72e sp=0x0000000a978fdf10 mode 2
Event: 1.087 Thread 0x0000020a1c5fc5e0 Uncommon trap: trap_request=0xffffff45 fr.pc=0x0000020a2d04e7dc relative=0x000000000000033c
Event: 1.087 Thread 0x0000020a1c5fc5e0 Uncommon trap: reason=unstable_if action=reinterpret pc=0x0000020a2d04e7dc method=java.lang.StringUTF16.compress([CI[BII)I @ 20 c2
Event: 1.087 Thread 0x0000020a1c5fc5e0 DEOPT PACKING pc=0x0000020a2d04e7dc sp=0x0000000a978fd520
Event: 1.088 Thread 0x0000020a1c5fc5e0 DEOPT UNPACKING pc=0x0000020a2559d72e sp=0x0000000a978fd4a0 mode 2
Event: 1.877 Thread 0x0000020a3b42ced0 Uncommon trap: trap_request=0xffffff45 fr.pc=0x0000020a2d02a5dc relative=0x000000000000023c
Event: 1.877 Thread 0x0000020a3b42ced0 Uncommon trap: reason=unstable_if action=reinterpret pc=0x0000020a2d02a5dc method=java.lang.String.hashCode()I @ 20 c2
Event: 1.877 Thread 0x0000020a3b42ced0 DEOPT PACKING pc=0x0000020a2d02a5dc sp=0x0000000a995fd0b0
Event: 1.877 Thread 0x0000020a3b42ced0 DEOPT UNPACKING pc=0x0000020a2559d72e sp=0x0000000a995fd040 mode 2
Event: 1.880 Thread 0x0000020a3b42ced0 Uncommon trap: trap_request=0xffffff45 fr.pc=0x0000020a2d0738c8 relative=0x00000000000000a8
Event: 1.880 Thread 0x0000020a3b42ced0 Uncommon trap: reason=unstable_if action=reinterpret pc=0x0000020a2d0738c8 method=java.lang.CharacterData.of(I)Ljava/lang/CharacterData; @ 4 c2
Event: 1.880 Thread 0x0000020a3b42ced0 DEOPT PACKING pc=0x0000020a2d0738c8 sp=0x0000000a995fd0a0
Event: 1.880 Thread 0x0000020a3b42ced0 DEOPT UNPACKING pc=0x0000020a2559d72e sp=0x0000000a995fcfe0 mode 2

Classes unloaded (0 events):
No events

Classes redefined (0 events):
No events

Internal exceptions (18 events):
Event: 0.130 Thread 0x0000020a1c5fc5e0 Exception <a 'java/lang/NoSuchMethodError'{0x00000000c5652350}: 'void java.lang.invoke.DirectMethodHandle$Holder.invokeSpecial(java.lang.Object, java.lang.Object, java.lang.Object)'> (0x00000000c5652350) 
thrown [t:\workspace\open\src\hotspot\share\interpreter\linkResolver.cpp, line 790]
Event: 0.149 Thread 0x0000020a1c5fc5e0 Exception <a 'java/lang/ClassNotFoundException'{0x00000000c566fa90}: sun/awt/resources/spi/awtProvider> (0x00000000c566fa90) 
thrown [t:\workspace\open\src\hotspot\share\classfile\systemDictionary.cpp, line 256]
Event: 0.186 Thread 0x0000020a1c5fc5e0 Exception <a 'java/io/FileNotFoundException'{0x00000000c56c9a98}> (0x00000000c56c9a98) 
thrown [t:\workspace\open\src\hotspot\share\prims\jni.cpp, line 579]
Event: 0.202 Thread 0x0000020a1c5fc5e0 Exception <a 'java/io/FileNotFoundException'{0x00000000c56f8378}> (0x00000000c56f8378) 
thrown [t:\workspace\open\src\hotspot\share\prims\jni.cpp, line 579]
Event: 0.203 Thread 0x0000020a1c5fc5e0 Exception <a 'java/lang/NoSuchMethodError'{0x00000000c56f9560}: 'java.lang.Object java.lang.invoke.DirectMethodHandle$Holder.invokeStatic(java.lang.Object)'> (0x00000000c56f9560) 
thrown [t:\workspace\open\src\hotspot\share\interpreter\linkResolver.cpp, line 790]
Event: 0.267 Thread 0x0000020a1c5fc5e0 Exception <a 'java/lang/NoSuchMethodError'{0x00000000c554efa8}: 'java.lang.Object java.lang.invoke.DirectMethodHandle$Holder.invokeStaticInit(java.lang.Object)'> (0x00000000c554efa8) 
thrown [t:\workspace\open\src\hotspot\share\interpreter\linkResolver.cpp, line 790]
Event: 0.333 Thread 0x0000020a1c5fc5e0 Exception <a 'java/lang/NoSuchMethodError'{0x00000000c5402e20}: 'java.lang.Object java.lang.invoke.DirectMethodHandle$Holder.newInvokeSpecial(java.lang.Object, java.lang.Object, java.lang.Object, java.lang.Object, java.lang.Object)'> (0x00000000c5402e20) 
thrown [t:\workspace\open\src\hotspot\share\interpreter\linkResolver.cpp, line 790]
Event: 0.336 Thread 0x0000020a1c5fc5e0 Exception <a 'java/lang/NoSuchMethodError'{0x00000000c540e908}: 'java.lang.Object java.lang.invoke.DirectMethodHandle$Holder.invokeStatic(java.lang.Object, int, java.lang.Object, java.lang.Object, java.lang.Object, java.lang.Object)'> (0x00000000c540e908) 
thrown [t:\workspace\open\src\hotspot\share\interpreter\linkResolver.cpp, line 790]
Event: 0.345 Thread 0x0000020a1c5fc5e0 Exception <a 'java/lang/NoSuchMethodError'{0x00000000c54349d0}: 'java.lang.Object java.lang.invoke.DirectMethodHandle$Holder.invokeStatic(java.lang.Object, int, java.lang.Object)'> (0x00000000c54349d0) 
thrown [t:\workspace\open\src\hotspot\share\interpreter\linkResolver.cpp, line 790]
Event: 0.391 Thread 0x0000020a1c5fc5e0 Exception <a 'java/lang/ClassNotFoundException'{0x00000000c54ecc68}: com/sun/swing/internal/plaf/metal/resources/spi/metalProvider> (0x00000000c54ecc68) 
thrown [t:\workspace\open\src\hotspot\share\classfile\systemDictionary.cpp, line 256]
Event: 0.393 Thread 0x0000020a1c5fc5e0 Exception <a 'java/lang/ClassNotFoundException'{0x00000000c54f0f60}: com/sun/swing/internal/plaf/basic/resources/spi/basicProvider> (0x00000000c54f0f60) 
thrown [t:\workspace\open\src\hotspot\share\classfile\systemDictionary.cpp, line 256]
Event: 0.460 Thread 0x0000020a3a430c30 Exception <a 'java/lang/NoSuchMethodError'{0x00000000c53522c8}: 'java.lang.Object java.lang.invoke.DirectMethodHandle$Holder.newInvokeSpecial(java.lang.Object, java.lang.Object, java.lang.Object, int, int, int, int, int)'> (0x00000000c53522c8) 
thrown [t:\workspace\open\src\hotspot\share\interpreter\linkResolver.cpp, line 790]
Event: 0.575 Thread 0x0000020a1c5fc5e0 Exception <a 'java/lang/NoSuchMethodError'{0x00000000c5107c68}: 'java.lang.Object java.lang.invoke.DirectMethodHandle$Holder.invokeInterface(java.lang.Object, java.lang.Object)'> (0x00000000c5107c68) 
thrown [t:\workspace\open\src\hotspot\share\interpreter\linkResolver.cpp, line 790]
Event: 0.623 Thread 0x0000020a1c5fc5e0 Exception <a 'java/lang/NoSuchMethodError'{0x00000000c519a1b0}: 'void java.lang.invoke.DirectMethodHandle$Holder.invokeStatic(java.lang.Object, java.lang.Object, java.lang.Object)'> (0x00000000c519a1b0) 
thrown [t:\workspace\open\src\hotspot\share\interpreter\linkResolver.cpp, line 790]
Event: 0.625 Thread 0x0000020a1c5fc5e0 Exception <a 'java/lang/NoSuchMethodError'{0x00000000c51a4da8}: 'java.lang.Object java.lang.invoke.DirectMethodHandle$Holder.invokeVirtual(java.lang.Object, java.lang.Object, java.lang.Object)'> (0x00000000c51a4da8) 
thrown [t:\workspace\open\src\hotspot\share\interpreter\linkResolver.cpp, line 790]
Event: 0.777 Thread 0x0000020a1c5fc5e0 Exception <a 'java/lang/NoSuchMethodError'{0x00000000c4ef81c8}: 'void java.lang.invoke.DirectMethodHandle$Holder.invokeStatic(java.lang.Object, java.lang.Object)'> (0x00000000c4ef81c8) 
thrown [t:\workspace\open\src\hotspot\share\interpreter\linkResolver.cpp, line 790]
Event: 1.054 Thread 0x0000020a3a39c970 Exception <a 'java/lang/NoSuchMethodError'{0x00000000c55085d0}: 'void java.lang.invoke.DirectMethodHandle$Holder.invokeVirtual(java.lang.Object, java.lang.Object)'> (0x00000000c55085d0) 
thrown [t:\workspace\open\src\hotspot\share\interpreter\linkResolver.cpp, line 790]
Event: 1.072 Thread 0x0000020a1c5fc5e0 Exception <a 'java/lang/NoSuchMethodError'{0x00000000c553f130}: 'void java.lang.invoke.DirectMethodHandle$Holder.invokeStaticInit(java.lang.Object)'> (0x00000000c553f130) 
thrown [t:\workspace\open\src\hotspot\share\interpreter\linkResolver.cpp, line 790]

Events (20 events):
Event: 1.263 loading class java/awt/geom/PathIterator
Event: 1.263 loading class java/awt/geom/PathIterator done
Event: 1.263 loading class java/awt/geom/Path2D$Iterator done
Event: 1.263 loading class java/awt/geom/Path2D$Float$TxIterator done
Event: 1.264 loading class javax/swing/JTable$PrintMode
Event: 1.264 loading class javax/swing/JTable$PrintMode done
Event: 1.265 loading class javax/swing/table/DefaultTableCellRenderer$UIResource
Event: 1.265 loading class javax/swing/table/DefaultTableCellRenderer$UIResource done
Event: 1.288 loading class javax/swing/JToolBar
Event: 1.288 loading class javax/swing/JToolBar done
Event: 1.292 loading class sun/font/SunFontManager$FamilyDescription
Event: 1.292 loading class sun/font/SunFontManager$FamilyDescription done
Event: 1.740 loading class sun/font/SunFontManager$4
Event: 1.740 loading class sun/font/SunFontManager$4 done
Event: 1.763 loading class sun/font/SunFontManager$9
Event: 1.763 loading class sun/font/SunFontManager$9 done
Event: 1.764 loading class sun/font/SunFontManager$10
Event: 1.764 loading class sun/font/SunFontManager$10 done
Event: 1.880 Executing  VM operation: HandshakeAllThreads
Event: 1.881 Executing  VM operation: HandshakeAllThreads done


Dynamic libraries:
0x00007ff693b10000 - 0x00007ff693b20000 	C:\Program Files\Java\jdk-16\bin\java.exe
0x00007ffcc4100000 - 0x00007ffcc42f0000 	C:\WINDOWS\SYSTEM32\ntdll.dll
0x00007ffcc2ca0000 - 0x00007ffcc2d52000 	C:\WINDOWS\System32\KERNEL32.DLL
0x00007ffcc1d50000 - 0x00007ffcc1ff3000 	C:\WINDOWS\System32\KERNELBASE.dll
0x00007ffcc1280000 - 0x00007ffcc137a000 	C:\WINDOWS\System32\ucrtbase.dll
0x00007ffcada00000 - 0x00007ffcada19000 	C:\Program Files\Java\jdk-16\bin\VCRUNTIME140.dll
0x00007ffcbbc70000 - 0x00007ffcbbc88000 	C:\Program Files\Java\jdk-16\bin\jli.dll
0x00007ffcc2be0000 - 0x00007ffcc2c83000 	C:\WINDOWS\System32\ADVAPI32.dll
0x00007ffcc2d60000 - 0x00007ffcc2dfe000 	C:\WINDOWS\System32\msvcrt.dll
0x00007ffcc4020000 - 0x00007ffcc40b7000 	C:\WINDOWS\System32\sechost.dll
0x00007ffcc3370000 - 0x00007ffcc3490000 	C:\WINDOWS\System32\RPCRT4.dll
0x00007ffcc2a10000 - 0x00007ffcc2ba4000 	C:\WINDOWS\System32\USER32.dll
0x00007ffcc1250000 - 0x00007ffcc1271000 	C:\WINDOWS\System32\win32u.dll
0x00007ffc9cf60000 - 0x00007ffc9d1e5000 	C:\WINDOWS\WinSxS\amd64_microsoft.windows.common-controls_6595b64144ccf1df_6.0.18362.535_none_e6c3b34713100821\COMCTL32.dll
0x00007ffcc3b70000 - 0x00007ffcc3b96000 	C:\WINDOWS\System32\GDI32.dll
0x00007ffcc2e00000 - 0x00007ffcc3136000 	C:\WINDOWS\System32\combase.dll
0x00007ffcc1090000 - 0x00007ffcc1224000 	C:\WINDOWS\System32\gdi32full.dll
0x00007ffcc1c50000 - 0x00007ffcc1cd0000 	C:\WINDOWS\System32\bcryptPrimitives.dll
0x00007ffcc1b00000 - 0x00007ffcc1b9e000 	C:\WINDOWS\System32\msvcp_win.dll
0x00007ffcbfaf0000 - 0x00007ffcbfafa000 	C:\WINDOWS\SYSTEM32\VERSION.dll
0x00007ffcc2bb0000 - 0x00007ffcc2bde000 	C:\WINDOWS\System32\IMM32.DLL
0x00007ffcadd50000 - 0x00007ffcadd5c000 	C:\Program Files\Java\jdk-16\bin\vcruntime140_1.dll
0x00007ffc7a470000 - 0x00007ffc7a501000 	C:\Program Files\Java\jdk-16\bin\msvcp140.dll
0x00007ffc55f10000 - 0x00007ffc56abb000 	C:\Program Files\Java\jdk-16\bin\server\jvm.dll
0x00007ffcc3ba0000 - 0x00007ffcc3ba8000 	C:\WINDOWS\System32\PSAPI.DLL
0x00007ffcbe780000 - 0x00007ffcbe7a4000 	C:\WINDOWS\SYSTEM32\WINMM.dll
0x00007ffcaecf0000 - 0x00007ffcaecf9000 	C:\WINDOWS\SYSTEM32\WSOCK32.dll
0x00007ffcc35f0000 - 0x00007ffcc365f000 	C:\WINDOWS\System32\WS2_32.dll
0x00007ffcbe750000 - 0x00007ffcbe77d000 	C:\WINDOWS\SYSTEM32\winmmbase.dll
0x00007ffcc1d00000 - 0x00007ffcc1d4a000 	C:\WINDOWS\System32\cfgmgr32.dll
0x00007ffcc1020000 - 0x00007ffcc1031000 	C:\WINDOWS\System32\kernel.appcore.dll
0x00007ffcadcd0000 - 0x00007ffcadcda000 	C:\Program Files\Java\jdk-16\bin\jimage.dll
0x00007ffcb1eb0000 - 0x00007ffcb20a4000 	C:\WINDOWS\SYSTEM32\DBGHELP.DLL
0x00007ffca8540000 - 0x00007ffca856a000 	C:\WINDOWS\SYSTEM32\dbgcore.DLL
0x00007ffcad9d0000 - 0x00007ffcad9f5000 	C:\Program Files\Java\jdk-16\bin\java.dll
0x00007ffcc2280000 - 0x00007ffcc2965000 	C:\WINDOWS\System32\SHELL32.dll
0x00007ffcc3490000 - 0x00007ffcc3539000 	C:\WINDOWS\System32\shcore.dll
0x00007ffcc1380000 - 0x00007ffcc1aff000 	C:\WINDOWS\System32\windows.storage.dll
0x00007ffcc0fe0000 - 0x00007ffcc0fff000 	C:\WINDOWS\System32\profapi.dll
0x00007ffcc1040000 - 0x00007ffcc108a000 	C:\WINDOWS\System32\powrprof.dll
0x00007ffcc0fd0000 - 0x00007ffcc0fe0000 	C:\WINDOWS\System32\UMPDC.dll
0x00007ffcc39b0000 - 0x00007ffcc3a02000 	C:\WINDOWS\System32\shlwapi.dll
0x00007ffcc1230000 - 0x00007ffcc1247000 	C:\WINDOWS\System32\cryptsp.dll
0x00007ffcac890000 - 0x00007ffcac8a9000 	C:\Program Files\Java\jdk-16\bin\net.dll
0x00007ffcb53d0000 - 0x00007ffcb54c0000 	C:\WINDOWS\SYSTEM32\WINHTTP.dll
0x00007ffcc0840000 - 0x00007ffcc08a7000 	C:\WINDOWS\system32\mswsock.dll
0x00007ffcaaed0000 - 0x00007ffcaaee3000 	C:\Program Files\Java\jdk-16\bin\nio.dll
0x00007ffc9b120000 - 0x00007ffc9b138000 	C:\Program Files\Java\jdk-16\bin\zip.dll
0x00007ffc79270000 - 0x00007ffc793f0000 	C:\Program Files\Java\jdk-16\bin\awt.dll
0x00007ffcc21b0000 - 0x00007ffcc2274000 	C:\WINDOWS\System32\OLEAUT32.dll
0x00007ffcbefe0000 - 0x00007ffcbf06f000 	C:\WINDOWS\SYSTEM32\apphelp.dll
0x00007ffcbf7a0000 - 0x00007ffcbf7cd000 	C:\WINDOWS\system32\DWMAPI.DLL
0x00007ffcbf110000 - 0x00007ffcbf1a9000 	C:\WINDOWS\system32\uxtheme.dll
0x00007ffc9a540000 - 0x00007ffc9a696000 	C:\WINDOWS\system32\opengl32.dll
0x00007ffcaae40000 - 0x00007ffcaae6c000 	C:\WINDOWS\SYSTEM32\GLU32.dll
0x00007ffcbfcb0000 - 0x00007ffcbfcd0000 	C:\WINDOWS\SYSTEM32\dxcore.dll
0x00007ffcc31c0000 - 0x00007ffcc32f5000 	C:\WINDOWS\System32\MSCTF.dll
0x00007ffcc3a10000 - 0x00007ffcc3b66000 	C:\WINDOWS\System32\ole32.dll
0x00007ffcc0590000 - 0x00007ffcc065a000 	C:\WINDOWS\SYSTEM32\DNSAPI.dll
0x00007ffcc2c90000 - 0x00007ffcc2c98000 	C:\WINDOWS\System32\NSI.dll
0x00007ffcc0550000 - 0x00007ffcc058a000 	C:\WINDOWS\SYSTEM32\IPHLPAPI.DLL
0x0000000054d10000 - 0x0000000054d45000 	C:\Program Files\Bonjour\mdnsNSP.dll
0x00007ffcb55a0000 - 0x00007ffcb55aa000 	C:\Windows\System32\rasadhlp.dll
0x00007ffcb54c0000 - 0x00007ffcb5537000 	C:\WINDOWS\System32\fwpuclnt.dll
0x00007ffcc1cd0000 - 0x00007ffcc1cf6000 	C:\WINDOWS\System32\bcrypt.dll
0x00007ffc79fa0000 - 0x00007ffc7a029000 	C:\Program Files\Java\jdk-16\bin\freetype.dll
0x00007ffc79170000 - 0x00007ffc79266000 	C:\Program Files\Java\jdk-16\bin\harfbuzz.dll
0x00007ffc9a520000 - 0x00007ffc9a532000 	C:\Program Files\Java\jdk-16\bin\fontmanager.dll
0x00007ffcc3540000 - 0x00007ffcc35e2000 	C:\WINDOWS\System32\clbcatq.dll
0x00007ffcbcb70000 - 0x00007ffcbcd1f000 	C:\WINDOWS\SYSTEM32\WindowsCodecs.dll
0x00007ffca9bd0000 - 0x00007ffca9c0a000 	C:\WINDOWS\system32\dataexchange.dll
0x00007ffcbe880000 - 0x00007ffcbea5b000 	C:\WINDOWS\system32\dcomp.dll
0x00007ffcbe090000 - 0x00007ffcbe2eb000 	C:\WINDOWS\system32\d3d11.dll
0x00007ffcbfcd0000 - 0x00007ffcbfdbb000 	C:\WINDOWS\system32\dxgi.dll
0x00007ffcbf280000 - 0x00007ffcbf4da000 	C:\WINDOWS\system32\twinapi.appcore.dll
0x00007ffcbf5d0000 - 0x00007ffcbf5f9000 	C:\WINDOWS\system32\RMCLIENT.dll
0x00007ffcb0e50000 - 0x00007ffcb0eee000 	C:\WINDOWS\System32\TextInputFramework.dll
0x00007ffcbedd0000 - 0x00007ffcbeea4000 	C:\WINDOWS\System32\CoreMessaging.dll
0x00007ffcbcf40000 - 0x00007ffcbd26a000 	C:\WINDOWS\System32\CoreUIComponents.dll
0x00007ffcc0030000 - 0x00007ffcc0061000 	C:\WINDOWS\SYSTEM32\ntmarta.dll
0x00007ffcbcde0000 - 0x00007ffcbcf33000 	C:\WINDOWS\SYSTEM32\wintypes.dll

dbghelp: loaded successfully - version: 4.0.5 - missing functions: none
symbol engine: initialized successfully - sym options: 0x614 - pdb path: .;C:\Program Files\Java\jdk-16\bin;C:\WINDOWS\SYSTEM32;C:\WINDOWS\WinSxS\amd64_microsoft.windows.common-controls_6595b64144ccf1df_6.0.18362.535_none_e6c3b34713100821;C:\Program Files\Java\jdk-16\bin\server;C:\Program Files\Bonjour

VM Arguments:
jvm_args: -Dfile.encoding=UTF-8 
java_command: checkbill.addcasher
java_class_path (initial): C:\Users\admin\Documents\NetBeansProjects\mysql-connector-java-8.0.25;C:\Users\admin\Documents\NetBeansProjects\mysql-connector-java-8.0.25\mysql-connector-java-8.0.25.jar;C:\Users\admin\Desktop\checkbill\build\classes
Launcher Type: SUN_STANDARD

[Global flags]
     intx CICompilerCount                          = 3                                         {product} {ergonomic}
     uint ConcGCThreads                            = 1                                         {product} {ergonomic}
     uint G1ConcRefinementThreads                  = 4                                         {product} {ergonomic}
   size_t G1HeapRegionSize                         = 1048576                                   {product} {ergonomic}
    uintx GCDrainStackTargetSize                   = 64                                        {product} {ergonomic}
   size_t InitialHeapSize                          = 67108864                                  {product} {ergonomic}
   size_t MarkStackSize                            = 4194304                                   {product} {ergonomic}
   size_t MaxHeapSize                              = 1048576000                                {product} {ergonomic}
   size_t MaxNewSize                               = 629145600                                 {product} {ergonomic}
   size_t MinHeapDeltaBytes                        = 1048576                                   {product} {ergonomic}
   size_t MinHeapSize                              = 8388608                                   {product} {ergonomic}
    uintx NonNMethodCodeHeapSize                   = 5832780                                {pd product} {ergonomic}
    uintx NonProfiledCodeHeapSize                  = 122912730                              {pd product} {ergonomic}
    uintx ProfiledCodeHeapSize                     = 122912730                              {pd product} {ergonomic}
    uintx ReservedCodeCacheSize                    = 251658240                              {pd product} {ergonomic}
     bool SegmentedCodeCache                       = true                                      {product} {ergonomic}
   size_t SoftMaxHeapSize                          = 1048576000                             {manageable} {ergonomic}
     bool UseCompressedClassPointers               = true                           {product lp64_product} {ergonomic}
     bool UseCompressedOops                        = true                           {product lp64_product} {ergonomic}
     bool UseG1GC                                  = true                                      {product} {ergonomic}
     bool UseLargePagesIndividualAllocation        = false                                  {pd product} {ergonomic}

Logging:
Log output configuration:
 #0: stdout all=warning uptime,level,tags
 #1: stderr all=off uptime,level,tags

Environment Variables:
PATH=C:\Program Files\Common Files\Oracle\Java\javapath;C:\WINDOWS\system32;C:\WINDOWS;C:\WINDOWS\System32\Wbem;C:\WINDOWS\System32\WindowsPowerShell\v1.0\;C:\WINDOWS\System32\OpenSSH\;C:\Program Files\Microsoft SQL Server\120\Tools\Binn\;C:\Program Files (x86)\Java\jdk1.7.0_76\bin;C:\Users\admin\AppData\Local\Programs\Python\Python38-32;C:\Users\admin\AppData\Local\Programs\Python\Python38-32\Scripts;C:\Program Files (x86)\Intel\Intel(R) Management Engine Components\DAL;C:\Program Files\Intel\Intel(R) Management Engine Components\DAL;C:\WINDOWS\system32\config\systemprofile\.dnx\bin;C:\Program Files\Microsoft DNX\Dnvm\;C:\Program Files\Java\jdk-16\bin;C:\Program Files\MySQL\MySQL Server 5.5\bin;C:\Program Files\Git\cmd;C:\Program Files (x86)\Java\jre7\bin;C:\Program Files\JetBrains\PyCharm Community Edition 2020.1.2\bin;;C:\xampp new\php;C:\Users\admin\AppData\Local\Programs\Microsoft VS Code\bin;C:\src\flutter\bin;
USERNAME=admin
OS=Windows_NT
PROCESSOR_IDENTIFIER=Intel64 Family 6 Model 142 Stepping 9, GenuineIntel



---------------  S Y S T E M  ---------------

OS:
 Windows 10 , 64 bit Build 18362 (10.0.18362.329)
OS uptime: 1 days 9:31 hours

CPU: total 4 (initial active 4) (2 cores per cpu, 2 threads per core) family 6 model 142 stepping 9 microcode 0xca, cx8, cmov, fxsr, ht, mmx, 3dnowpref, sse, sse2, sse3, ssse3, sse4.1, sse4.2, popcnt, lzcnt, tsc, tscinvbit, avx, avx2, aes, erms, clmul, bmi1, bmi2, adx, fma, vzeroupper, clflush, clflushopt

Memory: 4k page, system-wide physical 3993M (331M free)
TotalPageFile size 16281M (AvailPageFile size 0M)
current process WorkingSet (physical memory assigned to process): 86M, peak: 86M
current process commit charge ("private bytes"): 160M, peak: 164M

vm_info: Java HotSpot(TM) 64-Bit Server VM (16+36-2231) for windows-amd64 JRE (16+36-2231), built on Feb  8 2021 11:43:10 by "mach5one" with MS VC++ 16.7 (VS2019)

END.
