#
# There is insufficient memory for the Java Runtime Environment to continue.
# Native memory allocation (mmap) failed to map 16777216 bytes for G1 virtual space
# Possible reasons:
#   The system is out of physical RAM or swap space
#   The process is running with CompressedOops enabled, and the Java Heap may be blocking the growth of the native heap
# Possible solutions:
#   Reduce memory load on the system
#   Increase physical memory or swap space
#   Check if swap backing store is full
#   Decrease Java heap size (-Xmx/-Xms)
#   Decrease number of Java threads
#   Decrease Java thread stack sizes (-Xss)
#   Set larger code cache with -XX:ReservedCodeCacheSize=
#   JVM is running with Unscaled Compressed Oops mode in which the Java heap is
#     placed in the first 4GB address space. The Java Heap base address is the
#     maximum limit for the native heap growth. Please use -XX:HeapBaseMinAddress
#     to set the Java Heap base and to place the Java Heap above 4GB virtual address.
# This output file may be truncated or incomplete.
#
#  Out of Memory Error (os_windows.cpp:3466), pid=10164, tid=16276
#
# JRE version: Java(TM) SE Runtime Environment (16.0+36) (build 16+36-2231)
# Java VM: Java HotSpot(TM) 64-Bit Server VM (16+36-2231, mixed mode, sharing, tiered, compressed oops, g1 gc, windows-amd64)
# No core dump will be written. Minidumps are not enabled by default on client versions of Windows
#

---------------  S U M M A R Y ------------

Command Line: -Dfile.encoding=UTF-8 checkbill.cashierdashboard

Host: Intel(R) Core(TM) i3-7020U CPU @ 2.30GHz, 4 cores, 3G,  Windows 10 , 64 bit Build 18362 (10.0.18362.329)
Time: Fri Sep 17 17:22:47 2021 India Standard Time elapsed time: 1.317822 seconds (0d 0h 0m 1s)

---------------  T H R E A D  ---------------

Current thread (0x000001212206a2b0):  VMThread "VM Thread" [stack: 0x000000192a400000,0x000000192a500000] [id=16276]

Stack: [0x000000192a400000,0x000000192a500000]
Native frames: (J=compiled Java code, j=interpreted, Vv=VM code, C=native code)
V  [jvm.dll+0x6681da]
V  [jvm.dll+0x7c9d99]
V  [jvm.dll+0x7cb4d3]
V  [jvm.dll+0x7cbb33]
V  [jvm.dll+0x242ee5]
V  [jvm.dll+0x664f99]
V  [jvm.dll+0x659b85]
V  [jvm.dll+0x2fbfcb]
V  [jvm.dll+0x3031c6]
V  [jvm.dll+0x352a0e]
V  [jvm.dll+0x352c3f]
V  [jvm.dll+0x2d3038]
V  [jvm.dll+0x2d65a6]
V  [jvm.dll+0x2e0ab7]
V  [jvm.dll+0x315560]
V  [jvm.dll+0x7cff2b]
V  [jvm.dll+0x7d0c24]
V  [jvm.dll+0x7d1129]
V  [jvm.dll+0x7d13e4]
V  [jvm.dll+0x7d14b0]
V  [jvm.dll+0x77952a]
V  [jvm.dll+0x667076]
C  [ucrtbase.dll+0x20e72]
C  [KERNEL32.DLL+0x17bd4]
C  [ntdll.dll+0x6ced1]

VM_Operation (0x000000192a0ff410): G1Concurrent, mode: safepoint, requested by thread 0x0000012121fefc80


---------------  P R O C E S S  ---------------

Threads class SMR info:
_java_thread_list=0x000001213dffa800, length=17, elements={
0x0000012121fb4880, 0x00000121220709c0, 0x0000012122071f30, 0x000001212207cf10,
0x000001212207e830, 0x000001213d0a0ae0, 0x000001213d0a1b90, 0x000001213d0adb50,
0x000001213d0b44c0, 0x000001213d0c8a20, 0x000001213dc6e4b0, 0x000001213dc7a1e0,
0x000001213ded0d20, 0x000001213ded3d00, 0x000001213dedfd00, 0x000001213dfcef40,
0x000001213dffdc30
}

Java Threads: ( => current thread )
  0x0000012121fb4880 JavaThread "main" [_thread_blocked, id=15804, stack(0x0000001929e00000,0x0000001929f00000)]
  0x00000121220709c0 JavaThread "Reference Handler" daemon [_thread_blocked, id=12648, stack(0x000000192a500000,0x000000192a600000)]
  0x0000012122071f30 JavaThread "Finalizer" daemon [_thread_blocked, id=15588, stack(0x000000192a600000,0x000000192a700000)]
  0x000001212207cf10 JavaThread "Signal Dispatcher" daemon [_thread_blocked, id=4936, stack(0x000000192a700000,0x000000192a800000)]
  0x000001212207e830 JavaThread "Attach Listener" daemon [_thread_blocked, id=3452, stack(0x000000192a800000,0x000000192a900000)]
  0x000001213d0a0ae0 JavaThread "Service Thread" daemon [_thread_blocked, id=5192, stack(0x000000192a900000,0x000000192aa00000)]
  0x000001213d0a1b90 JavaThread "Monitor Deflation Thread" daemon [_thread_blocked, id=16080, stack(0x000000192aa00000,0x000000192ab00000)]
  0x000001213d0adb50 JavaThread "C2 CompilerThread0" daemon [_thread_blocked, id=6396, stack(0x000000192ab00000,0x000000192ac00000)]
  0x000001213d0b44c0 JavaThread "C1 CompilerThread0" daemon [_thread_blocked, id=11976, stack(0x000000192ac00000,0x000000192ad00000)]
  0x000001213d0c8a20 JavaThread "Sweeper thread" daemon [_thread_blocked, id=6436, stack(0x000000192ad00000,0x000000192ae00000)]
  0x000001213dc6e4b0 JavaThread "Notification Thread" daemon [_thread_blocked, id=10244, stack(0x000000192ae00000,0x000000192af00000)]
  0x000001213dc7a1e0 JavaThread "Common-Cleaner" daemon [_thread_blocked, id=12104, stack(0x000000192b000000,0x000000192b100000)]
  0x000001213ded0d20 JavaThread "Java2D Disposer" daemon [_thread_blocked, id=14744, stack(0x000000192b100000,0x000000192b200000)]
  0x000001213ded3d00 JavaThread "AWT-Shutdown" [_thread_blocked, id=9460, stack(0x000000192b200000,0x000000192b300000)]
  0x000001213dedfd00 JavaThread "AWT-Windows" daemon [_thread_in_native, id=9220, stack(0x000000192b300000,0x000000192b400000)]
  0x000001213dfcef40 JavaThread "Image Fetcher 0" daemon [_thread_blocked, id=15732, stack(0x000000192b400000,0x000000192b500000)]
  0x000001213dffdc30 JavaThread "Image Fetcher 1" daemon [_thread_blocked, id=8196, stack(0x000000192b500000,0x000000192b600000)]

Other Threads:
=>0x000001212206a2b0 VMThread "VM Thread" [stack: 0x000000192a400000,0x000000192a500000] [id=16276]
  0x000001213dc6ede0 WatcherThread [stack: 0x000000192af00000,0x000000192b000000] [id=6168]
  0x0000012121fe6020 GCTaskThread "GC Thread#0" [stack: 0x0000001929f00000,0x000000192a000000] [id=11260]
  0x000001213e97c300 GCTaskThread "GC Thread#1" [stack: 0x000000192b600000,0x000000192b700000] [id=1324]
  0x000001213e97c610 GCTaskThread "GC Thread#2" [stack: 0x000000192b700000,0x000000192b800000] [id=16148]
  0x000001213e97c920 GCTaskThread "GC Thread#3" [stack: 0x000000192b800000,0x000000192b900000] [id=3736]
  0x0000012121fefc80 ConcurrentGCThread "G1 Main Marker" [stack: 0x000000192a000000,0x000000192a100000] [id=13076]
  0x0000012121ff0da0 ConcurrentGCThread "G1 Conc#0" [stack: 0x000000192a100000,0x000000192a200000] [id=14016]
  0x0000012122041ae0 ConcurrentGCThread "G1 Refine#0" [stack: 0x000000192a200000,0x000000192a300000] [id=12020]
  0x0000012122042470 ConcurrentGCThread "G1 Service" [stack: 0x000000192a300000,0x000000192a400000] [id=3876]

Threads with active compile tasks:

VM state: at safepoint (normal execution)

VM Mutex/Monitor currently owned by a thread:  ([mutex/lock_event])
[0x0000012121fb13d0] Threads_lock - owner thread: 0x000001212206a2b0
[0x0000012121fb2030] Heap_lock - owner thread: 0x0000012121fefc80

Heap address: 0x00000000c1800000, size: 1000 MB, Compressed Oops mode: 32-bit
CDS archive(s) mapped at: [0x0000000800000000-0x0000000800bb0000-0x0000000800bb0000), size 12255232, SharedBaseAddress: 0x0000000800000000, ArchiveRelocationMode: 0.
Compressed class space mapped at: 0x0000000800c00000-0x0000000840c00000, reserved size: 1073741824
Narrow klass base: 0x0000000800000000, Narrow klass shift: 3, Narrow klass range: 0x100000000

GC Precious Log:
 CPUs: 4 total, 4 available
 Memory: 3993M
 Large Page Support: Disabled
 NUMA Support: Disabled
 Compressed Oops: Enabled (32-bit)
 Heap Region Size: 1M
 Heap Min Capacity: 8M
 Heap Initial Capacity: 64M
 Heap Max Capacity: 1000M
 Pre-touch: Disabled
 Parallel Workers: 4
 Concurrent Workers: 1
 Concurrent Refinement Workers: 4
 Periodic GC: Disabled

Heap:
 garbage-first heap   total 65536K, used 46095K [0x00000000c1800000, 0x0000000100000000)
  region size 1024K, 3 young (3072K), 1 survivors (1024K)
 Metaspace       used 6517K, committed 6720K, reserved 1056768K
  class space    used 719K, committed 832K, reserved 1048576K

Heap Regions: E=young(eden), S=young(survivor), O=old, HS=humongous(starts), HC=humongous(continues), CS=collection set, F=free, OA=open archive, CA=closed archive, TAMS=top-at-mark-start (previous, next)
|   0|0x00000000c1800000, 0x00000000c1900000, 0x00000000c1900000|100%|HS|  |TAMS 0x00000000c1900000, 0x00000000c1800000| Complete 
|   1|0x00000000c1900000, 0x00000000c1a00000, 0x00000000c1a00000|100%|HC|  |TAMS 0x00000000c1a00000, 0x00000000c1900000| Complete 
|   2|0x00000000c1a00000, 0x00000000c1b00000, 0x00000000c1b00000|100%|HC|  |TAMS 0x00000000c1b00000, 0x00000000c1a00000| Complete 
|   3|0x00000000c1b00000, 0x00000000c1c00000, 0x00000000c1c00000|100%|HC|  |TAMS 0x00000000c1c00000, 0x00000000c1b00000| Complete 
|   4|0x00000000c1c00000, 0x00000000c1d00000, 0x00000000c1d00000|100%|HC|  |TAMS 0x00000000c1d00000, 0x00000000c1c00000| Complete 
|   5|0x00000000c1d00000, 0x00000000c1e00000, 0x00000000c1e00000|100%|HC|  |TAMS 0x00000000c1e00000, 0x00000000c1d00000| Complete 
|   6|0x00000000c1e00000, 0x00000000c1f00000, 0x00000000c1f00000|100%|HC|  |TAMS 0x00000000c1f00000, 0x00000000c1e00000| Complete 
|   7|0x00000000c1f00000, 0x00000000c2000000, 0x00000000c2000000|100%|HC|  |TAMS 0x00000000c2000000, 0x00000000c1f00000| Complete 
|   8|0x00000000c2000000, 0x00000000c2100000, 0x00000000c2100000|100%|HC|  |TAMS 0x00000000c2100000, 0x00000000c2000000| Complete 
|   9|0x00000000c2100000, 0x00000000c2200000, 0x00000000c2200000|100%|HC|  |TAMS 0x00000000c2200000, 0x00000000c2100000| Complete 
|  10|0x00000000c2200000, 0x00000000c2300000, 0x00000000c2300000|100%|HC|  |TAMS 0x00000000c2300000, 0x00000000c2200000| Complete 
|  11|0x00000000c2300000, 0x00000000c2400000, 0x00000000c2400000|100%|HC|  |TAMS 0x00000000c2400000, 0x00000000c2300000| Complete 
|  12|0x00000000c2400000, 0x00000000c2500000, 0x00000000c2500000|100%|HC|  |TAMS 0x00000000c2500000, 0x00000000c2400000| Complete 
|  13|0x00000000c2500000, 0x00000000c2600000, 0x00000000c2600000|100%|HC|  |TAMS 0x00000000c2600000, 0x00000000c2500000| Complete 
|  14|0x00000000c2600000, 0x00000000c2700000, 0x00000000c2700000|100%|HC|  |TAMS 0x00000000c2700000, 0x00000000c2600000| Complete 
|  15|0x00000000c2700000, 0x00000000c2800000, 0x00000000c2800000|100%|HC|  |TAMS 0x00000000c2800000, 0x00000000c2700000| Complete 
|  16|0x00000000c2800000, 0x00000000c2900000, 0x00000000c2900000|100%|HC|  |TAMS 0x00000000c2900000, 0x00000000c2800000| Complete 
|  17|0x00000000c2900000, 0x00000000c2a00000, 0x00000000c2a00000|100%|HC|  |TAMS 0x00000000c2a00000, 0x00000000c2900000| Complete 
|  18|0x00000000c2a00000, 0x00000000c2b00000, 0x00000000c2b00000|100%|HC|  |TAMS 0x00000000c2b00000, 0x00000000c2a00000| Complete 
|  19|0x00000000c2b00000, 0x00000000c2c00000, 0x00000000c2c00000|100%|HC|  |TAMS 0x00000000c2c00000, 0x00000000c2b00000| Complete 
|  20|0x00000000c2c00000, 0x00000000c2d00000, 0x00000000c2d00000|100%|HC|  |TAMS 0x00000000c2d00000, 0x00000000c2c00000| Complete 
|  21|0x00000000c2d00000, 0x00000000c2e00000, 0x00000000c2e00000|100%|HC|  |TAMS 0x00000000c2e00000, 0x00000000c2d00000| Complete 
|  22|0x00000000c2e00000, 0x00000000c2f00000, 0x00000000c2f00000|100%|HC|  |TAMS 0x00000000c2f00000, 0x00000000c2e00000| Complete 
|  23|0x00000000c2f00000, 0x00000000c3000000, 0x00000000c3000000|100%|HC|  |TAMS 0x00000000c3000000, 0x00000000c2f00000| Complete 
|  24|0x00000000c3000000, 0x00000000c3100000, 0x00000000c3100000|100%|HC|  |TAMS 0x00000000c3100000, 0x00000000c3000000| Complete 
|  25|0x00000000c3100000, 0x00000000c3200000, 0x00000000c3200000|100%|HC|  |TAMS 0x00000000c3200000, 0x00000000c3100000| Complete 
|  26|0x00000000c3200000, 0x00000000c3300000, 0x00000000c3300000|100%|HC|  |TAMS 0x00000000c3300000, 0x00000000c3200000| Complete 
|  27|0x00000000c3300000, 0x00000000c3400000, 0x00000000c3400000|100%|HC|  |TAMS 0x00000000c3400000, 0x00000000c3300000| Complete 
|  28|0x00000000c3400000, 0x00000000c3500000, 0x00000000c3500000|100%|HC|  |TAMS 0x00000000c3500000, 0x00000000c3400000| Complete 
|  29|0x00000000c3500000, 0x00000000c3600000, 0x00000000c3600000|100%|HC|  |TAMS 0x00000000c3600000, 0x00000000c3500000| Complete 
|  30|0x00000000c3600000, 0x00000000c3700000, 0x00000000c3700000|100%|HC|  |TAMS 0x00000000c3700000, 0x00000000c3600000| Complete 
|  31|0x00000000c3700000, 0x00000000c3800000, 0x00000000c3800000|100%|HC|  |TAMS 0x00000000c3800000, 0x00000000c3700000| Complete 
|  32|0x00000000c3800000, 0x00000000c3900000, 0x00000000c3900000|100%|HC|  |TAMS 0x00000000c3900000, 0x00000000c3800000| Complete 
|  33|0x00000000c3900000, 0x00000000c3a00000, 0x00000000c3a00000|100%|HC|  |TAMS 0x00000000c3a00000, 0x00000000c3900000| Complete 
|  34|0x00000000c3a00000, 0x00000000c3b00000, 0x00000000c3b00000|100%|HC|  |TAMS 0x00000000c3b00000, 0x00000000c3a00000| Complete 
|  35|0x00000000c3b00000, 0x00000000c3c00000, 0x00000000c3c00000|100%|HC|  |TAMS 0x00000000c3c00000, 0x00000000c3b00000| Complete 
|  36|0x00000000c3c00000, 0x00000000c3d00000, 0x00000000c3d00000|100%|HC|  |TAMS 0x00000000c3d00000, 0x00000000c3c00000| Complete 
|  37|0x00000000c3d00000, 0x00000000c3e00000, 0x00000000c3e00000|100%|HC|  |TAMS 0x00000000c3e00000, 0x00000000c3d00000| Complete 
|  38|0x00000000c3e00000, 0x00000000c3f00000, 0x00000000c3f00000|100%|HC|  |TAMS 0x00000000c3f00000, 0x00000000c3e00000| Complete 
|  39|0x00000000c3f00000, 0x00000000c4000000, 0x00000000c4000000|100%|HC|  |TAMS 0x00000000c4000000, 0x00000000c3f00000| Complete 
|  40|0x00000000c4000000, 0x00000000c4100000, 0x00000000c4100000|100%|HC|  |TAMS 0x00000000c4100000, 0x00000000c4000000| Complete 
|  41|0x00000000c4100000, 0x00000000c4200000, 0x00000000c4200000|100%|HC|  |TAMS 0x00000000c4200000, 0x00000000c4100000| Complete 
|  42|0x00000000c4200000, 0x00000000c4300000, 0x00000000c4300000|100%|HC|  |TAMS 0x00000000c4300000, 0x00000000c4200000| Complete 
|  43|0x00000000c4300000, 0x00000000c4400000, 0x00000000c4400000|100%| O|  |TAMS 0x00000000c4400000, 0x00000000c4300000| Updating 
|  44|0x00000000c4400000, 0x00000000c44fa200, 0x00000000c4500000| 97%| O|  |TAMS 0x00000000c44fa200, 0x00000000c4400000| Updating 
|  45|0x00000000c4500000, 0x00000000c4500000, 0x00000000c4600000|  0%| F|  |TAMS 0x00000000c4500000, 0x00000000c4500000| Untracked 
|  46|0x00000000c4600000, 0x00000000c4600000, 0x00000000c4700000|  0%| F|  |TAMS 0x00000000c4600000, 0x00000000c4600000| Untracked 
|  47|0x00000000c4700000, 0x00000000c4700000, 0x00000000c4800000|  0%| F|  |TAMS 0x00000000c4700000, 0x00000000c4700000| Untracked 
|  48|0x00000000c4800000, 0x00000000c4800000, 0x00000000c4900000|  0%| F|  |TAMS 0x00000000c4800000, 0x00000000c4800000| Untracked 
|  49|0x00000000c4900000, 0x00000000c4900000, 0x00000000c4a00000|  0%| F|  |TAMS 0x00000000c4900000, 0x00000000c4900000| Untracked 
|  50|0x00000000c4a00000, 0x00000000c4a00000, 0x00000000c4b00000|  0%| F|  |TAMS 0x00000000c4a00000, 0x00000000c4a00000| Untracked 
|  51|0x00000000c4b00000, 0x00000000c4b00000, 0x00000000c4c00000|  0%| F|  |TAMS 0x00000000c4b00000, 0x00000000c4b00000| Untracked 
|  52|0x00000000c4c00000, 0x00000000c4c00000, 0x00000000c4d00000|  0%| F|  |TAMS 0x00000000c4c00000, 0x00000000c4c00000| Untracked 
|  53|0x00000000c4d00000, 0x00000000c4d00000, 0x00000000c4e00000|  0%| F|  |TAMS 0x00000000c4d00000, 0x00000000c4d00000| Untracked 
|  54|0x00000000c4e00000, 0x00000000c4e00000, 0x00000000c4f00000|  0%| F|  |TAMS 0x00000000c4e00000, 0x00000000c4e00000| Untracked 
|  55|0x00000000c4f00000, 0x00000000c4f00000, 0x00000000c5000000|  0%| F|  |TAMS 0x00000000c4f00000, 0x00000000c4f00000| Untracked 
|  56|0x00000000c5000000, 0x00000000c5000000, 0x00000000c5100000|  0%| F|  |TAMS 0x00000000c5000000, 0x00000000c5000000| Untracked 
|  57|0x00000000c5100000, 0x00000000c5100000, 0x00000000c5200000|  0%| F|  |TAMS 0x00000000c5100000, 0x00000000c5100000| Untracked 
|  58|0x00000000c5200000, 0x00000000c5209a50, 0x00000000c5300000|  3%| S|CS|TAMS 0x00000000c5200000, 0x00000000c5200000| Complete 
|  59|0x00000000c5300000, 0x00000000c5300000, 0x00000000c5400000|  0%| F|  |TAMS 0x00000000c5300000, 0x00000000c5300000| Untracked 
|  60|0x00000000c5400000, 0x00000000c5400000, 0x00000000c5500000|  0%| F|  |TAMS 0x00000000c5400000, 0x00000000c5400000| Untracked 
|  61|0x00000000c5500000, 0x00000000c5500000, 0x00000000c5600000|  0%| F|  |TAMS 0x00000000c5500000, 0x00000000c5500000| Untracked 
|  62|0x00000000c5600000, 0x00000000c56340d0, 0x00000000c5700000| 20%| E|  |TAMS 0x00000000c5600000, 0x00000000c5600000| Complete 
|  63|0x00000000c5700000, 0x00000000c57fc0f0, 0x00000000c5800000| 98%| E|  |TAMS 0x00000000c5700000, 0x00000000c5700000| Complete 

Card table byte_map: [0x0000012138910000,0x0000012138b10000] _byte_map_base: 0x0000012138304000

Marking Bits (Prev, Next): (CMBitMap*) 0x0000012121fe75f0, (CMBitMap*) 0x0000012121fe75b0
 Prev Bits: [0x0000012139cb0000, 0x000001213ac50000)
 Next Bits: [0x0000012138d10000, 0x0000012139cb0000)

Polling page: 0x0000012120140000

Metaspace:

Usage:
  Non-class:      5.66 MB used.
      Class:    719.32 KB used.
       Both:      6.36 MB used.

Virtual space:
  Non-class space:        8.00 MB reserved,       5.75 MB ( 72%) committed,  1 nodes.
      Class space:        1.00 GB reserved,     832.00 KB ( <1%) committed,  1 nodes.
              Both:        1.01 GB reserved,       6.56 MB ( <1%) committed. 

Chunk freelists:
   Non-Class:  2.14 MB
       Class:  3.25 MB
        Both:  5.39 MB

MaxMetaspaceSize: 17179869184.00 GB
CompressedClassSpaceSize: 1.00 GB
 - commit_granule_bytes: 65536.
 - commit_granule_words: 8192.
 - virtual_space_node_default_size: 1048576.
 - enlarge_chunks_in_place: 1.
 - new_chunks_are_fully_committed: 0.
 - uncommit_free_chunks: 1.
 - use_allocation_guard: 0.
 - handle_deallocations: 1.


Internal statistics:

num_allocs_failed_limit: 0.
num_arena_births: 98.
num_arena_deaths: 0.
num_vsnodes_births: 2.
num_vsnodes_deaths: 0.
num_space_committed: 105.
num_space_uncommitted: 0.
num_chunks_returned_to_freelist: 0.
num_chunks_taken_from_freelist: 119.
num_chunk_merges: 0.
num_chunk_splits: 76.
num_chunks_enlarged: 40.
num_purges: 0.

CodeHeap 'non-profiled nmethods': size=120000Kb used=172Kb max_used=172Kb free=119827Kb
 bounds [0x00000121311e0000, 0x0000012131450000, 0x0000012138710000]
CodeHeap 'profiled nmethods': size=120000Kb used=936Kb max_used=936Kb free=119063Kb
 bounds [0x0000012129cb0000, 0x0000012129f20000, 0x00000121311e0000]
CodeHeap 'non-nmethods': size=5760Kb used=1245Kb max_used=1259Kb free=4514Kb
 bounds [0x0000012129710000, 0x0000012129980000, 0x0000012129cb0000]
 total_blobs=1195 nmethods=637 adapters=471
 compilation: enabled
              stopped_count=0, restarted_count=0
 full_count=0

Compilation events (20 events):
Event: 0.720 Thread 0x000001213d0b44c0  623       1       java.awt.Color::getRGB (5 bytes)
Event: 0.720 Thread 0x000001213d0b44c0 nmethod 623 0x000001213120a210 code [0x000001213120a3a0, 0x000001213120a478]
Event: 0.721 Thread 0x000001213d0b44c0  627       3       java.awt.Component::getTreeLock (4 bytes)
Event: 0.721 Thread 0x000001213d0b44c0 nmethod 627 0x0000012129d96c90 code [0x0000012129d96e20, 0x0000012129d96f38]
Event: 0.869 Thread 0x000001213d0b44c0  628       3       java.util.HashMap$KeyIterator::next (8 bytes)
Event: 0.869 Thread 0x000001213d0b44c0 nmethod 628 0x0000012129d97010 code [0x0000012129d971c0, 0x0000012129d97308]
Event: 0.870 Thread 0x000001213d0b44c0  629       3       java.lang.Module::isNamed (13 bytes)
Event: 0.871 Thread 0x000001213d0b44c0 nmethod 629 0x0000012129d97410 code [0x0000012129d975a0, 0x0000012129d97718]
Event: 0.908 Thread 0x000001213d0b44c0  630       3       java.io.BufferedInputStream::getInIfOpen (21 bytes)
Event: 0.909 Thread 0x000001213d0b44c0 nmethod 630 0x0000012129d97790 code [0x0000012129d97940, 0x0000012129d97b68]
Event: 0.910 Thread 0x000001213d0b44c0  631       3       java.io.FileInputStream::available (5 bytes)
Event: 0.910 Thread 0x000001213d0b44c0 nmethod 631 0x0000012129d97c10 code [0x0000012129d97dc0, 0x0000012129d97f08]
Event: 0.911 Thread 0x000001213d0b44c0  633  s    3       java.io.BufferedInputStream::available (35 bytes)
Event: 0.912 Thread 0x000001213d0b44c0 nmethod 633 0x0000012129d97f90 code [0x0000012129d98160, 0x0000012129d985b8]
Event: 0.930 Thread 0x000001213d0b44c0  635   !   3       java.lang.ref.ReferenceQueue::enqueue (119 bytes)
Event: 0.930 Thread 0x000001213d0b44c0 nmethod 635 0x0000012129d98710 code [0x0000012129d98900, 0x0000012129d98fe8]
Event: 0.979 Thread 0x000001213d0b44c0  637       3       sun.awt.image.ImageDecoder::setPixels (58 bytes)
Event: 0.980 Thread 0x000001213d0b44c0 nmethod 637 0x0000012129d99190 code [0x0000012129d99380, 0x0000012129d99b28]
Event: 1.035 Thread 0x000001213d0b44c0  638       3       sun.awt.image.JPEGImageDecoder::sendPixels (40 bytes)
Event: 1.035 Thread 0x000001213d0b44c0 nmethod 638 0x0000012129d99e10 code [0x0000012129d99fc0, 0x0000012129d9a268]

GC Heap History (6 events):
Event: 0.924 GC heap before
{Heap before GC invocations=0 (full 0):
 garbage-first heap   total 65536K, used 5120K [0x00000000c1800000, 0x0000000100000000)
  region size 1024K, 6 young (6144K), 0 survivors (0K)
 Metaspace       used 6514K, committed 6720K, reserved 1056768K
  class space    used 719K, committed 832K, reserved 1048576K
}
Event: 0.929 GC heap after
{Heap after GC invocations=1 (full 0):
 garbage-first heap   total 65536K, used 2032K [0x00000000c1800000, 0x0000000100000000)
  region size 1024K, 2 young (2048K), 2 survivors (2048K)
 Metaspace       used 6514K, committed 6720K, reserved 1056768K
  class space    used 719K, committed 832K, reserved 1048576K
}
Event: 1.132 GC heap before
{Heap before GC invocations=1 (full 0):
 garbage-first heap   total 65536K, used 55280K [0x00000000c1800000, 0x0000000100000000)
  region size 1024K, 12 young (12288K), 2 survivors (2048K)
 Metaspace       used 6517K, committed 6720K, reserved 1056768K
  class space    used 719K, committed 832K, reserved 1048576K
}
Event: 1.136 GC heap after
{Heap after GC invocations=2 (full 0):
 garbage-first heap   total 65536K, used 46133K [0x00000000c1800000, 0x0000000100000000)
  region size 1024K, 1 young (1024K), 1 survivors (1024K)
 Metaspace       used 6517K, committed 6720K, reserved 1056768K
  class space    used 719K, committed 832K, reserved 1048576K
}
Event: 1.155 GC heap before
{Heap before GC invocations=2 (full 0):
 garbage-first heap   total 65536K, used 50229K [0x00000000c1800000, 0x0000000100000000)
  region size 1024K, 6 young (6144K), 1 survivors (1024K)
 Metaspace       used 6517K, committed 6720K, reserved 1056768K
  class space    used 719K, committed 832K, reserved 1048576K
}
Event: 1.156 GC heap after
{Heap after GC invocations=3 (full 0):
 garbage-first heap   total 65536K, used 46095K [0x00000000c1800000, 0x0000000100000000)
  region size 1024K, 1 young (1024K), 1 survivors (1024K)
 Metaspace       used 6517K, committed 6720K, reserved 1056768K
  class space    used 719K, committed 832K, reserved 1048576K
}

Deoptimization events (2 events):
Event: 0.632 Thread 0x0000012121fb4880 DEOPT PACKING pc=0x0000012129cc57e7 sp=0x0000001929efcfb0
Event: 0.632 Thread 0x0000012121fb4880 DEOPT UNPACKING pc=0x000001212975dece sp=0x0000001929efc3d0 mode 0

Classes unloaded (0 events):
No events

Classes redefined (0 events):
No events

Internal exceptions (14 events):
Event: 0.155 Thread 0x0000012121fb4880 Exception <a 'java/lang/NoSuchMethodError'{0x00000000c56821f8}: 'void java.lang.invoke.DirectMethodHandle$Holder.invokeSpecial(java.lang.Object, java.lang.Object, java.lang.Object)'> (0x00000000c56821f8) 
thrown [t:\workspace\open\src\hotspot\share\interpreter\linkResolver.cpp, line 790]
Event: 0.173 Thread 0x0000012121fb4880 Exception <a 'java/lang/ClassNotFoundException'{0x00000000c569fb80}: sun/awt/resources/spi/awtProvider> (0x00000000c569fb80) 
thrown [t:\workspace\open\src\hotspot\share\classfile\systemDictionary.cpp, line 256]
Event: 0.214 Thread 0x0000012121fb4880 Exception <a 'java/io/FileNotFoundException'{0x00000000c56f95e8}> (0x00000000c56f95e8) 
thrown [t:\workspace\open\src\hotspot\share\prims\jni.cpp, line 579]
Event: 0.228 Thread 0x0000012121fb4880 Exception <a 'java/io/FileNotFoundException'{0x00000000c55283f0}> (0x00000000c55283f0) 
thrown [t:\workspace\open\src\hotspot\share\prims\jni.cpp, line 579]
Event: 0.229 Thread 0x0000012121fb4880 Exception <a 'java/lang/NoSuchMethodError'{0x00000000c55295d8}: 'java.lang.Object java.lang.invoke.DirectMethodHandle$Holder.invokeStatic(java.lang.Object)'> (0x00000000c55295d8) 
thrown [t:\workspace\open\src\hotspot\share\interpreter\linkResolver.cpp, line 790]
Event: 0.297 Thread 0x0000012121fb4880 Exception <a 'java/lang/NoSuchMethodError'{0x00000000c557ead8}: 'java.lang.Object java.lang.invoke.DirectMethodHandle$Holder.invokeStaticInit(java.lang.Object)'> (0x00000000c557ead8) 
thrown [t:\workspace\open\src\hotspot\share\interpreter\linkResolver.cpp, line 790]
Event: 0.365 Thread 0x0000012121fb4880 Exception <a 'java/lang/NoSuchMethodError'{0x00000000c5427f28}: 'java.lang.Object java.lang.invoke.DirectMethodHandle$Holder.newInvokeSpecial(java.lang.Object, java.lang.Object, java.lang.Object, java.lang.Object, java.lang.Object)'> (0x00000000c5427f28) 
thrown [t:\workspace\open\src\hotspot\share\interpreter\linkResolver.cpp, line 790]
Event: 0.369 Thread 0x0000012121fb4880 Exception <a 'java/lang/NoSuchMethodError'{0x00000000c5433a10}: 'java.lang.Object java.lang.invoke.DirectMethodHandle$Holder.invokeStatic(java.lang.Object, int, java.lang.Object, java.lang.Object, java.lang.Object, java.lang.Object)'> (0x00000000c5433a10) 
thrown [t:\workspace\open\src\hotspot\share\interpreter\linkResolver.cpp, line 790]
Event: 0.380 Thread 0x0000012121fb4880 Exception <a 'java/lang/NoSuchMethodError'{0x00000000c5459d80}: 'java.lang.Object java.lang.invoke.DirectMethodHandle$Holder.invokeStatic(java.lang.Object, int, java.lang.Object)'> (0x00000000c5459d80) 
thrown [t:\workspace\open\src\hotspot\share\interpreter\linkResolver.cpp, line 790]
Event: 0.440 Thread 0x0000012121fb4880 Exception <a 'java/lang/ClassNotFoundException'{0x00000000c5312520}: com/sun/swing/internal/plaf/metal/resources/spi/metalProvider> (0x00000000c5312520) 
thrown [t:\workspace\open\src\hotspot\share\classfile\systemDictionary.cpp, line 256]
Event: 0.442 Thread 0x0000012121fb4880 Exception <a 'java/lang/ClassNotFoundException'{0x00000000c5316818}: com/sun/swing/internal/plaf/basic/resources/spi/basicProvider> (0x00000000c5316818) 
thrown [t:\workspace\open\src\hotspot\share\classfile\systemDictionary.cpp, line 256]
Event: 0.672 Thread 0x000001213dfcef40 Exception <a 'java/lang/NoSuchMethodError'{0x00000000c53db980}: 'java.lang.Object java.lang.invoke.DirectMethodHandle$Holder.newInvokeSpecial(java.lang.Object, java.lang.Object, java.lang.Object, int, int, int, int, int)'> (0x00000000c53db980) 
thrown [t:\workspace\open\src\hotspot\share\interpreter\linkResolver.cpp, line 790]
Event: 0.868 Thread 0x000001213dfcef40 Exception <a 'sun/awt/image/ImageFormatException'{0x00000000c526f7e8}: Insufficient memory (case 4)> (0x00000000c526f7e8) 
thrown [t:\workspace\open\src\hotspot\share\prims\jni.cpp, line 600]
Event: 0.873 Thread 0x000001213dffdc30 Exception <a 'sun/awt/image/ImageFormatException'{0x00000000c52c2aa0}: Insufficient memory (case 4)> (0x00000000c52c2aa0) 
thrown [t:\workspace\open\src\hotspot\share\prims\jni.cpp, line 600]

Events (20 events):
Event: 0.721 loading class sun/awt/image/JPEGImageDecoder
Event: 0.721 loading class sun/awt/image/JPEGImageDecoder done
Event: 0.722 loading class sun/awt/image/JPEGImageDecoder$1
Event: 0.722 loading class sun/awt/image/JPEGImageDecoder$1 done
Event: 0.779 Loaded shared library C:\Program Files\Java\jdk-16\bin\javajpeg.dll
Event: 0.868 loading class sun/awt/image/ImageFormatException
Event: 0.868 loading class sun/awt/image/ImageFormatException done
Event: 0.868 loading class java/lang/Throwable$WrappedPrintStream
Event: 0.868 loading class java/lang/Throwable$PrintStreamOrWriter
Event: 0.868 loading class java/lang/Throwable$PrintStreamOrWriter done
Event: 0.868 loading class java/lang/Throwable$WrappedPrintStream done
Event: 0.868 loading class java/lang/StackTraceElement$HashedModules
Event: 0.868 loading class java/lang/StackTraceElement$HashedModules done
Event: 0.923 Executing  VM operation: G1TryInitiateConcMark
Event: 0.929 Executing  VM operation: G1TryInitiateConcMark done
Event: 1.132 Executing  VM operation: G1CollectForAllocation
Event: 1.136 Executing  VM operation: G1CollectForAllocation done
Event: 1.155 Executing  VM operation: G1CollectForAllocation
Event: 1.156 Executing  VM operation: G1CollectForAllocation done
Event: 1.164 Executing  VM operation: G1Concurrent


Dynamic libraries:
0x00007ff7ac570000 - 0x00007ff7ac580000 	C:\Program Files\Java\jdk-16\bin\java.exe
0x00007fff07840000 - 0x00007fff07a30000 	C:\WINDOWS\SYSTEM32\ntdll.dll
0x00007fff07680000 - 0x00007fff07732000 	C:\WINDOWS\System32\KERNEL32.DLL
0x00007fff05560000 - 0x00007fff05803000 	C:\WINDOWS\System32\KERNELBASE.dll
0x00007fff050d0000 - 0x00007fff051ca000 	C:\WINDOWS\System32\ucrtbase.dll
0x00007ffef4260000 - 0x00007ffef4279000 	C:\Program Files\Java\jdk-16\bin\VCRUNTIME140.dll
0x00007ffef0f60000 - 0x00007ffef0f78000 	C:\Program Files\Java\jdk-16\bin\jli.dll
0x00007fff06730000 - 0x00007fff067d3000 	C:\WINDOWS\System32\ADVAPI32.dll
0x00007fff05ba0000 - 0x00007fff05c3e000 	C:\WINDOWS\System32\msvcrt.dll
0x00007fff07100000 - 0x00007fff07197000 	C:\WINDOWS\System32\sechost.dll
0x00007fff05f30000 - 0x00007fff06050000 	C:\WINDOWS\System32\RPCRT4.dll
0x00007fff05d80000 - 0x00007fff05f14000 	C:\WINDOWS\System32\USER32.dll
0x00007ffee34f0000 - 0x00007ffee3775000 	C:\WINDOWS\WinSxS\amd64_microsoft.windows.common-controls_6595b64144ccf1df_6.0.18362.535_none_e6c3b34713100821\COMCTL32.dll
0x00007fff04920000 - 0x00007fff04941000 	C:\WINDOWS\System32\win32u.dll
0x00007fff05b70000 - 0x00007fff05b96000 	C:\WINDOWS\System32\GDI32.dll
0x00007fff063f0000 - 0x00007fff06726000 	C:\WINDOWS\System32\combase.dll
0x00007fff05230000 - 0x00007fff053c4000 	C:\WINDOWS\System32\gdi32full.dll
0x00007fff053d0000 - 0x00007fff05450000 	C:\WINDOWS\System32\bcryptPrimitives.dll
0x00007fff054c0000 - 0x00007fff0555e000 	C:\WINDOWS\System32\msvcp_win.dll
0x00007ffef6340000 - 0x00007ffef634a000 	C:\WINDOWS\SYSTEM32\VERSION.dll
0x00007fff05a20000 - 0x00007fff05a4e000 	C:\WINDOWS\System32\IMM32.DLL
0x00007ffefe780000 - 0x00007ffefe78c000 	C:\Program Files\Java\jdk-16\bin\vcruntime140_1.dll
0x00007ffef1000000 - 0x00007ffef1091000 	C:\Program Files\Java\jdk-16\bin\msvcp140.dll
0x00007ffeb51a0000 - 0x00007ffeb5d4b000 	C:\Program Files\Java\jdk-16\bin\server\jvm.dll
0x00007fff06050000 - 0x00007fff06058000 	C:\WINDOWS\System32\PSAPI.DLL
0x00007ffefe6a0000 - 0x00007ffefe6c4000 	C:\WINDOWS\SYSTEM32\WINMM.dll
0x00007ffef3f10000 - 0x00007ffef3f19000 	C:\WINDOWS\SYSTEM32\WSOCK32.dll
0x00007fff071a0000 - 0x00007fff0720f000 	C:\WINDOWS\System32\WS2_32.dll
0x00007ffefe670000 - 0x00007ffefe69d000 	C:\WINDOWS\SYSTEM32\WINMMBASE.dll
0x00007fff05470000 - 0x00007fff054ba000 	C:\WINDOWS\System32\cfgmgr32.dll
0x00007fff04720000 - 0x00007fff04731000 	C:\WINDOWS\System32\kernel.appcore.dll
0x00007ffef3f00000 - 0x00007ffef3f0a000 	C:\Program Files\Java\jdk-16\bin\jimage.dll
0x00007ffeffff0000 - 0x00007fff001e4000 	C:\WINDOWS\SYSTEM32\DBGHELP.DLL
0x00007ffeea4f0000 - 0x00007ffeea51a000 	C:\WINDOWS\SYSTEM32\dbgcore.DLL
0x00007ffef3d50000 - 0x00007ffef3d75000 	C:\Program Files\Java\jdk-16\bin\java.dll
0x00007fff06850000 - 0x00007fff06f35000 	C:\WINDOWS\System32\SHELL32.dll
0x00007fff05ac0000 - 0x00007fff05b69000 	C:\WINDOWS\System32\shcore.dll
0x00007fff04950000 - 0x00007fff050cf000 	C:\WINDOWS\System32\windows.storage.dll
0x00007fff04790000 - 0x00007fff047af000 	C:\WINDOWS\System32\profapi.dll
0x00007fff04740000 - 0x00007fff0478a000 	C:\WINDOWS\System32\powrprof.dll
0x00007fff04710000 - 0x00007fff04720000 	C:\WINDOWS\System32\UMPDC.dll
0x00007fff07740000 - 0x00007fff07792000 	C:\WINDOWS\System32\shlwapi.dll
0x00007fff05450000 - 0x00007fff05467000 	C:\WINDOWS\System32\cryptsp.dll
0x00007ffef3970000 - 0x00007ffef3989000 	C:\Program Files\Java\jdk-16\bin\net.dll
0x00007ffef56b0000 - 0x00007ffef57a0000 	C:\WINDOWS\SYSTEM32\WINHTTP.dll
0x00007fff03f80000 - 0x00007fff03fe7000 	C:\WINDOWS\system32\mswsock.dll
0x00007ffef10c0000 - 0x00007ffef10d3000 	C:\Program Files\Java\jdk-16\bin\nio.dll
0x00007ffef10a0000 - 0x00007ffef10b8000 	C:\Program Files\Java\jdk-16\bin\zip.dll
0x00007ffece910000 - 0x00007ffecea90000 	C:\Program Files\Java\jdk-16\bin\awt.dll
0x00007fff07030000 - 0x00007fff070f4000 	C:\WINDOWS\System32\OLEAUT32.dll
0x00007ffefef00000 - 0x00007ffefef8f000 	C:\WINDOWS\SYSTEM32\apphelp.dll
0x00007ffeffbb0000 - 0x00007ffeffbdd000 	C:\WINDOWS\system32\DWMAPI.DLL
0x00007ffeff0b0000 - 0x00007ffeff149000 	C:\WINDOWS\system32\uxtheme.dll
0x00007ffeedfd0000 - 0x00007ffeee126000 	C:\WINDOWS\system32\opengl32.dll
0x00007ffef1510000 - 0x00007ffef153c000 	C:\WINDOWS\SYSTEM32\GLU32.dll
0x00007fff03380000 - 0x00007fff033a0000 	C:\WINDOWS\SYSTEM32\dxcore.dll
0x00007fff05c40000 - 0x00007fff05d75000 	C:\WINDOWS\System32\MSCTF.dll
0x00007fff06060000 - 0x00007fff061b6000 	C:\WINDOWS\System32\ole32.dll
0x00007ffece5a0000 - 0x00007ffece629000 	C:\Program Files\Java\jdk-16\bin\freetype.dll
0x00007ffec81b0000 - 0x00007ffec82a6000 	C:\Program Files\Java\jdk-16\bin\harfbuzz.dll
0x00007ffef0fe0000 - 0x00007ffef0ff2000 	C:\Program Files\Java\jdk-16\bin\fontmanager.dll
0x00007ffece4f0000 - 0x00007ffece51d000 	C:\Program Files\Java\jdk-16\bin\javajpeg.dll

dbghelp: loaded successfully - version: 4.0.5 - missing functions: none
symbol engine: initialized successfully - sym options: 0x614 - pdb path: .;C:\Program Files\Java\jdk-16\bin;C:\WINDOWS\SYSTEM32;C:\WINDOWS\WinSxS\amd64_microsoft.windows.common-controls_6595b64144ccf1df_6.0.18362.535_none_e6c3b34713100821;C:\Program Files\Java\jdk-16\bin\server

VM Arguments:
jvm_args: -Dfile.encoding=UTF-8 
java_command: checkbill.cashierdashboard
java_class_path (initial): C:\Users\admin\Documents\NetBeansProjects\mysql-connector-java-8.0.25;C:\Users\admin\Documents\NetBeansProjects\mysql-connector-java-8.0.25\mysql-connector-java-8.0.25.jar;C:\Program Files\NetBeans-12.3\netbeans\java\modules\ext\AbsoluteLayout.jar;C:\Users\admin\Documents\NetBeansProjects\QR-Code-em-Java-master\lib\bridj-0.6.2-windows-only.jar;C:\Users\admin\Documents\NetBeansProjects\QR-Code-em-Java-master\lib\core-3.3.0.jar;C:\Users\admin\Documents\NetBeansProjects\QR-Code-em-Java-master\lib\javase-3.3.0.jar;C:\Users\admin\Documents\NetBeansProjects\QR-Code-em-Java-master\lib\log4j-1.2.17.jar;C:\Users\admin\Documents\NetBeansProjects\QR-Code-em-Java-master\lib\slf4j-api-1.6.2.jar;C:\Users\admin\Documents\NetBeansProjects\QR-Code-em-Java-master\lib\slf4j-log4j12-1.6.2.jar;C:\Users\admin\Documents\NetBeansProjects\QR-Code-em-Java-master\lib\webcam-capture-0.3.12.jar;C:\Users\admin\Desktop\checkbill\build\classes
Launcher Type: SUN_STANDARD

[Global flags]
     intx CICompilerCount                          = 3                                         {product} {ergonomic}
     uint ConcGCThreads                            = 1                                         {product} {ergonomic}
     uint G1ConcRefinementThreads                  = 4                                         {product} {ergonomic}
   size_t G1HeapRegionSize                         = 1048576                                   {product} {ergonomic}
    uintx GCDrainStackTargetSize                   = 64                                        {product} {ergonomic}
   size_t InitialHeapSize                          = 67108864                                  {product} {ergonomic}
   size_t MarkStackSize                            = 4194304                                   {product} {ergonomic}
   size_t MaxHeapSize                              = 1048576000                                {product} {ergonomic}
   size_t MaxNewSize                               = 629145600                                 {product} {ergonomic}
   size_t MinHeapDeltaBytes                        = 1048576                                   {product} {ergonomic}
   size_t MinHeapSize                              = 8388608                                   {product} {ergonomic}
    uintx NonNMethodCodeHeapSize                   = 5832780                                {pd product} {ergonomic}
    uintx NonProfiledCodeHeapSize                  = 122912730                              {pd product} {ergonomic}
    uintx ProfiledCodeHeapSize                     = 122912730                              {pd product} {ergonomic}
    uintx ReservedCodeCacheSize                    = 251658240                              {pd product} {ergonomic}
     bool SegmentedCodeCache                       = true                                      {product} {ergonomic}
   size_t SoftMaxHeapSize                          = 1048576000                             {manageable} {ergonomic}
     bool UseCompressedClassPointers               = true                           {product lp64_product} {ergonomic}
     bool UseCompressedOops                        = true                           {product lp64_product} {ergonomic}
     bool UseG1GC                                  = true                                      {product} {ergonomic}
     bool UseLargePagesIndividualAllocation        = false                                  {pd product} {ergonomic}

Logging:
Log output configuration:
 #0: stdout all=warning uptime,level,tags
 #1: stderr all=off uptime,level,tags

Environment Variables:
PATH=C:\Program Files\Common Files\Oracle\Java\javapath;C:\WINDOWS\system32;C:\WINDOWS;C:\WINDOWS\System32\Wbem;C:\WINDOWS\System32\WindowsPowerShell\v1.0\;C:\WINDOWS\System32\OpenSSH\;C:\Program Files\Microsoft SQL Server\120\Tools\Binn\;C:\Program Files (x86)\Java\jdk1.7.0_76\bin;C:\Users\admin\AppData\Local\Programs\Python\Python38-32;C:\Users\admin\AppData\Local\Programs\Python\Python38-32\Scripts;C:\Program Files (x86)\Intel\Intel(R) Management Engine Components\DAL;C:\Program Files\Intel\Intel(R) Management Engine Components\DAL;C:\Users\admin\.dnx\bin;C:\Program Files\Microsoft DNX\Dnvm\;C:\Program Files\Java\jdk-16\bin;C:\Program Files\MySQL\MySQL Server 5.5\bin;C:\Program Files\Git\cmd;C:\Program Files\nodejs\;C:\Program Files (x86)\Java\jre7\bin;C:\Program Files\JetBrains\PyCharm Community Edition 2020.1.2\bin;;C:\xampp new\php;C:\Users\admin\AppData\Local\Programs\Microsoft VS Code\bin;C:\src\flutter\bin;C:\msys64\mingw64\bin;C:\Users\admin\AppData\Roaming\npm
USERNAME=admin
OS=Windows_NT
PROCESSOR_IDENTIFIER=Intel64 Family 6 Model 142 Stepping 9, GenuineIntel



---------------  S Y S T E M  ---------------

OS:
 Windows 10 , 64 bit Build 18362 (10.0.18362.329)
OS uptime: 4 days 7:45 hours

CPU: total 4 (initial active 4) (2 cores per cpu, 2 threads per core) family 6 model 142 stepping 9 microcode 0xca, cx8, cmov, fxsr, ht, mmx, 3dnowpref, sse, sse2, sse3, ssse3, sse4.1, sse4.2, popcnt, lzcnt, tsc, tscinvbit, avx, avx2, aes, erms, clmul, bmi1, bmi2, adx, fma, vzeroupper, clflush, clflushopt

Memory: 4k page, system-wide physical 3993M (423M free)
TotalPageFile size 16281M (AvailPageFile size 7M)
current process WorkingSet (physical memory assigned to process): 134M, peak: 134M
current process commit charge ("private bytes"): 177M, peak: 244M

vm_info: Java HotSpot(TM) 64-Bit Server VM (16+36-2231) for windows-amd64 JRE (16+36-2231), built on Feb  8 2021 11:43:10 by "mach5one" with MS VC++ 16.7 (VS2019)

END.
