#
# There is insufficient memory for the Java Runtime Environment to continue.
# Native memory allocation (malloc) failed to allocate 1272816 bytes for Chunk::new
# Possible reasons:
#   The system is out of physical RAM or swap space
#   The process is running with CompressedOops enabled, and the Java Heap may be blocking the growth of the native heap
# Possible solutions:
#   Reduce memory load on the system
#   Increase physical memory or swap space
#   Check if swap backing store is full
#   Decrease Java heap size (-Xmx/-Xms)
#   Decrease number of Java threads
#   Decrease Java thread stack sizes (-Xss)
#   Set larger code cache with -XX:ReservedCodeCacheSize=
#   JVM is running with Unscaled Compressed Oops mode in which the Java heap is
#     placed in the first 4GB address space. The Java Heap base address is the
#     maximum limit for the native heap growth. Please use -XX:HeapBaseMinAddress
#     to set the Java Heap base and to place the Java Heap above 4GB virtual address.
# This output file may be truncated or incomplete.
#
#  Out of Memory Error (arena.cpp:195), pid=9152, tid=13432
#
# JRE version: Java(TM) SE Runtime Environment (16.0+36) (build 16+36-2231)
# Java VM: Java HotSpot(TM) 64-Bit Server VM (16+36-2231, mixed mode, sharing, tiered, compressed oops, g1 gc, windows-amd64)
# No core dump will be written. Minidumps are not enabled by default on client versions of Windows
#

---------------  S U M M A R Y ------------

Command Line: -Dapplication.home=C:\Program Files\Java\jdk-16 --add-modules=ALL-DEFAULT -Xms8m -Djdk.module.main=jdk.compiler jdk.compiler/com.sun.tools.javac.Main -d C:\Users\admin\Desktop\checkbill\build\classes -classpath C:\Users\admin\Desktop\checkbill\build\classes;C:\Users\admin\Documents\NetBeansProjects\mysql-connector-java-8.0.25;C:\Users\admin\Documents\NetBeansProjects\mysql-connector-java-8.0.25\mysql-connector-java-8.0.25.jar -sourcepath C:\Users\admin\Desktop\checkbill\src -target 16 -encoding UTF-8 -g -processorpath C:\Users\admin\Documents\NetBeansProjects\mysql-connector-java-8.0.25;C:\Users\admin\Documents\NetBeansProjects\mysql-connector-java-8.0.25\mysql-connector-java-8.0.25.jar;C:\Users\admin\Desktop\checkbill\build\empty -s C:\Users\admin\Desktop\checkbill\build\generated-sources\ap-source-output -source 16 C:\Users\admin\Desktop\checkbill\src\checkbill\admindashboard.java

Host: Intel(R) Core(TM) i3-7020U CPU @ 2.30GHz, 4 cores, 3G,  Windows 10 , 64 bit Build 18362 (10.0.18362.329)
Time: Thu Jul 22 01:33:02 2021 India Standard Time elapsed time: 2.157935 seconds (0d 0h 0m 2s)

---------------  T H R E A D  ---------------

Current thread (0x000002984f6f8b90):  JavaThread "C2 CompilerThread1" daemon [_thread_in_native, id=13432, stack(0x000000f8fca00000,0x000000f8fcb00000)]


Current CompileTask:
C2:   2158 1461   !   4       com.sun.tools.javac.jvm.ClassReader::classSigToType (497 bytes)

Stack: [0x000000f8fca00000,0x000000f8fcb00000]
Native frames: (J=compiled Java code, j=interpreted, Vv=VM code, C=native code)
V  [jvm.dll+0x6681da]
V  [jvm.dll+0x7c9d99]
V  [jvm.dll+0x7cb4d3]
V  [jvm.dll+0x7cbb33]
V  [jvm.dll+0x242ee5]
V  [jvm.dll+0xadeca]
V  [jvm.dll+0xae5ac]
V  [jvm.dll+0x35a8f2]
V  [jvm.dll+0x1b9d2a]
V  [jvm.dll+0x216056]
V  [jvm.dll+0x215340]
V  [jvm.dll+0x1a1d8b]
V  [jvm.dll+0x225398]
V  [jvm.dll+0x2233dc]
V  [jvm.dll+0x77f9e2]
V  [jvm.dll+0x77952a]
V  [jvm.dll+0x667076]
C  [ucrtbase.dll+0x20e72]
C  [KERNEL32.DLL+0x17bd4]
C  [ntdll.dll+0x6ced1]


---------------  P R O C E S S  ---------------

Threads class SMR info:
_java_thread_list=0x000002984f6f62e0, length=13, elements={
0x00000298334522e0, 0x000002983351c640, 0x000002983351d9b0, 0x000002984e50b830,
0x000002984e50e150, 0x000002984e50ea60, 0x000002984e511780, 0x000002984e5123c0,
0x000002984e579bb0, 0x000002984e582510, 0x000002984e613b10, 0x000002984f064240,
0x000002984f6f8b90
}

Java Threads: ( => current thread )
  0x00000298334522e0 JavaThread "main" [_thread_blocked, id=9604, stack(0x000000f8fb400000,0x000000f8fb500000)]
  0x000002983351c640 JavaThread "Reference Handler" daemon [_thread_blocked, id=9520, stack(0x000000f8fbb00000,0x000000f8fbc00000)]
  0x000002983351d9b0 JavaThread "Finalizer" daemon [_thread_blocked, id=3812, stack(0x000000f8fbc00000,0x000000f8fbd00000)]
  0x000002984e50b830 JavaThread "Signal Dispatcher" daemon [_thread_blocked, id=16572, stack(0x000000f8fbd00000,0x000000f8fbe00000)]
  0x000002984e50e150 JavaThread "Attach Listener" daemon [_thread_blocked, id=11868, stack(0x000000f8fbe00000,0x000000f8fbf00000)]
  0x000002984e50ea60 JavaThread "Service Thread" daemon [_thread_blocked, id=17324, stack(0x000000f8fbf00000,0x000000f8fc000000)]
  0x000002984e511780 JavaThread "Monitor Deflation Thread" daemon [_thread_blocked, id=8832, stack(0x000000f8fc000000,0x000000f8fc100000)]
  0x000002984e5123c0 JavaThread "C2 CompilerThread0" daemon [_thread_blocked, id=3132, stack(0x000000f8fc100000,0x000000f8fc200000)]
  0x000002984e579bb0 JavaThread "C1 CompilerThread0" daemon [_thread_blocked, id=10024, stack(0x000000f8fc200000,0x000000f8fc300000)]
  0x000002984e582510 JavaThread "Sweeper thread" daemon [_thread_blocked, id=10044, stack(0x000000f8fc300000,0x000000f8fc400000)]
  0x000002984e613b10 JavaThread "Common-Cleaner" daemon [_thread_blocked, id=12944, stack(0x000000f8fc400000,0x000000f8fc500000)]
  0x000002984f064240 JavaThread "Notification Thread" daemon [_thread_blocked, id=7020, stack(0x000000f8fc500000,0x000000f8fc600000)]
=>0x000002984f6f8b90 JavaThread "C2 CompilerThread1" daemon [_thread_in_native, id=13432, stack(0x000000f8fca00000,0x000000f8fcb00000)]

Other Threads:
  0x0000029833515050 VMThread "VM Thread" [stack: 0x000000f8fba00000,0x000000f8fbb00000] [id=9572] _threads_hazard_ptr=0x000002984f6f62e0
  0x000002983347f850 GCTaskThread "GC Thread#0" [stack: 0x000000f8fb500000,0x000000f8fb600000] [id=14028]
  0x000002984f2f53d0 GCTaskThread "GC Thread#1" [stack: 0x000000f8fc700000,0x000000f8fc800000] [id=7928]
  0x000002984f2f56e0 GCTaskThread "GC Thread#2" [stack: 0x000000f8fc800000,0x000000f8fc900000] [id=10216]
  0x000002984f2f59f0 GCTaskThread "GC Thread#3" [stack: 0x000000f8fc900000,0x000000f8fca00000] [id=16628]
  0x00000298334894b0 ConcurrentGCThread "G1 Main Marker" terminated
  0x000002983348a550 ConcurrentGCThread "G1 Conc#0" [stack: 0x000000f8fb700000,0x000000f8fb800000] [id=4528]
  0x00000298334a3a10 ConcurrentGCThread "G1 Refine#0" terminated
  0x00000298334a4320 ConcurrentGCThread "G1 Service" terminated

Threads with active compile tasks:
C2 CompilerThread0     2591 1741       4       jdk.internal.jimage.ImageLocation::getFullName (109 bytes)
C2 CompilerThread1     2591 1461   !   4       com.sun.tools.javac.jvm.ClassReader::classSigToType (497 bytes)

VM state: at safepoint (normal execution)

VM Mutex/Monitor currently owned by a thread:  ([mutex/lock_event])
[0x000002983344eee0] Threads_lock - owner thread: 0x0000029833515050
[0x000002983344f480] Heap_lock - owner thread: 0x00000298334522e0

Heap address: 0x00000000c1800000, size: 1000 MB, Compressed Oops mode: 32-bit
CDS archive(s) mapped at: [0x0000000800000000-0x0000000800bb0000-0x0000000800bb0000), size 12255232, SharedBaseAddress: 0x0000000800000000, ArchiveRelocationMode: 0.
Compressed class space mapped at: 0x0000000800c00000-0x0000000840c00000, reserved size: 1073741824
Narrow klass base: 0x0000000800000000, Narrow klass shift: 3, Narrow klass range: 0x100000000

GC Precious Log:
 CPUs: 4 total, 4 available
 Memory: 3993M
 Large Page Support: Disabled
 NUMA Support: Disabled
 Compressed Oops: Enabled (32-bit)
 Heap Region Size: 1M
 Heap Min Capacity: 8M
 Heap Initial Capacity: 8M
 Heap Max Capacity: 1000M
 Pre-touch: Disabled
 Parallel Workers: 4
 Concurrent Workers: 1
 Concurrent Refinement Workers: 4
 Periodic GC: Disabled

Heap:
 garbage-first heap   total 30720K, used 14701K [0x00000000c1800000, 0x0000000100000000)
  region size 1024K, 8 young (8192K), 1 survivors (1024K)
 Metaspace       used 10145K, committed 10368K, reserved 1064960K
  class space    used 1123K, committed 1216K, reserved 1048576K

Heap Regions: E=young(eden), S=young(survivor), O=old, HS=humongous(starts), HC=humongous(continues), CS=collection set, F=free, OA=open archive, CA=closed archive, TAMS=top-at-mark-start (previous, next)
|   0|0x00000000c1800000, 0x00000000c1900000, 0x00000000c1900000|100%| O|  |TAMS 0x00000000c1800000, 0x00000000c1800000| Untracked 
|   1|0x00000000c1900000, 0x00000000c1a00000, 0x00000000c1a00000|100%| O|  |TAMS 0x00000000c1900000, 0x00000000c1900000| Untracked 
|   2|0x00000000c1a00000, 0x00000000c1b00000, 0x00000000c1b00000|100%| O|  |TAMS 0x00000000c1a00000, 0x00000000c1a00000| Untracked 
|   3|0x00000000c1b00000, 0x00000000c1c00000, 0x00000000c1c00000|100%| O|  |TAMS 0x00000000c1b00000, 0x00000000c1b00000| Untracked 
|   4|0x00000000c1c00000, 0x00000000c1d00000, 0x00000000c1d00000|100%| O|  |TAMS 0x00000000c1c00000, 0x00000000c1c00000| Untracked 
|   5|0x00000000c1d00000, 0x00000000c1e00000, 0x00000000c1e00000|100%| O|  |TAMS 0x00000000c1d00000, 0x00000000c1d00000| Untracked 
|   6|0x00000000c1e00000, 0x00000000c1f00000, 0x00000000c1f00000|100%| O|  |TAMS 0x00000000c1e00000, 0x00000000c1e00000| Untracked 
|   7|0x00000000c1f00000, 0x00000000c1fbc600, 0x00000000c2000000| 73%| O|  |TAMS 0x00000000c1f00000, 0x00000000c1f00000| Untracked 
|   8|0x00000000c2000000, 0x00000000c2000000, 0x00000000c2100000|  0%| F|  |TAMS 0x00000000c2000000, 0x00000000c2000000| Untracked 
|   9|0x00000000c2100000, 0x00000000c2100000, 0x00000000c2200000|  0%| F|  |TAMS 0x00000000c2100000, 0x00000000c2100000| Untracked 
|  10|0x00000000c2200000, 0x00000000c2200000, 0x00000000c2300000|  0%| F|  |TAMS 0x00000000c2200000, 0x00000000c2200000| Untracked 
|  11|0x00000000c2300000, 0x00000000c2300000, 0x00000000c2400000|  0%| F|  |TAMS 0x00000000c2300000, 0x00000000c2300000| Untracked 
|  12|0x00000000c2400000, 0x00000000c2400000, 0x00000000c2500000|  0%| F|  |TAMS 0x00000000c2400000, 0x00000000c2400000| Untracked 
|  13|0x00000000c2500000, 0x00000000c259ee80, 0x00000000c2600000| 62%| S|CS|TAMS 0x00000000c2500000, 0x00000000c2500000| Complete 
|  14|0x00000000c2600000, 0x00000000c2600000, 0x00000000c2700000|  0%| F|  |TAMS 0x00000000c2600000, 0x00000000c2600000| Untracked 
|  15|0x00000000c2700000, 0x00000000c2700000, 0x00000000c2800000|  0%| F|  |TAMS 0x00000000c2700000, 0x00000000c2700000| Untracked 
|  16|0x00000000c2800000, 0x00000000c2800000, 0x00000000c2900000|  0%| F|  |TAMS 0x00000000c2800000, 0x00000000c2800000| Untracked 
|  17|0x00000000c2900000, 0x00000000c2900000, 0x00000000c2a00000|  0%| F|  |TAMS 0x00000000c2900000, 0x00000000c2900000| Untracked 
|  18|0x00000000c2a00000, 0x00000000c2a00000, 0x00000000c2b00000|  0%| F|  |TAMS 0x00000000c2a00000, 0x00000000c2a00000| Untracked 
|  19|0x00000000c2b00000, 0x00000000c2b00000, 0x00000000c2c00000|  0%| F|  |TAMS 0x00000000c2b00000, 0x00000000c2b00000| Untracked 
|  20|0x00000000c2c00000, 0x00000000c2c00000, 0x00000000c2d00000|  0%| F|  |TAMS 0x00000000c2c00000, 0x00000000c2c00000| Untracked 
|  21|0x00000000c2d00000, 0x00000000c2d00000, 0x00000000c2e00000|  0%| F|  |TAMS 0x00000000c2d00000, 0x00000000c2d00000| Untracked 
|  22|0x00000000c2e00000, 0x00000000c2e00000, 0x00000000c2f00000|  0%| F|  |TAMS 0x00000000c2e00000, 0x00000000c2e00000| Untracked 
|  23|0x00000000c2f00000, 0x00000000c2ff48a8, 0x00000000c3000000| 95%| E|  |TAMS 0x00000000c2f00000, 0x00000000c2f00000| Complete 
|  24|0x00000000c3000000, 0x00000000c3100000, 0x00000000c3100000|100%| E|CS|TAMS 0x00000000c3000000, 0x00000000c3000000| Complete 
|  25|0x00000000c3100000, 0x00000000c3200000, 0x00000000c3200000|100%| E|CS|TAMS 0x00000000c3100000, 0x00000000c3100000| Complete 
|  26|0x00000000c3200000, 0x00000000c3300000, 0x00000000c3300000|100%| E|CS|TAMS 0x00000000c3200000, 0x00000000c3200000| Complete 
|  27|0x00000000c3300000, 0x00000000c3400000, 0x00000000c3400000|100%| E|CS|TAMS 0x00000000c3300000, 0x00000000c3300000| Complete 
|  28|0x00000000c3400000, 0x00000000c3500000, 0x00000000c3500000|100%| E|CS|TAMS 0x00000000c3400000, 0x00000000c3400000| Complete 
|  29|0x00000000c3500000, 0x00000000c3600000, 0x00000000c3600000|100%| E|CS|TAMS 0x00000000c3500000, 0x00000000c3500000| Complete 

Card table byte_map: [0x0000029849db0000,0x0000029849fb0000] _byte_map_base: 0x00000298497a4000

Marking Bits (Prev, Next): (CMBitMap*) 0x0000029833480d60, (CMBitMap*) 0x0000029833480da0
 Prev Bits: [0x000002984a1b0000, 0x000002984b150000)
 Next Bits: [0x000002984b150000, 0x000002984c0f0000)

Polling page: 0x00000298315b0000

Metaspace:

Usage:
  Non-class:      8.81 MB used.
      Class:      1.10 MB used.
       Both:      9.91 MB used.

Virtual space:
  Non-class space:       16.00 MB reserved,       8.94 MB ( 56%) committed,  2 nodes.
      Class space:        1.00 GB reserved,       1.19 MB ( <1%) committed,  1 nodes.
              Both:        1.02 GB reserved,      10.13 MB ( <1%) committed. 

Chunk freelists:
   Non-Class:  1.31 MB
       Class:  2.83 MB
        Both:  4.14 MB

MaxMetaspaceSize: 17179869184.00 GB
CompressedClassSpaceSize: 1.00 GB
 - commit_granule_bytes: 65536.
 - commit_granule_words: 8192.
 - virtual_space_node_default_size: 1048576.
 - enlarge_chunks_in_place: 1.
 - new_chunks_are_fully_committed: 0.
 - uncommit_free_chunks: 1.
 - use_allocation_guard: 0.
 - handle_deallocations: 1.


Internal statistics:

num_allocs_failed_limit: 0.
num_arena_births: 76.
num_arena_deaths: 0.
num_vsnodes_births: 3.
num_vsnodes_deaths: 0.
num_space_committed: 162.
num_space_uncommitted: 0.
num_chunks_returned_to_freelist: 0.
num_chunks_taken_from_freelist: 414.
num_chunk_merges: 0.
num_chunk_splits: 288.
num_chunks_enlarged: 223.
num_purges: 0.

CodeHeap 'non-profiled nmethods': size=120000Kb used=555Kb max_used=555Kb free=119444Kb
 bounds [0x0000029842680000, 0x00000298428f0000, 0x0000029849bb0000]
CodeHeap 'profiled nmethods': size=120000Kb used=3542Kb max_used=3542Kb free=116457Kb
 bounds [0x000002983b150000, 0x000002983b4d0000, 0x0000029842680000]
CodeHeap 'non-nmethods': size=5760Kb used=1163Kb max_used=1189Kb free=4596Kb
 bounds [0x000002983abb0000, 0x000002983ae20000, 0x000002983b150000]
 total_blobs=2288 nmethods=1840 adapters=360
 compilation: enabled
              stopped_count=0, restarted_count=0
 full_count=0

Compilation events (20 events):
Event: 2.007 Thread 0x000002984e579bb0 1843       2       com.sun.tools.javac.jvm.Items$Item::coerce (99 bytes)
Event: 2.008 Thread 0x000002984e579bb0 nmethod 1843 0x000002983b4c2510 code [0x000002983b4c26e0, 0x000002983b4c29c8]
Event: 2.010 Thread 0x000002984e579bb0 1846       2       com.sun.tools.javac.code.Types$HashCodeVisitor::visitType (10 bytes)
Event: 2.010 Thread 0x000002984e579bb0 nmethod 1846 0x000002983b4c2c10 code [0x000002983b4c2dc0, 0x000002983b4c2f58]
Event: 2.010 Thread 0x000002984e579bb0 1847       2       com.sun.tools.javac.code.Types$HashCodeVisitor::visitType (11 bytes)
Event: 2.011 Thread 0x000002984e579bb0 nmethod 1847 0x000002983b4c3090 code [0x000002983b4c3240, 0x000002983b4c3448]
Event: 2.011 Thread 0x000002984e579bb0 1848       2       com.sun.tools.javac.util.ByteBuffer::appendChar (63 bytes)
Event: 2.011 Thread 0x000002984e579bb0 nmethod 1848 0x000002983b4c3590 code [0x000002983b4c3740, 0x000002983b4c3948]
Event: 2.011 Thread 0x000002984e579bb0 1849       2       com.sun.tools.javac.jvm.PoolConstant::poolKey (2 bytes)
Event: 2.011 Thread 0x000002984e579bb0 nmethod 1849 0x000002983b4c3a90 code [0x000002983b4c3c20, 0x000002983b4c3d38]
Event: 2.012 Thread 0x000002984e579bb0 1850       2       com.sun.tools.javac.util.ByteBuffer::appendByte (34 bytes)
Event: 2.012 Thread 0x000002984e579bb0 nmethod 1850 0x000002983b4c3e10 code [0x000002983b4c3fc0, 0x000002983b4c4188]
Event: 2.017 Thread 0x000002984e579bb0 1851       2       java.lang.invoke.MemberName::hashCode (43 bytes)
Event: 2.018 Thread 0x000002984e579bb0 nmethod 1851 0x000002983b4c4290 code [0x000002983b4c4480, 0x000002983b4c4aa8]
Event: 2.018 Thread 0x000002984e579bb0 1853       2       java.util.Arrays::hashCode (56 bytes)
Event: 2.018 Thread 0x000002984e579bb0 nmethod 1853 0x000002983b4c4c90 code [0x000002983b4c4e40, 0x000002983b4c5048]
Event: 2.018 Thread 0x000002984e579bb0 1852       2       java.lang.Byte::<init> (10 bytes)
Event: 2.018 Thread 0x000002984e579bb0 nmethod 1852 0x000002983b4c5190 code [0x000002983b4c5320, 0x000002983b4c5438]
Event: 2.020 Thread 0x000002984e579bb0 1855       2       java.util.HashMap$ValueIterator::next (8 bytes)
Event: 2.021 Thread 0x000002984e579bb0 nmethod 1855 0x000002983b4c5510 code [0x000002983b4c56c0, 0x000002983b4c57e8]

GC Heap History (20 events):
Event: 1.007 GC heap before
{Heap before GC invocations=4 (full 0):
 garbage-first heap   total 8192K, used 3361K [0x00000000c1800000, 0x0000000100000000)
  region size 1024K, 2 young (2048K), 1 survivors (1024K)
 Metaspace       used 7693K, committed 7872K, reserved 1064960K
  class space    used 877K, committed 960K, reserved 1048576K
}
Event: 1.011 GC heap after
{Heap after GC invocations=5 (full 0):
 garbage-first heap   total 8192K, used 2549K [0x00000000c1800000, 0x0000000100000000)
  region size 1024K, 1 young (1024K), 1 survivors (1024K)
 Metaspace       used 7693K, committed 7872K, reserved 1064960K
  class space    used 877K, committed 960K, reserved 1048576K
}
Event: 1.080 GC heap before
{Heap before GC invocations=5 (full 0):
 garbage-first heap   total 8192K, used 3573K [0x00000000c1800000, 0x0000000100000000)
  region size 1024K, 2 young (2048K), 1 survivors (1024K)
 Metaspace       used 7939K, committed 8128K, reserved 1064960K
  class space    used 900K, committed 1024K, reserved 1048576K
}
Event: 1.084 GC heap after
{Heap after GC invocations=6 (full 0):
 garbage-first heap   total 11264K, used 2940K [0x00000000c1800000, 0x0000000100000000)
  region size 1024K, 1 young (1024K), 1 survivors (1024K)
 Metaspace       used 7939K, committed 8128K, reserved 1064960K
  class space    used 900K, committed 1024K, reserved 1048576K
}
Event: 1.218 GC heap before
{Heap before GC invocations=6 (full 0):
 garbage-first heap   total 11264K, used 4988K [0x00000000c1800000, 0x0000000100000000)
  region size 1024K, 3 young (3072K), 1 survivors (1024K)
 Metaspace       used 8528K, committed 8704K, reserved 1064960K
  class space    used 973K, committed 1024K, reserved 1048576K
}
Event: 1.223 GC heap after
{Heap after GC invocations=7 (full 0):
 garbage-first heap   total 11264K, used 3821K [0x00000000c1800000, 0x0000000100000000)
  region size 1024K, 1 young (1024K), 1 survivors (1024K)
 Metaspace       used 8528K, committed 8704K, reserved 1064960K
  class space    used 973K, committed 1024K, reserved 1048576K
}
Event: 1.302 GC heap before
{Heap before GC invocations=7 (full 0):
 garbage-first heap   total 11264K, used 5869K [0x00000000c1800000, 0x0000000100000000)
  region size 1024K, 3 young (3072K), 1 survivors (1024K)
 Metaspace       used 8686K, committed 8896K, reserved 1064960K
  class space    used 995K, committed 1088K, reserved 1048576K
}
Event: 1.306 GC heap after
{Heap after GC invocations=8 (full 0):
 garbage-first heap   total 11264K, used 4178K [0x00000000c1800000, 0x0000000100000000)
  region size 1024K, 1 young (1024K), 1 survivors (1024K)
 Metaspace       used 8686K, committed 8896K, reserved 1064960K
  class space    used 995K, committed 1088K, reserved 1048576K
}
Event: 1.325 GC heap before
{Heap before GC invocations=8 (full 0):
 garbage-first heap   total 11264K, used 5202K [0x00000000c1800000, 0x0000000100000000)
  region size 1024K, 2 young (2048K), 1 survivors (1024K)
 Metaspace       used 8722K, committed 8896K, reserved 1064960K
  class space    used 995K, committed 1088K, reserved 1048576K
}
Event: 1.327 GC heap after
{Heap after GC invocations=9 (full 0):
 garbage-first heap   total 11264K, used 4207K [0x00000000c1800000, 0x0000000100000000)
  region size 1024K, 1 young (1024K), 1 survivors (1024K)
 Metaspace       used 8722K, committed 8896K, reserved 1064960K
  class space    used 995K, committed 1088K, reserved 1048576K
}
Event: 1.352 GC heap before
{Heap before GC invocations=9 (full 0):
 garbage-first heap   total 11264K, used 5231K [0x00000000c1800000, 0x0000000100000000)
  region size 1024K, 2 young (2048K), 1 survivors (1024K)
 Metaspace       used 8791K, committed 8960K, reserved 1064960K
  class space    used 1001K, committed 1088K, reserved 1048576K
}
Event: 1.354 GC heap after
{Heap after GC invocations=10 (full 0):
 garbage-first heap   total 18432K, used 4333K [0x00000000c1800000, 0x0000000100000000)
  region size 1024K, 1 young (1024K), 1 survivors (1024K)
 Metaspace       used 8791K, committed 8960K, reserved 1064960K
  class space    used 1001K, committed 1088K, reserved 1048576K
}
Event: 1.422 GC heap before
{Heap before GC invocations=10 (full 0):
 garbage-first heap   total 18432K, used 10477K [0x00000000c1800000, 0x0000000100000000)
  region size 1024K, 7 young (7168K), 1 survivors (1024K)
 Metaspace       used 8831K, committed 9024K, reserved 1064960K
  class space    used 1001K, committed 1088K, reserved 1048576K
}
Event: 1.427 GC heap after
{Heap after GC invocations=11 (full 0):
 garbage-first heap   total 18432K, used 5091K [0x00000000c1800000, 0x0000000100000000)
  region size 1024K, 1 young (1024K), 1 survivors (1024K)
 Metaspace       used 8831K, committed 9024K, reserved 1064960K
  class space    used 1001K, committed 1088K, reserved 1048576K
}
Event: 1.554 GC heap before
{Heap before GC invocations=11 (full 0):
 garbage-first heap   total 18432K, used 11235K [0x00000000c1800000, 0x0000000100000000)
  region size 1024K, 7 young (7168K), 1 survivors (1024K)
 Metaspace       used 9083K, committed 9216K, reserved 1064960K
  class space    used 1027K, committed 1088K, reserved 1048576K
}
Event: 1.561 GC heap after
{Heap after GC invocations=12 (full 0):
 garbage-first heap   total 18432K, used 6587K [0x00000000c1800000, 0x0000000100000000)
  region size 1024K, 1 young (1024K), 1 survivors (1024K)
 Metaspace       used 9083K, committed 9216K, reserved 1064960K
  class space    used 1027K, committed 1088K, reserved 1048576K
}
Event: 1.672 GC heap before
{Heap before GC invocations=12 (full 0):
 garbage-first heap   total 18432K, used 11707K [0x00000000c1800000, 0x0000000100000000)
  region size 1024K, 6 young (6144K), 1 survivors (1024K)
 Metaspace       used 9467K, committed 9728K, reserved 1064960K
  class space    used 1072K, committed 1216K, reserved 1048576K
}
Event: 1.679 GC heap after
{Heap after GC invocations=13 (full 0):
 garbage-first heap   total 18432K, used 8005K [0x00000000c1800000, 0x0000000100000000)
  region size 1024K, 1 young (1024K), 1 survivors (1024K)
 Metaspace       used 9467K, committed 9728K, reserved 1064960K
  class space    used 1072K, committed 1216K, reserved 1048576K
}
Event: 1.841 GC heap before
{Heap before GC invocations=13 (full 0):
 garbage-first heap   total 18432K, used 12101K [0x00000000c1800000, 0x0000000100000000)
  region size 1024K, 5 young (5120K), 1 survivors (1024K)
 Metaspace       used 9802K, committed 10048K, reserved 1064960K
  class space    used 1092K, committed 1216K, reserved 1048576K
}
Event: 1.847 GC heap after
{Heap after GC invocations=14 (full 0):
 garbage-first heap   total 30720K, used 8557K [0x00000000c1800000, 0x0000000100000000)
  region size 1024K, 1 young (1024K), 1 survivors (1024K)
 Metaspace       used 9802K, committed 10048K, reserved 1064960K
  class space    used 1092K, committed 1216K, reserved 1048576K
}

Deoptimization events (20 events):
Event: 1.808 Thread 0x00000298334522e0 Uncommon trap: trap_request=0xffffffc6 fr.pc=0x00000298426c47b0 relative=0x0000000000001470
Event: 1.808 Thread 0x00000298334522e0 Uncommon trap: reason=bimorphic_or_optimized_type_check action=maybe_recompile pc=0x00000298426c47b0 method=java.util.HashMap.putVal(ILjava/lang/Object;Ljava/lang/Object;ZZ)Ljava/lang/Object; @ 253 c2
Event: 1.808 Thread 0x00000298334522e0 DEOPT PACKING pc=0x00000298426c47b0 sp=0x000000f8fb4ff310
Event: 1.808 Thread 0x00000298334522e0 DEOPT UNPACKING pc=0x000002983abfd72e sp=0x000000f8fb4ff268 mode 2
Event: 1.915 Thread 0x00000298334522e0 Uncommon trap: trap_request=0xffffffc6 fr.pc=0x00000298426c47b0 relative=0x0000000000001470
Event: 1.915 Thread 0x00000298334522e0 Uncommon trap: reason=bimorphic_or_optimized_type_check action=maybe_recompile pc=0x00000298426c47b0 method=java.util.HashMap.putVal(ILjava/lang/Object;Ljava/lang/Object;ZZ)Ljava/lang/Object; @ 253 c2
Event: 1.915 Thread 0x00000298334522e0 DEOPT PACKING pc=0x00000298426c47b0 sp=0x000000f8fb4ff2f0
Event: 1.915 Thread 0x00000298334522e0 DEOPT UNPACKING pc=0x000002983abfd72e sp=0x000000f8fb4ff248 mode 2
Event: 1.919 Thread 0x00000298334522e0 Uncommon trap: trap_request=0xffffffc6 fr.pc=0x00000298426c47b0 relative=0x0000000000001470
Event: 1.919 Thread 0x00000298334522e0 Uncommon trap: reason=bimorphic_or_optimized_type_check action=maybe_recompile pc=0x00000298426c47b0 method=java.util.HashMap.putVal(ILjava/lang/Object;Ljava/lang/Object;ZZ)Ljava/lang/Object; @ 253 c2
Event: 1.919 Thread 0x00000298334522e0 DEOPT PACKING pc=0x00000298426c47b0 sp=0x000000f8fb4ff2f0
Event: 1.919 Thread 0x00000298334522e0 DEOPT UNPACKING pc=0x000002983abfd72e sp=0x000000f8fb4ff248 mode 2
Event: 1.924 Thread 0x00000298334522e0 Uncommon trap: trap_request=0xffffff45 fr.pc=0x00000298427050b0 relative=0x0000000000000090
Event: 1.924 Thread 0x00000298334522e0 Uncommon trap: reason=unstable_if action=reinterpret pc=0x00000298427050b0 method=com.sun.tools.javac.code.Scope$ScopeImpl$2.hasNext()Z @ 69 c2
Event: 1.924 Thread 0x00000298334522e0 DEOPT PACKING pc=0x00000298427050b0 sp=0x000000f8fb4fef40
Event: 1.924 Thread 0x00000298334522e0 DEOPT UNPACKING pc=0x000002983abfd72e sp=0x000000f8fb4feed8 mode 2
Event: 1.925 Thread 0x00000298334522e0 Uncommon trap: trap_request=0xffffffc6 fr.pc=0x00000298426c673c relative=0x000000000000147c
Event: 1.925 Thread 0x00000298334522e0 Uncommon trap: reason=bimorphic_or_optimized_type_check action=maybe_recompile pc=0x00000298426c673c method=java.util.HashMap.putVal(ILjava/lang/Object;Ljava/lang/Object;ZZ)Ljava/lang/Object; @ 253 c2
Event: 1.925 Thread 0x00000298334522e0 DEOPT PACKING pc=0x00000298426c673c sp=0x000000f8fb4ff270
Event: 1.925 Thread 0x00000298334522e0 DEOPT UNPACKING pc=0x000002983abfd72e sp=0x000000f8fb4ff250 mode 2

Classes unloaded (0 events):
No events

Classes redefined (0 events):
No events

Internal exceptions (20 events):
Event: 1.232 Thread 0x00000298334522e0 Exception <a 'sun/nio/fs/WindowsException'{0x00000000c2220378}> (0x00000000c2220378) 
thrown [t:\workspace\open\src\hotspot\share\prims\jni.cpp, line 579]
Event: 1.241 Thread 0x00000298334522e0 Exception <a 'sun/nio/fs/WindowsException'{0x00000000c2232138}> (0x00000000c2232138) 
thrown [t:\workspace\open\src\hotspot\share\prims\jni.cpp, line 579]
Event: 1.242 Thread 0x00000298334522e0 Exception <a 'sun/nio/fs/WindowsException'{0x00000000c2232448}> (0x00000000c2232448) 
thrown [t:\workspace\open\src\hotspot\share\prims\jni.cpp, line 579]
Event: 1.245 Thread 0x00000298334522e0 Exception <a 'sun/nio/fs/WindowsException'{0x00000000c223b4f0}> (0x00000000c223b4f0) 
thrown [t:\workspace\open\src\hotspot\share\prims\jni.cpp, line 579]
Event: 1.344 Thread 0x00000298334522e0 Exception <a 'java/lang/NoSuchMethodError'{0x00000000c2269a60}: 'int java.lang.invoke.DirectMethodHandle$Holder.invokeSpecial(java.lang.Object, java.lang.Object, java.lang.Object)'> (0x00000000c2269a60) 
thrown [t:\workspace\open\src\hotspot\share\interpreter\linkResolver.cpp, line 790]
Event: 1.347 Thread 0x00000298334522e0 Exception <a 'sun/nio/fs/WindowsException'{0x00000000c2275058}> (0x00000000c2275058) 
thrown [t:\workspace\open\src\hotspot\share\prims\jni.cpp, line 579]
Event: 1.347 Thread 0x00000298334522e0 Exception <a 'sun/nio/fs/WindowsException'{0x00000000c2275548}> (0x00000000c2275548) 
thrown [t:\workspace\open\src\hotspot\share\prims\jni.cpp, line 579]
Event: 1.348 Thread 0x00000298334522e0 Exception <a 'sun/nio/fs/WindowsException'{0x00000000c2276410}> (0x00000000c2276410) 
thrown [t:\workspace\open\src\hotspot\share\prims\jni.cpp, line 579]
Event: 1.348 Thread 0x00000298334522e0 Exception <a 'sun/nio/fs/WindowsException'{0x00000000c2276708}> (0x00000000c2276708) 
thrown [t:\workspace\open\src\hotspot\share\prims\jni.cpp, line 579]
Event: 1.348 Thread 0x00000298334522e0 Exception <a 'sun/nio/fs/WindowsException'{0x00000000c2277698}> (0x00000000c2277698) 
thrown [t:\workspace\open\src\hotspot\share\prims\jni.cpp, line 579]
Event: 1.348 Thread 0x00000298334522e0 Exception <a 'sun/nio/fs/WindowsException'{0x00000000c22778c8}> (0x00000000c22778c8) 
thrown [t:\workspace\open\src\hotspot\share\prims\jni.cpp, line 579]
Event: 1.411 Thread 0x00000298334522e0 Exception <a 'sun/nio/fs/WindowsException'{0x00000000c2565268}> (0x00000000c2565268) 
thrown [t:\workspace\open\src\hotspot\share\prims\jni.cpp, line 579]
Event: 1.411 Thread 0x00000298334522e0 Exception <a 'sun/nio/fs/WindowsException'{0x00000000c25654d0}> (0x00000000c25654d0) 
thrown [t:\workspace\open\src\hotspot\share\prims\jni.cpp, line 579]
Event: 1.411 Thread 0x00000298334522e0 Exception <a 'sun/nio/fs/WindowsException'{0x00000000c2566398}> (0x00000000c2566398) 
thrown [t:\workspace\open\src\hotspot\share\prims\jni.cpp, line 579]
Event: 1.412 Thread 0x00000298334522e0 Exception <a 'sun/nio/fs/WindowsException'{0x00000000c2566688}> (0x00000000c2566688) 
thrown [t:\workspace\open\src\hotspot\share\prims\jni.cpp, line 579]
Event: 1.412 Thread 0x00000298334522e0 Exception <a 'sun/nio/fs/WindowsException'{0x00000000c2567618}> (0x00000000c2567618) 
thrown [t:\workspace\open\src\hotspot\share\prims\jni.cpp, line 579]
Event: 1.412 Thread 0x00000298334522e0 Exception <a 'sun/nio/fs/WindowsException'{0x00000000c2567848}> (0x00000000c2567848) 
thrown [t:\workspace\open\src\hotspot\share\prims\jni.cpp, line 579]
Event: 1.447 Thread 0x00000298334522e0 Exception <a 'java/lang/NoSuchMethodError'{0x00000000c28a1360}: 'java.lang.Object java.lang.invoke.DirectMethodHandle$Holder.invokeStatic(java.lang.Object, java.lang.Object, int, int)'> (0x00000000c28a1360) 
thrown [t:\workspace\open\src\hotspot\share\interpreter\linkResolver.cpp, line 790]
Event: 2.006 Thread 0x00000298334522e0 Exception <a 'sun/nio/fs/WindowsException'{0x00000000c2fc9e58}> (0x00000000c2fc9e58) 
thrown [t:\workspace\open\src\hotspot\share\prims\jni.cpp, line 579]
Event: 2.017 Thread 0x00000298334522e0 Exception <a 'java/lang/NoSuchMethodError'{0x00000000c2fd0450}: 'void java.lang.invoke.DirectMethodHandle$Holder.invokeStatic(java.lang.Object, java.lang.Object, java.lang.Object)'> (0x00000000c2fd0450) 
thrown [t:\workspace\open\src\hotspot\share\interpreter\linkResolver.cpp, line 790]

Events (20 events):
Event: 1.680 Executing  VM operation: G1CollectForAllocation done
Event: 1.806 Executing  VM operation: ICBufferFull
Event: 1.806 Executing  VM operation: ICBufferFull done
Event: 1.841 Executing  VM operation: G1CollectForAllocation
Event: 1.847 Executing  VM operation: G1CollectForAllocation done
Event: 1.943 loading class java/util/function/ToIntBiFunction
Event: 1.943 loading class java/util/function/ToIntBiFunction done
Event: 2.010 loading class java/nio/channels/Channels$1
Event: 2.010 loading class java/nio/channels/Channels$1 done
Event: 2.015 loading class java/util/EnumMap$Values
Event: 2.015 loading class java/util/EnumMap$Values done
Event: 2.015 loading class java/util/EnumMap$ValueIterator
Event: 2.015 loading class java/util/EnumMap$EnumMapIterator
Event: 2.015 loading class java/util/EnumMap$EnumMapIterator done
Event: 2.015 loading class java/util/EnumMap$ValueIterator done
Event: 2.016 loading class java/util/WeakHashMap$KeyIterator
Event: 2.016 loading class java/util/WeakHashMap$HashIterator
Event: 2.016 loading class java/util/WeakHashMap$HashIterator done
Event: 2.016 loading class java/util/WeakHashMap$KeyIterator done
Event: 2.021 Executing  VM operation: Exit


Dynamic libraries:
0x00007ff7cbf20000 - 0x00007ff7cbf28000 	C:\Program Files\Java\jdk-16\bin\javac.exe
0x00007ffcc4100000 - 0x00007ffcc42f0000 	C:\WINDOWS\SYSTEM32\ntdll.dll
0x00007ffcc2ca0000 - 0x00007ffcc2d52000 	C:\WINDOWS\System32\KERNEL32.DLL
0x00007ffcc1d50000 - 0x00007ffcc1ff3000 	C:\WINDOWS\System32\KERNELBASE.dll
0x00007ffcc1280000 - 0x00007ffcc137a000 	C:\WINDOWS\System32\ucrtbase.dll
0x00007ffcbe7b0000 - 0x00007ffcbe7c9000 	C:\Program Files\Java\jdk-16\bin\VCRUNTIME140.dll
0x00007ffca9bd0000 - 0x00007ffca9be8000 	C:\Program Files\Java\jdk-16\bin\jli.dll
0x00007ffcc2be0000 - 0x00007ffcc2c83000 	C:\WINDOWS\System32\ADVAPI32.dll
0x00007ffcc2d60000 - 0x00007ffcc2dfe000 	C:\WINDOWS\System32\msvcrt.dll
0x00007ffcc4020000 - 0x00007ffcc40b7000 	C:\WINDOWS\System32\sechost.dll
0x00007ffcc3370000 - 0x00007ffcc3490000 	C:\WINDOWS\System32\RPCRT4.dll
0x00007ffcc2a10000 - 0x00007ffcc2ba4000 	C:\WINDOWS\System32\USER32.dll
0x00007ffcc1250000 - 0x00007ffcc1271000 	C:\WINDOWS\System32\win32u.dll
0x00007ffc9cf60000 - 0x00007ffc9d1e5000 	C:\WINDOWS\WinSxS\amd64_microsoft.windows.common-controls_6595b64144ccf1df_6.0.18362.535_none_e6c3b34713100821\COMCTL32.dll
0x00007ffcc3b70000 - 0x00007ffcc3b96000 	C:\WINDOWS\System32\GDI32.dll
0x00007ffcc1090000 - 0x00007ffcc1224000 	C:\WINDOWS\System32\gdi32full.dll
0x00007ffcc2e00000 - 0x00007ffcc3136000 	C:\WINDOWS\System32\combase.dll
0x00007ffcc1b00000 - 0x00007ffcc1b9e000 	C:\WINDOWS\System32\msvcp_win.dll
0x00007ffcc1c50000 - 0x00007ffcc1cd0000 	C:\WINDOWS\System32\bcryptPrimitives.dll
0x00007ffcbfaf0000 - 0x00007ffcbfafa000 	C:\WINDOWS\SYSTEM32\VERSION.dll
0x00007ffcc2bb0000 - 0x00007ffcc2bde000 	C:\WINDOWS\System32\IMM32.DLL
0x00007ffcb5b70000 - 0x00007ffcb5b7c000 	C:\Program Files\Java\jdk-16\bin\vcruntime140_1.dll
0x00007ffc9b3e0000 - 0x00007ffc9b471000 	C:\Program Files\Java\jdk-16\bin\msvcp140.dll
0x00007ffc90220000 - 0x00007ffc90dcb000 	C:\Program Files\Java\jdk-16\bin\server\jvm.dll
0x00007ffcc3ba0000 - 0x00007ffcc3ba8000 	C:\WINDOWS\System32\PSAPI.DLL
0x00007ffcbe780000 - 0x00007ffcbe7a4000 	C:\WINDOWS\SYSTEM32\WINMM.dll
0x00007ffcb7790000 - 0x00007ffcb7799000 	C:\WINDOWS\SYSTEM32\WSOCK32.dll
0x00007ffcc35f0000 - 0x00007ffcc365f000 	C:\WINDOWS\System32\WS2_32.dll
0x00007ffcbe750000 - 0x00007ffcbe77d000 	C:\WINDOWS\SYSTEM32\winmmbase.dll
0x00007ffcc1d00000 - 0x00007ffcc1d4a000 	C:\WINDOWS\System32\cfgmgr32.dll
0x00007ffcc1020000 - 0x00007ffcc1031000 	C:\WINDOWS\System32\kernel.appcore.dll
0x00007ffcb5af0000 - 0x00007ffcb5afa000 	C:\Program Files\Java\jdk-16\bin\jimage.dll
0x00007ffcb1eb0000 - 0x00007ffcb20a4000 	C:\WINDOWS\SYSTEM32\DBGHELP.DLL
0x00007ffca8540000 - 0x00007ffca856a000 	C:\WINDOWS\SYSTEM32\dbgcore.DLL
0x00007ffca9980000 - 0x00007ffca99a5000 	C:\Program Files\Java\jdk-16\bin\java.dll
0x00007ffcc2280000 - 0x00007ffcc2965000 	C:\WINDOWS\System32\SHELL32.dll
0x00007ffcc3490000 - 0x00007ffcc3539000 	C:\WINDOWS\System32\shcore.dll
0x00007ffcc1380000 - 0x00007ffcc1aff000 	C:\WINDOWS\System32\windows.storage.dll
0x00007ffcc0fe0000 - 0x00007ffcc0fff000 	C:\WINDOWS\System32\profapi.dll
0x00007ffcc1040000 - 0x00007ffcc108a000 	C:\WINDOWS\System32\powrprof.dll
0x00007ffcc0fd0000 - 0x00007ffcc0fe0000 	C:\WINDOWS\System32\UMPDC.dll
0x00007ffcc39b0000 - 0x00007ffcc3a02000 	C:\WINDOWS\System32\shlwapi.dll
0x00007ffcc1230000 - 0x00007ffcc1247000 	C:\WINDOWS\System32\cryptsp.dll
0x00007ffcad9e0000 - 0x00007ffcad9f9000 	C:\Program Files\Java\jdk-16\bin\net.dll
0x00007ffcb53d0000 - 0x00007ffcb54c0000 	C:\WINDOWS\SYSTEM32\WINHTTP.dll
0x00007ffcc0840000 - 0x00007ffcc08a7000 	C:\WINDOWS\system32\mswsock.dll
0x00007ffcacd80000 - 0x00007ffcacd93000 	C:\Program Files\Java\jdk-16\bin\nio.dll
0x00007ffca9960000 - 0x00007ffca9978000 	C:\Program Files\Java\jdk-16\bin\zip.dll

dbghelp: loaded successfully - version: 4.0.5 - missing functions: none
symbol engine: initialized successfully - sym options: 0x614 - pdb path: .;C:\Program Files\Java\jdk-16\bin;C:\WINDOWS\SYSTEM32;C:\WINDOWS\WinSxS\amd64_microsoft.windows.common-controls_6595b64144ccf1df_6.0.18362.535_none_e6c3b34713100821;C:\Program Files\Java\jdk-16\bin\server

VM Arguments:
jvm_args: -Dapplication.home=C:\Program Files\Java\jdk-16 --add-modules=ALL-DEFAULT -Xms8m -Djdk.module.main=jdk.compiler 
java_command: jdk.compiler/com.sun.tools.javac.Main -d C:\Users\admin\Desktop\checkbill\build\classes -classpath C:\Users\admin\Desktop\checkbill\build\classes;C:\Users\admin\Documents\NetBeansProjects\mysql-connector-java-8.0.25;C:\Users\admin\Documents\NetBeansProjects\mysql-connector-java-8.0.25\mysql-connector-java-8.0.25.jar -sourcepath C:\Users\admin\Desktop\checkbill\src -target 16 -encoding UTF-8 -g -processorpath C:\Users\admin\Documents\NetBeansProjects\mysql-connector-java-8.0.25;C:\Users\admin\Documents\NetBeansProjects\mysql-connector-java-8.0.25\mysql-connector-java-8.0.25.jar;C:\Users\admin\Desktop\checkbill\build\empty -s C:\Users\admin\Desktop\checkbill\build\generated-sources\ap-source-output -source 16 C:\Users\admin\Desktop\checkbill\src\checkbill\admindashboard.java
java_class_path (initial): <not set>
Launcher Type: SUN_STANDARD

[Global flags]
     intx CICompilerCount                          = 3                                         {product} {ergonomic}
     uint ConcGCThreads                            = 1                                         {product} {ergonomic}
     uint G1ConcRefinementThreads                  = 4                                         {product} {ergonomic}
   size_t G1HeapRegionSize                         = 1048576                                   {product} {ergonomic}
    uintx GCDrainStackTargetSize                   = 64                                        {product} {ergonomic}
   size_t InitialHeapSize                          = 8388608                                   {product} {command line}
   size_t MarkStackSize                            = 4194304                                   {product} {ergonomic}
   size_t MaxHeapSize                              = 1048576000                                {product} {ergonomic}
   size_t MaxNewSize                               = 629145600                                 {product} {ergonomic}
   size_t MinHeapDeltaBytes                        = 1048576                                   {product} {ergonomic}
   size_t MinHeapSize                              = 8388608                                   {product} {command line}
    uintx NonNMethodCodeHeapSize                   = 5832780                                {pd product} {ergonomic}
    uintx NonProfiledCodeHeapSize                  = 122912730                              {pd product} {ergonomic}
    uintx ProfiledCodeHeapSize                     = 122912730                              {pd product} {ergonomic}
    uintx ReservedCodeCacheSize                    = 251658240                              {pd product} {ergonomic}
     bool SegmentedCodeCache                       = true                                      {product} {ergonomic}
   size_t SoftMaxHeapSize                          = 1048576000                             {manageable} {ergonomic}
     bool UseCompressedClassPointers               = true                           {product lp64_product} {ergonomic}
     bool UseCompressedOops                        = true                           {product lp64_product} {ergonomic}
     bool UseG1GC                                  = true                                      {product} {ergonomic}
     bool UseLargePagesIndividualAllocation        = false                                  {pd product} {ergonomic}

Logging:
Log output configuration:
 #0: stdout all=warning uptime,level,tags
 #1: stderr all=off uptime,level,tags

Environment Variables:
PATH=C:\Program Files\Common Files\Oracle\Java\javapath;C:\WINDOWS\system32;C:\WINDOWS;C:\WINDOWS\System32\Wbem;C:\WINDOWS\System32\WindowsPowerShell\v1.0\;C:\WINDOWS\System32\OpenSSH\;C:\Program Files\Microsoft SQL Server\120\Tools\Binn\;C:\Program Files (x86)\Java\jdk1.7.0_76\bin;C:\Users\admin\AppData\Local\Programs\Python\Python38-32;C:\Users\admin\AppData\Local\Programs\Python\Python38-32\Scripts;C:\Program Files (x86)\Intel\Intel(R) Management Engine Components\DAL;C:\Program Files\Intel\Intel(R) Management Engine Components\DAL;C:\WINDOWS\system32\config\systemprofile\.dnx\bin;C:\Program Files\Microsoft DNX\Dnvm\;C:\Program Files\Java\jdk-16\bin;C:\Program Files\MySQL\MySQL Server 5.5\bin;C:\Program Files\Git\cmd;C:\Program Files (x86)\Java\jre7\bin;C:\Program Files\JetBrains\PyCharm Community Edition 2020.1.2\bin;;C:\xampp new\php;C:\Users\admin\AppData\Local\Programs\Microsoft VS Code\bin;C:\src\flutter\bin;
USERNAME=admin
OS=Windows_NT
PROCESSOR_IDENTIFIER=Intel64 Family 6 Model 142 Stepping 9, GenuineIntel



---------------  S Y S T E M  ---------------

OS:
 Windows 10 , 64 bit Build 18362 (10.0.18362.329)
OS uptime: 0 days 13:02 hours

CPU: total 4 (initial active 4) (2 cores per cpu, 2 threads per core) family 6 model 142 stepping 9 microcode 0xca, cx8, cmov, fxsr, ht, mmx, 3dnowpref, sse, sse2, sse3, ssse3, sse4.1, sse4.2, popcnt, lzcnt, tsc, tscinvbit, avx, avx2, aes, erms, clmul, bmi1, bmi2, adx, fma, vzeroupper, clflush, clflushopt

Memory: 4k page, system-wide physical 3993M (510M free)
TotalPageFile size 16281M (AvailPageFile size 6M)
current process WorkingSet (physical memory assigned to process): 111M, peak: 111M
current process commit charge ("private bytes"): 145M, peak: 146M

vm_info: Java HotSpot(TM) 64-Bit Server VM (16+36-2231) for windows-amd64 JRE (16+36-2231), built on Feb  8 2021 11:43:10 by "mach5one" with MS VC++ 16.7 (VS2019)

END.
