#
# There is insufficient memory for the Java Runtime Environment to continue.
# Native memory allocation (mmap) failed to map 40894464 bytes for G1 virtual space
# Possible reasons:
#   The system is out of physical RAM or swap space
#   The process is running with CompressedOops enabled, and the Java Heap may be blocking the growth of the native heap
# Possible solutions:
#   Reduce memory load on the system
#   Increase physical memory or swap space
#   Check if swap backing store is full
#   Decrease Java heap size (-Xmx/-Xms)
#   Decrease number of Java threads
#   Decrease Java thread stack sizes (-Xss)
#   Set larger code cache with -XX:ReservedCodeCacheSize=
#   JVM is running with Unscaled Compressed Oops mode in which the Java heap is
#     placed in the first 4GB address space. The Java Heap base address is the
#     maximum limit for the native heap growth. Please use -XX:HeapBaseMinAddress
#     to set the Java Heap base and to place the Java Heap above 4GB virtual address.
# This output file may be truncated or incomplete.
#
#  Out of Memory Error (os_windows.cpp:3466), pid=17008, tid=25708
#
# JRE version: Java(TM) SE Runtime Environment (16.0+36) (build 16+36-2231)
# Java VM: Java HotSpot(TM) 64-Bit Server VM (16+36-2231, mixed mode, sharing, tiered, compressed oops, g1 gc, windows-amd64)
# No core dump will be written. Minidumps are not enabled by default on client versions of Windows
#

---------------  S U M M A R Y ------------

Command Line: -Dfile.encoding=UTF-8 checkbill.admindashboard

Host: Intel(R) Core(TM) i3-7020U CPU @ 2.30GHz, 4 cores, 3G,  Windows 10 , 64 bit Build 18362 (10.0.18362.329)
Time: Sat Aug 28 00:57:59 2021 India Standard Time elapsed time: 0.847903 seconds (0d 0h 0m 0s)

---------------  T H R E A D  ---------------

Current thread (0x0000020f56ca8bc0):  VMThread "VM Thread" [stack: 0x0000003654000000,0x0000003654100000] [id=25708]

Stack: [0x0000003654000000,0x0000003654100000]
Native frames: (J=compiled Java code, j=interpreted, Vv=VM code, C=native code)
V  [jvm.dll+0x6681da]
V  [jvm.dll+0x7c9d99]
V  [jvm.dll+0x7cb4d3]
V  [jvm.dll+0x7cbb33]
V  [jvm.dll+0x242ee5]
V  [jvm.dll+0x664f99]
V  [jvm.dll+0x659b85]
V  [jvm.dll+0x2fbfcb]
V  [jvm.dll+0x3031c6]
V  [jvm.dll+0x352a0e]
V  [jvm.dll+0x352c3f]
V  [jvm.dll+0x2d3038]
V  [jvm.dll+0x2d65a6]
V  [jvm.dll+0x2e0ab7]
V  [jvm.dll+0x315560]
V  [jvm.dll+0x7cff2b]
V  [jvm.dll+0x7d0c24]
V  [jvm.dll+0x7d1129]
V  [jvm.dll+0x7d13e4]
V  [jvm.dll+0x7d14b0]
V  [jvm.dll+0x77952a]
V  [jvm.dll+0x667076]
C  [ucrtbase.dll+0x20e72]
C  [KERNEL32.DLL+0x17bd4]
C  [ntdll.dll+0x6ced1]

VM_Operation (0x0000003653cff4d0): G1Concurrent, mode: safepoint, requested by thread 0x0000020f56c26a00


---------------  P R O C E S S  ---------------

Threads class SMR info:
_java_thread_list=0x0000020f74b4a450, length=17, elements={
0x0000020f56bf0320, 0x0000020f56cae820, 0x0000020f56caf6e0, 0x0000020f56cbd060,
0x0000020f56cbd970, 0x0000020f56cbe370, 0x0000020f73c1ffa0, 0x0000020f73c20be0,
0x0000020f73c32f50, 0x0000020f73c6c590, 0x0000020f7487cce0, 0x0000020f7488a980,
0x0000020f74ae06f0, 0x0000020f74ae36d0, 0x0000020f74ae66b0, 0x0000020f74b5c030,
0x0000020f74b73380
}

Java Threads: ( => current thread )
  0x0000020f56bf0320 JavaThread "main" [_thread_blocked, id=25940, stack(0x0000003653a00000,0x0000003653b00000)]
  0x0000020f56cae820 JavaThread "Reference Handler" daemon [_thread_blocked, id=18524, stack(0x0000003654100000,0x0000003654200000)]
  0x0000020f56caf6e0 JavaThread "Finalizer" daemon [_thread_blocked, id=4968, stack(0x0000003654200000,0x0000003654300000)]
  0x0000020f56cbd060 JavaThread "Signal Dispatcher" daemon [_thread_blocked, id=17808, stack(0x0000003654300000,0x0000003654400000)]
  0x0000020f56cbd970 JavaThread "Attach Listener" daemon [_thread_blocked, id=14688, stack(0x0000003654400000,0x0000003654500000)]
  0x0000020f56cbe370 JavaThread "Service Thread" daemon [_thread_blocked, id=20272, stack(0x0000003654500000,0x0000003654600000)]
  0x0000020f73c1ffa0 JavaThread "Monitor Deflation Thread" daemon [_thread_blocked, id=21508, stack(0x0000003654600000,0x0000003654700000)]
  0x0000020f73c20be0 JavaThread "C2 CompilerThread0" daemon [_thread_blocked, id=21168, stack(0x0000003654700000,0x0000003654800000)]
  0x0000020f73c32f50 JavaThread "C1 CompilerThread0" daemon [_thread_blocked, id=5156, stack(0x0000003654800000,0x0000003654900000)]
  0x0000020f73c6c590 JavaThread "Sweeper thread" daemon [_thread_blocked, id=26048, stack(0x0000003654900000,0x0000003654a00000)]
  0x0000020f7487cce0 JavaThread "Notification Thread" daemon [_thread_blocked, id=6588, stack(0x0000003654a00000,0x0000003654b00000)]
  0x0000020f7488a980 JavaThread "Common-Cleaner" daemon [_thread_blocked, id=10636, stack(0x0000003654c00000,0x0000003654d00000)]
  0x0000020f74ae06f0 JavaThread "Java2D Disposer" daemon [_thread_blocked, id=14988, stack(0x0000003654d00000,0x0000003654e00000)]
  0x0000020f74ae36d0 JavaThread "AWT-Shutdown" [_thread_blocked, id=23304, stack(0x0000003654e00000,0x0000003654f00000)]
  0x0000020f74ae66b0 JavaThread "AWT-Windows" daemon [_thread_in_native, id=1844, stack(0x0000003654f00000,0x0000003655000000)]
  0x0000020f74b5c030 JavaThread "Image Fetcher 0" daemon [_thread_blocked, id=9784, stack(0x0000003655000000,0x0000003655100000)]
  0x0000020f74b73380 JavaThread "Image Fetcher 1" daemon [_thread_blocked, id=21480, stack(0x0000003655100000,0x0000003655200000)]

Other Threads:
=>0x0000020f56ca8bc0 VMThread "VM Thread" [stack: 0x0000003654000000,0x0000003654100000] [id=25708]
  0x0000020f7487fa20 WatcherThread [stack: 0x0000003654b00000,0x0000003654c00000] [id=22432]
  0x0000020f56c1cbb0 GCTaskThread "GC Thread#0" [stack: 0x0000003653b00000,0x0000003653c00000] [id=26092]
  0x0000020f74bfe810 GCTaskThread "GC Thread#1" [stack: 0x0000003655200000,0x0000003655300000] [id=21208]
  0x0000020f74bfeb20 GCTaskThread "GC Thread#2" [stack: 0x0000003655300000,0x0000003655400000] [id=1836]
  0x0000020f75555320 GCTaskThread "GC Thread#3" [stack: 0x0000003655400000,0x0000003655500000] [id=22324]
  0x0000020f56c26a00 ConcurrentGCThread "G1 Main Marker" [stack: 0x0000003653c00000,0x0000003653d00000] [id=15744]
  0x0000020f56c27c90 ConcurrentGCThread "G1 Conc#0" [stack: 0x0000003653d00000,0x0000003653e00000] [id=8636]
  0x0000020f56c78490 ConcurrentGCThread "G1 Refine#0" [stack: 0x0000003653e00000,0x0000003653f00000] [id=22872]
  0x0000020f56c78f90 ConcurrentGCThread "G1 Service" [stack: 0x0000003653f00000,0x0000003654000000] [id=11672]

Threads with active compile tasks:

VM state: at safepoint (normal execution)

VM Mutex/Monitor currently owned by a thread:  ([mutex/lock_event])
[0x0000020f56aec570] Threads_lock - owner thread: 0x0000020f56ca8bc0
[0x0000020f56aebeb0] Heap_lock - owner thread: 0x0000020f56c26a00

Heap address: 0x00000000c1800000, size: 1000 MB, Compressed Oops mode: 32-bit
CDS archive(s) mapped at: [0x0000000800000000-0x0000000800bb0000-0x0000000800bb0000), size 12255232, SharedBaseAddress: 0x0000000800000000, ArchiveRelocationMode: 0.
Compressed class space mapped at: 0x0000000800c00000-0x0000000840c00000, reserved size: 1073741824
Narrow klass base: 0x0000000800000000, Narrow klass shift: 3, Narrow klass range: 0x100000000

GC Precious Log:
 CPUs: 4 total, 4 available
 Memory: 3993M
 Large Page Support: Disabled
 NUMA Support: Disabled
 Compressed Oops: Enabled (32-bit)
 Heap Region Size: 1M
 Heap Min Capacity: 8M
 Heap Initial Capacity: 64M
 Heap Max Capacity: 1000M
 Pre-touch: Disabled
 Parallel Workers: 4
 Concurrent Workers: 1
 Concurrent Refinement Workers: 4
 Periodic GC: Disabled

Heap:
 garbage-first heap   total 194560K, used 138055K [0x00000000c1800000, 0x0000000100000000)
  region size 1024K, 3 young (3072K), 1 survivors (1024K)
 Metaspace       used 4674K, committed 4864K, reserved 1056768K
  class space    used 487K, committed 576K, reserved 1048576K

Heap Regions: E=young(eden), S=young(survivor), O=old, HS=humongous(starts), HC=humongous(continues), CS=collection set, F=free, OA=open archive, CA=closed archive, TAMS=top-at-mark-start (previous, next)
|   0|0x00000000c1800000, 0x00000000c1900000, 0x00000000c1900000|100%| O|  |TAMS 0x00000000c1900000, 0x00000000c1800000| Updating 
|   1|0x00000000c1900000, 0x00000000c19c5800, 0x00000000c1a00000| 77%| O|  |TAMS 0x00000000c19c5800, 0x00000000c1900000| Updating 
|   2|0x00000000c1a00000, 0x00000000c1a00000, 0x00000000c1b00000|  0%| F|  |TAMS 0x00000000c1a00000, 0x00000000c1a00000| Untracked 
|   3|0x00000000c1b00000, 0x00000000c1b00000, 0x00000000c1c00000|  0%| F|  |TAMS 0x00000000c1b00000, 0x00000000c1b00000| Untracked 
|   4|0x00000000c1c00000, 0x00000000c1c00000, 0x00000000c1d00000|  0%| F|  |TAMS 0x00000000c1c00000, 0x00000000c1c00000| Untracked 
|   5|0x00000000c1d00000, 0x00000000c1d00000, 0x00000000c1e00000|  0%| F|  |TAMS 0x00000000c1d00000, 0x00000000c1d00000| Untracked 
|   6|0x00000000c1e00000, 0x00000000c1e00000, 0x00000000c1f00000|  0%| F|  |TAMS 0x00000000c1e00000, 0x00000000c1e00000| Untracked 
|   7|0x00000000c1f00000, 0x00000000c1f00000, 0x00000000c2000000|  0%| F|  |TAMS 0x00000000c1f00000, 0x00000000c1f00000| Untracked 
|   8|0x00000000c2000000, 0x00000000c2000000, 0x00000000c2100000|  0%| F|  |TAMS 0x00000000c2000000, 0x00000000c2000000| Untracked 
|   9|0x00000000c2100000, 0x00000000c2100000, 0x00000000c2200000|  0%| F|  |TAMS 0x00000000c2100000, 0x00000000c2100000| Untracked 
|  10|0x00000000c2200000, 0x00000000c2200000, 0x00000000c2300000|  0%| F|  |TAMS 0x00000000c2200000, 0x00000000c2200000| Untracked 
|  11|0x00000000c2300000, 0x00000000c2300000, 0x00000000c2400000|  0%| F|  |TAMS 0x00000000c2300000, 0x00000000c2300000| Untracked 
|  12|0x00000000c2400000, 0x00000000c2400000, 0x00000000c2500000|  0%| F|  |TAMS 0x00000000c2400000, 0x00000000c2400000| Untracked 
|  13|0x00000000c2500000, 0x00000000c2500000, 0x00000000c2600000|  0%| F|  |TAMS 0x00000000c2500000, 0x00000000c2500000| Untracked 
|  14|0x00000000c2600000, 0x00000000c2600000, 0x00000000c2700000|  0%| F|  |TAMS 0x00000000c2600000, 0x00000000c2600000| Untracked 
|  15|0x00000000c2700000, 0x00000000c2700000, 0x00000000c2800000|  0%| F|  |TAMS 0x00000000c2700000, 0x00000000c2700000| Untracked 
|  16|0x00000000c2800000, 0x00000000c2800000, 0x00000000c2900000|  0%| F|  |TAMS 0x00000000c2800000, 0x00000000c2800000| Untracked 
|  17|0x00000000c2900000, 0x00000000c2900000, 0x00000000c2a00000|  0%| F|  |TAMS 0x00000000c2900000, 0x00000000c2900000| Untracked 
|  18|0x00000000c2a00000, 0x00000000c2a00000, 0x00000000c2b00000|  0%| F|  |TAMS 0x00000000c2a00000, 0x00000000c2a00000| Untracked 
|  19|0x00000000c2b00000, 0x00000000c2b00000, 0x00000000c2c00000|  0%| F|  |TAMS 0x00000000c2b00000, 0x00000000c2b00000| Untracked 
|  20|0x00000000c2c00000, 0x00000000c2c00000, 0x00000000c2d00000|  0%| F|  |TAMS 0x00000000c2c00000, 0x00000000c2c00000| Untracked 
|  21|0x00000000c2d00000, 0x00000000c2d00000, 0x00000000c2e00000|  0%| F|  |TAMS 0x00000000c2d00000, 0x00000000c2d00000| Untracked 
|  22|0x00000000c2e00000, 0x00000000c2e00000, 0x00000000c2f00000|  0%| F|  |TAMS 0x00000000c2e00000, 0x00000000c2e00000| Untracked 
|  23|0x00000000c2f00000, 0x00000000c2f00000, 0x00000000c3000000|  0%| F|  |TAMS 0x00000000c2f00000, 0x00000000c2f00000| Untracked 
|  24|0x00000000c3000000, 0x00000000c3000000, 0x00000000c3100000|  0%| F|  |TAMS 0x00000000c3000000, 0x00000000c3000000| Untracked 
|  25|0x00000000c3100000, 0x00000000c3100000, 0x00000000c3200000|  0%| F|  |TAMS 0x00000000c3100000, 0x00000000c3100000| Untracked 
|  26|0x00000000c3200000, 0x00000000c320c6c0, 0x00000000c3300000|  4%| S|CS|TAMS 0x00000000c3200000, 0x00000000c3200000| Complete 
|  27|0x00000000c3300000, 0x00000000c3300000, 0x00000000c3400000|  0%| F|  |TAMS 0x00000000c3300000, 0x00000000c3300000| Untracked 
|  28|0x00000000c3400000, 0x00000000c3400000, 0x00000000c3500000|  0%| F|  |TAMS 0x00000000c3400000, 0x00000000c3400000| Untracked 
|  29|0x00000000c3500000, 0x00000000c3500000, 0x00000000c3600000|  0%| F|  |TAMS 0x00000000c3500000, 0x00000000c3500000| Untracked 
|  30|0x00000000c3600000, 0x00000000c3600000, 0x00000000c3700000|  0%| F|  |TAMS 0x00000000c3600000, 0x00000000c3600000| Untracked 
|  31|0x00000000c3700000, 0x00000000c3700000, 0x00000000c3800000|  0%| F|  |TAMS 0x00000000c3700000, 0x00000000c3700000| Untracked 
|  32|0x00000000c3800000, 0x00000000c3800000, 0x00000000c3900000|  0%| F|  |TAMS 0x00000000c3800000, 0x00000000c3800000| Untracked 
|  33|0x00000000c3900000, 0x00000000c3900000, 0x00000000c3a00000|  0%| F|  |TAMS 0x00000000c3900000, 0x00000000c3900000| Untracked 
|  34|0x00000000c3a00000, 0x00000000c3a00000, 0x00000000c3b00000|  0%| F|  |TAMS 0x00000000c3a00000, 0x00000000c3a00000| Untracked 
|  35|0x00000000c3b00000, 0x00000000c3b00000, 0x00000000c3c00000|  0%| F|  |TAMS 0x00000000c3b00000, 0x00000000c3b00000| Untracked 
|  36|0x00000000c3c00000, 0x00000000c3c00000, 0x00000000c3d00000|  0%| F|  |TAMS 0x00000000c3c00000, 0x00000000c3c00000| Untracked 
|  37|0x00000000c3d00000, 0x00000000c3d00000, 0x00000000c3e00000|  0%| F|  |TAMS 0x00000000c3d00000, 0x00000000c3d00000| Untracked 
|  38|0x00000000c3e00000, 0x00000000c3e00000, 0x00000000c3f00000|  0%| F|  |TAMS 0x00000000c3e00000, 0x00000000c3e00000| Untracked 
|  39|0x00000000c3f00000, 0x00000000c3f00000, 0x00000000c4000000|  0%| F|  |TAMS 0x00000000c3f00000, 0x00000000c3f00000| Untracked 
|  40|0x00000000c4000000, 0x00000000c4000000, 0x00000000c4100000|  0%| F|  |TAMS 0x00000000c4000000, 0x00000000c4000000| Untracked 
|  41|0x00000000c4100000, 0x00000000c4100000, 0x00000000c4200000|  0%| F|  |TAMS 0x00000000c4100000, 0x00000000c4100000| Untracked 
|  42|0x00000000c4200000, 0x00000000c4200000, 0x00000000c4300000|  0%| F|  |TAMS 0x00000000c4200000, 0x00000000c4200000| Untracked 
|  43|0x00000000c4300000, 0x00000000c4300000, 0x00000000c4400000|  0%| F|  |TAMS 0x00000000c4300000, 0x00000000c4300000| Untracked 
|  44|0x00000000c4400000, 0x00000000c4400000, 0x00000000c4500000|  0%| F|  |TAMS 0x00000000c4400000, 0x00000000c4400000| Untracked 
|  45|0x00000000c4500000, 0x00000000c4500000, 0x00000000c4600000|  0%| F|  |TAMS 0x00000000c4500000, 0x00000000c4500000| Untracked 
|  46|0x00000000c4600000, 0x00000000c4600000, 0x00000000c4700000|  0%| F|  |TAMS 0x00000000c4600000, 0x00000000c4600000| Untracked 
|  47|0x00000000c4700000, 0x00000000c4700000, 0x00000000c4800000|  0%| F|  |TAMS 0x00000000c4700000, 0x00000000c4700000| Untracked 
|  48|0x00000000c4800000, 0x00000000c4800000, 0x00000000c4900000|  0%| F|  |TAMS 0x00000000c4800000, 0x00000000c4800000| Untracked 
|  49|0x00000000c4900000, 0x00000000c4900000, 0x00000000c4a00000|  0%| F|  |TAMS 0x00000000c4900000, 0x00000000c4900000| Untracked 
|  50|0x00000000c4a00000, 0x00000000c4a00000, 0x00000000c4b00000|  0%| F|  |TAMS 0x00000000c4a00000, 0x00000000c4a00000| Untracked 
|  51|0x00000000c4b00000, 0x00000000c4b00000, 0x00000000c4c00000|  0%| F|  |TAMS 0x00000000c4b00000, 0x00000000c4b00000| Untracked 
|  52|0x00000000c4c00000, 0x00000000c4c00000, 0x00000000c4d00000|  0%| F|  |TAMS 0x00000000c4c00000, 0x00000000c4c00000| Untracked 
|  53|0x00000000c4d00000, 0x00000000c4d00000, 0x00000000c4e00000|  0%| F|  |TAMS 0x00000000c4d00000, 0x00000000c4d00000| Untracked 
|  54|0x00000000c4e00000, 0x00000000c4e00000, 0x00000000c4f00000|  0%| F|  |TAMS 0x00000000c4e00000, 0x00000000c4e00000| Untracked 
|  55|0x00000000c4f00000, 0x00000000c4f00000, 0x00000000c5000000|  0%| F|  |TAMS 0x00000000c4f00000, 0x00000000c4f00000| Untracked 
|  56|0x00000000c5000000, 0x00000000c5087090, 0x00000000c5100000| 52%| E|  |TAMS 0x00000000c5000000, 0x00000000c5000000| Complete 
|  57|0x00000000c5100000, 0x00000000c5200000, 0x00000000c5200000|100%| E|CS|TAMS 0x00000000c5100000, 0x00000000c5100000| Complete 
|  58|0x00000000c5200000, 0x00000000c5300000, 0x00000000c5300000|100%|HS|  |TAMS 0x00000000c5300000, 0x00000000c5200000| Complete 
|  59|0x00000000c5300000, 0x00000000c5400000, 0x00000000c5400000|100%|HC|  |TAMS 0x00000000c5400000, 0x00000000c5300000| Complete 
|  60|0x00000000c5400000, 0x00000000c5500000, 0x00000000c5500000|100%|HC|  |TAMS 0x00000000c5500000, 0x00000000c5400000| Complete 
|  61|0x00000000c5500000, 0x00000000c5600000, 0x00000000c5600000|100%|HC|  |TAMS 0x00000000c5600000, 0x00000000c5500000| Complete 
|  62|0x00000000c5600000, 0x00000000c5700000, 0x00000000c5700000|100%|HC|  |TAMS 0x00000000c5700000, 0x00000000c5600000| Complete 
|  63|0x00000000c5700000, 0x00000000c5800000, 0x00000000c5800000|100%|HC|  |TAMS 0x00000000c5800000, 0x00000000c5700000| Complete 
|  64|0x00000000c5800000, 0x00000000c5900000, 0x00000000c5900000|100%|HC|  |TAMS 0x00000000c5900000, 0x00000000c5800000| Complete 
|  65|0x00000000c5900000, 0x00000000c5a00000, 0x00000000c5a00000|100%|HC|  |TAMS 0x00000000c5a00000, 0x00000000c5900000| Complete 
|  66|0x00000000c5a00000, 0x00000000c5b00000, 0x00000000c5b00000|100%|HC|  |TAMS 0x00000000c5b00000, 0x00000000c5a00000| Complete 
|  67|0x00000000c5b00000, 0x00000000c5c00000, 0x00000000c5c00000|100%|HC|  |TAMS 0x00000000c5c00000, 0x00000000c5b00000| Complete 
|  68|0x00000000c5c00000, 0x00000000c5d00000, 0x00000000c5d00000|100%|HC|  |TAMS 0x00000000c5d00000, 0x00000000c5c00000| Complete 
|  69|0x00000000c5d00000, 0x00000000c5e00000, 0x00000000c5e00000|100%|HC|  |TAMS 0x00000000c5e00000, 0x00000000c5d00000| Complete 
|  70|0x00000000c5e00000, 0x00000000c5f00000, 0x00000000c5f00000|100%|HC|  |TAMS 0x00000000c5f00000, 0x00000000c5e00000| Complete 
|  71|0x00000000c5f00000, 0x00000000c6000000, 0x00000000c6000000|100%|HC|  |TAMS 0x00000000c6000000, 0x00000000c5f00000| Complete 
|  72|0x00000000c6000000, 0x00000000c6100000, 0x00000000c6100000|100%|HC|  |TAMS 0x00000000c6100000, 0x00000000c6000000| Complete 
|  73|0x00000000c6100000, 0x00000000c6200000, 0x00000000c6200000|100%|HC|  |TAMS 0x00000000c6200000, 0x00000000c6100000| Complete 
|  74|0x00000000c6200000, 0x00000000c6300000, 0x00000000c6300000|100%|HC|  |TAMS 0x00000000c6300000, 0x00000000c6200000| Complete 
|  75|0x00000000c6300000, 0x00000000c6400000, 0x00000000c6400000|100%|HC|  |TAMS 0x00000000c6400000, 0x00000000c6300000| Complete 
|  76|0x00000000c6400000, 0x00000000c6500000, 0x00000000c6500000|100%|HC|  |TAMS 0x00000000c6500000, 0x00000000c6400000| Complete 
|  77|0x00000000c6500000, 0x00000000c6600000, 0x00000000c6600000|100%|HC|  |TAMS 0x00000000c6600000, 0x00000000c6500000| Complete 
|  78|0x00000000c6600000, 0x00000000c6700000, 0x00000000c6700000|100%|HC|  |TAMS 0x00000000c6700000, 0x00000000c6600000| Complete 
|  79|0x00000000c6700000, 0x00000000c6800000, 0x00000000c6800000|100%|HC|  |TAMS 0x00000000c6800000, 0x00000000c6700000| Complete 
|  80|0x00000000c6800000, 0x00000000c6900000, 0x00000000c6900000|100%|HC|  |TAMS 0x00000000c6900000, 0x00000000c6800000| Complete 
|  81|0x00000000c6900000, 0x00000000c6a00000, 0x00000000c6a00000|100%|HC|  |TAMS 0x00000000c6a00000, 0x00000000c6900000| Complete 
|  82|0x00000000c6a00000, 0x00000000c6b00000, 0x00000000c6b00000|100%|HC|  |TAMS 0x00000000c6b00000, 0x00000000c6a00000| Complete 
|  83|0x00000000c6b00000, 0x00000000c6c00000, 0x00000000c6c00000|100%|HC|  |TAMS 0x00000000c6c00000, 0x00000000c6b00000| Complete 
|  84|0x00000000c6c00000, 0x00000000c6d00000, 0x00000000c6d00000|100%|HC|  |TAMS 0x00000000c6d00000, 0x00000000c6c00000| Complete 
|  85|0x00000000c6d00000, 0x00000000c6e00000, 0x00000000c6e00000|100%|HC|  |TAMS 0x00000000c6e00000, 0x00000000c6d00000| Complete 
|  86|0x00000000c6e00000, 0x00000000c6f00000, 0x00000000c6f00000|100%|HC|  |TAMS 0x00000000c6f00000, 0x00000000c6e00000| Complete 
|  87|0x00000000c6f00000, 0x00000000c7000000, 0x00000000c7000000|100%|HC|  |TAMS 0x00000000c7000000, 0x00000000c6f00000| Complete 
|  88|0x00000000c7000000, 0x00000000c7100000, 0x00000000c7100000|100%|HC|  |TAMS 0x00000000c7100000, 0x00000000c7000000| Complete 
|  89|0x00000000c7100000, 0x00000000c7200000, 0x00000000c7200000|100%|HC|  |TAMS 0x00000000c7200000, 0x00000000c7100000| Complete 
|  90|0x00000000c7200000, 0x00000000c7300000, 0x00000000c7300000|100%|HC|  |TAMS 0x00000000c7300000, 0x00000000c7200000| Complete 
|  91|0x00000000c7300000, 0x00000000c7400000, 0x00000000c7400000|100%|HC|  |TAMS 0x00000000c7400000, 0x00000000c7300000| Complete 
|  92|0x00000000c7400000, 0x00000000c7500000, 0x00000000c7500000|100%|HC|  |TAMS 0x00000000c7500000, 0x00000000c7400000| Complete 
|  93|0x00000000c7500000, 0x00000000c7600000, 0x00000000c7600000|100%|HC|  |TAMS 0x00000000c7600000, 0x00000000c7500000| Complete 
|  94|0x00000000c7600000, 0x00000000c7700000, 0x00000000c7700000|100%|HC|  |TAMS 0x00000000c7700000, 0x00000000c7600000| Complete 
|  95|0x00000000c7700000, 0x00000000c7800000, 0x00000000c7800000|100%|HC|  |TAMS 0x00000000c7800000, 0x00000000c7700000| Complete 
|  96|0x00000000c7800000, 0x00000000c7900000, 0x00000000c7900000|100%|HC|  |TAMS 0x00000000c7900000, 0x00000000c7800000| Complete 
|  97|0x00000000c7900000, 0x00000000c7a00000, 0x00000000c7a00000|100%|HC|  |TAMS 0x00000000c7a00000, 0x00000000c7900000| Complete 
|  98|0x00000000c7a00000, 0x00000000c7b00000, 0x00000000c7b00000|100%|HC|  |TAMS 0x00000000c7b00000, 0x00000000c7a00000| Complete 
|  99|0x00000000c7b00000, 0x00000000c7c00000, 0x00000000c7c00000|100%|HC|  |TAMS 0x00000000c7c00000, 0x00000000c7b00000| Complete 
| 100|0x00000000c7c00000, 0x00000000c7d00000, 0x00000000c7d00000|100%|HC|  |TAMS 0x00000000c7d00000, 0x00000000c7c00000| Complete 
| 101|0x00000000c7d00000, 0x00000000c7e00000, 0x00000000c7e00000|100%|HC|  |TAMS 0x00000000c7e00000, 0x00000000c7d00000| Complete 
| 102|0x00000000c7e00000, 0x00000000c7f00000, 0x00000000c7f00000|100%|HC|  |TAMS 0x00000000c7f00000, 0x00000000c7e00000| Complete 
| 103|0x00000000c7f00000, 0x00000000c8000000, 0x00000000c8000000|100%|HC|  |TAMS 0x00000000c8000000, 0x00000000c7f00000| Complete 
| 104|0x00000000c8000000, 0x00000000c8100000, 0x00000000c8100000|100%|HC|  |TAMS 0x00000000c8100000, 0x00000000c8000000| Complete 
| 105|0x00000000c8100000, 0x00000000c8200000, 0x00000000c8200000|100%|HC|  |TAMS 0x00000000c8200000, 0x00000000c8100000| Complete 
| 106|0x00000000c8200000, 0x00000000c8300000, 0x00000000c8300000|100%|HC|  |TAMS 0x00000000c8300000, 0x00000000c8200000| Complete 
| 107|0x00000000c8300000, 0x00000000c8400000, 0x00000000c8400000|100%|HC|  |TAMS 0x00000000c8400000, 0x00000000c8300000| Complete 
| 108|0x00000000c8400000, 0x00000000c8500000, 0x00000000c8500000|100%|HC|  |TAMS 0x00000000c8500000, 0x00000000c8400000| Complete 
| 109|0x00000000c8500000, 0x00000000c8600000, 0x00000000c8600000|100%|HC|  |TAMS 0x00000000c8600000, 0x00000000c8500000| Complete 
| 110|0x00000000c8600000, 0x00000000c8700000, 0x00000000c8700000|100%|HC|  |TAMS 0x00000000c8700000, 0x00000000c8600000| Complete 
| 111|0x00000000c8700000, 0x00000000c8800000, 0x00000000c8800000|100%|HC|  |TAMS 0x00000000c8800000, 0x00000000c8700000| Complete 
| 112|0x00000000c8800000, 0x00000000c8900000, 0x00000000c8900000|100%|HC|  |TAMS 0x00000000c8900000, 0x00000000c8800000| Complete 
| 113|0x00000000c8900000, 0x00000000c8a00000, 0x00000000c8a00000|100%|HC|  |TAMS 0x00000000c8a00000, 0x00000000c8900000| Complete 
| 114|0x00000000c8a00000, 0x00000000c8b00000, 0x00000000c8b00000|100%|HC|  |TAMS 0x00000000c8b00000, 0x00000000c8a00000| Complete 
| 115|0x00000000c8b00000, 0x00000000c8c00000, 0x00000000c8c00000|100%|HC|  |TAMS 0x00000000c8c00000, 0x00000000c8b00000| Complete 
| 116|0x00000000c8c00000, 0x00000000c8d00000, 0x00000000c8d00000|100%|HC|  |TAMS 0x00000000c8d00000, 0x00000000c8c00000| Complete 
| 117|0x00000000c8d00000, 0x00000000c8e00000, 0x00000000c8e00000|100%|HC|  |TAMS 0x00000000c8e00000, 0x00000000c8d00000| Complete 
| 118|0x00000000c8e00000, 0x00000000c8f00000, 0x00000000c8f00000|100%|HC|  |TAMS 0x00000000c8f00000, 0x00000000c8e00000| Complete 
| 119|0x00000000c8f00000, 0x00000000c9000000, 0x00000000c9000000|100%|HC|  |TAMS 0x00000000c9000000, 0x00000000c8f00000| Complete 
| 120|0x00000000c9000000, 0x00000000c9100000, 0x00000000c9100000|100%|HC|  |TAMS 0x00000000c9100000, 0x00000000c9000000| Complete 
| 121|0x00000000c9100000, 0x00000000c9200000, 0x00000000c9200000|100%|HC|  |TAMS 0x00000000c9200000, 0x00000000c9100000| Complete 
| 122|0x00000000c9200000, 0x00000000c9300000, 0x00000000c9300000|100%|HC|  |TAMS 0x00000000c9300000, 0x00000000c9200000| Complete 
| 123|0x00000000c9300000, 0x00000000c9400000, 0x00000000c9400000|100%|HC|  |TAMS 0x00000000c9400000, 0x00000000c9300000| Complete 
| 124|0x00000000c9400000, 0x00000000c9500000, 0x00000000c9500000|100%|HC|  |TAMS 0x00000000c9500000, 0x00000000c9400000| Complete 
| 125|0x00000000c9500000, 0x00000000c9600000, 0x00000000c9600000|100%|HC|  |TAMS 0x00000000c9600000, 0x00000000c9500000| Complete 
| 126|0x00000000c9600000, 0x00000000c9700000, 0x00000000c9700000|100%|HC|  |TAMS 0x00000000c9700000, 0x00000000c9600000| Complete 
| 127|0x00000000c9700000, 0x00000000c9800000, 0x00000000c9800000|100%|HC|  |TAMS 0x00000000c9800000, 0x00000000c9700000| Complete 
| 128|0x00000000c9800000, 0x00000000c9900000, 0x00000000c9900000|100%|HC|  |TAMS 0x00000000c9900000, 0x00000000c9800000| Complete 
| 129|0x00000000c9900000, 0x00000000c9a00000, 0x00000000c9a00000|100%|HC|  |TAMS 0x00000000c9a00000, 0x00000000c9900000| Complete 
| 130|0x00000000c9a00000, 0x00000000c9b00000, 0x00000000c9b00000|100%|HC|  |TAMS 0x00000000c9b00000, 0x00000000c9a00000| Complete 
| 131|0x00000000c9b00000, 0x00000000c9c00000, 0x00000000c9c00000|100%|HC|  |TAMS 0x00000000c9c00000, 0x00000000c9b00000| Complete 
| 132|0x00000000c9c00000, 0x00000000c9d00000, 0x00000000c9d00000|100%|HC|  |TAMS 0x00000000c9d00000, 0x00000000c9c00000| Complete 
| 133|0x00000000c9d00000, 0x00000000c9e00000, 0x00000000c9e00000|100%|HC|  |TAMS 0x00000000c9e00000, 0x00000000c9d00000| Complete 
| 134|0x00000000c9e00000, 0x00000000c9f00000, 0x00000000c9f00000|100%|HC|  |TAMS 0x00000000c9f00000, 0x00000000c9e00000| Complete 
| 135|0x00000000c9f00000, 0x00000000ca000000, 0x00000000ca000000|100%|HC|  |TAMS 0x00000000ca000000, 0x00000000c9f00000| Complete 
| 136|0x00000000ca000000, 0x00000000ca100000, 0x00000000ca100000|100%|HC|  |TAMS 0x00000000ca100000, 0x00000000ca000000| Complete 
| 137|0x00000000ca100000, 0x00000000ca200000, 0x00000000ca200000|100%|HC|  |TAMS 0x00000000ca200000, 0x00000000ca100000| Complete 
| 138|0x00000000ca200000, 0x00000000ca300000, 0x00000000ca300000|100%|HC|  |TAMS 0x00000000ca300000, 0x00000000ca200000| Complete 
| 139|0x00000000ca300000, 0x00000000ca400000, 0x00000000ca400000|100%|HC|  |TAMS 0x00000000ca400000, 0x00000000ca300000| Complete 
| 140|0x00000000ca400000, 0x00000000ca500000, 0x00000000ca500000|100%|HC|  |TAMS 0x00000000ca500000, 0x00000000ca400000| Complete 
| 141|0x00000000ca500000, 0x00000000ca600000, 0x00000000ca600000|100%|HC|  |TAMS 0x00000000ca600000, 0x00000000ca500000| Complete 
| 142|0x00000000ca600000, 0x00000000ca700000, 0x00000000ca700000|100%|HC|  |TAMS 0x00000000ca700000, 0x00000000ca600000| Complete 
| 143|0x00000000ca700000, 0x00000000ca800000, 0x00000000ca800000|100%|HC|  |TAMS 0x00000000ca800000, 0x00000000ca700000| Complete 
| 144|0x00000000ca800000, 0x00000000ca900000, 0x00000000ca900000|100%|HC|  |TAMS 0x00000000ca900000, 0x00000000ca800000| Complete 
| 145|0x00000000ca900000, 0x00000000caa00000, 0x00000000caa00000|100%|HC|  |TAMS 0x00000000caa00000, 0x00000000ca900000| Complete 
| 146|0x00000000caa00000, 0x00000000cab00000, 0x00000000cab00000|100%|HC|  |TAMS 0x00000000cab00000, 0x00000000caa00000| Complete 
| 147|0x00000000cab00000, 0x00000000cac00000, 0x00000000cac00000|100%|HC|  |TAMS 0x00000000cac00000, 0x00000000cab00000| Complete 
| 148|0x00000000cac00000, 0x00000000cad00000, 0x00000000cad00000|100%|HC|  |TAMS 0x00000000cad00000, 0x00000000cac00000| Complete 
| 149|0x00000000cad00000, 0x00000000cae00000, 0x00000000cae00000|100%|HC|  |TAMS 0x00000000cae00000, 0x00000000cad00000| Complete 
| 150|0x00000000cae00000, 0x00000000caf00000, 0x00000000caf00000|100%|HC|  |TAMS 0x00000000caf00000, 0x00000000cae00000| Complete 
| 151|0x00000000caf00000, 0x00000000cb000000, 0x00000000cb000000|100%|HC|  |TAMS 0x00000000cb000000, 0x00000000caf00000| Complete 
| 152|0x00000000cb000000, 0x00000000cb100000, 0x00000000cb100000|100%|HC|  |TAMS 0x00000000cb100000, 0x00000000cb000000| Complete 
| 153|0x00000000cb100000, 0x00000000cb200000, 0x00000000cb200000|100%|HC|  |TAMS 0x00000000cb200000, 0x00000000cb100000| Complete 
| 154|0x00000000cb200000, 0x00000000cb300000, 0x00000000cb300000|100%|HC|  |TAMS 0x00000000cb300000, 0x00000000cb200000| Complete 
| 155|0x00000000cb300000, 0x00000000cb400000, 0x00000000cb400000|100%|HC|  |TAMS 0x00000000cb400000, 0x00000000cb300000| Complete 
| 156|0x00000000cb400000, 0x00000000cb500000, 0x00000000cb500000|100%|HC|  |TAMS 0x00000000cb500000, 0x00000000cb400000| Complete 
| 157|0x00000000cb500000, 0x00000000cb600000, 0x00000000cb600000|100%|HC|  |TAMS 0x00000000cb600000, 0x00000000cb500000| Complete 
| 158|0x00000000cb600000, 0x00000000cb700000, 0x00000000cb700000|100%|HC|  |TAMS 0x00000000cb700000, 0x00000000cb600000| Complete 
| 159|0x00000000cb700000, 0x00000000cb800000, 0x00000000cb800000|100%|HC|  |TAMS 0x00000000cb800000, 0x00000000cb700000| Complete 
| 160|0x00000000cb800000, 0x00000000cb900000, 0x00000000cb900000|100%|HC|  |TAMS 0x00000000cb900000, 0x00000000cb800000| Complete 
| 161|0x00000000cb900000, 0x00000000cba00000, 0x00000000cba00000|100%|HC|  |TAMS 0x00000000cba00000, 0x00000000cb900000| Complete 
| 162|0x00000000cba00000, 0x00000000cbb00000, 0x00000000cbb00000|100%|HC|  |TAMS 0x00000000cbb00000, 0x00000000cba00000| Complete 
| 163|0x00000000cbb00000, 0x00000000cbc00000, 0x00000000cbc00000|100%|HC|  |TAMS 0x00000000cbc00000, 0x00000000cbb00000| Complete 
| 164|0x00000000cbc00000, 0x00000000cbd00000, 0x00000000cbd00000|100%|HC|  |TAMS 0x00000000cbd00000, 0x00000000cbc00000| Complete 
| 165|0x00000000cbd00000, 0x00000000cbe00000, 0x00000000cbe00000|100%|HC|  |TAMS 0x00000000cbe00000, 0x00000000cbd00000| Complete 
| 166|0x00000000cbe00000, 0x00000000cbf00000, 0x00000000cbf00000|100%|HC|  |TAMS 0x00000000cbf00000, 0x00000000cbe00000| Complete 
| 167|0x00000000cbf00000, 0x00000000cc000000, 0x00000000cc000000|100%|HC|  |TAMS 0x00000000cc000000, 0x00000000cbf00000| Complete 
| 168|0x00000000cc000000, 0x00000000cc100000, 0x00000000cc100000|100%|HC|  |TAMS 0x00000000cc100000, 0x00000000cc000000| Complete 
| 169|0x00000000cc100000, 0x00000000cc200000, 0x00000000cc200000|100%|HC|  |TAMS 0x00000000cc200000, 0x00000000cc100000| Complete 
| 170|0x00000000cc200000, 0x00000000cc300000, 0x00000000cc300000|100%|HC|  |TAMS 0x00000000cc300000, 0x00000000cc200000| Complete 
| 171|0x00000000cc300000, 0x00000000cc400000, 0x00000000cc400000|100%|HC|  |TAMS 0x00000000cc400000, 0x00000000cc300000| Complete 
| 172|0x00000000cc400000, 0x00000000cc500000, 0x00000000cc500000|100%|HC|  |TAMS 0x00000000cc500000, 0x00000000cc400000| Complete 
| 173|0x00000000cc500000, 0x00000000cc600000, 0x00000000cc600000|100%|HC|  |TAMS 0x00000000cc600000, 0x00000000cc500000| Complete 
| 174|0x00000000cc600000, 0x00000000cc700000, 0x00000000cc700000|100%|HC|  |TAMS 0x00000000cc700000, 0x00000000cc600000| Complete 
| 175|0x00000000cc700000, 0x00000000cc800000, 0x00000000cc800000|100%|HC|  |TAMS 0x00000000cc800000, 0x00000000cc700000| Complete 
| 176|0x00000000cc800000, 0x00000000cc900000, 0x00000000cc900000|100%|HC|  |TAMS 0x00000000cc900000, 0x00000000cc800000| Complete 
| 177|0x00000000cc900000, 0x00000000cca00000, 0x00000000cca00000|100%|HC|  |TAMS 0x00000000cca00000, 0x00000000cc900000| Complete 
| 178|0x00000000cca00000, 0x00000000ccb00000, 0x00000000ccb00000|100%|HC|  |TAMS 0x00000000ccb00000, 0x00000000cca00000| Complete 
| 179|0x00000000ccb00000, 0x00000000ccc00000, 0x00000000ccc00000|100%|HC|  |TAMS 0x00000000ccc00000, 0x00000000ccb00000| Complete 
| 180|0x00000000ccc00000, 0x00000000ccd00000, 0x00000000ccd00000|100%|HC|  |TAMS 0x00000000ccd00000, 0x00000000ccc00000| Complete 
| 181|0x00000000ccd00000, 0x00000000cce00000, 0x00000000cce00000|100%|HC|  |TAMS 0x00000000cce00000, 0x00000000ccd00000| Complete 
| 182|0x00000000cce00000, 0x00000000ccf00000, 0x00000000ccf00000|100%|HC|  |TAMS 0x00000000ccf00000, 0x00000000cce00000| Complete 
| 183|0x00000000ccf00000, 0x00000000cd000000, 0x00000000cd000000|100%|HC|  |TAMS 0x00000000cd000000, 0x00000000ccf00000| Complete 
| 184|0x00000000cd000000, 0x00000000cd100000, 0x00000000cd100000|100%|HC|  |TAMS 0x00000000cd100000, 0x00000000cd000000| Complete 
| 185|0x00000000cd100000, 0x00000000cd200000, 0x00000000cd200000|100%|HC|  |TAMS 0x00000000cd200000, 0x00000000cd100000| Complete 
| 186|0x00000000cd200000, 0x00000000cd300000, 0x00000000cd300000|100%|HC|  |TAMS 0x00000000cd300000, 0x00000000cd200000| Complete 
| 187|0x00000000cd300000, 0x00000000cd400000, 0x00000000cd400000|100%|HC|  |TAMS 0x00000000cd400000, 0x00000000cd300000| Complete 
| 188|0x00000000cd400000, 0x00000000cd500000, 0x00000000cd500000|100%|HC|  |TAMS 0x00000000cd500000, 0x00000000cd400000| Complete 
| 189|0x00000000cd500000, 0x00000000cd600000, 0x00000000cd600000|100%|HC|  |TAMS 0x00000000cd600000, 0x00000000cd500000| Complete 

Card table byte_map: [0x0000020f6f380000,0x0000020f6f580000] _byte_map_base: 0x0000020f6ed74000

Marking Bits (Prev, Next): (CMBitMap*) 0x0000020f56c1e2f0, (CMBitMap*) 0x0000020f56c1e2b0
 Prev Bits: [0x0000020f70720000, 0x0000020f716c0000)
 Next Bits: [0x0000020f6f780000, 0x0000020f70720000)

Polling page: 0x0000020f569d0000

Metaspace:

Usage:
  Non-class:      4.09 MB used.
      Class:    487.80 KB used.
       Both:      4.57 MB used.

Virtual space:
  Non-class space:        8.00 MB reserved,       4.19 MB ( 52%) committed,  1 nodes.
      Class space:        1.00 GB reserved,     576.00 KB ( <1%) committed,  1 nodes.
              Both:        1.01 GB reserved,       4.75 MB ( <1%) committed. 

Chunk freelists:
   Non-Class:  2.90 MB
       Class:  3.25 MB
        Both:  6.15 MB

MaxMetaspaceSize: 17179869184.00 GB
CompressedClassSpaceSize: 1.00 GB
 - commit_granule_bytes: 65536.
 - commit_granule_words: 8192.
 - virtual_space_node_default_size: 1048576.
 - enlarge_chunks_in_place: 1.
 - new_chunks_are_fully_committed: 0.
 - uncommit_free_chunks: 1.
 - use_allocation_guard: 0.
 - handle_deallocations: 1.


Internal statistics:

num_allocs_failed_limit: 0.
num_arena_births: 98.
num_arena_deaths: 0.
num_vsnodes_births: 2.
num_vsnodes_deaths: 0.
num_space_committed: 76.
num_space_uncommitted: 0.
num_chunks_returned_to_freelist: 0.
num_chunks_taken_from_freelist: 115.
num_chunk_merges: 0.
num_chunk_splits: 75.
num_chunks_enlarged: 40.
num_purges: 0.

CodeHeap 'non-profiled nmethods': size=120000Kb used=153Kb max_used=153Kb free=119846Kb
 bounds [0x0000020f67630000, 0x0000020f678a0000, 0x0000020f6eb60000]
CodeHeap 'profiled nmethods': size=120000Kb used=805Kb max_used=805Kb free=119195Kb
 bounds [0x0000020f60100000, 0x0000020f60370000, 0x0000020f67630000]
CodeHeap 'non-nmethods': size=5760Kb used=1212Kb max_used=1227Kb free=4547Kb
 bounds [0x0000020f5fb60000, 0x0000020f5fdd0000, 0x0000020f60100000]
 total_blobs=1051 nmethods=537 adapters=427
 compilation: enabled
              stopped_count=0, restarted_count=0
 full_count=0

Compilation events (20 events):
Event: 0.446 Thread 0x0000020f73c32f50  527       3       sun.awt.image.ImageWatched$WeakLink$$Lambda$119/0x0000000800c17dd8::<init> (44 bytes)
Event: 0.446 Thread 0x0000020f73c32f50 nmethod 527 0x0000020f601c6910 code [0x0000020f601c6ac0, 0x0000020f601c6cf8]
Event: 0.446 Thread 0x0000020f73c32f50  525       1       java.awt.image.Raster::getWidth (5 bytes)
Event: 0.446 Thread 0x0000020f73c32f50 nmethod 525 0x0000020f67655110 code [0x0000020f676552a0, 0x0000020f67655378]
Event: 0.446 Thread 0x0000020f73c32f50  526       1       java.awt.image.Raster::getHeight (5 bytes)
Event: 0.446 Thread 0x0000020f73c32f50 nmethod 526 0x0000020f67655410 code [0x0000020f676555a0, 0x0000020f67655678]
Event: 0.446 Thread 0x0000020f73c32f50  529       3       jdk.internal.logger.LazyLoggers$LazyLoggerWrapper::platformProxy (10 bytes)
Event: 0.447 Thread 0x0000020f73c32f50 nmethod 529 0x0000020f601c6e10 code [0x0000020f601c6fc0, 0x0000020f601c7168]
Event: 0.447 Thread 0x0000020f73c32f50  528       1       java.awt.Component::getParent_NoClientCode (5 bytes)
Event: 0.447 Thread 0x0000020f73c32f50 nmethod 528 0x0000020f67655710 code [0x0000020f676558a0, 0x0000020f67655978]
Event: 0.494 Thread 0x0000020f73c32f50  530       3       java.io.FileInputStream::available (5 bytes)
Event: 0.494 Thread 0x0000020f73c32f50 nmethod 530 0x0000020f601c7290 code [0x0000020f601c7440, 0x0000020f601c7588]
Event: 0.496 Thread 0x0000020f73c32f50  532       3       java.io.BufferedInputStream::getInIfOpen (21 bytes)
Event: 0.496 Thread 0x0000020f73c32f50 nmethod 532 0x0000020f601c7610 code [0x0000020f601c77c0, 0x0000020f601c79e8]
Event: 0.501 Thread 0x0000020f73c32f50  533  s    3       java.io.BufferedInputStream::available (35 bytes)
Event: 0.501 Thread 0x0000020f73c32f50 nmethod 533 0x0000020f601c7a90 code [0x0000020f601c7c60, 0x0000020f601c80b8]
Event: 0.687 Thread 0x0000020f73c32f50  536       3       sun.awt.image.ImageDecoder::setPixels (58 bytes)
Event: 0.687 Thread 0x0000020f73c32f50 nmethod 536 0x0000020f601c8210 code [0x0000020f601c8400, 0x0000020f601c8ba8]
Event: 0.699 Thread 0x0000020f73c32f50  537       3       sun.awt.image.JPEGImageDecoder::sendPixels (40 bytes)
Event: 0.699 Thread 0x0000020f73c32f50 nmethod 537 0x0000020f601c8e90 code [0x0000020f601c9040, 0x0000020f601c92e8]

GC Heap History (6 events):
Event: 0.590 GC heap before
{Heap before GC invocations=0 (full 0):
 garbage-first heap   total 65536K, used 5120K [0x00000000c1800000, 0x0000000100000000)
  region size 1024K, 6 young (6144K), 0 survivors (0K)
 Metaspace       used 4672K, committed 4864K, reserved 1056768K
  class space    used 487K, committed 576K, reserved 1048576K
}
Event: 0.594 GC heap after
{Heap after GC invocations=1 (full 0):
 garbage-first heap   total 65536K, used 1817K [0x00000000c1800000, 0x0000000100000000)
  region size 1024K, 2 young (2048K), 2 survivors (2048K)
 Metaspace       used 4672K, committed 4864K, reserved 1056768K
  class space    used 487K, committed 576K, reserved 1048576K
}
Event: 0.717 GC heap before
{Heap before GC invocations=1 (full 0):
 garbage-first heap   total 194560K, used 146201K [0x00000000c1800000, 0x0000000100000000)
  region size 1024K, 12 young (12288K), 2 survivors (2048K)
 Metaspace       used 4674K, committed 4864K, reserved 1056768K
  class space    used 487K, committed 576K, reserved 1048576K
}
Event: 0.721 GC heap after
{Heap after GC invocations=2 (full 0):
 garbage-first heap   total 194560K, used 137048K [0x00000000c1800000, 0x0000000100000000)
  region size 1024K, 1 young (1024K), 1 survivors (1024K)
 Metaspace       used 4674K, committed 4864K, reserved 1056768K
  class space    used 487K, committed 576K, reserved 1048576K
}
Event: 0.819 GC heap before
{Heap before GC invocations=2 (full 0):
 garbage-first heap   total 194560K, used 167768K [0x00000000c1800000, 0x0000000100000000)
  region size 1024K, 31 young (31744K), 1 survivors (1024K)
 Metaspace       used 4674K, committed 4864K, reserved 1056768K
  class space    used 487K, committed 576K, reserved 1048576K
}
Event: 0.819 GC heap after
{Heap after GC invocations=3 (full 0):
 garbage-first heap   total 194560K, used 137031K [0x00000000c1800000, 0x0000000100000000)
  region size 1024K, 1 young (1024K), 1 survivors (1024K)
 Metaspace       used 4674K, committed 4864K, reserved 1056768K
  class space    used 487K, committed 576K, reserved 1048576K
}

Deoptimization events (0 events):
No events

Classes unloaded (0 events):
No events

Classes redefined (0 events):
No events

Internal exceptions (12 events):
Event: 0.145 Thread 0x0000020f56bf0320 Exception <a 'java/lang/NoSuchMethodError'{0x00000000c567fd28}: 'void java.lang.invoke.DirectMethodHandle$Holder.invokeSpecial(java.lang.Object, java.lang.Object, java.lang.Object)'> (0x00000000c567fd28) 
thrown [t:\workspace\open\src\hotspot\share\interpreter\linkResolver.cpp, line 790]
Event: 0.166 Thread 0x0000020f56bf0320 Exception <a 'java/lang/ClassNotFoundException'{0x00000000c569d3d0}: sun/awt/resources/spi/awtProvider> (0x00000000c569d3d0) 
thrown [t:\workspace\open\src\hotspot\share\classfile\systemDictionary.cpp, line 256]
Event: 0.208 Thread 0x0000020f56bf0320 Exception <a 'java/io/FileNotFoundException'{0x00000000c56f6e30}> (0x00000000c56f6e30) 
thrown [t:\workspace\open\src\hotspot\share\prims\jni.cpp, line 579]
Event: 0.222 Thread 0x0000020f56bf0320 Exception <a 'java/io/FileNotFoundException'{0x00000000c5525c88}> (0x00000000c5525c88) 
thrown [t:\workspace\open\src\hotspot\share\prims\jni.cpp, line 579]
Event: 0.222 Thread 0x0000020f56bf0320 Exception <a 'java/lang/NoSuchMethodError'{0x00000000c5526e70}: 'java.lang.Object java.lang.invoke.DirectMethodHandle$Holder.invokeStatic(java.lang.Object)'> (0x00000000c5526e70) 
thrown [t:\workspace\open\src\hotspot\share\interpreter\linkResolver.cpp, line 790]
Event: 0.285 Thread 0x0000020f56bf0320 Exception <a 'java/lang/NoSuchMethodError'{0x00000000c557c390}: 'java.lang.Object java.lang.invoke.DirectMethodHandle$Holder.invokeStaticInit(java.lang.Object)'> (0x00000000c557c390) 
thrown [t:\workspace\open\src\hotspot\share\interpreter\linkResolver.cpp, line 790]
Event: 0.334 Thread 0x0000020f56bf0320 Exception <a 'java/lang/NoSuchMethodError'{0x00000000c54258f0}: 'java.lang.Object java.lang.invoke.DirectMethodHandle$Holder.newInvokeSpecial(java.lang.Object, java.lang.Object, java.lang.Object, java.lang.Object, java.lang.Object)'> (0x00000000c54258f0) 
thrown [t:\workspace\open\src\hotspot\share\interpreter\linkResolver.cpp, line 790]
Event: 0.337 Thread 0x0000020f56bf0320 Exception <a 'java/lang/NoSuchMethodError'{0x00000000c54313d8}: 'java.lang.Object java.lang.invoke.DirectMethodHandle$Holder.invokeStatic(java.lang.Object, int, java.lang.Object, java.lang.Object, java.lang.Object, java.lang.Object)'> (0x00000000c54313d8) 
thrown [t:\workspace\open\src\hotspot\share\interpreter\linkResolver.cpp, line 790]
Event: 0.343 Thread 0x0000020f56bf0320 Exception <a 'java/lang/NoSuchMethodError'{0x00000000c54576f8}: 'java.lang.Object java.lang.invoke.DirectMethodHandle$Holder.invokeStatic(java.lang.Object, int, java.lang.Object)'> (0x00000000c54576f8) 
thrown [t:\workspace\open\src\hotspot\share\interpreter\linkResolver.cpp, line 790]
Event: 0.379 Thread 0x0000020f56bf0320 Exception <a 'java/lang/ClassNotFoundException'{0x00000000c5310240}: com/sun/swing/internal/plaf/metal/resources/spi/metalProvider> (0x00000000c5310240) 
thrown [t:\workspace\open\src\hotspot\share\classfile\systemDictionary.cpp, line 256]
Event: 0.380 Thread 0x0000020f56bf0320 Exception <a 'java/lang/ClassNotFoundException'{0x00000000c5314538}: com/sun/swing/internal/plaf/basic/resources/spi/basicProvider> (0x00000000c5314538) 
thrown [t:\workspace\open\src\hotspot\share\classfile\systemDictionary.cpp, line 256]
Event: 0.400 Thread 0x0000020f74b5c030 Exception <a 'java/lang/NoSuchMethodError'{0x00000000c534f060}: 'java.lang.Object java.lang.invoke.DirectMethodHandle$Holder.newInvokeSpecial(java.lang.Object, java.lang.Object, java.lang.Object, int, int, int, int, int)'> (0x00000000c534f060) 
thrown [t:\workspace\open\src\hotspot\share\interpreter\linkResolver.cpp, line 790]

Events (20 events):
Event: 0.415 loading class javax/swing/JToggleButton
Event: 0.416 loading class javax/swing/JToggleButton done
Event: 0.416 loading class javax/swing/event/AncestorListener
Event: 0.416 loading class javax/swing/event/AncestorListener done
Event: 0.416 loading class java/beans/VetoableChangeListener
Event: 0.416 loading class java/beans/VetoableChangeListener done
Event: 0.417 loading class sun/awt/image/PNGImageDecoder
Event: 0.417 loading class sun/awt/image/PNGImageDecoder done
Event: 0.418 loading class sun/awt/image/PNGFilterInputStream
Event: 0.418 loading class sun/awt/image/PNGFilterInputStream done
Event: 0.421 loading class javax/swing/OverlayLayout
Event: 0.422 loading class javax/swing/OverlayLayout done
Event: 0.423 Thread 0x0000020f74b73380 Thread added: 0x0000020f74b73380
Event: 0.590 Executing  VM operation: G1TryInitiateConcMark
Event: 0.594 Executing  VM operation: G1TryInitiateConcMark done
Event: 0.717 Executing  VM operation: G1CollectForAllocation
Event: 0.721 Executing  VM operation: G1CollectForAllocation done
Event: 0.819 Executing  VM operation: G1CollectForAllocation
Event: 0.819 Executing  VM operation: G1CollectForAllocation done
Event: 0.826 Executing  VM operation: G1Concurrent


Dynamic libraries:
0x00007ff6b0d00000 - 0x00007ff6b0d10000 	C:\Program Files\Java\jdk-16\bin\java.exe
0x00007ffbb28e0000 - 0x00007ffbb2ad0000 	C:\WINDOWS\SYSTEM32\ntdll.dll
0x00007ffbb1e30000 - 0x00007ffbb1ee2000 	C:\WINDOWS\System32\KERNEL32.DLL
0x00007ffbafaf0000 - 0x00007ffbafd93000 	C:\WINDOWS\System32\KERNELBASE.dll
0x00007ffbafda0000 - 0x00007ffbafe9a000 	C:\WINDOWS\System32\ucrtbase.dll
0x00007ffb9e570000 - 0x00007ffb9e589000 	C:\Program Files\Java\jdk-16\bin\VCRUNTIME140.dll
0x00007ffb9f700000 - 0x00007ffb9f718000 	C:\Program Files\Java\jdk-16\bin\jli.dll
0x00007ffbb27f0000 - 0x00007ffbb2893000 	C:\WINDOWS\System32\ADVAPI32.dll
0x00007ffbb2340000 - 0x00007ffbb23de000 	C:\WINDOWS\System32\msvcrt.dll
0x00007ffbb1d80000 - 0x00007ffbb1e17000 	C:\WINDOWS\System32\sechost.dll
0x00007ffbb0990000 - 0x00007ffbb0ab0000 	C:\WINDOWS\System32\RPCRT4.dll
0x00007ffbb0ac0000 - 0x00007ffbb0c54000 	C:\WINDOWS\System32\USER32.dll
0x00007ffb8d580000 - 0x00007ffb8d805000 	C:\WINDOWS\WinSxS\amd64_microsoft.windows.common-controls_6595b64144ccf1df_6.0.18362.535_none_e6c3b34713100821\COMCTL32.dll
0x00007ffbafac0000 - 0x00007ffbafae1000 	C:\WINDOWS\System32\win32u.dll
0x00007ffbb2040000 - 0x00007ffbb2066000 	C:\WINDOWS\System32\GDI32.dll
0x00007ffbb2490000 - 0x00007ffbb27c6000 	C:\WINDOWS\System32\combase.dll
0x00007ffbaf870000 - 0x00007ffbafa04000 	C:\WINDOWS\System32\gdi32full.dll
0x00007ffbb0740000 - 0x00007ffbb07c0000 	C:\WINDOWS\System32\bcryptPrimitives.dll
0x00007ffbb0620000 - 0x00007ffbb06be000 	C:\WINDOWS\System32\msvcp_win.dll
0x00007ffba0f60000 - 0x00007ffba0f6a000 	C:\WINDOWS\SYSTEM32\VERSION.dll
0x00007ffbb1990000 - 0x00007ffbb19be000 	C:\WINDOWS\System32\IMM32.DLL
0x00007ffba55f0000 - 0x00007ffba55fc000 	C:\Program Files\Java\jdk-16\bin\vcruntime140_1.dll
0x00007ffb8a680000 - 0x00007ffb8a711000 	C:\Program Files\Java\jdk-16\bin\msvcp140.dll
0x00007ffb49cb0000 - 0x00007ffb4a85b000 	C:\Program Files\Java\jdk-16\bin\server\jvm.dll
0x00007ffbb0ab0000 - 0x00007ffbb0ab8000 	C:\WINDOWS\System32\PSAPI.DLL
0x00007ffba83b0000 - 0x00007ffba83b9000 	C:\WINDOWS\SYSTEM32\WSOCK32.dll
0x00007ffba8e70000 - 0x00007ffba8e94000 	C:\WINDOWS\SYSTEM32\WINMM.dll
0x00007ffbb2140000 - 0x00007ffbb21af000 	C:\WINDOWS\System32\WS2_32.dll
0x00007ffba8880000 - 0x00007ffba88ad000 	C:\WINDOWS\SYSTEM32\winmmbase.dll
0x00007ffbb07c0000 - 0x00007ffbb080a000 	C:\WINDOWS\System32\cfgmgr32.dll
0x00007ffbaf800000 - 0x00007ffbaf811000 	C:\WINDOWS\System32\kernel.appcore.dll
0x00007ffb9f5a0000 - 0x00007ffb9f5aa000 	C:\Program Files\Java\jdk-16\bin\jimage.dll
0x00007ffbab080000 - 0x00007ffbab274000 	C:\WINDOWS\SYSTEM32\DBGHELP.DLL
0x00007ffb91460000 - 0x00007ffb9148a000 	C:\WINDOWS\SYSTEM32\dbgcore.DLL
0x00007ffb8fe90000 - 0x00007ffb8feb5000 	C:\Program Files\Java\jdk-16\bin\java.dll
0x00007ffbb12a0000 - 0x00007ffbb1985000 	C:\WINDOWS\System32\SHELL32.dll
0x00007ffbb23e0000 - 0x00007ffbb2489000 	C:\WINDOWS\System32\shcore.dll
0x00007ffbafea0000 - 0x00007ffbb061f000 	C:\WINDOWS\System32\windows.storage.dll
0x00007ffbaf7e0000 - 0x00007ffbaf7ff000 	C:\WINDOWS\System32\profapi.dll
0x00007ffbaf820000 - 0x00007ffbaf86a000 	C:\WINDOWS\System32\powrprof.dll
0x00007ffbaf7b0000 - 0x00007ffbaf7c0000 	C:\WINDOWS\System32\UMPDC.dll
0x00007ffbb2230000 - 0x00007ffbb2282000 	C:\WINDOWS\System32\shlwapi.dll
0x00007ffbb0720000 - 0x00007ffbb0737000 	C:\WINDOWS\System32\cryptsp.dll
0x00007ffb9de20000 - 0x00007ffb9de39000 	C:\Program Files\Java\jdk-16\bin\net.dll
0x00007ffba00b0000 - 0x00007ffba01a0000 	C:\WINDOWS\SYSTEM32\WINHTTP.dll
0x00007ffbaf020000 - 0x00007ffbaf087000 	C:\WINDOWS\system32\mswsock.dll
0x00007ffb9c520000 - 0x00007ffb9c533000 	C:\Program Files\Java\jdk-16\bin\nio.dll
0x00007ffb901f0000 - 0x00007ffb90208000 	C:\Program Files\Java\jdk-16\bin\zip.dll
0x00007ffb8a7a0000 - 0x00007ffb8a920000 	C:\Program Files\Java\jdk-16\bin\awt.dll
0x00007ffbb2070000 - 0x00007ffbb2134000 	C:\WINDOWS\System32\OLEAUT32.dll
0x00007ffba9b30000 - 0x00007ffba9bbf000 	C:\WINDOWS\SYSTEM32\apphelp.dll
0x00007ffbaa060000 - 0x00007ffbaa08d000 	C:\WINDOWS\system32\DWMAPI.DLL
0x00007ffba9cf0000 - 0x00007ffba9d89000 	C:\WINDOWS\system32\uxtheme.dll
0x00007ffb9a6d0000 - 0x00007ffb9a826000 	C:\WINDOWS\system32\opengl32.dll
0x00007ffb9d330000 - 0x00007ffb9d35c000 	C:\WINDOWS\SYSTEM32\GLU32.dll
0x00007ffbae420000 - 0x00007ffbae440000 	C:\WINDOWS\SYSTEM32\dxcore.dll
0x00007ffbb1f00000 - 0x00007ffbb2035000 	C:\WINDOWS\System32\MSCTF.dll
0x00007ffbb0c60000 - 0x00007ffbb0db6000 	C:\WINDOWS\System32\ole32.dll
0x00007ffb90110000 - 0x00007ffb9013d000 	C:\Program Files\Java\jdk-16\bin\javajpeg.dll

dbghelp: loaded successfully - version: 4.0.5 - missing functions: none
symbol engine: initialized successfully - sym options: 0x614 - pdb path: .;C:\Program Files\Java\jdk-16\bin;C:\WINDOWS\SYSTEM32;C:\WINDOWS\WinSxS\amd64_microsoft.windows.common-controls_6595b64144ccf1df_6.0.18362.535_none_e6c3b34713100821;C:\Program Files\Java\jdk-16\bin\server

VM Arguments:
jvm_args: -Dfile.encoding=UTF-8 
java_command: checkbill.admindashboard
java_class_path (initial): C:\Users\admin\Documents\NetBeansProjects\mysql-connector-java-8.0.25;C:\Users\admin\Documents\NetBeansProjects\mysql-connector-java-8.0.25\mysql-connector-java-8.0.25.jar;C:\Program Files\NetBeans-12.3\netbeans\java\modules\ext\AbsoluteLayout.jar;C:\Users\admin\Documents\NetBeansProjects\QR-Code-em-Java-master\lib\bridj-0.6.2-windows-only.jar;C:\Users\admin\Documents\NetBeansProjects\QR-Code-em-Java-master\lib\core-3.3.0.jar;C:\Users\admin\Documents\NetBeansProjects\QR-Code-em-Java-master\lib\javase-3.3.0.jar;C:\Users\admin\Documents\NetBeansProjects\QR-Code-em-Java-master\lib\log4j-1.2.17.jar;C:\Users\admin\Documents\NetBeansProjects\QR-Code-em-Java-master\lib\slf4j-api-1.6.2.jar;C:\Users\admin\Documents\NetBeansProjects\QR-Code-em-Java-master\lib\slf4j-log4j12-1.6.2.jar;C:\Users\admin\Documents\NetBeansProjects\QR-Code-em-Java-master\lib\webcam-capture-0.3.12.jar;C:\Users\admin\Desktop\checkbill\build\classes
Launcher Type: SUN_STANDARD

[Global flags]
     intx CICompilerCount                          = 3                                         {product} {ergonomic}
     uint ConcGCThreads                            = 1                                         {product} {ergonomic}
     uint G1ConcRefinementThreads                  = 4                                         {product} {ergonomic}
   size_t G1HeapRegionSize                         = 1048576                                   {product} {ergonomic}
    uintx GCDrainStackTargetSize                   = 64                                        {product} {ergonomic}
   size_t InitialHeapSize                          = 67108864                                  {product} {ergonomic}
   size_t MarkStackSize                            = 4194304                                   {product} {ergonomic}
   size_t MaxHeapSize                              = 1048576000                                {product} {ergonomic}
   size_t MaxNewSize                               = 629145600                                 {product} {ergonomic}
   size_t MinHeapDeltaBytes                        = 1048576                                   {product} {ergonomic}
   size_t MinHeapSize                              = 8388608                                   {product} {ergonomic}
    uintx NonNMethodCodeHeapSize                   = 5832780                                {pd product} {ergonomic}
    uintx NonProfiledCodeHeapSize                  = 122912730                              {pd product} {ergonomic}
    uintx ProfiledCodeHeapSize                     = 122912730                              {pd product} {ergonomic}
    uintx ReservedCodeCacheSize                    = 251658240                              {pd product} {ergonomic}
     bool SegmentedCodeCache                       = true                                      {product} {ergonomic}
   size_t SoftMaxHeapSize                          = 1048576000                             {manageable} {ergonomic}
     bool UseCompressedClassPointers               = true                           {product lp64_product} {ergonomic}
     bool UseCompressedOops                        = true                           {product lp64_product} {ergonomic}
     bool UseG1GC                                  = true                                      {product} {ergonomic}
     bool UseLargePagesIndividualAllocation        = false                                  {pd product} {ergonomic}

Logging:
Log output configuration:
 #0: stdout all=warning uptime,level,tags
 #1: stderr all=off uptime,level,tags

Environment Variables:
PATH=C:\Program Files\Common Files\Oracle\Java\javapath;C:\WINDOWS\system32;C:\WINDOWS;C:\WINDOWS\System32\Wbem;C:\WINDOWS\System32\WindowsPowerShell\v1.0\;C:\WINDOWS\System32\OpenSSH\;C:\Program Files\Microsoft SQL Server\120\Tools\Binn\;C:\Program Files (x86)\Java\jdk1.7.0_76\bin;C:\Users\admin\AppData\Local\Programs\Python\Python38-32;C:\Users\admin\AppData\Local\Programs\Python\Python38-32\Scripts;C:\Program Files (x86)\Intel\Intel(R) Management Engine Components\DAL;C:\Program Files\Intel\Intel(R) Management Engine Components\DAL;C:\WINDOWS\system32\config\systemprofile\.dnx\bin;C:\Program Files\Microsoft DNX\Dnvm\;C:\Program Files\Java\jdk-16\bin;C:\Program Files\MySQL\MySQL Server 5.5\bin;C:\Program Files\Git\cmd;C:\Program Files (x86)\Java\jre7\bin;C:\Program Files\JetBrains\PyCharm Community Edition 2020.1.2\bin;;C:\xampp new\php;C:\Users\admin\AppData\Local\Programs\Microsoft VS Code\bin;C:\src\flutter\bin;
USERNAME=admin
OS=Windows_NT
PROCESSOR_IDENTIFIER=Intel64 Family 6 Model 142 Stepping 9, GenuineIntel



---------------  S Y S T E M  ---------------

OS:
 Windows 10 , 64 bit Build 18362 (10.0.18362.329)
OS uptime: 13 days 6:11 hours

CPU: total 4 (initial active 4) (2 cores per cpu, 2 threads per core) family 6 model 142 stepping 9 microcode 0xca, cx8, cmov, fxsr, ht, mmx, 3dnowpref, sse, sse2, sse3, ssse3, sse4.1, sse4.2, popcnt, lzcnt, tsc, tscinvbit, avx, avx2, aes, erms, clmul, bmi1, bmi2, adx, fma, vzeroupper, clflush, clflushopt

Memory: 4k page, system-wide physical 3993M (299M free)
TotalPageFile size 16281M (AvailPageFile size 21M)
current process WorkingSet (physical memory assigned to process): 307M, peak: 307M
current process commit charge ("private bytes"): 374M, peak: 413M

vm_info: Java HotSpot(TM) 64-Bit Server VM (16+36-2231) for windows-amd64 JRE (16+36-2231), built on Feb  8 2021 11:43:10 by "mach5one" with MS VC++ 16.7 (VS2019)

END.
