#
# There is insufficient memory for the Java Runtime Environment to continue.
# Native memory allocation (malloc) failed to allocate 32744 bytes for ChunkPool::allocate
# Possible reasons:
#   The system is out of physical RAM or swap space
#   The process is running with CompressedOops enabled, and the Java Heap may be blocking the growth of the native heap
# Possible solutions:
#   Reduce memory load on the system
#   Increase physical memory or swap space
#   Check if swap backing store is full
#   Decrease Java heap size (-Xmx/-Xms)
#   Decrease number of Java threads
#   Decrease Java thread stack sizes (-Xss)
#   Set larger code cache with -XX:ReservedCodeCacheSize=
#   JVM is running with Unscaled Compressed Oops mode in which the Java heap is
#     placed in the first 4GB address space. The Java Heap base address is the
#     maximum limit for the native heap growth. Please use -XX:HeapBaseMinAddress
#     to set the Java Heap base and to place the Java Heap above 4GB virtual address.
# This output file may be truncated or incomplete.
#
#  Out of Memory Error (arena.cpp:79), pid=13720, tid=18224
#
# JRE version: Java(TM) SE Runtime Environment (16.0+36) (build 16+36-2231)
# Java VM: Java HotSpot(TM) 64-Bit Server VM (16+36-2231, mixed mode, sharing, tiered, compressed oops, g1 gc, windows-amd64)
# No core dump will be written. Minidumps are not enabled by default on client versions of Windows
#

---------------  S U M M A R Y ------------

Command Line: -Dfile.encoding=UTF-8 checkbill.addcasher

Host: Intel(R) Core(TM) i3-7020U CPU @ 2.30GHz, 4 cores, 3G,  Windows 10 , 64 bit Build 18362 (10.0.18362.329)
Time: Thu Jul 22 21:41:15 2021 India Standard Time elapsed time: 4928.038278 seconds (0d 1h 22m 8s)

---------------  T H R E A D  ---------------

Current thread (0x0000024a3bf194f0):  JavaThread "C2 CompilerThread0" daemon [_thread_in_native, id=18224, stack(0x00000068a7d00000,0x00000068a7e00000)]


Current CompileTask:
C2:4928038 1549       4       java.lang.String::replace (42 bytes)

Stack: [0x00000068a7d00000,0x00000068a7e00000]
Native frames: (J=compiled Java code, j=interpreted, Vv=VM code, C=native code)
V  [jvm.dll+0x6681da]
V  [jvm.dll+0x7c9d99]
V  [jvm.dll+0x7cb4d3]
V  [jvm.dll+0x7cbb33]
V  [jvm.dll+0x242ee5]
V  [jvm.dll+0xae25f]
V  [jvm.dll+0xae5ac]
V  [jvm.dll+0x1d96a9]
V  [jvm.dll+0x1d9565]
V  [jvm.dll+0x1dd157]
V  [jvm.dll+0x1de382]
V  [jvm.dll+0x1dc7e1]
V  [jvm.dll+0x1dbed8]
V  [jvm.dll+0x1dcea1]
V  [jvm.dll+0x1dc17e]
V  [jvm.dll+0x1cb7a0]
V  [jvm.dll+0x12470c]
V  [jvm.dll+0x2a212f]
V  [jvm.dll+0x2a3e48]
V  [jvm.dll+0x680b44]
V  [jvm.dll+0x67885b]
V  [jvm.dll+0x677e87]
V  [jvm.dll+0x675d5a]
V  [jvm.dll+0x1a4fdc]
V  [jvm.dll+0x214f55]
V  [jvm.dll+0x1a1d8b]
V  [jvm.dll+0x225398]
V  [jvm.dll+0x2233dc]
V  [jvm.dll+0x77f9e2]
V  [jvm.dll+0x77952a]
V  [jvm.dll+0x667076]
C  [ucrtbase.dll+0x20e72]
C  [KERNEL32.DLL+0x17bd4]
C  [ntdll.dll+0x6ced1]


---------------  P R O C E S S  ---------------

Threads class SMR info:
_java_thread_list=0x0000024a3de3fda0, length=17, elements={
0x0000024a20edb830, 0x0000024a20edc4f0, 0x0000024a20eebdc0, 0x0000024a20eec6d0,
0x0000024a20eed3e0, 0x0000024a3bf10790, 0x0000024a3bf194f0, 0x0000024a3bf1cf10,
0x0000024a3bf2f850, 0x0000024a3c95ab60, 0x0000024a3c96d1a0, 0x0000024a3cb39a80,
0x0000024a3cb479a0, 0x0000024a3cb482d0, 0x0000024a3cc56500, 0x0000024a3dc975f0,
0x0000024a3dc995d0
}

Java Threads: ( => current thread )
  0x0000024a20edb830 JavaThread "Reference Handler" daemon [_thread_blocked, id=5064, stack(0x00000068a7700000,0x00000068a7800000)]
  0x0000024a20edc4f0 JavaThread "Finalizer" daemon [_thread_blocked, id=19388, stack(0x00000068a7800000,0x00000068a7900000)]
  0x0000024a20eebdc0 JavaThread "Signal Dispatcher" daemon [_thread_blocked, id=12172, stack(0x00000068a7900000,0x00000068a7a00000)]
  0x0000024a20eec6d0 JavaThread "Attach Listener" daemon [_thread_blocked, id=10996, stack(0x00000068a7a00000,0x00000068a7b00000)]
  0x0000024a20eed3e0 JavaThread "Service Thread" daemon [_thread_blocked, id=13472, stack(0x00000068a7b00000,0x00000068a7c00000)]
  0x0000024a3bf10790 JavaThread "Monitor Deflation Thread" daemon [_thread_blocked, id=4256, stack(0x00000068a7c00000,0x00000068a7d00000)]
=>0x0000024a3bf194f0 JavaThread "C2 CompilerThread0" daemon [_thread_in_native, id=18224, stack(0x00000068a7d00000,0x00000068a7e00000)]
  0x0000024a3bf1cf10 JavaThread "C1 CompilerThread0" daemon [_thread_blocked, id=12004, stack(0x00000068a7e00000,0x00000068a7f00000)]
  0x0000024a3bf2f850 JavaThread "Sweeper thread" daemon [_thread_blocked, id=17480, stack(0x00000068a7f00000,0x00000068a8000000)]
  0x0000024a3c95ab60 JavaThread "Notification Thread" daemon [_thread_blocked, id=9048, stack(0x00000068a8000000,0x00000068a8100000)]
  0x0000024a3c96d1a0 JavaThread "Common-Cleaner" daemon [_thread_blocked, id=6544, stack(0x00000068a8200000,0x00000068a8300000)]
  0x0000024a3cb39a80 JavaThread "Java2D Disposer" daemon [_thread_blocked, id=6320, stack(0x00000068a8300000,0x00000068a8400000)]
  0x0000024a3cb479a0 JavaThread "AWT-Shutdown" [_thread_blocked, id=3340, stack(0x00000068a8400000,0x00000068a8500000)]
  0x0000024a3cb482d0 JavaThread "AWT-Windows" daemon [_thread_in_native, id=19096, stack(0x00000068a8500000,0x00000068a8600000)]
  0x0000024a3cc56500 JavaThread "mysql-cj-abandoned-connection-cleanup" daemon [_thread_blocked, id=20676, stack(0x00000068a8800000,0x00000068a8900000)]
  0x0000024a3dc975f0 JavaThread "AWT-EventQueue-0" [_thread_blocked, id=18632, stack(0x00000068a8d00000,0x00000068a8e00000)]
  0x0000024a3dc995d0 JavaThread "DestroyJavaVM" [_thread_blocked, id=16556, stack(0x00000068a7000000,0x00000068a7100000)]

Other Threads:
  0x0000024a20ed4cc0 VMThread "VM Thread" [stack: 0x00000068a7600000,0x00000068a7700000] [id=11108]
  0x0000024a3c95eac0 WatcherThread [stack: 0x00000068a8100000,0x00000068a8200000] [id=18752]
  0x0000024a20e4dcd0 GCTaskThread "GC Thread#0" [stack: 0x00000068a7100000,0x00000068a7200000] [id=9948]
  0x0000024a3dca8eb0 GCTaskThread "GC Thread#1" [stack: 0x00000068a8900000,0x00000068a8a00000] [id=3232]
  0x0000024a3cc99070 GCTaskThread "GC Thread#2" [stack: 0x00000068a8a00000,0x00000068a8b00000] [id=17224]
  0x0000024a3cc99380 GCTaskThread "GC Thread#3" [stack: 0x00000068a8b00000,0x00000068a8c00000] [id=14240]
  0x0000024a20e58930 ConcurrentGCThread "G1 Main Marker" [stack: 0x00000068a7200000,0x00000068a7300000] [id=19040]
  0x0000024a20e592a0 ConcurrentGCThread "G1 Conc#0" [stack: 0x00000068a7300000,0x00000068a7400000] [id=20704]
  0x0000024a20eab070 ConcurrentGCThread "G1 Refine#0" [stack: 0x00000068a7400000,0x00000068a7500000] [id=20068]
  0x0000024a3d80f8b0 ConcurrentGCThread "G1 Refine#1" [stack: 0x00000068a8c00000,0x00000068a8d00000] [id=18360]
  0x0000024a20eab9f0 ConcurrentGCThread "G1 Service" [stack: 0x00000068a7500000,0x00000068a7600000] [id=17700]

Threads with active compile tasks:
C2 CompilerThread0  4928864 1549       4       java.lang.String::replace (42 bytes)

VM state: not at safepoint (normal execution)

VM Mutex/Monitor currently owned by a thread: None

Heap address: 0x00000000c1800000, size: 1000 MB, Compressed Oops mode: 32-bit
CDS archive(s) mapped at: [0x0000000800000000-0x0000000800bb0000-0x0000000800bb0000), size 12255232, SharedBaseAddress: 0x0000000800000000, ArchiveRelocationMode: 0.
Compressed class space mapped at: 0x0000000800c00000-0x0000000840c00000, reserved size: 1073741824
Narrow klass base: 0x0000000800000000, Narrow klass shift: 3, Narrow klass range: 0x100000000

GC Precious Log:
 CPUs: 4 total, 4 available
 Memory: 3993M
 Large Page Support: Disabled
 NUMA Support: Disabled
 Compressed Oops: Enabled (32-bit)
 Heap Region Size: 1M
 Heap Min Capacity: 8M
 Heap Initial Capacity: 64M
 Heap Max Capacity: 1000M
 Pre-touch: Disabled
 Parallel Workers: 4
 Concurrent Workers: 1
 Concurrent Refinement Workers: 4
 Periodic GC: Disabled

Heap:
 garbage-first heap   total 65536K, used 19538K [0x00000000c1800000, 0x0000000100000000)
  region size 1024K, 6 young (6144K), 2 survivors (2048K)
 Metaspace       used 12747K, committed 12992K, reserved 1064960K
  class space    used 1414K, committed 1536K, reserved 1048576K

Heap Regions: E=young(eden), S=young(survivor), O=old, HS=humongous(starts), HC=humongous(continues), CS=collection set, F=free, OA=open archive, CA=closed archive, TAMS=top-at-mark-start (previous, next)
|   0|0x00000000c1800000, 0x00000000c1900000, 0x00000000c1900000|100%| O|  |TAMS 0x00000000c1800000, 0x00000000c1800000| Untracked 
|   1|0x00000000c1900000, 0x00000000c1a00000, 0x00000000c1a00000|100%| O|  |TAMS 0x00000000c1900000, 0x00000000c1900000| Untracked 
|   2|0x00000000c1a00000, 0x00000000c1b00000, 0x00000000c1b00000|100%|HS|  |TAMS 0x00000000c1a00000, 0x00000000c1a00000| Complete 
|   3|0x00000000c1b00000, 0x00000000c1c00000, 0x00000000c1c00000|100%|HC|  |TAMS 0x00000000c1b00000, 0x00000000c1b00000| Complete 
|   4|0x00000000c1c00000, 0x00000000c1d00000, 0x00000000c1d00000|100%|HC|  |TAMS 0x00000000c1c00000, 0x00000000c1c00000| Complete 
|   5|0x00000000c1d00000, 0x00000000c1e00000, 0x00000000c1e00000|100%|HS|  |TAMS 0x00000000c1d00000, 0x00000000c1d00000| Complete 
|   6|0x00000000c1e00000, 0x00000000c1f00000, 0x00000000c1f00000|100%|HC|  |TAMS 0x00000000c1e00000, 0x00000000c1e00000| Complete 
|   7|0x00000000c1f00000, 0x00000000c2000000, 0x00000000c2000000|100%|HC|  |TAMS 0x00000000c1f00000, 0x00000000c1f00000| Complete 
|   8|0x00000000c2000000, 0x00000000c2100000, 0x00000000c2100000|100%| O|  |TAMS 0x00000000c2000000, 0x00000000c2000000| Untracked 
|   9|0x00000000c2100000, 0x00000000c21b1800, 0x00000000c2200000| 69%| O|  |TAMS 0x00000000c2100000, 0x00000000c2100000| Untracked 
|  10|0x00000000c2200000, 0x00000000c2300000, 0x00000000c2300000|100%|HS|  |TAMS 0x00000000c2200000, 0x00000000c2200000| Complete 
|  11|0x00000000c2300000, 0x00000000c2400000, 0x00000000c2400000|100%|HC|  |TAMS 0x00000000c2300000, 0x00000000c2300000| Complete 
|  12|0x00000000c2400000, 0x00000000c2500000, 0x00000000c2500000|100%|HC|  |TAMS 0x00000000c2400000, 0x00000000c2400000| Complete 
|  13|0x00000000c2500000, 0x00000000c2600000, 0x00000000c2600000|100%|HC|  |TAMS 0x00000000c2500000, 0x00000000c2500000| Complete 
|  14|0x00000000c2600000, 0x00000000c2700000, 0x00000000c2700000|100%|HC|  |TAMS 0x00000000c2600000, 0x00000000c2600000| Complete 
|  15|0x00000000c2700000, 0x00000000c2700000, 0x00000000c2800000|  0%| F|  |TAMS 0x00000000c2700000, 0x00000000c2700000| Untracked 
|  16|0x00000000c2800000, 0x00000000c2800000, 0x00000000c2900000|  0%| F|  |TAMS 0x00000000c2800000, 0x00000000c2800000| Untracked 
|  17|0x00000000c2900000, 0x00000000c2900000, 0x00000000c2a00000|  0%| F|  |TAMS 0x00000000c2900000, 0x00000000c2900000| Untracked 
|  18|0x00000000c2a00000, 0x00000000c2a00000, 0x00000000c2b00000|  0%| F|  |TAMS 0x00000000c2a00000, 0x00000000c2a00000| Untracked 
|  19|0x00000000c2b00000, 0x00000000c2b00000, 0x00000000c2c00000|  0%| F|  |TAMS 0x00000000c2b00000, 0x00000000c2b00000| Untracked 
|  20|0x00000000c2c00000, 0x00000000c2c00000, 0x00000000c2d00000|  0%| F|  |TAMS 0x00000000c2c00000, 0x00000000c2c00000| Untracked 
|  21|0x00000000c2d00000, 0x00000000c2d00000, 0x00000000c2e00000|  0%| F|  |TAMS 0x00000000c2d00000, 0x00000000c2d00000| Untracked 
|  22|0x00000000c2e00000, 0x00000000c2e00000, 0x00000000c2f00000|  0%| F|  |TAMS 0x00000000c2e00000, 0x00000000c2e00000| Untracked 
|  23|0x00000000c2f00000, 0x00000000c2f00000, 0x00000000c3000000|  0%| F|  |TAMS 0x00000000c2f00000, 0x00000000c2f00000| Untracked 
|  24|0x00000000c3000000, 0x00000000c3000000, 0x00000000c3100000|  0%| F|  |TAMS 0x00000000c3000000, 0x00000000c3000000| Untracked 
|  25|0x00000000c3100000, 0x00000000c3100000, 0x00000000c3200000|  0%| F|  |TAMS 0x00000000c3100000, 0x00000000c3100000| Untracked 
|  26|0x00000000c3200000, 0x00000000c3200000, 0x00000000c3300000|  0%| F|  |TAMS 0x00000000c3200000, 0x00000000c3200000| Untracked 
|  27|0x00000000c3300000, 0x00000000c3300000, 0x00000000c3400000|  0%| F|  |TAMS 0x00000000c3300000, 0x00000000c3300000| Untracked 
|  28|0x00000000c3400000, 0x00000000c3400000, 0x00000000c3500000|  0%| F|  |TAMS 0x00000000c3400000, 0x00000000c3400000| Untracked 
|  29|0x00000000c3500000, 0x00000000c3500000, 0x00000000c3600000|  0%| F|  |TAMS 0x00000000c3500000, 0x00000000c3500000| Untracked 
|  30|0x00000000c3600000, 0x00000000c3600000, 0x00000000c3700000|  0%| F|  |TAMS 0x00000000c3600000, 0x00000000c3600000| Untracked 
|  31|0x00000000c3700000, 0x00000000c3700000, 0x00000000c3800000|  0%| F|  |TAMS 0x00000000c3700000, 0x00000000c3700000| Untracked 
|  32|0x00000000c3800000, 0x00000000c3800000, 0x00000000c3900000|  0%| F|  |TAMS 0x00000000c3800000, 0x00000000c3800000| Untracked 
|  33|0x00000000c3900000, 0x00000000c3900000, 0x00000000c3a00000|  0%| F|  |TAMS 0x00000000c3900000, 0x00000000c3900000| Untracked 
|  34|0x00000000c3a00000, 0x00000000c3a00000, 0x00000000c3b00000|  0%| F|  |TAMS 0x00000000c3a00000, 0x00000000c3a00000| Untracked 
|  35|0x00000000c3b00000, 0x00000000c3b00000, 0x00000000c3c00000|  0%| F|  |TAMS 0x00000000c3b00000, 0x00000000c3b00000| Untracked 
|  36|0x00000000c3c00000, 0x00000000c3c00000, 0x00000000c3d00000|  0%| F|  |TAMS 0x00000000c3c00000, 0x00000000c3c00000| Untracked 
|  37|0x00000000c3d00000, 0x00000000c3d00000, 0x00000000c3e00000|  0%| F|  |TAMS 0x00000000c3d00000, 0x00000000c3d00000| Untracked 
|  38|0x00000000c3e00000, 0x00000000c3e00000, 0x00000000c3f00000|  0%| F|  |TAMS 0x00000000c3e00000, 0x00000000c3e00000| Untracked 
|  39|0x00000000c3f00000, 0x00000000c3f00000, 0x00000000c4000000|  0%| F|  |TAMS 0x00000000c3f00000, 0x00000000c3f00000| Untracked 
|  40|0x00000000c4000000, 0x00000000c4000000, 0x00000000c4100000|  0%| F|  |TAMS 0x00000000c4000000, 0x00000000c4000000| Untracked 
|  41|0x00000000c4100000, 0x00000000c4100000, 0x00000000c4200000|  0%| F|  |TAMS 0x00000000c4100000, 0x00000000c4100000| Untracked 
|  42|0x00000000c4200000, 0x00000000c4200000, 0x00000000c4300000|  0%| F|  |TAMS 0x00000000c4200000, 0x00000000c4200000| Untracked 
|  43|0x00000000c4300000, 0x00000000c4300000, 0x00000000c4400000|  0%| F|  |TAMS 0x00000000c4300000, 0x00000000c4300000| Untracked 
|  44|0x00000000c4400000, 0x00000000c4400000, 0x00000000c4500000|  0%| F|  |TAMS 0x00000000c4400000, 0x00000000c4400000| Untracked 
|  45|0x00000000c4500000, 0x00000000c4500000, 0x00000000c4600000|  0%| F|  |TAMS 0x00000000c4500000, 0x00000000c4500000| Untracked 
|  46|0x00000000c4600000, 0x00000000c4600000, 0x00000000c4700000|  0%| F|  |TAMS 0x00000000c4600000, 0x00000000c4600000| Untracked 
|  47|0x00000000c4700000, 0x00000000c4700000, 0x00000000c4800000|  0%| F|  |TAMS 0x00000000c4700000, 0x00000000c4700000| Untracked 
|  48|0x00000000c4800000, 0x00000000c4800000, 0x00000000c4900000|  0%| F|  |TAMS 0x00000000c4800000, 0x00000000c4800000| Untracked 
|  49|0x00000000c4900000, 0x00000000c4900000, 0x00000000c4a00000|  0%| F|  |TAMS 0x00000000c4900000, 0x00000000c4900000| Untracked 
|  50|0x00000000c4a00000, 0x00000000c4a00000, 0x00000000c4b00000|  0%| F|  |TAMS 0x00000000c4a00000, 0x00000000c4a00000| Untracked 
|  51|0x00000000c4b00000, 0x00000000c4b630c0, 0x00000000c4c00000| 38%| S|CS|TAMS 0x00000000c4b00000, 0x00000000c4b00000| Complete 
|  52|0x00000000c4c00000, 0x00000000c4d00000, 0x00000000c4d00000|100%| S|CS|TAMS 0x00000000c4c00000, 0x00000000c4c00000| Complete 
|  53|0x00000000c4d00000, 0x00000000c4d00000, 0x00000000c4e00000|  0%| F|  |TAMS 0x00000000c4d00000, 0x00000000c4d00000| Untracked 
|  54|0x00000000c4e00000, 0x00000000c4e00000, 0x00000000c4f00000|  0%| F|  |TAMS 0x00000000c4e00000, 0x00000000c4e00000| Untracked 
|  55|0x00000000c4f00000, 0x00000000c4f00000, 0x00000000c5000000|  0%| F|  |TAMS 0x00000000c4f00000, 0x00000000c4f00000| Untracked 
|  56|0x00000000c5000000, 0x00000000c5000000, 0x00000000c5100000|  0%| F|  |TAMS 0x00000000c5000000, 0x00000000c5000000| Untracked 
|  57|0x00000000c5100000, 0x00000000c5100000, 0x00000000c5200000|  0%| F|  |TAMS 0x00000000c5100000, 0x00000000c5100000| Untracked 
|  58|0x00000000c5200000, 0x00000000c5200000, 0x00000000c5300000|  0%| F|  |TAMS 0x00000000c5200000, 0x00000000c5200000| Untracked 
|  59|0x00000000c5300000, 0x00000000c5300000, 0x00000000c5400000|  0%| F|  |TAMS 0x00000000c5300000, 0x00000000c5300000| Untracked 
|  60|0x00000000c5400000, 0x00000000c54cd5f0, 0x00000000c5500000| 80%| E|  |TAMS 0x00000000c5400000, 0x00000000c5400000| Complete 
|  61|0x00000000c5500000, 0x00000000c5600000, 0x00000000c5600000|100%| E|CS|TAMS 0x00000000c5500000, 0x00000000c5500000| Complete 
|  62|0x00000000c5600000, 0x00000000c5700000, 0x00000000c5700000|100%| E|CS|TAMS 0x00000000c5600000, 0x00000000c5600000| Complete 
|  63|0x00000000c5700000, 0x00000000c5800000, 0x00000000c5800000|100%| E|CS|TAMS 0x00000000c5700000, 0x00000000c5700000| Complete 

Card table byte_map: [0x0000024a37780000,0x0000024a37980000] _byte_map_base: 0x0000024a37174000

Marking Bits (Prev, Next): (CMBitMap*) 0x0000024a20e50260, (CMBitMap*) 0x0000024a20e502a0
 Prev Bits: [0x0000024a37b80000, 0x0000024a38b20000)
 Next Bits: [0x0000024a38b20000, 0x0000024a39ac0000)

Polling page: 0x0000024a1ee30000

Metaspace:

Usage:
  Non-class:     11.07 MB used.
      Class:      1.38 MB used.
       Both:     12.45 MB used.

Virtual space:
  Non-class space:       16.00 MB reserved,      11.19 MB ( 70%) committed,  2 nodes.
      Class space:        1.00 GB reserved,       1.50 MB ( <1%) committed,  1 nodes.
              Both:        1.02 GB reserved,      12.69 MB (  1%) committed. 

Chunk freelists:
   Non-Class:  486.00 KB
       Class:  2.54 MB
        Both:  3.01 MB

MaxMetaspaceSize: 17179869184.00 GB
CompressedClassSpaceSize: 1.00 GB
 - commit_granule_bytes: 65536.
 - commit_granule_words: 8192.
 - virtual_space_node_default_size: 1048576.
 - enlarge_chunks_in_place: 1.
 - new_chunks_are_fully_committed: 0.
 - uncommit_free_chunks: 1.
 - use_allocation_guard: 0.
 - handle_deallocations: 1.


Internal statistics:

num_allocs_failed_limit: 0.
num_arena_births: 140.
num_arena_deaths: 0.
num_vsnodes_births: 3.
num_vsnodes_deaths: 0.
num_space_committed: 203.
num_space_uncommitted: 0.
num_chunks_returned_to_freelist: 0.
num_chunks_taken_from_freelist: 285.
num_chunk_merges: 0.
num_chunk_splits: 182.
num_chunks_enlarged: 116.
num_purges: 0.

CodeHeap 'non-profiled nmethods': size=120000Kb used=469Kb max_used=469Kb free=119530Kb
 bounds [0x0000024a30050000, 0x0000024a302c0000, 0x0000024a37580000]
CodeHeap 'profiled nmethods': size=120000Kb used=2729Kb max_used=2729Kb free=117270Kb
 bounds [0x0000024a28b20000, 0x0000024a28dd0000, 0x0000024a30050000]
CodeHeap 'non-nmethods': size=5760Kb used=1331Kb max_used=1346Kb free=4428Kb
 bounds [0x0000024a28580000, 0x0000024a287f0000, 0x0000024a28b20000]
 total_blobs=2217 nmethods=1546 adapters=584
 compilation: enabled
              stopped_count=0, restarted_count=0
 full_count=0

Compilation events (20 events):
Event: 701.178 Thread 0x0000024a3bf194f0 nmethod 1537 0x0000024a300c4990 code [0x0000024a300c4b20, 0x0000024a300c4bf8]
Event: 701.261 Thread 0x0000024a3bf1cf10 1538       3       java.beans.PropertyChangeSupport::firePropertyChange (35 bytes)
Event: 701.262 Thread 0x0000024a3bf1cf10 nmethod 1538 0x0000024a28dc4710 code [0x0000024a28dc4920, 0x0000024a28dc50c8]
Event: 781.504 Thread 0x0000024a3bf1cf10 1539   !   3       jdk.internal.ref.PhantomCleanable::isListEmpty (34 bytes)
Event: 781.504 Thread 0x0000024a3bf1cf10 nmethod 1539 0x0000024a28dc5310 code [0x0000024a28dc54c0, 0x0000024a28dc5718]
Event: 781.504 Thread 0x0000024a3bf1cf10 1540       3       jdk.internal.misc.InnocuousThread::eraseThreadLocals (23 bytes)
Event: 781.504 Thread 0x0000024a3bf1cf10 nmethod 1540 0x0000024a28dc5810 code [0x0000024a28dc59c0, 0x0000024a28dc5bb8]
Event: 1016.708 Thread 0x0000024a3bf1cf10 1542   !   3       jdk.internal.loader.URLClassPath::check (125 bytes)
Event: 1016.710 Thread 0x0000024a3bf1cf10 nmethod 1542 0x0000024a28dc5c90 code [0x0000024a28dc5f40, 0x0000024a28dc6f68]
Event: 1031.710 Thread 0x0000024a3bf1cf10 1543       3       jdk.internal.loader.URLClassPath::findResource (38 bytes)
Event: 1031.710 Thread 0x0000024a3bf1cf10 nmethod 1543 0x0000024a28dc7390 code [0x0000024a28dc7560, 0x0000024a28dc78b8]
Event: 1091.720 Thread 0x0000024a3bf1cf10 1544       3       java.lang.Thread::getContextClassLoader (32 bytes)
Event: 1091.721 Thread 0x0000024a3bf1cf10 nmethod 1544 0x0000024a28dc7a10 code [0x0000024a28dc7c40, 0x0000024a28dc85d8]
Event: 1201.736 Thread 0x0000024a3bf1cf10 1545       3       jdk.internal.loader.URLClassPath$FileLoader::findResource (18 bytes)
Event: 1201.736 Thread 0x0000024a3bf1cf10 nmethod 1545 0x0000024a28dc8890 code [0x0000024a28dc8a60, 0x0000024a28dc8cd8]
Event: 1271.745 Thread 0x0000024a3bf1cf10 1546   !   3       com.mysql.cj.jdbc.AbandonedConnectionCleanupThread::checkThreadContextClassLoader (20 bytes)
Event: 1271.747 Thread 0x0000024a3bf1cf10 nmethod 1546 0x0000024a28dc8e10 code [0x0000024a28dc90a0, 0x0000024a28dc9fb8]
Event: 1736.826 Thread 0x0000024a3bf194f0 1547       4       java.lang.String::hashCode (60 bytes)
Event: 1737.056 Thread 0x0000024a3bf194f0 nmethod 1547 0x0000024a300c5090 code [0x0000024a300c5220, 0x0000024a300c55d8]
Event: 4927.947 Thread 0x0000024a3bf194f0 1549       4       java.lang.String::replace (42 bytes)

GC Heap History (4 events):
Event: 0.913 GC heap before
{Heap before GC invocations=0 (full 0):
 garbage-first heap   total 65536K, used 13312K [0x00000000c1800000, 0x0000000100000000)
  region size 1024K, 13 young (13312K), 0 survivors (0K)
 Metaspace       used 9161K, committed 9344K, reserved 1064960K
  class space    used 994K, committed 1088K, reserved 1048576K
}
Event: 0.920 GC heap after
{Heap after GC invocations=1 (full 0):
 garbage-first heap   total 65536K, used 3786K [0x00000000c1800000, 0x0000000100000000)
  region size 1024K, 2 young (2048K), 2 survivors (2048K)
 Metaspace       used 9161K, committed 9344K, reserved 1064960K
  class space    used 994K, committed 1088K, reserved 1048576K
}
Event: 1.486 GC heap before
{Heap before GC invocations=1 (full 0):
 garbage-first heap   total 65536K, used 20170K [0x00000000c1800000, 0x0000000100000000)
  region size 1024K, 13 young (13312K), 2 survivors (2048K)
 Metaspace       used 11982K, committed 12224K, reserved 1064960K
  class space    used 1321K, committed 1472K, reserved 1048576K
}
Event: 1.494 GC heap after
{Heap after GC invocations=2 (full 0):
 garbage-first heap   total 65536K, used 11346K [0x00000000c1800000, 0x0000000100000000)
  region size 1024K, 2 young (2048K), 2 survivors (2048K)
 Metaspace       used 11982K, committed 12224K, reserved 1064960K
  class space    used 1321K, committed 1472K, reserved 1048576K
}

Deoptimization events (20 events):
Event: 0.757 Thread 0x0000024a20e1fa30 Uncommon trap: trap_request=0xffffff45 fr.pc=0x0000024a3008bdd0 relative=0x0000000000000230
Event: 0.757 Thread 0x0000024a20e1fa30 Uncommon trap: reason=unstable_if action=reinterpret pc=0x0000024a3008bdd0 method=java.lang.String.startsWith(Ljava/lang/String;I)Z @ 14 c2
Event: 0.757 Thread 0x0000024a20e1fa30 DEOPT PACKING pc=0x0000024a3008bdd0 sp=0x00000068a70fd9f0
Event: 0.757 Thread 0x0000024a20e1fa30 DEOPT UNPACKING pc=0x0000024a285cd72e sp=0x00000068a70fd950 mode 2
Event: 1.169 Thread 0x0000024a20e1fa30 Uncommon trap: trap_request=0xffffff45 fr.pc=0x0000024a3007e25c relative=0x000000000000033c
Event: 1.169 Thread 0x0000024a20e1fa30 Uncommon trap: reason=unstable_if action=reinterpret pc=0x0000024a3007e25c method=java.lang.StringUTF16.compress([CI[BII)I @ 20 c2
Event: 1.169 Thread 0x0000024a20e1fa30 DEOPT PACKING pc=0x0000024a3007e25c sp=0x00000068a70fcf80
Event: 1.169 Thread 0x0000024a20e1fa30 DEOPT UNPACKING pc=0x0000024a285cd72e sp=0x00000068a70fcf00 mode 2
Event: 1.466 Thread 0x0000024a20e1fa30 Uncommon trap: trap_request=0xffffff45 fr.pc=0x0000024a3005a2e4 relative=0x0000000000000244
Event: 1.466 Thread 0x0000024a20e1fa30 Uncommon trap: reason=unstable_if action=reinterpret pc=0x0000024a3005a2e4 method=java.lang.String.hashCode()I @ 20 c2
Event: 1.466 Thread 0x0000024a20e1fa30 DEOPT PACKING pc=0x0000024a3005a2e4 sp=0x00000068a70fdb50
Event: 1.466 Thread 0x0000024a20e1fa30 DEOPT UNPACKING pc=0x0000024a285cd72e sp=0x00000068a70fdae0 mode 2
Event: 1.470 Thread 0x0000024a20e1fa30 Uncommon trap: trap_request=0xffffff45 fr.pc=0x0000024a300a5f48 relative=0x00000000000000a8
Event: 1.470 Thread 0x0000024a20e1fa30 Uncommon trap: reason=unstable_if action=reinterpret pc=0x0000024a300a5f48 method=java.lang.CharacterData.of(I)Ljava/lang/CharacterData; @ 4 c2
Event: 1.470 Thread 0x0000024a20e1fa30 DEOPT PACKING pc=0x0000024a300a5f48 sp=0x00000068a70fdb40
Event: 1.470 Thread 0x0000024a20e1fa30 DEOPT UNPACKING pc=0x0000024a285cd72e sp=0x00000068a70fda80 mode 2
Event: 1.502 Thread 0x0000024a3cc56500 Uncommon trap: trap_request=0xffffff45 fr.pc=0x0000024a300b9230 relative=0x00000000000001f0
Event: 1.502 Thread 0x0000024a3cc56500 Uncommon trap: reason=unstable_if action=reinterpret pc=0x0000024a300b9230 method=java.io.WinNTFileSystem.normalize(Ljava/lang/String;)Ljava/lang/String; @ 104 c2
Event: 1.502 Thread 0x0000024a3cc56500 DEOPT PACKING pc=0x0000024a300b9230 sp=0x00000068a88fda50
Event: 1.502 Thread 0x0000024a3cc56500 DEOPT UNPACKING pc=0x0000024a285cd72e sp=0x00000068a88fd9c8 mode 2

Classes unloaded (0 events):
No events

Classes redefined (0 events):
No events

Internal exceptions (19 events):
Event: 0.138 Thread 0x0000024a20e1fa30 Exception <a 'java/lang/NoSuchMethodError'{0x00000000c5651ca8}: 'void java.lang.invoke.DirectMethodHandle$Holder.invokeSpecial(java.lang.Object, java.lang.Object, java.lang.Object)'> (0x00000000c5651ca8) 
thrown [t:\workspace\open\src\hotspot\share\interpreter\linkResolver.cpp, line 790]
Event: 0.156 Thread 0x0000024a20e1fa30 Exception <a 'java/lang/ClassNotFoundException'{0x00000000c566f3e8}: sun/awt/resources/spi/awtProvider> (0x00000000c566f3e8) 
thrown [t:\workspace\open\src\hotspot\share\classfile\systemDictionary.cpp, line 256]
Event: 0.196 Thread 0x0000024a20e1fa30 Exception <a 'java/io/FileNotFoundException'{0x00000000c56c9078}> (0x00000000c56c9078) 
thrown [t:\workspace\open\src\hotspot\share\prims\jni.cpp, line 579]
Event: 0.210 Thread 0x0000024a20e1fa30 Exception <a 'java/io/FileNotFoundException'{0x00000000c56f78f0}> (0x00000000c56f78f0) 
thrown [t:\workspace\open\src\hotspot\share\prims\jni.cpp, line 579]
Event: 0.211 Thread 0x0000024a20e1fa30 Exception <a 'java/lang/NoSuchMethodError'{0x00000000c56f8ad8}: 'java.lang.Object java.lang.invoke.DirectMethodHandle$Holder.invokeStatic(java.lang.Object)'> (0x00000000c56f8ad8) 
thrown [t:\workspace\open\src\hotspot\share\interpreter\linkResolver.cpp, line 790]
Event: 0.273 Thread 0x0000024a20e1fa30 Exception <a 'java/lang/NoSuchMethodError'{0x00000000c554e410}: 'java.lang.Object java.lang.invoke.DirectMethodHandle$Holder.invokeStaticInit(java.lang.Object)'> (0x00000000c554e410) 
thrown [t:\workspace\open\src\hotspot\share\interpreter\linkResolver.cpp, line 790]
Event: 0.336 Thread 0x0000024a20e1fa30 Exception <a 'java/lang/NoSuchMethodError'{0x00000000c54021a0}: 'java.lang.Object java.lang.invoke.DirectMethodHandle$Holder.newInvokeSpecial(java.lang.Object, java.lang.Object, java.lang.Object, java.lang.Object, java.lang.Object)'> (0x00000000c54021a0) 
thrown [t:\workspace\open\src\hotspot\share\interpreter\linkResolver.cpp, line 790]
Event: 0.339 Thread 0x0000024a20e1fa30 Exception <a 'java/lang/NoSuchMethodError'{0x00000000c540dc88}: 'java.lang.Object java.lang.invoke.DirectMethodHandle$Holder.invokeStatic(java.lang.Object, int, java.lang.Object, java.lang.Object, java.lang.Object, java.lang.Object)'> (0x00000000c540dc88) 
thrown [t:\workspace\open\src\hotspot\share\interpreter\linkResolver.cpp, line 790]
Event: 0.348 Thread 0x0000024a20e1fa30 Exception <a 'java/lang/NoSuchMethodError'{0x00000000c5433d50}: 'java.lang.Object java.lang.invoke.DirectMethodHandle$Holder.invokeStatic(java.lang.Object, int, java.lang.Object)'> (0x00000000c5433d50) 
thrown [t:\workspace\open\src\hotspot\share\interpreter\linkResolver.cpp, line 790]
Event: 0.396 Thread 0x0000024a20e1fa30 Exception <a 'java/lang/ClassNotFoundException'{0x00000000c54ec640}: com/sun/swing/internal/plaf/metal/resources/spi/metalProvider> (0x00000000c54ec640) 
thrown [t:\workspace\open\src\hotspot\share\classfile\systemDictionary.cpp, line 256]
Event: 0.398 Thread 0x0000024a20e1fa30 Exception <a 'java/lang/ClassNotFoundException'{0x00000000c54f0938}: com/sun/swing/internal/plaf/basic/resources/spi/basicProvider> (0x00000000c54f0938) 
thrown [t:\workspace\open\src\hotspot\share\classfile\systemDictionary.cpp, line 256]
Event: 0.467 Thread 0x0000024a3cc17460 Exception <a 'java/lang/NoSuchMethodError'{0x00000000c53522e8}: 'java.lang.Object java.lang.invoke.DirectMethodHandle$Holder.newInvokeSpecial(java.lang.Object, java.lang.Object, java.lang.Object, int, int, int, int, int)'> (0x00000000c53522e8) 
thrown [t:\workspace\open\src\hotspot\share\interpreter\linkResolver.cpp, line 790]
Event: 0.560 Thread 0x0000024a20e1fa30 Exception <a 'java/lang/NoSuchMethodError'{0x00000000c5107c68}: 'java.lang.Object java.lang.invoke.DirectMethodHandle$Holder.invokeInterface(java.lang.Object, java.lang.Object)'> (0x00000000c5107c68) 
thrown [t:\workspace\open\src\hotspot\share\interpreter\linkResolver.cpp, line 790]
Event: 0.610 Thread 0x0000024a20e1fa30 Exception <a 'java/lang/NoSuchMethodError'{0x00000000c519a210}: 'void java.lang.invoke.DirectMethodHandle$Holder.invokeStatic(java.lang.Object, java.lang.Object, java.lang.Object)'> (0x00000000c519a210) 
thrown [t:\workspace\open\src\hotspot\share\interpreter\linkResolver.cpp, line 790]
Event: 0.612 Thread 0x0000024a20e1fa30 Exception <a 'java/lang/NoSuchMethodError'{0x00000000c51a4978}: 'java.lang.Object java.lang.invoke.DirectMethodHandle$Holder.invokeVirtual(java.lang.Object, java.lang.Object, java.lang.Object)'> (0x00000000c51a4978) 
thrown [t:\workspace\open\src\hotspot\share\interpreter\linkResolver.cpp, line 790]
Event: 0.767 Thread 0x0000024a20e1fa30 Exception <a 'java/lang/NoSuchMethodError'{0x00000000c4ef81c8}: 'void java.lang.invoke.DirectMethodHandle$Holder.invokeStatic(java.lang.Object, java.lang.Object)'> (0x00000000c4ef81c8) 
thrown [t:\workspace\open\src\hotspot\share\interpreter\linkResolver.cpp, line 790]
Event: 1.124 Thread 0x0000024a3cb482d0 Exception <a 'java/lang/NoSuchMethodError'{0x00000000c5049808}: 'void java.lang.invoke.DirectMethodHandle$Holder.invokeVirtual(java.lang.Object, java.lang.Object)'> (0x00000000c5049808) 
thrown [t:\workspace\open\src\hotspot\share\interpreter\linkResolver.cpp, line 790]
Event: 1.150 Thread 0x0000024a20e1fa30 Exception <a 'java/lang/NoSuchMethodError'{0x00000000c506df48}: 'void java.lang.invoke.DirectMethodHandle$Holder.invokeStaticInit(java.lang.Object)'> (0x00000000c506df48) 
thrown [t:\workspace\open\src\hotspot\share\interpreter\linkResolver.cpp, line 790]
Event: 1.504 Thread 0x0000024a3cc56500 Exception <a 'java/lang/NoSuchMethodError'{0x00000000c57db1e0}: 'void java.lang.invoke.DirectMethodHandle$Holder.invokeStaticInit(java.lang.Object, java.lang.Object)'> (0x00000000c57db1e0) 
thrown [t:\workspace\open\src\hotspot\share\interpreter\linkResolver.cpp, line 790]

Events (20 events):
Event: 1.686 loading class java/awt/event/MouseWheelEvent
Event: 1.686 loading class java/awt/event/MouseWheelEvent done
Event: 2.643 Executing  VM operation: Cleanup
Event: 2.643 Executing  VM operation: Cleanup done
Event: 2.853 loading class java/awt/LightweightDispatcher$2
Event: 2.853 loading class java/awt/LightweightDispatcher$2 done
Event: 3.365 loading class java/awt/KeyboardFocusManager$2
Event: 3.365 loading class java/awt/KeyboardFocusManager$2 done
Event: 3.365 loading class sun/awt/SunToolkit$1
Event: 3.366 loading class sun/awt/SunToolkit$1 done
Event: 3.644 Executing  VM operation: Cleanup
Event: 3.644 Executing  VM operation: Cleanup done
Event: 5.483 Thread 0x0000024a3cc17460 Thread exited: 0x0000024a3cc17460
Event: 6.113 Thread 0x0000024a3cc37810 Thread exited: 0x0000024a3cc37810
Event: 616.964 Executing  VM operation: Cleanup
Event: 616.965 Executing  VM operation: Cleanup done
Event: 1042.157 Executing  VM operation: Cleanup
Event: 1042.286 Executing  VM operation: Cleanup done
Event: 1207.367 Executing  VM operation: Cleanup
Event: 1207.368 Executing  VM operation: Cleanup done


Dynamic libraries:
0x00007ff693b10000 - 0x00007ff693b20000 	C:\Program Files\Java\jdk-16\bin\java.exe
0x00007ffcc4100000 - 0x00007ffcc42f0000 	C:\WINDOWS\SYSTEM32\ntdll.dll
0x00007ffcc2ca0000 - 0x00007ffcc2d52000 	C:\WINDOWS\System32\KERNEL32.DLL
0x00007ffcc1d50000 - 0x00007ffcc1ff3000 	C:\WINDOWS\System32\KERNELBASE.dll
0x00007ffcc1280000 - 0x00007ffcc137a000 	C:\WINDOWS\System32\ucrtbase.dll
0x00007ffcada00000 - 0x00007ffcada19000 	C:\Program Files\Java\jdk-16\bin\VCRUNTIME140.dll
0x00007ffcbbc70000 - 0x00007ffcbbc88000 	C:\Program Files\Java\jdk-16\bin\jli.dll
0x00007ffcc2be0000 - 0x00007ffcc2c83000 	C:\WINDOWS\System32\ADVAPI32.dll
0x00007ffcc2d60000 - 0x00007ffcc2dfe000 	C:\WINDOWS\System32\msvcrt.dll
0x00007ffcc4020000 - 0x00007ffcc40b7000 	C:\WINDOWS\System32\sechost.dll
0x00007ffcc3370000 - 0x00007ffcc3490000 	C:\WINDOWS\System32\RPCRT4.dll
0x00007ffcc2a10000 - 0x00007ffcc2ba4000 	C:\WINDOWS\System32\USER32.dll
0x00007ffcc1250000 - 0x00007ffcc1271000 	C:\WINDOWS\System32\win32u.dll
0x00007ffc9cf60000 - 0x00007ffc9d1e5000 	C:\WINDOWS\WinSxS\amd64_microsoft.windows.common-controls_6595b64144ccf1df_6.0.18362.535_none_e6c3b34713100821\COMCTL32.dll
0x00007ffcc3b70000 - 0x00007ffcc3b96000 	C:\WINDOWS\System32\GDI32.dll
0x00007ffcc2e00000 - 0x00007ffcc3136000 	C:\WINDOWS\System32\combase.dll
0x00007ffcc1090000 - 0x00007ffcc1224000 	C:\WINDOWS\System32\gdi32full.dll
0x00007ffcc1b00000 - 0x00007ffcc1b9e000 	C:\WINDOWS\System32\msvcp_win.dll
0x00007ffcc1c50000 - 0x00007ffcc1cd0000 	C:\WINDOWS\System32\bcryptPrimitives.dll
0x00007ffcbfaf0000 - 0x00007ffcbfafa000 	C:\WINDOWS\SYSTEM32\VERSION.dll
0x00007ffcc2bb0000 - 0x00007ffcc2bde000 	C:\WINDOWS\System32\IMM32.DLL
0x00007ffcadd50000 - 0x00007ffcadd5c000 	C:\Program Files\Java\jdk-16\bin\vcruntime140_1.dll
0x00007ffc7a470000 - 0x00007ffc7a501000 	C:\Program Files\Java\jdk-16\bin\msvcp140.dll
0x00007ffc55f10000 - 0x00007ffc56abb000 	C:\Program Files\Java\jdk-16\bin\server\jvm.dll
0x00007ffcc3ba0000 - 0x00007ffcc3ba8000 	C:\WINDOWS\System32\PSAPI.DLL
0x00007ffcbe780000 - 0x00007ffcbe7a4000 	C:\WINDOWS\SYSTEM32\WINMM.dll
0x00007ffcaecf0000 - 0x00007ffcaecf9000 	C:\WINDOWS\SYSTEM32\WSOCK32.dll
0x00007ffcc35f0000 - 0x00007ffcc365f000 	C:\WINDOWS\System32\WS2_32.dll
0x00007ffcbe750000 - 0x00007ffcbe77d000 	C:\WINDOWS\SYSTEM32\winmmbase.dll
0x00007ffcc1d00000 - 0x00007ffcc1d4a000 	C:\WINDOWS\System32\cfgmgr32.dll
0x00007ffcc1020000 - 0x00007ffcc1031000 	C:\WINDOWS\System32\kernel.appcore.dll
0x00007ffcadcd0000 - 0x00007ffcadcda000 	C:\Program Files\Java\jdk-16\bin\jimage.dll
0x00007ffcb1eb0000 - 0x00007ffcb20a4000 	C:\WINDOWS\SYSTEM32\DBGHELP.DLL
0x00007ffca8540000 - 0x00007ffca856a000 	C:\WINDOWS\SYSTEM32\dbgcore.DLL
0x00007ffcad9d0000 - 0x00007ffcad9f5000 	C:\Program Files\Java\jdk-16\bin\java.dll
0x00007ffcc2280000 - 0x00007ffcc2965000 	C:\WINDOWS\System32\SHELL32.dll
0x00007ffcc3490000 - 0x00007ffcc3539000 	C:\WINDOWS\System32\shcore.dll
0x00007ffcc1380000 - 0x00007ffcc1aff000 	C:\WINDOWS\System32\windows.storage.dll
0x00007ffcc0fe0000 - 0x00007ffcc0fff000 	C:\WINDOWS\System32\profapi.dll
0x00007ffcc1040000 - 0x00007ffcc108a000 	C:\WINDOWS\System32\powrprof.dll
0x00007ffcc0fd0000 - 0x00007ffcc0fe0000 	C:\WINDOWS\System32\UMPDC.dll
0x00007ffcc39b0000 - 0x00007ffcc3a02000 	C:\WINDOWS\System32\shlwapi.dll
0x00007ffcc1230000 - 0x00007ffcc1247000 	C:\WINDOWS\System32\cryptsp.dll
0x00007ffcac890000 - 0x00007ffcac8a9000 	C:\Program Files\Java\jdk-16\bin\net.dll
0x00007ffcb53d0000 - 0x00007ffcb54c0000 	C:\WINDOWS\SYSTEM32\WINHTTP.dll
0x00007ffcc0840000 - 0x00007ffcc08a7000 	C:\WINDOWS\system32\mswsock.dll
0x00007ffcaaed0000 - 0x00007ffcaaee3000 	C:\Program Files\Java\jdk-16\bin\nio.dll
0x00007ffc9b120000 - 0x00007ffc9b138000 	C:\Program Files\Java\jdk-16\bin\zip.dll
0x00007ffc79270000 - 0x00007ffc793f0000 	C:\Program Files\Java\jdk-16\bin\awt.dll
0x00007ffcc21b0000 - 0x00007ffcc2274000 	C:\WINDOWS\System32\OLEAUT32.dll
0x00007ffcbefe0000 - 0x00007ffcbf06f000 	C:\WINDOWS\SYSTEM32\apphelp.dll
0x00007ffcbf7a0000 - 0x00007ffcbf7cd000 	C:\WINDOWS\system32\DWMAPI.DLL
0x00007ffcbf110000 - 0x00007ffcbf1a9000 	C:\WINDOWS\system32\uxtheme.dll
0x00007ffc9a540000 - 0x00007ffc9a696000 	C:\WINDOWS\system32\opengl32.dll
0x00007ffcaae40000 - 0x00007ffcaae6c000 	C:\WINDOWS\SYSTEM32\GLU32.dll
0x00007ffcbfcb0000 - 0x00007ffcbfcd0000 	C:\WINDOWS\SYSTEM32\dxcore.dll
0x00007ffcc31c0000 - 0x00007ffcc32f5000 	C:\WINDOWS\System32\MSCTF.dll
0x00007ffcc3a10000 - 0x00007ffcc3b66000 	C:\WINDOWS\System32\ole32.dll
0x00007ffcc0590000 - 0x00007ffcc065a000 	C:\WINDOWS\SYSTEM32\DNSAPI.dll
0x00007ffcc2c90000 - 0x00007ffcc2c98000 	C:\WINDOWS\System32\NSI.dll
0x00007ffcc0550000 - 0x00007ffcc058a000 	C:\WINDOWS\SYSTEM32\IPHLPAPI.DLL
0x0000000054d10000 - 0x0000000054d45000 	C:\Program Files\Bonjour\mdnsNSP.dll
0x00007ffcb55a0000 - 0x00007ffcb55aa000 	C:\Windows\System32\rasadhlp.dll
0x00007ffcb54c0000 - 0x00007ffcb5537000 	C:\WINDOWS\System32\fwpuclnt.dll
0x00007ffcc1cd0000 - 0x00007ffcc1cf6000 	C:\WINDOWS\System32\bcrypt.dll
0x00007ffcb1130000 - 0x00007ffcb115d000 	C:\Program Files\Java\jdk-16\bin\javajpeg.dll
0x00007ffc79fa0000 - 0x00007ffc7a029000 	C:\Program Files\Java\jdk-16\bin\freetype.dll
0x00007ffc79170000 - 0x00007ffc79266000 	C:\Program Files\Java\jdk-16\bin\harfbuzz.dll
0x00007ffc9a520000 - 0x00007ffc9a532000 	C:\Program Files\Java\jdk-16\bin\fontmanager.dll
0x00007ffcc3540000 - 0x00007ffcc35e2000 	C:\WINDOWS\System32\clbcatq.dll
0x00007ffcbcb70000 - 0x00007ffcbcd1f000 	C:\WINDOWS\SYSTEM32\WindowsCodecs.dll
0x00007ffca9bd0000 - 0x00007ffca9c0a000 	C:\WINDOWS\system32\dataexchange.dll
0x00007ffcbe880000 - 0x00007ffcbea5b000 	C:\WINDOWS\system32\dcomp.dll
0x00007ffcbe090000 - 0x00007ffcbe2eb000 	C:\WINDOWS\system32\d3d11.dll
0x00007ffcbfcd0000 - 0x00007ffcbfdbb000 	C:\WINDOWS\system32\dxgi.dll
0x00007ffcbf280000 - 0x00007ffcbf4da000 	C:\WINDOWS\system32\twinapi.appcore.dll
0x00007ffcbf5d0000 - 0x00007ffcbf5f9000 	C:\WINDOWS\system32\RMCLIENT.dll
0x00007ffcb0e50000 - 0x00007ffcb0eee000 	C:\WINDOWS\System32\TextInputFramework.dll
0x00007ffcbcf40000 - 0x00007ffcbd26a000 	C:\WINDOWS\System32\CoreUIComponents.dll
0x00007ffcbedd0000 - 0x00007ffcbeea4000 	C:\WINDOWS\System32\CoreMessaging.dll
0x00007ffcc0030000 - 0x00007ffcc0061000 	C:\WINDOWS\SYSTEM32\ntmarta.dll
0x00007ffcbcde0000 - 0x00007ffcbcf33000 	C:\WINDOWS\SYSTEM32\wintypes.dll
0x00007ffcb50a0000 - 0x00007ffcb5346000 	C:\WINDOWS\System32\iertutil.dll

dbghelp: loaded successfully - version: 4.0.5 - missing functions: none
symbol engine: initialized successfully - sym options: 0x614 - pdb path: .;C:\Program Files\Java\jdk-16\bin;C:\WINDOWS\SYSTEM32;C:\WINDOWS\WinSxS\amd64_microsoft.windows.common-controls_6595b64144ccf1df_6.0.18362.535_none_e6c3b34713100821;C:\Program Files\Java\jdk-16\bin\server;C:\Program Files\Bonjour

VM Arguments:
jvm_args: -Dfile.encoding=UTF-8 
java_command: checkbill.addcasher
java_class_path (initial): C:\Users\admin\Documents\NetBeansProjects\mysql-connector-java-8.0.25;C:\Users\admin\Documents\NetBeansProjects\mysql-connector-java-8.0.25\mysql-connector-java-8.0.25.jar;C:\Users\admin\Desktop\checkbill\build\classes
Launcher Type: SUN_STANDARD

[Global flags]
     intx CICompilerCount                          = 3                                         {product} {ergonomic}
     uint ConcGCThreads                            = 1                                         {product} {ergonomic}
     uint G1ConcRefinementThreads                  = 4                                         {product} {ergonomic}
   size_t G1HeapRegionSize                         = 1048576                                   {product} {ergonomic}
    uintx GCDrainStackTargetSize                   = 64                                        {product} {ergonomic}
   size_t InitialHeapSize                          = 67108864                                  {product} {ergonomic}
   size_t MarkStackSize                            = 4194304                                   {product} {ergonomic}
   size_t MaxHeapSize                              = 1048576000                                {product} {ergonomic}
   size_t MaxNewSize                               = 629145600                                 {product} {ergonomic}
   size_t MinHeapDeltaBytes                        = 1048576                                   {product} {ergonomic}
   size_t MinHeapSize                              = 8388608                                   {product} {ergonomic}
    uintx NonNMethodCodeHeapSize                   = 5832780                                {pd product} {ergonomic}
    uintx NonProfiledCodeHeapSize                  = 122912730                              {pd product} {ergonomic}
    uintx ProfiledCodeHeapSize                     = 122912730                              {pd product} {ergonomic}
    uintx ReservedCodeCacheSize                    = 251658240                              {pd product} {ergonomic}
     bool SegmentedCodeCache                       = true                                      {product} {ergonomic}
   size_t SoftMaxHeapSize                          = 1048576000                             {manageable} {ergonomic}
     bool UseCompressedClassPointers               = true                           {product lp64_product} {ergonomic}
     bool UseCompressedOops                        = true                           {product lp64_product} {ergonomic}
     bool UseG1GC                                  = true                                      {product} {ergonomic}
     bool UseLargePagesIndividualAllocation        = false                                  {pd product} {ergonomic}

Logging:
Log output configuration:
 #0: stdout all=warning uptime,level,tags
 #1: stderr all=off uptime,level,tags

Environment Variables:
PATH=C:\Program Files\Common Files\Oracle\Java\javapath;C:\WINDOWS\system32;C:\WINDOWS;C:\WINDOWS\System32\Wbem;C:\WINDOWS\System32\WindowsPowerShell\v1.0\;C:\WINDOWS\System32\OpenSSH\;C:\Program Files\Microsoft SQL Server\120\Tools\Binn\;C:\Program Files (x86)\Java\jdk1.7.0_76\bin;C:\Users\admin\AppData\Local\Programs\Python\Python38-32;C:\Users\admin\AppData\Local\Programs\Python\Python38-32\Scripts;C:\Program Files (x86)\Intel\Intel(R) Management Engine Components\DAL;C:\Program Files\Intel\Intel(R) Management Engine Components\DAL;C:\WINDOWS\system32\config\systemprofile\.dnx\bin;C:\Program Files\Microsoft DNX\Dnvm\;C:\Program Files\Java\jdk-16\bin;C:\Program Files\MySQL\MySQL Server 5.5\bin;C:\Program Files\Git\cmd;C:\Program Files (x86)\Java\jre7\bin;C:\Program Files\JetBrains\PyCharm Community Edition 2020.1.2\bin;;C:\xampp new\php;C:\Users\admin\AppData\Local\Programs\Microsoft VS Code\bin;C:\src\flutter\bin;
USERNAME=admin
OS=Windows_NT
PROCESSOR_IDENTIFIER=Intel64 Family 6 Model 142 Stepping 9, GenuineIntel



---------------  S Y S T E M  ---------------

OS:
 Windows 10 , 64 bit Build 18362 (10.0.18362.329)
OS uptime: 1 days 9:10 hours

CPU: total 4 (initial active 4) (2 cores per cpu, 2 threads per core) family 6 model 142 stepping 9 microcode 0xca, cx8, cmov, fxsr, ht, mmx, 3dnowpref, sse, sse2, sse3, ssse3, sse4.1, sse4.2, popcnt, lzcnt, tsc, tscinvbit, avx, avx2, aes, erms, clmul, bmi1, bmi2, adx, fma, vzeroupper, clflush, clflushopt

Memory: 4k page, system-wide physical 3993M (455M free)
TotalPageFile size 16281M (AvailPageFile size 0M)
current process WorkingSet (physical memory assigned to process): 7M, peak: 99M
current process commit charge ("private bytes"): 159M, peak: 166M

vm_info: Java HotSpot(TM) 64-Bit Server VM (16+36-2231) for windows-amd64 JRE (16+36-2231), built on Feb  8 2021 11:43:10 by "mach5one" with MS VC++ 16.7 (VS2019)

END.
